-> info : CServer : Register new Context : atm_server
-> info : attribut recu start_date  -> info : --> empty
-> info : attribut recu start_date  -> info : 
-> info : attribut recu time_origin  -> info : --> empty
-> info : attribut recu time_origin  -> info : 
-> info : attribut recu timestep  -> info : --> empty
-> info : attribut recu timestep  -> info : 
-> info : attribut recu type  -> info : --> empty
-> info : attribut recu type  -> info : 
-> info : attribut recu enabled  -> info : --> empty
-> info : attribut recu enabled  -> info : 
-> info : attribut recu name  -> info : --> empty
-> info : attribut recu name  -> info : 
-> info : attribut recu output_freq  -> info : --> empty
-> info : attribut recu output_freq  -> info : 
-> info : attribut recu par_access  -> info : --> empty
-> info : attribut recu par_access  -> info : 
-> info : attribut recu type  -> info : --> empty
-> info : attribut recu type  -> info : 
-> info : attribut recu enabled  -> info : --> empty
-> info : attribut recu enabled  -> info : 
-> info : attribut recu name  -> info : --> empty
-> info : attribut recu name  -> info : 
-> info : attribut recu output_freq  -> info : --> empty
-> info : attribut recu output_freq  -> info : 
-> info : attribut recu par_access  -> info : --> empty
-> info : attribut recu par_access  -> info : 
-> info : attribut recu type  -> info : --> empty
-> info : attribut recu type  -> info : 
-> info : attribut recu enabled  -> info : --> empty
-> info : attribut recu enabled  -> info : 
-> info : attribut recu name  -> info : --> empty
-> info : attribut recu name  -> info : 
-> info : attribut recu output_freq  -> info : --> empty
-> info : attribut recu output_freq  -> info : 
-> info : attribut recu par_access  -> info : --> empty
-> info : attribut recu par_access  -> info : 
-> info : attribut recu type  -> info : --> empty
-> info : attribut recu type  -> info : 
-> info : attribut recu enabled  -> info : --> empty
-> info : attribut recu enabled  -> info : 
-> info : attribut recu name  -> info : --> empty
-> info : attribut recu name  -> info : 
-> info : attribut recu output_freq  -> info : --> empty
-> info : attribut recu output_freq  -> info : 
-> info : attribut recu par_access  -> info : --> empty
-> info : attribut recu par_access  -> info : 
-> info : attribut recu type  -> info : --> empty
-> info : attribut recu type  -> info : 
-> info : attribut recu enabled  -> info : --> empty
-> info : attribut recu enabled  -> info : 
-> info : attribut recu name  -> info : --> empty
-> info : attribut recu name  -> info : 
-> info : attribut recu output_freq  -> info : --> empty
-> info : attribut recu output_freq  -> info : 
-> info : attribut recu par_access  -> info : --> empty
-> info : attribut recu par_access  -> info : 
-> info : attribut recu type  -> info : --> empty
-> info : attribut recu type  -> info : 
-> info : attribut recu enabled  -> info : --> empty
-> info : attribut recu enabled  -> info : 
-> info : attribut recu name  -> info : --> empty
-> info : attribut recu name  -> info : 
-> info : attribut recu output_freq  -> info : --> empty
-> info : attribut recu output_freq  -> info : 
-> info : attribut recu par_access  -> info : --> empty
-> info : attribut recu par_access  -> info : 
-> info : attribut recu type  -> info : --> empty
-> info : attribut recu type  -> info : 
-> info : attribut recu enabled  -> info : --> empty
-> info : attribut recu enabled  -> info : 
-> info : attribut recu name  -> info : --> empty
-> info : attribut recu name  -> info : 
-> info : attribut recu output_freq  -> info : --> empty
-> info : attribut recu output_freq  -> info : 
-> info : attribut recu par_access  -> info : --> empty
-> info : attribut recu par_access  -> info : 
-> info : attribut recu type  -> info : --> empty
-> info : attribut recu type  -> info : 
-> info : attribut recu enabled  -> info : --> empty
-> info : attribut recu enabled  -> info : 
-> info : attribut recu name  -> info : --> empty
-> info : attribut recu name  -> info : 
-> info : attribut recu output_freq  -> info : --> empty
-> info : attribut recu output_freq  -> info : 
-> info : attribut recu par_access  -> info : --> empty
-> info : attribut recu par_access  -> info : 
-> info : attribut recu type  -> info : --> empty
-> info : attribut recu type  -> info : 
-> info : attribut recu enabled  -> info : --> empty
-> info : attribut recu enabled  -> info : 
-> info : attribut recu name  -> info : --> empty
-> info : attribut recu name  -> info : 
-> info : attribut recu output_freq  -> info : --> empty
-> info : attribut recu output_freq  -> info : 
-> info : attribut recu par_access  -> info : --> empty
-> info : attribut recu par_access  -> info : 
-> info : attribut recu type  -> info : --> empty
-> info : attribut recu type  -> info : 
-> info : attribut recu default_value  -> info : --> empty
-> info : attribut recu default_value  -> info : 
-> info : attribut recu detect_missing_value  -> info : --> empty
-> info : attribut recu detect_missing_value  -> info : 
-> info : attribut recu enabled  -> info : --> empty
-> info : attribut recu enabled  -> info : 
-> info : attribut recu field_ref  -> info : --> empty
-> info : attribut recu field_ref  -> info : 
-> info : attribut recu freq_offset  -> info : --> empty
-> info : attribut recu freq_offset  -> info : 
-> info : attribut recu freq_op  -> info : --> empty
-> info : attribut recu freq_op  -> info : 
-> info : attribut recu grid_ref  -> info : --> empty
-> info : attribut recu grid_ref  -> info : 
-> info : attribut recu level  -> info : --> empty
-> info : attribut recu level  -> info : 
-> info : attribut recu name  -> info : --> empty
-> info : attribut recu name  -> info : 
-> info : attribut recu operation  -> info : --> empty
-> info : attribut recu operation  -> info : 
-> info : attribut recu prec  -> info : --> empty
-> info : attribut recu prec  -> info : 
-> info : attribut recu default_value  -> info : --> empty
-> info : attribut recu default_value  -> info : 
-> info : attribut recu detect_missing_value  -> info : --> empty
-> info : attribut recu detect_missing_value  -> info : 
-> info : attribut recu enabled  -> info : --> empty
-> info : attribut recu enabled  -> info : 
-> info : attribut recu field_ref  -> info : --> empty
-> info : attribut recu field_ref  -> info : 
-> info : attribut recu freq_offset  -> info : --> empty
-> info : attribut recu freq_offset  -> info : 
-> info : attribut recu freq_op  -> info : --> empty
-> info : attribut recu freq_op  -> info : 
-> info : attribut recu grid_ref  -> info : --> empty
-> info : attribut recu grid_ref  -> info : 
-> info : attribut recu level  -> info : --> empty
-> info : attribut recu level  -> info : 
-> info : attribut recu name  -> info : --> empty
-> info : attribut recu name  -> info : 
-> info : attribut recu operation  -> info : --> empty
-> info : attribut recu operation  -> info : 
-> info : attribut recu prec  -> info : --> empty
-> info : attribut recu prec  -> info : 
-> info : attribut recu default_value  -> info : --> empty
-> info : attribut recu default_value  -> info : 
-> info : attribut recu detect_missing_value  -> info : --> empty
-> info : attribut recu detect_missing_value  -> info : 
-> info : attribut recu enabled  -> info : --> empty
-> info : attribut recu enabled  -> info : 
-> info : attribut recu field_ref  -> info : --> empty
-> info : attribut recu field_ref  -> info : 
-> info : attribut recu freq_offset  -> info : --> empty
-> info : attribut recu freq_offset  -> info : 
-> info : attribut recu freq_op  -> info : --> empty
-> info : attribut recu freq_op  -> info : 
-> info : attribut recu grid_ref  -> info : --> empty
-> info : attribut recu grid_ref  -> info : 
-> info : attribut recu level  -> info : --> empty
-> info : attribut recu level  -> info : 
-> info : attribut recu name  -> info : --> empty
-> info : attribut recu name  -> info : 
-> info : attribut recu operation  -> info : --> empty
-> info : attribut recu operation  -> info : 
-> info : attribut recu prec  -> info : --> empty
-> info : attribut recu prec  -> info : 
-> info : attribut recu default_value  -> info : --> empty
-> info : attribut recu default_value  -> info : 
-> info : attribut recu detect_missing_value  -> info : --> empty
-> info : attribut recu detect_missing_value  -> info : 
-> info : attribut recu enabled  -> info : --> empty
-> info : attribut recu enabled  -> info : 
-> info : attribut recu field_ref  -> info : --> empty
-> info : attribut recu field_ref  -> info : 
-> info : attribut recu freq_offset  -> info : --> empty
-> info : attribut recu freq_offset  -> info : 
-> info : attribut recu freq_op  -> info : --> empty
-> info : attribut recu freq_op  -> info : 
-> info : attribut recu grid_ref  -> info : --> empty
-> info : attribut recu grid_ref  -> info : 
-> info : attribut recu level  -> info : --> empty
-> info : attribut recu level  -> info : 
-> info : attribut recu name  -> info : --> empty
-> info : attribut recu name  -> info : 
-> info : attribut recu operation  -> info : --> empty
-> info : attribut recu operation  -> info : 
-> info : attribut recu prec  -> info : --> empty
-> info : attribut recu prec  -> info : 
-> info : attribut recu default_value  -> info : --> empty
-> info : attribut recu default_value  -> info : 
-> info : attribut recu detect_missing_value  -> info : --> empty
-> info : attribut recu detect_missing_value  -> info : 
-> info : attribut recu enabled  -> info : --> empty
-> info : attribut recu enabled  -> info : 
-> info : attribut recu field_ref  -> info : --> empty
-> info : attribut recu field_ref  -> info : 
-> info : attribut recu freq_offset  -> info : --> empty
-> info : attribut recu freq_offset  -> info : 
-> info : attribut recu freq_op  -> info : --> empty
-> info : attribut recu freq_op  -> info : 
-> info : attribut recu grid_ref  -> info : --> empty
-> info : attribut recu grid_ref  -> info : 
-> info : attribut recu level  -> info : --> empty
-> info : attribut recu level  -> info : 
-> info : attribut recu name  -> info : --> empty
-> info : attribut recu name  -> info : 
-> info : attribut recu operation  -> info : --> empty
-> info : attribut recu operation  -> info : 
-> info : attribut recu prec  -> info : --> empty
-> info : attribut recu prec  -> info : 
-> info : attribut recu default_value  -> info : --> empty
-> info : attribut recu default_value  -> info : 
-> info : attribut recu detect_missing_value  -> info : --> empty
-> info : attribut recu detect_missing_value  -> info : 
-> info : attribut recu enabled  -> info : --> empty
-> info : attribut recu enabled  -> info : 
-> info : attribut recu field_ref  -> info : --> empty
-> info : attribut recu field_ref  -> info : 
-> info : attribut recu freq_offset  -> info : --> empty
-> info : attribut recu freq_offset  -> info : 
-> info : attribut recu freq_op  -> info : --> empty
-> info : attribut recu freq_op  -> info : 
-> info : attribut recu grid_ref  -> info : --> empty
-> info : attribut recu grid_ref  -> info : 
-> info : attribut recu level  -> info : --> empty
-> info : attribut recu level  -> info : 
-> info : attribut recu name  -> info : --> empty
-> info : attribut recu name  -> info : 
-> info : attribut recu operation  -> info : --> empty
-> info : attribut recu operation  -> info : 
-> info : attribut recu prec  -> info : --> empty
-> info : attribut recu prec  -> info : 
-> info : attribut recu default_value  -> info : --> empty
-> info : attribut recu default_value  -> info : 
-> info : attribut recu detect_missing_value  -> info : --> empty
-> info : attribut recu detect_missing_value  -> info : 
-> info : attribut recu enabled  -> info : --> empty
-> info : attribut recu enabled  -> info : 
-> info : attribut recu field_ref  -> info : --> empty
-> info : attribut recu field_ref  -> info : 
-> info : attribut recu freq_offset  -> info : --> empty
-> info : attribut recu freq_offset  -> info : 
-> info : attribut recu freq_op  -> info : --> empty
-> info : attribut recu freq_op  -> info : 
-> info : attribut recu grid_ref  -> info : --> empty
-> info : attribut recu grid_ref  -> info : 
-> info : attribut recu level  -> info : --> empty
-> info : attribut recu level  -> info : 
-> info : attribut recu name  -> info : --> empty
-> info : attribut recu name  -> info : 
-> info : attribut recu operation  -> info : --> empty
-> info : attribut recu operation  -> info : 
-> info : attribut recu prec  -> info : --> empty
-> info : attribut recu prec  -> info : 
-> info : attribut recu default_value  -> info : --> empty
-> info : attribut recu default_value  -> info : 
-> info : attribut recu detect_missing_value  -> info : --> empty
-> info : attribut recu detect_missing_value  -> info : 
-> info : attribut recu enabled  -> info : --> empty
-> info : attribut recu enabled  -> info : 
-> info : attribut recu field_ref  -> info : --> empty
-> info : attribut recu field_ref  -> info : 
-> info : attribut recu freq_offset  -> info : --> empty
-> info : attribut recu freq_offset  -> info : 
-> info : attribut recu freq_op  -> info : --> empty
-> info : attribut recu freq_op  -> info : 
-> info : attribut recu grid_ref  -> info : --> empty
-> info : attribut recu grid_ref  -> info : 
-> info : attribut recu level  -> info : --> empty
-> info : attribut recu level  -> info : 
-> info : attribut recu name  -> info : --> empty
-> info : attribut recu name  -> info : 
-> info : attribut recu operation  -> info : --> empty
-> info : attribut recu operation  -> info : 
-> info : attribut recu prec  -> info : --> empty
-> info : attribut recu prec  -> info : 
-> info : attribut recu default_value  -> info : --> empty
-> info : attribut recu default_value  -> info : 
-> info : attribut recu detect_missing_value  -> info : --> empty
-> info : attribut recu detect_missing_value  -> info : 
-> info : attribut recu enabled  -> info : --> empty
-> info : attribut recu enabled  -> info : 
-> info : attribut recu field_ref  -> info : --> empty
-> info : attribut recu field_ref  -> info : 
-> info : attribut recu freq_offset  -> info : --> empty
-> info : attribut recu freq_offset  -> info : 
-> info : attribut recu freq_op  -> info : --> empty
-> info : attribut recu freq_op  -> info : 
-> info : attribut recu grid_ref  -> info : --> empty
-> info : attribut recu grid_ref  -> info : 
-> info : attribut recu level  -> info : --> empty
-> info : attribut recu level  -> info : 
-> info : attribut recu name  -> info : --> empty
-> info : attribut recu name  -> info : 
-> info : attribut recu operation  -> info : --> empty
-> info : attribut recu operation  -> info : 
-> info : attribut recu prec  -> info : --> empty
-> info : attribut recu prec  -> info : 
-> info : attribut recu default_value  -> info : --> empty
-> info : attribut recu default_value  -> info : 
-> info : attribut recu detect_missing_value  -> info : --> empty
-> info : attribut recu detect_missing_value  -> info : 
-> info : attribut recu enabled  -> info : --> empty
-> info : attribut recu enabled  -> info : 
-> info : attribut recu field_ref  -> info : --> empty
-> info : attribut recu field_ref  -> info : 
-> info : attribut recu freq_offset  -> info : --> empty
-> info : attribut recu freq_offset  -> info : 
-> info : attribut recu freq_op  -> info : --> empty
-> info : attribut recu freq_op  -> info : 
-> info : attribut recu grid_ref  -> info : --> empty
-> info : attribut recu grid_ref  -> info : 
-> info : attribut recu level  -> info : --> empty
-> info : attribut recu level  -> info : 
-> info : attribut recu name  -> info : --> empty
-> info : attribut recu name  -> info : 
-> info : attribut recu operation  -> info : --> empty
-> info : attribut recu operation  -> info : 
-> info : attribut recu prec  -> info : --> empty
-> info : attribut recu prec  -> info : 
-> info : attribut recu default_value  -> info : --> empty
-> info : attribut recu default_value  -> info : 
-> info : attribut recu detect_missing_value  -> info : --> empty
-> info : attribut recu detect_missing_value  -> info : 
-> info : attribut recu enabled  -> info : --> empty
-> info : attribut recu enabled  -> info : 
-> info : attribut recu field_ref  -> info : --> empty
-> info : attribut recu field_ref  -> info : 
-> info : attribut recu freq_offset  -> info : --> empty
-> info : attribut recu freq_offset  -> info : 
-> info : attribut recu freq_op  -> info : --> empty
-> info : attribut recu freq_op  -> info : 
-> info : attribut recu grid_ref  -> info : --> empty
-> info : attribut recu grid_ref  -> info : 
-> info : attribut recu level  -> info : --> empty
-> info : attribut recu level  -> info : 
-> info : attribut recu name  -> info : --> empty
-> info : attribut recu name  -> info : 
-> info : attribut recu operation  -> info : --> empty
-> info : attribut recu operation  -> info : 
-> info : attribut recu prec  -> info : --> empty
-> info : attribut recu prec  -> info : 
-> info : attribut recu default_value  -> info : --> empty
-> info : attribut recu default_value  -> info : 
-> info : attribut recu detect_missing_value  -> info : --> empty
-> info : attribut recu detect_missing_value  -> info : 
-> info : attribut recu enabled  -> info : --> empty
-> info : attribut recu enabled  -> info : 
-> info : attribut recu field_ref  -> info : --> empty
-> info : attribut recu field_ref  -> info : 
-> info : attribut recu freq_offset  -> info : --> empty
-> info : attribut recu freq_offset  -> info : 
-> info : attribut recu freq_op  -> info : --> empty
-> info : attribut recu freq_op  -> info : 
-> info : attribut recu grid_ref  -> info : --> empty
-> info : attribut recu grid_ref  -> info : 
-> info : attribut recu level  -> info : --> empty
-> info : attribut recu level  -> info : 
-> info : attribut recu name  -> info : --> empty
-> info : attribut recu name  -> info : 
-> info : attribut recu operation  -> info : --> empty
-> info : attribut recu operation  -> info : 
-> info : attribut recu prec  -> info : --> empty
-> info : attribut recu prec  -> info : 
-> info : attribut recu axis_domain_order  -> info : --> empty
-> info : attribut recu axis_domain_order  -> info : 
-> info : attribut recu axis_ref  -> info : --> empty
-> info : attribut recu axis_ref  -> info : 
-> info : attribut recu begin  -> info : --> empty
-> info : attribut recu begin  -> info : 
-> info : attribut recu bounds  -> info : --> empty
-> info : attribut recu bounds  -> info : 
-> info : attribut recu data_begin  -> info : --> empty
-> info : attribut recu data_begin  -> info : 
-> info : attribut recu data_index  -> info : --> empty
-> info : attribut recu data_index  -> info : 
-> info : attribut recu data_n  -> info : --> empty
-> info : attribut recu data_n  -> info : 
-> info : attribut recu index  -> info : --> empty
-> info : attribut recu index  -> info : 
-> info : attribut recu mask  -> info : --> empty
-> info : attribut recu mask  -> info : 
-> info : attribut recu n  -> info : --> empty
-> info : attribut recu n  -> info : 
-> info : attribut recu n_glo  -> info : --> empty
-> info : attribut recu n_glo  -> info : 
-> info : attribut recu name  -> info : --> empty
-> info : attribut recu name  -> info : 
-> info : attribut recu positive  -> info : --> empty
-> info : attribut recu positive  -> info : 
-> info : attribut recu unit  -> info : --> empty
-> info : attribut recu unit  -> info : 
-> info : attribut recu value  -> info : --> empty
-> info : attribut recu value  -> info : 
-> info : attribut recu axis_domain_order  -> info : --> empty
-> info : attribut recu axis_domain_order  -> info : 
-> info : attribut recu axis_ref  -> info : --> empty
-> info : attribut recu axis_ref  -> info : 
-> info : attribut recu begin  -> info : --> empty
-> info : attribut recu begin  -> info : 
-> info : attribut recu bounds  -> info : --> empty
-> info : attribut recu bounds  -> info : 
-> info : attribut recu data_begin  -> info : --> empty
-> info : attribut recu data_begin  -> info : 
-> info : attribut recu data_index  -> info : --> empty
-> info : attribut recu data_index  -> info : 
-> info : attribut recu data_n  -> info : --> empty
-> info : attribut recu data_n  -> info : 
-> info : attribut recu index  -> info : --> empty
-> info : attribut recu index  -> info : 
-> info : attribut recu mask  -> info : --> empty
-> info : attribut recu mask  -> info : 
-> info : attribut recu n  -> info : --> empty
-> info : attribut recu n  -> info : 
-> info : attribut recu n_glo  -> info : --> empty
-> info : attribut recu n_glo  -> info : 
-> info : attribut recu name  -> info : --> empty
-> info : attribut recu name  -> info : 
-> info : attribut recu positive  -> info : --> empty
-> info : attribut recu positive  -> info : 
-> info : attribut recu unit  -> info : --> empty
-> info : attribut recu unit  -> info : 
-> info : attribut recu value  -> info : --> empty
-> info : attribut recu value  -> info : 
-> info : attribut recu axis_domain_order  -> info : --> empty
-> info : attribut recu axis_domain_order  -> info : 
-> info : attribut recu name  -> info : --> empty
-> info : attribut recu name  -> info : 
-> info : attribut recu axis_domain_order  -> info : --> empty
-> info : attribut recu axis_domain_order  -> info : 
-> info : attribut recu bounds_lat_end  -> info : --> empty
-> info : attribut recu bounds_lat_end  -> info : 
-> info : attribut recu bounds_lat_start  -> info : --> empty
-> info : attribut recu bounds_lat_start  -> info : 
-> info : attribut recu bounds_lon_end  -> info : --> empty
-> info : attribut recu bounds_lon_end  -> info : 
-> info : attribut recu bounds_lon_start  -> info : --> empty
-> info : attribut recu bounds_lon_start  -> info : 
-> info : attribut recu data_dim  -> info : --> empty
-> info : attribut recu data_dim  -> info : 
-> info : attribut recu domain_ref  -> info : --> empty
-> info : attribut recu domain_ref  -> info : 
-> info : attribut recu name  -> info : --> empty
-> info : attribut recu name  -> info : 
-> info : attribut recu ni_glo  -> info : --> empty
-> info : attribut recu ni_glo  -> info : 
-> info : attribut recu nj_glo  -> info : --> empty
-> info : attribut recu nj_glo  -> info : 
-> info : attribut recu type  -> info : --> empty
-> info : attribut recu type  -> info : 
-> info : attribut recu axis_domain_order  -> info : --> empty
-> info : attribut recu axis_domain_order  -> info : 
-> info : attribut recu begin  -> info : --> empty
-> info : attribut recu begin  -> info : 
-> info : attribut recu data_begin  -> info : --> empty
-> info : attribut recu data_begin  -> info : 
-> info : attribut recu data_index  -> info : --> empty
-> info : attribut recu data_index  -> info : 
-> info : attribut recu data_n  -> info : --> empty
-> info : attribut recu data_n  -> info : 
-> info : attribut recu index  -> info : --> empty
-> info : attribut recu index  -> info : 
-> info : attribut recu mask  -> info : --> empty
-> info : attribut recu mask  -> info : 
-> info : attribut recu n  -> info : --> empty
-> info : attribut recu n  -> info : 
-> info : attribut recu n_glo  -> info : --> empty
-> info : attribut recu n_glo  -> info : 
-> info : attribut recu name  -> info : --> empty
-> info : attribut recu name  -> info : 
-> info : attribut recu axis_domain_order  -> info : --> empty
-> info : attribut recu axis_domain_order  -> info : 
-> info : attribut recu data_dim  -> info : --> empty
-> info : attribut recu data_dim  -> info : 
-> info : attribut recu domain_ref  -> info : --> empty
-> info : attribut recu domain_ref  -> info : 
-> info : attribut recu name  -> info : --> empty
-> info : attribut recu name  -> info : 
-> info : attribut recu ni_glo  -> info : --> empty
-> info : attribut recu ni_glo  -> info : 
-> info : attribut recu nj_glo  -> info : --> empty
-> info : attribut recu nj_glo  -> info : 
-> info : attribut recu type  -> info : --> empty
-> info : attribut recu type  -> info : 
-> info : attribut recu axis_domain_order  -> info : --> empty
-> info : attribut recu axis_domain_order  -> info : 
-> info : attribut recu bounds_lat_end  -> info : --> empty
-> info : attribut recu bounds_lat_end  -> info : 
-> info : attribut recu bounds_lat_start  -> info : --> empty
-> info : attribut recu bounds_lat_start  -> info : 
-> info : attribut recu bounds_lon_end  -> info : --> empty
-> info : attribut recu bounds_lon_end  -> info : 
-> info : attribut recu bounds_lon_start  -> info : --> empty
-> info : attribut recu bounds_lon_start  -> info : 
-> info : attribut recu data_dim  -> info : --> empty
-> info : attribut recu data_dim  -> info : 
-> info : attribut recu lat_end  -> info : --> empty
-> info : attribut recu lat_end  -> info : 
-> info : attribut recu lat_start  -> info : --> empty
-> info : attribut recu lat_start  -> info : 
-> info : attribut recu lon_end  -> info : --> empty
-> info : attribut recu lon_end  -> info : 
-> info : attribut recu lon_start  -> info : --> empty
-> info : attribut recu lon_start  -> info : 
-> info : attribut recu name  -> info : --> empty
-> info : attribut recu name  -> info : 
-> info : attribut recu ni_glo  -> info : --> empty
-> info : attribut recu ni_glo  -> info : 
-> info : attribut recu nj_glo  -> info : --> empty
-> info : attribut recu nj_glo  -> info : 
-> info : attribut recu type  -> info : --> empty
-> info : attribut recu type  -> info : 
-> info : attribut recu axis_domain_order  -> info : --> empty
-> info : attribut recu axis_domain_order  -> info : 
-> info : attribut recu begin  -> info : --> empty
-> info : attribut recu begin  -> info : 
-> info : attribut recu data_begin  -> info : --> empty
-> info : attribut recu data_begin  -> info : 
-> info : attribut recu data_index  -> info : --> empty
-> info : attribut recu data_index  -> info : 
-> info : attribut recu data_n  -> info : --> empty
-> info : attribut recu data_n  -> info : 
-> info : attribut recu index  -> info : --> empty
-> info : attribut recu index  -> info : 
-> info : attribut recu mask  -> info : --> empty
-> info : attribut recu mask  -> info : 
-> info : attribut recu n  -> info : --> empty
-> info : attribut recu n  -> info : 
-> info : attribut recu n_glo  -> info : --> empty
-> info : attribut recu n_glo  -> info : 
-> info : attribut recu name  -> info : --> empty
-> info : attribut recu name  -> info : 
-> info : attribut recu axis_domain_order  -> info : --> empty
-> info : attribut recu axis_domain_order  -> info : 
-> info : attribut recu data_dim  -> info : --> empty
-> info : attribut recu data_dim  -> info : 
-> info : attribut recu domain_ref  -> info : --> empty
-> info : attribut recu domain_ref  -> info : 
-> info : attribut recu name  -> info : --> empty
-> info : attribut recu name  -> info : 
-> info : attribut recu ni_glo  -> info : --> empty
-> info : attribut recu ni_glo  -> info : 
-> info : attribut recu nj_glo  -> info : --> empty
-> info : attribut recu nj_glo  -> info : 
-> info : attribut recu type  -> info : --> empty
-> info : attribut recu type  -> info : 
-> info : attribut recu axis_ref  -> info : --> empty
-> info : attribut recu axis_ref  -> info : 
-> info : attribut recu begin  -> info : --> empty
-> info : attribut recu begin  -> info : 
-> info : attribut recu bounds  -> info : --> empty
-> info : attribut recu bounds  -> info : 
-> info : attribut recu data_begin  -> info : --> empty
-> info : attribut recu data_begin  -> info : 
-> info : attribut recu data_index  -> info : --> empty
-> info : attribut recu data_index  -> info : 
-> info : attribut recu data_n  -> info : --> empty
-> info : attribut recu data_n  -> info : 
-> info : attribut recu index  -> info : --> empty
-> info : attribut recu index  -> info : 
-> info : attribut recu mask  -> info : --> empty
-> info : attribut recu mask  -> info : 
-> info : attribut recu n  -> info : --> empty
-> info : attribut recu n  -> info : 
-> info : attribut recu n_glo  -> info : --> empty
-> info : attribut recu n_glo  -> info : 
-> info : attribut recu name  -> info : --> empty
-> info : attribut recu name  -> info : 
-> info : attribut recu positive  -> info : --> empty
-> info : attribut recu positive  -> info : 
-> info : attribut recu unit  -> info : --> empty
-> info : attribut recu unit  -> info : 
-> info : attribut recu value  -> info : --> empty
-> info : attribut recu value  -> info : 
-> info : attribut recu axis_domain_order  -> info : --> empty
-> info : attribut recu axis_domain_order  -> info : 
-> info : attribut recu data_dim  -> info : --> empty
-> info : attribut recu data_dim  -> info : 
-> info : attribut recu domain_ref  -> info : --> empty
-> info : attribut recu domain_ref  -> info : 
-> info : attribut recu name  -> info : --> empty
-> info : attribut recu name  -> info : 
-> info : attribut recu ni_glo  -> info : --> empty
-> info : attribut recu ni_glo  -> info : 
-> info : attribut recu nj_glo  -> info : --> empty
-> info : attribut recu nj_glo  -> info : 
-> info : attribut recu type  -> info : --> empty
-> info : attribut recu type  -> info : 
-> info : attribut recu begin  -> info : --> empty
-> info : attribut recu begin  -> info : 
-> info : attribut recu data_begin  -> info : --> empty
-> info : attribut recu data_begin  -> info : 
-> info : attribut recu data_index  -> info : --> empty
-> info : attribut recu data_index  -> info : 
-> info : attribut recu data_n  -> info : --> empty
-> info : attribut recu data_n  -> info : 
-> info : attribut recu index  -> info : --> empty
-> info : attribut recu index  -> info : 
-> info : attribut recu mask  -> info : --> empty
-> info : attribut recu mask  -> info : 
-> info : attribut recu n  -> info : --> empty
-> info : attribut recu n  -> info : 
-> info : attribut recu n_glo  -> info : --> empty
-> info : attribut recu n_glo  -> info : 
-> info : attribut recu name  -> info : --> empty
-> info : attribut recu name  -> info : 
-> info : attribut recu value  -> info : --> empty
-> info : attribut recu value  -> info : 
-> info : attribut recu axis_domain_order  -> info : --> empty
-> info : attribut recu axis_domain_order  -> info : 
-> info : attribut recu begin  -> info : --> empty
-> info : attribut recu begin  -> info : 
-> info : attribut recu data_begin  -> info : --> empty
-> info : attribut recu data_begin  -> info : 
-> info : attribut recu data_index  -> info : --> empty
-> info : attribut recu data_index  -> info : 
-> info : attribut recu data_n  -> info : --> empty
-> info : attribut recu data_n  -> info : 
-> info : attribut recu index  -> info : --> empty
-> info : attribut recu index  -> info : 
-> info : attribut recu mask  -> info : --> empty
-> info : attribut recu mask  -> info : 
-> info : attribut recu n  -> info : --> empty
-> info : attribut recu n  -> info : 
-> info : attribut recu n_glo  -> info : --> empty
-> info : attribut recu n_glo  -> info : 
-> info : attribut recu name  -> info : --> empty
-> info : attribut recu name  -> info : 
-> info : If domain domain does not have overlapped regions between processes something must be wrong with longitude index 
-> info : If domain domain does not have overlapped regions between processes something must be wrong with latitude index 
-> info : If domain domain does not have overlapped regions between processes something must be wrong with longitude index 
-> info : If domain domain does not have overlapped regions between processes something must be wrong with latitude index 
-> info : If domain domain does not have overlapped regions between processes something must be wrong with longitude index 
-> info : If domain domain does not have overlapped regions between processes something must be wrong with latitude index 
-> info : update step : 0 timestep 1h
-> info : updateCalendar : before : 2018-01-01 00:00:00
-> info : update step : 1 timestep 1h
-> info : updateCalendar : after : 2018-01-01 01:00:00
-> info : updateCalendar : before : 2018-01-01 01:00:00
-> info : update step : 2 timestep 1h
-> info : updateCalendar : after : 2018-01-01 02:00:00
-> info : updateCalendar : before : 2018-01-01 02:00:00
-> info : update step : 3 timestep 1h
-> info : updateCalendar : after : 2018-01-01 03:00:00
-> info : updateCalendar : before : 2018-01-01 03:00:00
-> info : update step : 4 timestep 1h
-> info : updateCalendar : after : 2018-01-01 04:00:00
-> info : updateCalendar : before : 2018-01-01 04:00:00
-> info : update step : 5 timestep 1h
-> info : updateCalendar : after : 2018-01-01 05:00:00
-> info : updateCalendar : before : 2018-01-01 05:00:00
-> info : update step : 6 timestep 1h
-> info : updateCalendar : after : 2018-01-01 06:00:00
-> info : updateCalendar : before : 2018-01-01 06:00:00
-> info : update step : 7 timestep 1h
-> info : updateCalendar : after : 2018-01-01 07:00:00
-> info : updateCalendar : before : 2018-01-01 07:00:00
-> info : update step : 8 timestep 1h
-> info : updateCalendar : after : 2018-01-01 08:00:00
-> info : updateCalendar : before : 2018-01-01 08:00:00
-> info : update step : 9 timestep 1h
-> info : updateCalendar : after : 2018-01-01 09:00:00
-> info : updateCalendar : before : 2018-01-01 09:00:00
-> info : update step : 10 timestep 1h
-> info : updateCalendar : after : 2018-01-01 10:00:00
-> info : updateCalendar : before : 2018-01-01 10:00:00
-> info : update step : 11 timestep 1h
-> info : updateCalendar : after : 2018-01-01 11:00:00
-> info : updateCalendar : before : 2018-01-01 11:00:00
-> info : update step : 12 timestep 1h
-> info : updateCalendar : after : 2018-01-01 12:00:00
-> info : updateCalendar : before : 2018-01-01 12:00:00
-> info : update step : 13 timestep 1h
-> info : updateCalendar : after : 2018-01-01 13:00:00
-> info : updateCalendar : before : 2018-01-01 13:00:00
-> info : update step : 14 timestep 1h
-> info : updateCalendar : after : 2018-01-01 14:00:00
-> info : updateCalendar : before : 2018-01-01 14:00:00
-> info : update step : 15 timestep 1h
-> info : updateCalendar : after : 2018-01-01 15:00:00
-> info : updateCalendar : before : 2018-01-01 15:00:00
-> info : update step : 16 timestep 1h
-> info : updateCalendar : after : 2018-01-01 16:00:00
-> info : updateCalendar : before : 2018-01-01 16:00:00
-> info : update step : 17 timestep 1h
-> info : updateCalendar : after : 2018-01-01 17:00:00
-> info : updateCalendar : before : 2018-01-01 17:00:00
-> info : update step : 18 timestep 1h
-> info : updateCalendar : after : 2018-01-01 18:00:00
-> info : updateCalendar : before : 2018-01-01 18:00:00
-> info : update step : 19 timestep 1h
-> info : updateCalendar : after : 2018-01-01 19:00:00
-> info : updateCalendar : before : 2018-01-01 19:00:00
-> info : update step : 20 timestep 1h
-> info : updateCalendar : after : 2018-01-01 20:00:00
-> info : updateCalendar : before : 2018-01-01 20:00:00
-> info : update step : 21 timestep 1h
-> info : updateCalendar : after : 2018-01-01 21:00:00
-> info : updateCalendar : before : 2018-01-01 21:00:00
-> info : update step : 22 timestep 1h
-> info : updateCalendar : after : 2018-01-01 22:00:00
-> info : updateCalendar : before : 2018-01-01 22:00:00
-> info : update step : 23 timestep 1h
-> info : updateCalendar : after : 2018-01-01 23:00:00
-> info : updateCalendar : before : 2018-01-01 23:00:00
-> info : update step : 24 timestep 1h
-> info : updateCalendar : after : 2018-01-02 00:00:00
-> info :  CContextServer: Receive context <atm_server> finalize.
-> info : DEBUG: context atm_server Send client finalize<<
-> info : DEBUG : Sent context Finalize event to rank 2
-> info : DEBUG : Sent context Finalize event to rank 3
-> info : Event 0 of context atm_server
-> info : CClientBuffer: allocated 2 x 10000000 bytes for server 2 with a maximum of 2302 buffered events
-> info : CClientBuffer: allocated 2 x 10000000 bytes for server 3 with a maximum of 2302 buffered events
-> info : Send event 0 classId : 13  typeId : 3
-> info : Event 0 of context atm_server  sent
-> report :  Memory report : Context <atm_server> : client side : memory used for buffer of each connection to server
  +) To server with rank 0 : 10000000 bytes 
-> report :  Memory report : Context <atm_server> : client side : memory used for buffer of each connection to server
  +) To server with rank 1 : 10000000 bytes 
-> report :  Memory report : Context <atm_server> : client side : memory used for buffer of each connection to server
  +) To server with rank 2 : 10000000 bytes 
-> report :  Memory report : Context <atm_server> : client side : memory used for buffer of each connection to server
  +) To server with rank 3 : 10000000 bytes 
-> report :  Memory report : Context <atm_server> : client side : total memory used for buffer 40000000 bytes
-> info : Closing File : __file_undef_id_0
-> info : Closing File : __file_undef_id_1
-> info : Closing File : __file_undef_id_2
-> info : Closing File : __file_undef_id_3
-> info : Closing File : __file_undef_id_4
-> info : Closing File : __file_undef_id_5
-> info : Closing File : __file_undef_id_6
-> info : Closing File : __file_undef_id_7
-> info : Closing File : __file_undef_id_8
-> info : CContext: Context <atm_server> is finalized.
-> report :  Memory report : Context <atm_server> : server side : memory used for buffer of each connection to client
  +) With client of rank 0 : 10000000 bytes 
-> report :  Memory report : Context <atm_server> : server side : memory used for buffer of each connection to client
  +) With client of rank 1 : 10000000 bytes 
-> report :  Memory report : Context <atm_server> : server side : memory used for buffer of each connection to client
  +) With client of rank 2 : 10000000 bytes 
-> report :  Memory report : Context <atm_server> : server side : memory used for buffer of each connection to client
  +) With client of rank 3 : 10000000 bytes 
-> report :  Memory report : Context <atm_server> : server side : total memory used for buffer 40000000 bytes
-> report : Performance report : Time spent for XIOS : 1.15027
-> report : Performance report : Time spent in processing events : 0.963725
-> report : Performance report : Ratio : 83.7829%
-> report : Timer : Blocking time    -->   cumulated time : 3.86965e-06
Timer : Context : close definition    -->   cumulated time : 2.5236e-05
Timer : Field : recv data    -->   cumulated time : 0.720653
Timer : Files : close    -->   cumulated time : 0.236181
Timer : Files : create    -->   cumulated time : 0.067227
Timer : Files : create headers    -->   cumulated time : 0.631316
Timer : Files : get data infos    -->   cumulated time : 0.000218952
Timer : Files : writing data    -->   cumulated time : 0.0390098
Timer : Files : writing time axis    -->   cumulated time : 0.0495135
Timer : Process events    -->   cumulated time : 0.963725
Timer : Process request    -->   cumulated time : 0.000319644
Timer : XIOS    -->   cumulated time : 3.21898
Timer : XIOS server    -->   cumulated time : 1.15027

