Enabling 0 I/O PEs
[0] I am running with  2 thread(s).
[0] OpenMP Specification: 201511

*******************************************************************************
**************** Start of UM RUN Job : 22:36:00 on 01/07/2022 *****************
**************** Based upon UM release vn11.6             *****************
*******************************************************************************

If you are using OpenMPI or think your MPI is thread capable, try setting ios_force_threading_mode appropriately in the UI

????????????????????????????????????????????????????????????????????????????????
??????????????????????????????      WARNING       ??????????????????????????????
?  Warning code: -10
?  Warning from routine: GET_ENV_VAR
?  Warning message: Environment variable OMP_WAIT_POLICY is not set.
?  Warning from processor: 0
?  Warning number: 0
????????????????????????????????????????????????????????????????????????????????


????????????????????????????????????????????????????????????????????????????????
??????????????????????????????      WARNING       ??????????????????????????????
?  Warning code: -10
?  Warning from routine: check_configid
?  Warning message:
?          itab is set to missing data, pp_head(LBEXP) will be set to zero
?  Warning from processor: 0
?  Warning number: 1
????????????????????????????????????????????????????????????????????????????????


????????????????????????????????????????????????????????????????????????????????
??????????????????????????????      WARNING       ??????????????????????????????
?  Warning code: -10
?  Warning from routine: GET_ENV_VAR
?  Warning message: Environment variable FASTRUN is not set.
?  Warning from processor: 0
?  Warning number: 2
????????????????????????????????????????????????????????????????????????????????


????????????????????????????????????????????????????????????????????????????????
??????????????????????????????      WARNING       ??????????????????????????????
?  Warning code: -100
?  Warning from routine: WARN_TEMP_FIXES
?  Warning message: Model run excludes ticket #1167 as
?          l_fix_conv_precip_evap=.FALSE.
?          This will affect all runs with parameterised
?          precipitating convection; evaporation rates for
?          convective precipitation will be underestimated.
?  Warning from processor: 0
?  Warning number: 3
????????????????????????????????????????????????????????????????????????????????


????????????????????????????????????????????????????????????????????????????????
??????????????????????????????      WARNING       ??????????????????????????????
?  Warning code: -100
?  Warning from routine: WARN_TEMP_FIXES
?  Warning message:
?          Model run excludes ticket #1421 as l_fix_ukca_impscav=.FALSE.
?          This will affect any model runs which include UKCA.
?  Warning from processor: 0
?  Warning number: 4
????????????????????????????????????????????????????????????????????????????????


????????????????????????????????????????????????????????????????????????????????
??????????????????????????????      WARNING       ??????????????????????????????
?  Warning code: -100
?  Warning from routine: WARN_TEMP_FIXES
?  Warning message:
?          Model run excludes ticket #1638 as l_fix_rp_shock_amp=.FALSE.
?          This will affect any model using the Random Parameters 2b Scheme
?          by doubling the size of the shock amplitude.
?  Warning from processor: 0
?  Warning number: 5
????????????????????????????????????????????????????????????????????????????????


????????????????????????????????????????????????????????????????????????????????
??????????????????????????????      WARNING       ??????????????????????????????
?  Warning code: -100
?  Warning from routine: WARN_TEMP_FIXES
?  Warning message:
?          Model run excludes ticket #2077 as l_fix_dyndiag=.FALSE.
?          This will mess up shear-dominated PBLs slightly
?  Warning from processor: 0
?  Warning number: 6
????????????????????????????????????????????????????????????????????????????????


????????????????????????????????????????????????????????????????????????????????
??????????????????????????????      WARNING       ??????????????????????????????
?  Warning code: -100
?  Warning from routine: WARN_TEMP_FIXES
?  Warning message:
?          Model run excludes a change from ticket #2556 as
?          l_fix_riming=.FALSE.
?          This could affect any model runs where l_shape_rime is .TRUE.
?          and may produce small numbers in the microphysics leading to
?          the UM crashing in the solver.
?  Warning from processor: 0
?  Warning number: 7
????????????????????????????????????????????????????????????????????????????????


????????????????????????????????????????????????????????????????????????????????
??????????????????????????????      WARNING       ??????????????????????????????
?  Warning code: -100
?  Warning from routine: WARN_TEMP_FIXES
?  Warning message:
?          Model run excludes ticket #3005 as l_fix_zh=.FALSE.
?          This will particularly affect the boundary layer depth
?          diagnostic (25 or 3025) in model runs which have non-zero
?          setting for forced_cu but also have a small impact on
?          model evolution in all runs.
?  Warning from processor: 0
?  Warning number: 8
????????????????????????????????????????????????????????????????????????????????


????????????????????????????????????????????????????????????????????????????????
??????????????????????????????      WARNING       ??????????????????????????????
?  Warning code: -100
?  Warning from routine: WARN_TEMP_FIXES
?  Warning message:
?          Model run excludes a change from ticket #3076 as
?          l_fix_ccb_cct=.FALSE.
?          This affects any model runs using 5A or 6A convection schemes.
?          Without this switch, the convection scheme may occasionally
?          diagnose cloud-top and cloud-base levels inconsistently.
?          In the 5A scheme it may spuriously leave the cloud-top level
?          unset even where it has set the cloud-base, leading to
?          inconsistent ccrad fields.
?  Warning from processor: 0
?  Warning number: 9
????????????????????????????????????????????????????????????????????????????????


????????????????????????????????????????????????????????????????????????????????
??????????????????????????????      WARNING       ??????????????????????????????
?  Warning code: -100
?  Warning from routine: WARN_TEMP_FIXES
?  Warning message:
?          Model run excludes a change from ticket #2405 as
?          l_fix_nacl_density=.FALSE.
?          This affects the sea-salt emissions generated by the model for
?          the UKCA + GLOMAP aerosol model
?  Warning from processor: 0
?  Warning number: 10
????????????????????????????????????????????????????????????????????????????????


????????????????????????????????????????????????????????????????????????????????
??????????????????????????????      WARNING       ??????????????????????????????
?  Warning code: -100
?  Warning from routine: WARN_TEMP_FIXES
?  Warning message:
?          Model run excludes a change from ticket #3011 as
?          l_fix_rcf_mlsnow_icefreemax=.FALSE.
?          This affects the cap imposed on the mass of snow at ice points
?          reconfigured to ice-free points in the multilayer snow scheme.
?  Warning from processor: 0
?  Warning number: 11
????????????????????????????????????????????????????????????????????????????????


????????????????????????????????????????????????????????????????????????????????
??????????????????????????????      WARNING       ??????????????????????????????
?  Warning code: -100
?  Warning from routine: WARN_TEMP_FIXES
?  Warning message:
?          Model run excludes a change from ticket #3681 as
?          l_fix_conv_diags_var=.FALSE.
?          This affects the diagnostics that are passed from the
?          convection scheme to the PF model. Without this switch
?          the increments will incorrectly include contributions
?          from cloud erosion, a temperature rather than potential
?          temperature will be passed, and the mass flux will exclude
?          points where it is reducing with height.
?  Warning from processor: 0
?  Warning number: 12
????????????????????????????????????????????????????????????????????????????????


????????????????????????????????????????????????????????????????????????????????
??????????????????????????????      WARNING       ??????????????????????????????
?  Warning code: -100
?  Warning from routine: WARN_TEMP_FIXES
?  Warning message:
?          Model run excludes ticket #2545 as l_fix_lsp_incs_to_spt=.FALSE.
?          This will mean that the microphysics changes due to mixed phase
?          turbulence will not be seen in the SPT scheme.
?  Warning from processor: 0
?  Warning number: 13
????????????????????????????????????????????????????????????????????????????????


????????????????????????????????????????????????????????????????????????????????
??????????????????????????????      WARNING       ??????????????????????????????
?  Warning code: -100
?  Warning from routine: WARN_TEMP_FIXES
?  Warning message:
?          Model run excludes a change from ticket #1250 as
?          l_fix_conv_diags_var=.FALSE.
?          This will mean that dry deposition velocities are set to null
?          for HCl, HOCl, HBr, HOBr, H2SO4, MeOH and Sec_Org and that dry
?          deposition velocities for 9 tiles are inconsistant with 13/17/27 tiles.
?  Warning from processor: 0
?  Warning number: 14
????????????????????????????????????????????????????????????????????????????????


????????????????????????????????????????????????????????????????????????????????
??????????????????????????????      WARNING       ??????????????????????????????
?  Warning code: -100
?  Warning from routine: WARN_TEMP_FIXES
?  Warning message:
?          Model run excludes a change from ticket #4157 as
?          l_fix_ukca_h2dd_x=.FALSE. .
?          This will mean that the wrong element is used for h2dd_c & h2dd_m.
?  Warning from processor: 0
?  Warning number: 15
????????????????????????????????????????????????????????????????????????????????


????????????????????????????????????????????????????????????????????????????????
??????????????????????????????      WARNING       ??????????????????????????????
?  Warning code: -100
?  Warning from routine: WARN_TEMP_FIXES
?  Warning message:
?          Model run excludes a change from ticket #4157 as
?          l_fix_neg_pvol_wat=.FALSE. .
?          This will mean that field pvol_wat can contain a negative concentration.
?  Warning from processor: 0
?  Warning number: 16
????????????????????????????????????????????????????????????????????????????????


????????????????????????????????????????????????????????????????????????????????
??????????????????????????????      WARNING       ??????????????????????????????
?  Warning code: -100
?  Warning from routine: WARN_TEMP_FIXES
?  Warning message:
?          Model run excludes a change from ticket #3245 as
?          l_fix_ukca_h2so4_ystore=.FALSE. .
?          This will mean that the UKCA H2SO4 tracer will not be updated correctly.
?  Warning from processor: 0
?  Warning number: 17
????????????????????????????????????????????????????????????????????????????????


????????????????????????????????????????????????????????????????????????????????
??????????????????????????????      WARNING       ??????????????????????????????
?  Warning code: -100
?  Warning from routine: WARN_TEMP_FIXES
?  Warning message:
?          Model run excludes a change from ticket #4501 as
?          l_fix_pc2_cnv_mix_phase=.FALSE.
?          Without this switch water will not be exactly conserved
?          in PC2s liquid and ice water partition calculation
?          within the 6a convection scheme.
?          Note that if l_cv_conserve_check=.true. a retrospective
?          correction will enforce water conservation in convection.
?  Warning from processor: 0
?  Warning number: 18
????????????????????????????????????????????????????????????????????????????????


????????????????????????????????????????????????????????????????????????????????
??????????????????????????????      WARNING       ??????????????????????????????
?  Warning code: -100
?  Warning from routine: WARN_TEMP_FIXES
?  Warning message:
?          Model run excludes a change from ticket #3031 as
?          l_fix_ukca_meoh_emiss_input=.FALSE. .
?          This means the chemistry scheme is reading methanol (MeOH)
?          emissions from a file tagged as NVOC (non-volatile org carbon)
?          by applying factor as MeOH = 0.215 * NVOC.
?  Warning from processor: 0
?  Warning number: 19
????????????????????????????????????????????????????????????????????????????????


????????????????????????????????????????????????????????????????????????????????
??????????????????????????????      WARNING       ??????????????????????????????
?  Warning code: -100
?  Warning from routine: WARN_TEMP_FIXES
?  Warning message:
?          Model run excludes a change from ticket #5031 as
?          l_fix_tidy_rainfracs=.FALSE.
?          This means that if l_mcr_qcf2 =.false. the rain fractions
?          will not be updated from the melting of snow in lsp_tidy.
?  Warning from processor: 0
?  Warning number: 20
????????????????????????????????????????????????????????????????????????????????


????????????????????????????????????????????????????????????????????????????????
??????????????????????????????      WARNING       ??????????????????????????????
?  Warning code: -100
?  Warning from routine: WARN_TEMP_FIXES
?  Warning message:
?          Model run excludes a change from ticket #5080 as
?          l_fix_incloud_qcf=.FALSE. .
?          When true this fixes a bug in the PC2 code after inhomogeneous
?          forcing of ice cloud by turbulence which checks to avoid
?          generating unreasonably high in-cloud ice water contents
?          qcf/cff.  Such occurences wrongly result in the ice-cloud
?          fraction being reset to near-zero instead of increased
?          as intended.
?  Warning from processor: 0
?  Warning number: 21
????????????????????????????????????????????????????????????????????????????????


????????????????????????????????????????????????????????????????????????????????
??????????????????????????????      WARNING       ??????????????????????????????
?  Warning code: -100
?  Warning from routine: WARN_TEMP_FIXES
?  Warning message:
?          Model run excludes a change from ticket #5080 as
?          l_fix_mcr_frac_ice=.FALSE. .
?          This switch fixes 2 minor issues in the treatment of ice-cloud
?          fractions by the microphysics scheme, both of which can
?          result in the ice fraction cff going to near-zero while
?          retaining a significant grid-mean ice mass qcf.
?  Warning from processor: 0
?  Warning number: 22
????????????????????????????????????????????????????????????????????????????????


????????????????????????????????????????????????????????????????????????????????
??????????????????????????????      WARNING       ??????????????????????????????
?  Warning code: -100
?  Warning from routine: WARN_TEMP_FIXES
?  Warning message:
?          Model run excludes a change from ticket #5118 as
?          l_fix_ukca_offox_h2o_fac=.FALSE.
?          This means that water vapour will not be in vmr when
?          using UKCA Offline-Oxidants.
?  Warning from processor: 0
?  Warning number: 23
????????????????????????????????????????????????????????????????????????????????


????????????????????????????????????????????????????????????????????????????????
??????????????????????????????      WARNING       ??????????????????????????????
?  Warning code: -100
?  Warning from routine: WARN_TEMP_FIXES
?  Warning message:
?          Model run excludes a change from ticket #5009 as
?          l_fix_ukca_cloud_frac=.FALSE.
?          This means that values of the cloud fraction field used in
?          aerosol chemistry will be those from from the level below the
?          correct level due to an array indexing bug.
?          Runs which do not use UKCA aerosol chemistry are unaffected.
?  Warning from processor: 0
?  Warning number: 24
????????????????????????????????????????????????????????????????????????????????


????????????????????????????????????????????????????????????????????????????????
??????????????????????????????      WARNING       ??????????????????????????????
?  Warning code: -100
?  Warning from routine: WARN_JULES_TEMP_FIXES
?  Warning message:
?          Model run excludes a change from JULES ticket 547 as
?          l_fix_alb_ice_thick=.FALSE.
?          This will affect any model runs where l_sice_multilayers is
?          .TRUE. and will result in an incorrect sea ice thickness being
?          used in the calculation of bare ice albedo.
?  Warning from processor: 0
?  Warning number: 25
????????????????????????????????????????????????????????????????????????????????


????????????????????????????????????????????????????????????????????????????????
??????????????????????????????      WARNING       ??????????????????????????????
?  Warning code: -100
?  Warning from routine: WARN_JULES_TEMP_FIXES
?  Warning message:
?          Model run excludes a change from um:#3011 as
?          l_fix_albsnow_ts=.FALSE.
?          This affects the albedo of snow as calculated in the two-stream
?          scheme in JULES.
?  Warning from processor: 0
?  Warning number: 26
????????????????????????????????????????????????????????????????????????????????


????????????????????????????????????????????????????????????????????????????????
??????????????????????????????      WARNING       ??????????????????????????????
?  Warning code: -100
?  Warning from routine: WARN_JULES_TEMP_FIXES
?  Warning message: Model run excludes um:#1017 as
?          l_fix_ctile_orog=.FALSE.
?          This will affect runs with coastal tiling.
?  Warning from processor: 0
?  Warning number: 27
????????????????????????????????????????????????????????????????????????????????


????????????????????????????????????????????????????????????????????????????????
??????????????????????????????      WARNING       ??????????????????????????????
?  Warning code: -100
?  Warning from routine: WARN_JULES_TEMP_FIXES
?  Warning message:
?          jules:#610 fix to the radiative roof coupling is not enabled: l_fix_moruses_roof_rad_coupling = .FALSE.
?  Warning from processor: 0
?  Warning number: 28
????????????????????????????????????????????????????????????????????????????????


????????????????????????????????????????????????????????????????????????????????
??????????????????????????????      WARNING       ??????????????????????????????
?  Warning code: -100
?  Warning from routine: WARN_JULES_TEMP_FIXES
?  Warning message:
?          Model run excludes um:#1729 as l_fix_ustar_dust=.FALSE.
?          This will affect any model runs which include interactive dust.
?  Warning from processor: 0
?  Warning number: 29
????????????????????????????????????????????????????????????????????????????????


????????????????????????????????????????????????????????????????????????????????
??????????????????????????????      WARNING       ??????????????????????????????
?  Warning code: -100
?  Warning from routine: WARN_JULES_TEMP_FIXES
?  Warning message:
?          Model run excludes a change from ticket um:#4581 as
?          l_fix_osa_chloro=.FALSE.
?          This will mean that chlorophyll used for the ocean albedo is
?          used in gm-3 when it should be mg m-3
?  Warning from processor: 0
?  Warning number: 30
????????????????????????????????????????????????????????????????????????????????


????????????????????????????????????????????????????????????????????????????????
??????????????????????????????      WARNING       ??????????????????????????????
?  Warning code: -100
?  Warning from routine: CHECK_RUN_DIFFUSION
?  Warning message:
?          cldbase_opt_sh set to sh_wstar_closure since
?          Smagorinsky diffusion not chosen.
?  Warning from processor: 0
?  Warning number: 31
????????????????????????????????????????????????????????????????????????????????


????????????????????????????????????????????????????????????????????????????????
??????????????????????????????      WARNING       ??????????????????????????????
?  Warning code: -10
?  Warning from routine: UM_XIOS_GET_AXIS_INFO
?  Warning message: Axis element ensemble has no standard_name value defined and is not a pseudo axis, skipping field
?  Warning from processor: 0
?  Warning number: 32
????????????????????????????????????????????????????????????????????????????????


????????????????????????????????????????????????????????????????????????????????
??????????????????????????????      WARNING       ??????????????????????????????
?  Warning code: -20
?  Warning from routine: UM_XIOS_GET_AXIS_INFO
?  Warning message: Axis element ensemble has no n_glo value defined, skipping field
?  Warning from processor: 0
?  Warning number: 33
????????????????????????????????????????????????????????????????????????????????


????????????????????????????????????????????????????????????????????????????????
??????????????????????????????      WARNING       ??????????????????????????????
?  Warning code: -30
?  Warning from routine: UM_XIOS_GET_AXIS_INFO
?  Warning message: Axis element ensemble has no values defined, skipping field
?  Warning from processor: 0
?  Warning number: 34
????????????????????????????????????????????????????????????????????????????????


????????????????????????????????????????????????????????????????????????????????
??????????????????????????????      WARNING       ??????????????????????????????
?  Warning code: -30
?  Warning from routine: UM_XIOS_FIELD_XML
?  Warning message: Field element m01s16i202_inst has a field reference, skipping field
?  Warning from processor: 0
?  Warning number: 35
????????????????????????????????????????????????????????????????????????????????


????????????????????????????????????????????????????????????????????????????????
??????????????????????????????      WARNING       ??????????????????????????????
?  Warning code: -30
?  Warning from routine: UM_XIOS_FIELD_XML
?  Warning message: Field element m01s16i202_ens has a field reference, skipping field
?  Warning from processor: 0
?  Warning number: 36
????????????????????????????????????????????????????????????????????????????????


????????????????????????????????????????????????????????????????????????????????
??????????????????????????????      WARNING       ??????????????????????????????
?  Warning code: -30
?  Warning from routine: UM_XIOS_FIELD_XML
?  Warning message: Field element m01s16i202_sqav has a field reference, skipping field
?  Warning from processor: 0
?  Warning number: 37
????????????????????????????????????????????????????????????????????????????????


????????????????????????????????????????????????????????????????????????????????
??????????????????????????????      WARNING       ??????????????????????????????
?  Warning code: -30
?  Warning from routine: UM_XIOS_FIELD_XML
?  Warning message: Field element m01s16i202_avensq has a field reference, skipping field
?  Warning from processor: 0
?  Warning number: 38
????????????????????????????????????????????????????????????????????????????????


????????????????????????????????????????????????????????????????????????????????
??????????????????????????????      WARNING       ??????????????????????????????
?  Warning code: -30
?  Warning from routine: UM_XIOS_FIELD_XML
?  Warning message: Field element m01s16i202_stdev has a field reference, skipping field
?  Warning from processor: 0
?  Warning number: 39
????????????????????????????????????????????????????????????????????????????????


????????????????????????????????????????????????????????????????????????????????
??????????????????????????????      WARNING       ??????????????????????????????
?  Warning code: -30
?  Warning from routine: UM_XIOS_FIELD_XML
?  Warning message: Field element m01s16i222_inst has a field reference, skipping field
?  Warning from processor: 0
?  Warning number: 40
????????????????????????????????????????????????????????????????????????????????


????????????????????????????????????????????????????????????????????????????????
??????????????????????????????      WARNING       ??????????????????????????????
?  Warning code: -30
?  Warning from routine: UM_XIOS_FIELD_XML
?  Warning message: Field element m01s16i222_ens has a field reference, skipping field
?  Warning from processor: 0
?  Warning number: 41
????????????????????????????????????????????????????????????????????????????????


????????????????????????????????????????????????????????????????????????????????
??????????????????????????????      WARNING       ??????????????????????????????
?  Warning code: -30
?  Warning from routine: UM_XIOS_FIELD_XML
?  Warning message: Field element m01s16i222_sqav has a field reference, skipping field
?  Warning from processor: 0
?  Warning number: 42
????????????????????????????????????????????????????????????????????????????????


????????????????????????????????????????????????????????????????????????????????
??????????????????????????????      WARNING       ??????????????????????????????
?  Warning code: -30
?  Warning from routine: UM_XIOS_FIELD_XML
?  Warning message: Field element m01s16i222_avensq has a field reference, skipping field
?  Warning from processor: 0
?  Warning number: 43
????????????????????????????????????????????????????????????????????????????????


????????????????????????????????????????????????????????????????????????????????
??????????????????????????????      WARNING       ??????????????????????????????
?  Warning code: -30
?  Warning from routine: UM_XIOS_FIELD_XML
?  Warning message: Field element m01s16i222_stdev has a field reference, skipping field
?  Warning from processor: 0
?  Warning number: 44
????????????????????????????????????????????????????????????????????????????????


????????????????????????????????????????????????????????????????????????????????
??????????????????????????????      WARNING       ??????????????????????????????
?  Warning code: -30
?  Warning from routine: UM_XIOS_FIELD_XML
?  Warning message: Field element m01s30i201_inst has a field reference, skipping field
?  Warning from processor: 0
?  Warning number: 45
????????????????????????????????????????????????????????????????????????????????


????????????????????????????????????????????????????????????????????????????????
??????????????????????????????      WARNING       ??????????????????????????????
?  Warning code: -30
?  Warning from routine: UM_XIOS_FIELD_XML
?  Warning message: Field element m01s30i201_ens has a field reference, skipping field
?  Warning from processor: 0
?  Warning number: 46
????????????????????????????????????????????????????????????????????????????????


????????????????????????????????????????????????????????????????????????????????
??????????????????????????????      WARNING       ??????????????????????????????
?  Warning code: -30
?  Warning from routine: UM_XIOS_FIELD_XML
?  Warning message: Field element m01s30i201_sqav has a field reference, skipping field
?  Warning from processor: 0
?  Warning number: 47
????????????????????????????????????????????????????????????????????????????????


????????????????????????????????????????????????????????????????????????????????
??????????????????????????????      WARNING       ??????????????????????????????
?  Warning code: -30
?  Warning from routine: UM_XIOS_FIELD_XML
?  Warning message: Field element m01s30i201_avensq has a field reference, skipping field
?  Warning from processor: 0
?  Warning number: 48
????????????????????????????????????????????????????????????????????????????????


????????????????????????????????????????????????????????????????????????????????
??????????????????????????????      WARNING       ??????????????????????????????
?  Warning code: -30
?  Warning from routine: UM_XIOS_FIELD_XML
?  Warning message: Field element m01s30i201_stdev has a field reference, skipping field
?  Warning from processor: 0
?  Warning number: 49
????????????????????????????????????????????????????????????????????????????????


????????????????????????????????????????????????????????????????????????????????
??????????????????????????????      WARNING       ??????????????????????????????
?  Warning code: -30
?  Warning from routine: UM_XIOS_FIELD_XML
?  Warning message: Field element m01s30i202_inst has a field reference, skipping field
?  Warning from processor: 0
?  Warning number: 50
????????????????????????????????????????????????????????????????????????????????


????????????????????????????????????????????????????????????????????????????????
??????????????????????????????      WARNING       ??????????????????????????????
?  Warning code: -30
?  Warning from routine: UM_XIOS_FIELD_XML
?  Warning message: Field element m01s30i202_ens has a field reference, skipping field
?  Warning from processor: 0
?  Warning number: 51
????????????????????????????????????????????????????????????????????????????????


????????????????????????????????????????????????????????????????????????????????
??????????????????????????????      WARNING       ??????????????????????????????
?  Warning code: -30
?  Warning from routine: UM_XIOS_FIELD_XML
?  Warning message: Field element m01s30i202_sqav has a field reference, skipping field
?  Warning from processor: 0
?  Warning number: 52
????????????????????????????????????????????????????????????????????????????????


????????????????????????????????????????????????????????????????????????????????
??????????????????????????????      WARNING       ??????????????????????????????
?  Warning code: -30
?  Warning from routine: UM_XIOS_FIELD_XML
?  Warning message: Field element m01s30i202_avensq has a field reference, skipping field
?  Warning from processor: 0
?  Warning number: 53
????????????????????????????????????????????????????????????????????????????????


????????????????????????????????????????????????????????????????????????????????
??????????????????????????????      WARNING       ??????????????????????????????
?  Warning code: -30
?  Warning from routine: UM_XIOS_FIELD_XML
?  Warning message: Field element m01s30i202_stdev has a field reference, skipping field
?  Warning from processor: 0
?  Warning number: 54
????????????????????????????????????????????????????????????????????????????????


????????????????????????????????????????????????????????????????????????????????
??????????????????????????????      WARNING       ??????????????????????????????
?  Warning code: -30
?  Warning from routine: UM_XIOS_FIELD_XML
?  Warning message: Field element m01s30i203_inst has a field reference, skipping field
?  Warning from processor: 0
?  Warning number: 55
????????????????????????????????????????????????????????????????????????????????


????????????????????????????????????????????????????????????????????????????????
??????????????????????????????      WARNING       ??????????????????????????????
?  Warning code: -30
?  Warning from routine: UM_XIOS_FIELD_XML
?  Warning message: Field element m01s30i203_ens has a field reference, skipping field
?  Warning from processor: 0
?  Warning number: 56
????????????????????????????????????????????????????????????????????????????????


????????????????????????????????????????????????????????????????????????????????
??????????????????????????????      WARNING       ??????????????????????????????
?  Warning code: -30
?  Warning from routine: UM_XIOS_FIELD_XML
?  Warning message: Field element m01s30i203_sqav has a field reference, skipping field
?  Warning from processor: 0
?  Warning number: 57
????????????????????????????????????????????????????????????????????????????????


????????????????????????????????????????????????????????????????????????????????
??????????????????????????????      WARNING       ??????????????????????????????
?  Warning code: -30
?  Warning from routine: UM_XIOS_FIELD_XML
?  Warning message: Field element m01s30i203_avensq has a field reference, skipping field
?  Warning from processor: 0
?  Warning number: 58
????????????????????????????????????????????????????????????????????????????????


????????????????????????????????????????????????????????????????????????????????
??????????????????????????????      WARNING       ??????????????????????????????
?  Warning code: -30
?  Warning from routine: UM_XIOS_FIELD_XML
?  Warning message: Field element m01s30i203_stdev has a field reference, skipping field
?  Warning from processor: 0
?  Warning number: 59
????????????????????????????????????????????????????????????????????????????????


????????????????????????????????????????????????????????????????????????????????
??????????????????????????????      WARNING       ??????????????????????????????
?  Warning code: -30
?  Warning from routine: UM_XIOS_FIELD_XML
?  Warning message: Field element m01s30i204_inst has a field reference, skipping field
?  Warning from processor: 0
?  Warning number: 60
????????????????????????????????????????????????????????????????????????????????


????????????????????????????????????????????????????????????????????????????????
??????????????????????????????      WARNING       ??????????????????????????????
?  Warning code: -30
?  Warning from routine: UM_XIOS_FIELD_XML
?  Warning message: Field element m01s30i204_ens has a field reference, skipping field
?  Warning from processor: 0
?  Warning number: 61
????????????????????????????????????????????????????????????????????????????????


????????????????????????????????????????????????????????????????????????????????
??????????????????????????????      WARNING       ??????????????????????????????
?  Warning code: -30
?  Warning from routine: UM_XIOS_FIELD_XML
?  Warning message: Field element m01s30i204_sqav has a field reference, skipping field
?  Warning from processor: 0
?  Warning number: 62
????????????????????????????????????????????????????????????????????????????????


????????????????????????????????????????????????????????????????????????????????
??????????????????????????????      WARNING       ??????????????????????????????
?  Warning code: -30
?  Warning from routine: UM_XIOS_FIELD_XML
?  Warning message: Field element m01s30i204_avensq has a field reference, skipping field
?  Warning from processor: 0
?  Warning number: 63
????????????????????????????????????????????????????????????????????????????????


????????????????????????????????????????????????????????????????????????????????
??????????????????????????????      WARNING       ??????????????????????????????
?  Warning code: -30
?  Warning from routine: UM_XIOS_FIELD_XML
?  Warning message: Field element m01s30i204_stdev has a field reference, skipping field
?  Warning from processor: 0
?  Warning number: 64
????????????????????????????????????????????????????????????????????????????????


????????????????????????????????????????????????????????????????????????????????
??????????????????????????????      WARNING       ??????????????????????????????
?  Warning code: -30
?  Warning from routine: UM_XIOS_FIELD_XML
?  Warning message: Field element m01s30i205_inst has a field reference, skipping field
?  Warning from processor: 0
?  Warning number: 65
????????????????????????????????????????????????????????????????????????????????


????????????????????????????????????????????????????????????????????????????????
??????????????????????????????      WARNING       ??????????????????????????????
?  Warning code: -30
?  Warning from routine: UM_XIOS_FIELD_XML
?  Warning message: Field element m01s30i205_ens has a field reference, skipping field
?  Warning from processor: 0
?  Warning number: 66
????????????????????????????????????????????????????????????????????????????????


????????????????????????????????????????????????????????????????????????????????
??????????????????????????????      WARNING       ??????????????????????????????
?  Warning code: -30
?  Warning from routine: UM_XIOS_FIELD_XML
?  Warning message: Field element m01s30i205_sqav has a field reference, skipping field
?  Warning from processor: 0
?  Warning number: 67
????????????????????????????????????????????????????????????????????????????????


????????????????????????????????????????????????????????????????????????????????
??????????????????????????????      WARNING       ??????????????????????????????
?  Warning code: -30
?  Warning from routine: UM_XIOS_FIELD_XML
?  Warning message: Field element m01s30i205_avensq has a field reference, skipping field
?  Warning from processor: 0
?  Warning number: 68
????????????????????????????????????????????????????????????????????????????????


????????????????????????????????????????????????????????????????????????????????
??????????????????????????????      WARNING       ??????????????????????????????
?  Warning code: -30
?  Warning from routine: UM_XIOS_FIELD_XML
?  Warning message: Field element m01s30i205_stdev has a field reference, skipping field
?  Warning from processor: 0
?  Warning number: 69
????????????????????????????????????????????????????????????????????????????????


????????????????????????????????????????????????????????????????????????????????
??????????????????????????????      WARNING       ??????????????????????????????
?  Warning code: -30
?  Warning from routine: UM_XIOS_FIELD_XML
?  Warning message: Field element m01s30i301_inst has a field reference, skipping field
?  Warning from processor: 0
?  Warning number: 70
????????????????????????????????????????????????????????????????????????????????


????????????????????????????????????????????????????????????????????????????????
??????????????????????????????      WARNING       ??????????????????????????????
?  Warning code: -30
?  Warning from routine: UM_XIOS_FIELD_XML
?  Warning message: Field element m01s30i301_ens has a field reference, skipping field
?  Warning from processor: 0
?  Warning number: 71
????????????????????????????????????????????????????????????????????????????????


????????????????????????????????????????????????????????????????????????????????
??????????????????????????????      WARNING       ??????????????????????????????
?  Warning code: -30
?  Warning from routine: UM_XIOS_FIELD_XML
?  Warning message: Field element m01s30i301_sqav has a field reference, skipping field
?  Warning from processor: 0
?  Warning number: 72
????????????????????????????????????????????????????????????????????????????????


????????????????????????????????????????????????????????????????????????????????
??????????????????????????????      WARNING       ??????????????????????????????
?  Warning code: -30
?  Warning from routine: UM_XIOS_FIELD_XML
?  Warning message: Field element m01s30i301_avensq has a field reference, skipping field
?  Warning from processor: 0
?  Warning number: 73
????????????????????????????????????????????????????????????????????????????????


????????????????????????????????????????????????????????????????????????????????
??????????????????????????????      WARNING       ??????????????????????????????
?  Warning code: -30
?  Warning from routine: UM_XIOS_FIELD_XML
?  Warning message: Field element m01s30i301_stdev has a field reference, skipping field
?  Warning from processor: 0
?  Warning number: 74
????????????????????????????????????????????????????????????????????????????????


????????????????????????????????????????????????????????????????????????????????
??????????????????????????????      WARNING       ??????????????????????????????
?  Warning code: -30
?  Warning from routine: UM_XIOS_FIELD_XML
?  Warning message: Field element m01s30i455_inst has a field reference, skipping field
?  Warning from processor: 0
?  Warning number: 75
????????????????????????????????????????????????????????????????????????????????


????????????????????????????????????????????????????????????????????????????????
??????????????????????????????      WARNING       ??????????????????????????????
?  Warning code: -30
?  Warning from routine: UM_XIOS_FIELD_XML
?  Warning message: Field element m01s30i455_ens has a field reference, skipping field
?  Warning from processor: 0
?  Warning number: 76
????????????????????????????????????????????????????????????????????????????????


????????????????????????????????????????????????????????????????????????????????
??????????????????????????????      WARNING       ??????????????????????????????
?  Warning code: -30
?  Warning from routine: UM_XIOS_FIELD_XML
?  Warning message: Field element m01s30i455_sqav has a field reference, skipping field
?  Warning from processor: 0
?  Warning number: 77
????????????????????????????????????????????????????????????????????????????????


????????????????????????????????????????????????????????????????????????????????
??????????????????????????????      WARNING       ??????????????????????????????
?  Warning code: -30
?  Warning from routine: UM_XIOS_FIELD_XML
?  Warning message: Field element m01s30i455_avensq has a field reference, skipping field
?  Warning from processor: 0
?  Warning number: 78
????????????????????????????????????????????????????????????????????????????????


????????????????????????????????????????????????????????????????????????????????
??????????????????????????????      WARNING       ??????????????????????????????
?  Warning code: -30
?  Warning from routine: UM_XIOS_FIELD_XML
?  Warning message: Field element m01s30i455_stdev has a field reference, skipping field
?  Warning from processor: 0
?  Warning number: 79
????????????????????????????????????????????????????????????????????????????????


????????????????????????????????????????????????????????????????????????????????
??????????????????????????????      WARNING       ??????????????????????????????
?  Warning code: -30
?  Warning from routine: UM_XIOS_FIELD_XML
?  Warning message: Field element m01s30i456_inst has a field reference, skipping field
?  Warning from processor: 0
?  Warning number: 80
????????????????????????????????????????????????????????????????????????????????


????????????????????????????????????????????????????????????????????????????????
??????????????????????????????      WARNING       ??????????????????????????????
?  Warning code: -30
?  Warning from routine: UM_XIOS_FIELD_XML
?  Warning message: Field element m01s30i456_ens has a field reference, skipping field
?  Warning from processor: 0
?  Warning number: 81
????????????????????????????????????????????????????????????????????????????????


????????????????????????????????????????????????????????????????????????????????
??????????????????????????????      WARNING       ??????????????????????????????
?  Warning code: -30
?  Warning from routine: UM_XIOS_FIELD_XML
?  Warning message: Field element m01s30i456_sqav has a field reference, skipping field
?  Warning from processor: 0
?  Warning number: 82
????????????????????????????????????????????????????????????????????????????????


????????????????????????????????????????????????????????????????????????????????
??????????????????????????????      WARNING       ??????????????????????????????
?  Warning code: -30
?  Warning from routine: UM_XIOS_FIELD_XML
?  Warning message: Field element m01s30i456_avensq has a field reference, skipping field
?  Warning from processor: 0
?  Warning number: 83
????????????????????????????????????????????????????????????????????????????????


????????????????????????????????????????????????????????????????????????????????
??????????????????????????????      WARNING       ??????????????????????????????
?  Warning code: -30
?  Warning from routine: UM_XIOS_FIELD_XML
?  Warning message: Field element m01s30i456_stdev has a field reference, skipping field
?  Warning from processor: 0
?  Warning number: 84
????????????????????????????????????????????????????????????????????????????????


????????????????????????????????????????????????????????????????????????????????
??????????????????????????????      WARNING       ??????????????????????????????
?  Warning code: -30
?  Warning from routine: UM_XIOS_FIELD_XML
?  Warning message: Field element m01s30i457_inst has a field reference, skipping field
?  Warning from processor: 0
?  Warning number: 85
????????????????????????????????????????????????????????????????????????????????


????????????????????????????????????????????????????????????????????????????????
??????????????????????????????      WARNING       ??????????????????????????????
?  Warning code: -30
?  Warning from routine: UM_XIOS_FIELD_XML
?  Warning message: Field element m01s30i457_ens has a field reference, skipping field
?  Warning from processor: 0
?  Warning number: 86
????????????????????????????????????????????????????????????????????????????????


????????????????????????????????????????????????????????????????????????????????
??????????????????????????????      WARNING       ??????????????????????????????
?  Warning code: -30
?  Warning from routine: UM_XIOS_FIELD_XML
?  Warning message: Field element m01s30i457_sqav has a field reference, skipping field
?  Warning from processor: 0
?  Warning number: 87
????????????????????????????????????????????????????????????????????????????????


????????????????????????????????????????????????????????????????????????????????
??????????????????????????????      WARNING       ??????????????????????????????
?  Warning code: -30
?  Warning from routine: UM_XIOS_FIELD_XML
?  Warning message: Field element m01s30i457_avensq has a field reference, skipping field
?  Warning from processor: 0
?  Warning number: 88
????????????????????????????????????????????????????????????????????????????????


????????????????????????????????????????????????????????????????????????????????
??????????????????????????????      WARNING       ??????????????????????????????
?  Warning code: -30
?  Warning from routine: UM_XIOS_FIELD_XML
?  Warning message: Field element m01s30i457_stdev has a field reference, skipping field
?  Warning from processor: 0
?  Warning number: 89
????????????????????????????????????????????????????????????????????????????????


????????????????????????????????????????????????????????????????????????????????
??????????????????????????????      WARNING       ??????????????????????????????
?  Warning code: -30
?  Warning from routine: UM_XIOS_FIELD_XML
?  Warning message: Field element m01s30i458_inst has a field reference, skipping field
?  Warning from processor: 0
?  Warning number: 90
????????????????????????????????????????????????????????????????????????????????


????????????????????????????????????????????????????????????????????????????????
??????????????????????????????      WARNING       ??????????????????????????????
?  Warning code: -30
?  Warning from routine: UM_XIOS_FIELD_XML
?  Warning message: Field element m01s30i458_ens has a field reference, skipping field
?  Warning from processor: 0
?  Warning number: 91
????????????????????????????????????????????????????????????????????????????????


????????????????????????????????????????????????????????????????????????????????
??????????????????????????????      WARNING       ??????????????????????????????
?  Warning code: -30
?  Warning from routine: UM_XIOS_FIELD_XML
?  Warning message: Field element m01s30i458_sqav has a field reference, skipping field
?  Warning from processor: 0
?  Warning number: 92
????????????????????????????????????????????????????????????????????????????????


????????????????????????????????????????????????????????????????????????????????
??????????????????????????????      WARNING       ??????????????????????????????
?  Warning code: -30
?  Warning from routine: UM_XIOS_FIELD_XML
?  Warning message: Field element m01s30i458_avensq has a field reference, skipping field
?  Warning from processor: 0
?  Warning number: 93
????????????????????????????????????????????????????????????????????????????????


????????????????????????????????????????????????????????????????????????????????
??????????????????????????????      WARNING       ??????????????????????????????
?  Warning code: -30
?  Warning from routine: UM_XIOS_FIELD_XML
?  Warning message: Field element m01s30i458_stdev has a field reference, skipping field
?  Warning from processor: 0
?  Warning number: 94
????????????????????????????????????????????????????????????????????????????????


????????????????????????????????????????????????????????????????????????????????
??????????????????????????????      WARNING       ??????????????????????????????
?  Warning code: -30
?  Warning from routine: UM_XIOS_FIELD_XML
?  Warning message: Field element m01s34i008_inst has a field reference, skipping field
?  Warning from processor: 0
?  Warning number: 95
????????????????????????????????????????????????????????????????????????????????


????????????????????????????????????????????????????????????????????????????????
??????????????????????????????      WARNING       ??????????????????????????????
?  Warning code: -30
?  Warning from routine: UM_XIOS_FIELD_XML
?  Warning message: Field element m01s34i008_ens has a field reference, skipping field
?  Warning from processor: 0
?  Warning number: 96
????????????????????????????????????????????????????????????????????????????????


????????????????????????????????????????????????????????????????????????????????
??????????????????????????????      WARNING       ??????????????????????????????
?  Warning code: -30
?  Warning from routine: UM_XIOS_FIELD_XML
?  Warning message: Field element m01s34i008_sqav has a field reference, skipping field
?  Warning from processor: 0
?  Warning number: 97
????????????????????????????????????????????????????????????????????????????????


????????????????????????????????????????????????????????????????????????????????
??????????????????????????????      WARNING       ??????????????????????????????
?  Warning code: -30
?  Warning from routine: UM_XIOS_FIELD_XML
?  Warning message: Field element m01s34i008_avensq has a field reference, skipping field
?  Warning from processor: 0
?  Warning number: 98
????????????????????????????????????????????????????????????????????????????????


????????????????????????????????????????????????????????????????????????????????
??????????????????????????????      WARNING       ??????????????????????????????
?  Warning code: -30
?  Warning from routine: UM_XIOS_FIELD_XML
?  Warning message: Field element m01s34i008_stdev has a field reference, skipping field
?  Warning from processor: 0
?  Warning number: 99
????????????????????????????????????????????????????????????????????????????????


????????????????????????????????????????????????????????????????????????????????
??????????????????????????????      WARNING       ??????????????????????????????
?  Warning code: -30
?  Warning from routine: UM_XIOS_FIELD_XML
?  Warning message: Field element m01s34i071_inst has a field reference, skipping field
?  Warning from processor: 0
?  Warning number: 100
????????????????????????????????????????????????????????????????????????????????


????????????????????????????????????????????????????????????????????????????????
??????????????????????????????      WARNING       ??????????????????????????????
?  Warning code: -30
?  Warning from routine: UM_XIOS_FIELD_XML
?  Warning message: Field element m01s34i071_ens has a field reference, skipping field
?  Warning from processor: 0
?  Warning number: 101
????????????????????????????????????????????????????????????????????????????????


????????????????????????????????????????????????????????????????????????????????
??????????????????????????????      WARNING       ??????????????????????????????
?  Warning code: -30
?  Warning from routine: UM_XIOS_FIELD_XML
?  Warning message: Field element m01s34i071_sqav has a field reference, skipping field
?  Warning from processor: 0
?  Warning number: 102
????????????????????????????????????????????????????????????????????????????????


????????????????????????????????????????????????????????????????????????????????
??????????????????????????????      WARNING       ??????????????????????????????
?  Warning code: -30
?  Warning from routine: UM_XIOS_FIELD_XML
?  Warning message: Field element m01s34i071_avensq has a field reference, skipping field
?  Warning from processor: 0
?  Warning number: 103
????????????????????????????????????????????????????????????????????????????????


????????????????????????????????????????????????????????????????????????????????
??????????????????????????????      WARNING       ??????????????????????????????
?  Warning code: -30
?  Warning from routine: UM_XIOS_FIELD_XML
?  Warning message: Field element m01s34i071_stdev has a field reference, skipping field
?  Warning from processor: 0
?  Warning number: 104
????????????????????????????????????????????????????????????????????????????????


????????????????????????????????????????????????????????????????????????????????
??????????????????????????????      WARNING       ??????????????????????????????
?  Warning code: -30
?  Warning from routine: UM_XIOS_FIELD_XML
?  Warning message: Field element m01s34i072_inst has a field reference, skipping field
?  Warning from processor: 0
?  Warning number: 105
????????????????????????????????????????????????????????????????????????????????


????????????????????????????????????????????????????????????????????????????????
??????????????????????????????      WARNING       ??????????????????????????????
?  Warning code: -30
?  Warning from routine: UM_XIOS_FIELD_XML
?  Warning message: Field element m01s34i072_ens has a field reference, skipping field
?  Warning from processor: 0
?  Warning number: 106
????????????????????????????????????????????????????????????????????????????????


????????????????????????????????????????????????????????????????????????????????
??????????????????????????????      WARNING       ??????????????????????????????
?  Warning code: -30
?  Warning from routine: UM_XIOS_FIELD_XML
?  Warning message: Field element m01s34i072_sqav has a field reference, skipping field
?  Warning from processor: 0
?  Warning number: 107
????????????????????????????????????????????????????????????????????????????????


????????????????????????????????????????????????????????????????????????????????
??????????????????????????????      WARNING       ??????????????????????????????
?  Warning code: -30
?  Warning from routine: UM_XIOS_FIELD_XML
?  Warning message: Field element m01s34i072_avensq has a field reference, skipping field
?  Warning from processor: 0
?  Warning number: 108
????????????????????????????????????????????????????????????????????????????????


????????????????????????????????????????????????????????????????????????????????
??????????????????????????????      WARNING       ??????????????????????????????
?  Warning code: -30
?  Warning from routine: UM_XIOS_FIELD_XML
?  Warning message: Field element m01s34i072_stdev has a field reference, skipping field
?  Warning from processor: 0
?  Warning number: 109
????????????????????????????????????????????????????????????????????????????????


????????????????????????????????????????????????????????????????????????????????
??????????????????????????????      WARNING       ??????????????????????????????
?  Warning code: -30
?  Warning from routine: UM_XIOS_FIELD_XML
?  Warning message: Field element m01s34i073_inst has a field reference, skipping field
?  Warning from processor: 0
?  Warning number: 110
????????????????????????????????????????????????????????????????????????????????


????????????????????????????????????????????????????????????????????????????????
??????????????????????????????      WARNING       ??????????????????????????????
?  Warning code: -30
?  Warning from routine: UM_XIOS_FIELD_XML
?  Warning message: Field element m01s34i073_ens has a field reference, skipping field
?  Warning from processor: 0
?  Warning number: 111
????????????????????????????????????????????????????????????????????????????????


????????????????????????????????????????????????????????????????????????????????
??????????????????????????????      WARNING       ??????????????????????????????
?  Warning code: -30
?  Warning from routine: UM_XIOS_FIELD_XML
?  Warning message: Field element m01s34i073_sqav has a field reference, skipping field
?  Warning from processor: 0
?  Warning number: 112
????????????????????????????????????????????????????????????????????????????????


????????????????????????????????????????????????????????????????????????????????
??????????????????????????????      WARNING       ??????????????????????????????
?  Warning code: -30
?  Warning from routine: UM_XIOS_FIELD_XML
?  Warning message: Field element m01s34i073_avensq has a field reference, skipping field
?  Warning from processor: 0
?  Warning number: 113
????????????????????????????????????????????????????????????????????????????????


????????????????????????????????????????????????????????????????????????????????
??????????????????????????????      WARNING       ??????????????????????????????
?  Warning code: -30
?  Warning from routine: UM_XIOS_FIELD_XML
?  Warning message: Field element m01s34i073_stdev has a field reference, skipping field
?  Warning from processor: 0
?  Warning number: 114
????????????????????????????????????????????????????????????????????????????????


????????????????????????????????????????????????????????????????????????????????
??????????????????????????????      WARNING       ??????????????????????????????
?  Warning code: -30
?  Warning from routine: UM_XIOS_FIELD_XML
?  Warning message: Field element m01s34i075_inst has a field reference, skipping field
?  Warning from processor: 0
?  Warning number: 115
????????????????????????????????????????????????????????????????????????????????


????????????????????????????????????????????????????????????????????????????????
??????????????????????????????      WARNING       ??????????????????????????????
?  Warning code: -30
?  Warning from routine: UM_XIOS_FIELD_XML
?  Warning message: Field element m01s34i075_ens has a field reference, skipping field
?  Warning from processor: 0
?  Warning number: 116
????????????????????????????????????????????????????????????????????????????????


????????????????????????????????????????????????????????????????????????????????
??????????????????????????????      WARNING       ??????????????????????????????
?  Warning code: -30
?  Warning from routine: UM_XIOS_FIELD_XML
?  Warning message: Field element m01s34i075_sqav has a field reference, skipping field
?  Warning from processor: 0
?  Warning number: 117
????????????????????????????????????????????????????????????????????????????????


????????????????????????????????????????????????????????????????????????????????
??????????????????????????????      WARNING       ??????????????????????????????
?  Warning code: -30
?  Warning from routine: UM_XIOS_FIELD_XML
?  Warning message: Field element m01s34i075_avensq has a field reference, skipping field
?  Warning from processor: 0
?  Warning number: 118
????????????????????????????????????????????????????????????????????????????????


????????????????????????????????????????????????????????????????????????????????
??????????????????????????????      WARNING       ??????????????????????????????
?  Warning code: -30
?  Warning from routine: UM_XIOS_FIELD_XML
?  Warning message: Field element m01s34i075_stdev has a field reference, skipping field
?  Warning from processor: 0
?  Warning number: 119
????????????????????????????????????????????????????????????????????????????????


????????????????????????????????????????????????????????????????????????????????
??????????????????????????????      WARNING       ??????????????????????????????
?  Warning code: -30
?  Warning from routine: UM_XIOS_FIELD_XML
?  Warning message: Field element m01s34i091_inst has a field reference, skipping field
?  Warning from processor: 0
?  Warning number: 120
????????????????????????????????????????????????????????????????????????????????


????????????????????????????????????????????????????????????????????????????????
??????????????????????????????      WARNING       ??????????????????????????????
?  Warning code: -30
?  Warning from routine: UM_XIOS_FIELD_XML
?  Warning message: Field element m01s34i091_ens has a field reference, skipping field
?  Warning from processor: 0
?  Warning number: 121
????????????????????????????????????????????????????????????????????????????????


????????????????????????????????????????????????????????????????????????????????
??????????????????????????????      WARNING       ??????????????????????????????
?  Warning code: -30
?  Warning from routine: UM_XIOS_FIELD_XML
?  Warning message: Field element m01s34i091_sqav has a field reference, skipping field
?  Warning from processor: 0
?  Warning number: 122
????????????????????????????????????????????????????????????????????????????????


????????????????????????????????????????????????????????????????????????????????
??????????????????????????????      WARNING       ??????????????????????????????
?  Warning code: -30
?  Warning from routine: UM_XIOS_FIELD_XML
?  Warning message: Field element m01s34i091_avensq has a field reference, skipping field
?  Warning from processor: 0
?  Warning number: 123
????????????????????????????????????????????????????????????????????????????????


????????????????????????????????????????????????????????????????????????????????
??????????????????????????????      WARNING       ??????????????????????????????
?  Warning code: -30
?  Warning from routine: UM_XIOS_FIELD_XML
?  Warning message: Field element m01s34i091_stdev has a field reference, skipping field
?  Warning from processor: 0
?  Warning number: 124
????????????????????????????????????????????????????????????????????????????????


????????????????????????????????????????????????????????????????????????????????
??????????????????????????????      WARNING       ??????????????????????????????
?  Warning code: -30
?  Warning from routine: UM_XIOS_FIELD_XML
?  Warning message: Field element m01s34i092_inst has a field reference, skipping field
?  Warning from processor: 0
?  Warning number: 125
????????????????????????????????????????????????????????????????????????????????


????????????????????????????????????????????????????????????????????????????????
??????????????????????????????      WARNING       ??????????????????????????????
?  Warning code: -30
?  Warning from routine: UM_XIOS_FIELD_XML
?  Warning message: Field element m01s34i092_ens has a field reference, skipping field
?  Warning from processor: 0
?  Warning number: 126
????????????????????????????????????????????????????????????????????????????????


????????????????????????????????????????????????????????????????????????????????
??????????????????????????????      WARNING       ??????????????????????????????
?  Warning code: -30
?  Warning from routine: UM_XIOS_FIELD_XML
?  Warning message: Field element m01s34i092_sqav has a field reference, skipping field
?  Warning from processor: 0
?  Warning number: 127
????????????????????????????????????????????????????????????????????????????????


????????????????????????????????????????????????????????????????????????????????
??????????????????????????????      WARNING       ??????????????????????????????
?  Warning code: -30
?  Warning from routine: UM_XIOS_FIELD_XML
?  Warning message: Field element m01s34i092_avensq has a field reference, skipping field
?  Warning from processor: 0
?  Warning number: 128
????????????????????????????????????????????????????????????????????????????????


????????????????????????????????????????????????????????????????????????????????
??????????????????????????????      WARNING       ??????????????????????????????
?  Warning code: -30
?  Warning from routine: UM_XIOS_FIELD_XML
?  Warning message: Field element m01s34i092_stdev has a field reference, skipping field
?  Warning from processor: 0
?  Warning number: 129
????????????????????????????????????????????????????????????????????????????????


????????????????????????????????????????????????????????????????????????????????
??????????????????????????????      WARNING       ??????????????????????????????
?  Warning code: -30
?  Warning from routine: UM_XIOS_FIELD_XML
?  Warning message: Field element m01s34i101_inst has a field reference, skipping field
?  Warning from processor: 0
?  Warning number: 130
????????????????????????????????????????????????????????????????????????????????


????????????????????????????????????????????????????????????????????????????????
??????????????????????????????      WARNING       ??????????????????????????????
?  Warning code: -30
?  Warning from routine: UM_XIOS_FIELD_XML
?  Warning message: Field element m01s34i101_ens has a field reference, skipping field
?  Warning from processor: 0
?  Warning number: 131
????????????????????????????????????????????????????????????????????????????????


????????????????????????????????????????????????????????????????????????????????
??????????????????????????????      WARNING       ??????????????????????????????
?  Warning code: -30
?  Warning from routine: UM_XIOS_FIELD_XML
?  Warning message: Field element m01s34i101_sqav has a field reference, skipping field
?  Warning from processor: 0
?  Warning number: 132
?????????????????????????????????