Enabling 0 I/O PEs
[0] I am running with  2 thread(s).
[0] OpenMP Specification: 201511

*******************************************************************************
**************** Start of UM RUN Job : 20:45:01 on 28/12/2021 *****************
**************** Based upon UM release vn11.6             *****************
*******************************************************************************

If you are using OpenMPI or think your MPI is thread capable, try setting ios_force_threading_mode appropriately in the UI

????????????????????????????????????????????????????????????????????????????????
??????????????????????????????      WARNING       ??????????????????????????????
?  Warning code: -10
?  Warning from routine: GET_ENV_VAR
?  Warning message: Environment variable OMP_WAIT_POLICY is not set.
?  Warning from processor: 0
?  Warning number: 0
????????????????????????????????????????????????????????????????????????????????


????????????????????????????????????????????????????????????????????????????????
??????????????????????????????      WARNING       ??????????????????????????????
?  Warning code: -10
?  Warning from routine: check_configid
?  Warning message:
?          itab is set to missing data, pp_head(LBEXP) will be set to zero
?  Warning from processor: 0
?  Warning number: 1
????????????????????????????????????????????????????????????????????????????????


????????????????????????????????????????????????????????????????????????????????
??????????????????????????????      WARNING       ??????????????????????????????
?  Warning code: -10
?  Warning from routine: GET_ENV_VAR
?  Warning message: Environment variable FASTRUN is not set.
?  Warning from processor: 0
?  Warning number: 2
????????????????????????????????????????????????????????????????????????????????


????????????????????????????????????????????????????????????????????????????????
??????????????????????????????      WARNING       ??????????????????????????????
?  Warning code: -100
?  Warning from routine: WARN_TEMP_FIXES
?  Warning message: Model run excludes ticket #1167 as
?          l_fix_conv_precip_evap=.FALSE.
?          This will affect all runs with parameterised
?          precipitating convection; evaporation rates for
?          convective precipitation will be underestimated.
?  Warning from processor: 0
?  Warning number: 3
????????????????????????????????????????????????????????????????????????????????


????????????????????????????????????????????????????????????????????????????????
??????????????????????????????      WARNING       ??????????????????????????????
?  Warning code: -100
?  Warning from routine: WARN_TEMP_FIXES
?  Warning message:
?          Model run excludes ticket #1421 as l_fix_ukca_impscav=.FALSE.
?          This will affect any model runs which include UKCA.
?  Warning from processor: 0
?  Warning number: 4
????????????????????????????????????????????????????????????????????????????????


????????????????????????????????????????????????????????????????????????????????
??????????????????????????????      WARNING       ??????????????????????????????
?  Warning code: -100
?  Warning from routine: WARN_TEMP_FIXES
?  Warning message:
?          Model run excludes ticket #1638 as l_fix_rp_shock_amp=.FALSE.
?          This will affect any model using the Random Parameters 2b Scheme
?          by doubling the size of the shock amplitude.
?  Warning from processor: 0
?  Warning number: 5
????????????????????????????????????????????????????????????????????????????????


????????????????????????????????????????????????????????????????????????????????
??????????????????????????????      WARNING       ??????????????????????????????
?  Warning code: -100
?  Warning from routine: WARN_TEMP_FIXES
?  Warning message:
?          Model run excludes ticket #2077 as l_fix_dyndiag=.FALSE.
?          This will mess up shear-dominated PBLs slightly
?  Warning from processor: 0
?  Warning number: 6
????????????????????????????????????????????????????????????????????????????????


????????????????????????????????????????????????????????????????????????????????
??????????????????????????????      WARNING       ??????????????????????????????
?  Warning code: -100
?  Warning from routine: WARN_TEMP_FIXES
?  Warning message:
?          Model run excludes a change from ticket #2556 as
?          l_fix_riming=.FALSE.
?          This could affect any model runs where l_shape_rime is .TRUE.
?          and may produce small numbers in the microphysics leading to
?          the UM crashing in the solver.
?  Warning from processor: 0
?  Warning number: 7
????????????????????????????????????????????????????????????????????????????????


????????????????????????????????????????????????????????????????????????????????
??????????????????????????????      WARNING       ??????????????????????????????
?  Warning code: -100
?  Warning from routine: WARN_TEMP_FIXES
?  Warning message:
?          Model run excludes ticket #3005 as l_fix_zh=.FALSE.
?          This will particularly affect the boundary layer depth
?          diagnostic (25 or 3025) in model runs which have non-zero
?          setting for forced_cu but also have a small impact on
?          model evolution in all runs.
?  Warning from processor: 0
?  Warning number: 8
????????????????????????????????????????????????????????????????????????????????


????????????????????????????????????????????????????????????????????????????????
??????????????????????????????      WARNING       ??????????????????????????????
?  Warning code: -100
?  Warning from routine: WARN_TEMP_FIXES
?  Warning message:
?          Model run excludes a change from ticket #3076 as
?          l_fix_ccb_cct=.FALSE.
?          This affects any model runs using 5A or 6A convection schemes.
?          Without this switch, the convection scheme may occasionally
?          diagnose cloud-top and cloud-base levels inconsistently.
?          In the 5A scheme it may spuriously leave the cloud-top level
?          unset even where it has set the cloud-base, leading to
?          inconsistent ccrad fields.
?  Warning from processor: 0
?  Warning number: 9
????????????????????????????????????????????????????????????????????????????????


????????????????????????????????????????????????????????????????????????????????
??????????????????????????????      WARNING       ??????????????????????????????
?  Warning code: -100
?  Warning from routine: WARN_TEMP_FIXES
?  Warning message:
?          Model run excludes a change from ticket #2405 as
?          l_fix_nacl_density=.FALSE.
?          This affects the sea-salt emissions generated by the model for
?          the UKCA + GLOMAP aerosol model
?  Warning from processor: 0
?  Warning number: 10
????????????????????????????????????????????????????????????????????????????????


????????????????????????????????????????????????????????????????????????????????
??????????????????????????????      WARNING       ??????????????????????????????
?  Warning code: -100
?  Warning from routine: WARN_TEMP_FIXES
?  Warning message:
?          Model run excludes a change from ticket #3011 as
?          l_fix_rcf_mlsnow_icefreemax=.FALSE.
?          This affects the cap imposed on the mass of snow at ice points
?          reconfigured to ice-free points in the multilayer snow scheme.
?  Warning from processor: 0
?  Warning number: 11
????????????????????????????????????????????????????????????????????????????????


????????????????????????????????????????????????????????????????????????????????
??????????????????????????????      WARNING       ??????????????????????????????
?  Warning code: -100
?  Warning from routine: WARN_TEMP_FIXES
?  Warning message:
?          Model run excludes a change from ticket #3681 as
?          l_fix_conv_diags_var=.FALSE.
?          This affects the diagnostics that are passed from the
?          convection scheme to the PF model. Without this switch
?          the increments will incorrectly include contributions
?          from cloud erosion, a temperature rather than potential
?          temperature will be passed, and the mass flux will exclude
?          points where it is reducing with height.
?  Warning from processor: 0
?  Warning number: 12
????????????????????????????????????????????????????????????????????????????????


????????????????????????????????????????????????????????????????????????????????
??????????????????????????????      WARNING       ??????????????????????????????
?  Warning code: -100
?  Warning from routine: WARN_TEMP_FIXES
?  Warning message:
?          Model run excludes ticket #2545 as l_fix_lsp_incs_to_spt=.FALSE.
?          This will mean that the microphysics changes due to mixed phase
?          turbulence will not be seen in the SPT scheme.
?  Warning from processor: 0
?  Warning number: 13
????????????????????????????????????????????????????????????????????????????????


????????????????????????????????????????????????????????????????????????????????
??????????????????????????????      WARNING       ??????????????????????????????
?  Warning code: -100
?  Warning from routine: WARN_TEMP_FIXES
?  Warning message:
?          Model run excludes a change from ticket #1250 as
?          l_fix_conv_diags_var=.FALSE.
?          This will mean that dry deposition velocities are set to null
?          for HCl, HOCl, HBr, HOBr, H2SO4, MeOH and Sec_Org and that dry
?          deposition velocities for 9 tiles are inconsistant with 13/17/27 tiles.
?  Warning from processor: 0
?  Warning number: 14
????????????????????????????????????????????????????????????????????????????????


????????????????????????????????????????????????????????????????????????????????
??????????????????????????????      WARNING       ??????????????????????????????
?  Warning code: -100
?  Warning from routine: WARN_TEMP_FIXES
?  Warning message:
?          Model run excludes a change from ticket #4157 as
?          l_fix_ukca_h2dd_x=.FALSE. .
?          This will mean that the wrong element is used for h2dd_c & h2dd_m.
?  Warning from processor: 0
?  Warning number: 15
????????????????????????????????????????????????????????????????????????????????


????????????????????????????????????????????????????????????????????????????????
??????????????????????????????      WARNING       ??????????????????????????????
?  Warning code: -100
?  Warning from routine: WARN_TEMP_FIXES
?  Warning message:
?          Model run excludes a change from ticket #4157 as
?          l_fix_neg_pvol_wat=.FALSE. .
?          This will mean that field pvol_wat can contain a negative concentration.
?  Warning from processor: 0
?  Warning number: 16
????????????????????????????????????????????????????????????????????????????????


????????????????????????????????????????????????????????????????????????????????
??????????????????????????????      WARNING       ??????????????????????????????
?  Warning code: -100
?  Warning from routine: WARN_TEMP_FIXES
?  Warning message:
?          Model run excludes a change from ticket #3245 as
?          l_fix_ukca_h2so4_ystore=.FALSE. .
?          This will mean that the UKCA H2SO4 tracer will not be updated correctly.
?  Warning from processor: 0
?  Warning number: 17
????????????????????????????????????????????????????????????????????????????????


????????????????????????????????????????????????????????????????????????????????
??????????????????????????????      WARNING       ??????????????????????????????
?  Warning code: -100
?  Warning from routine: WARN_TEMP_FIXES
?  Warning message:
?          Model run excludes a change from ticket #4501 as
?          l_fix_pc2_cnv_mix_phase=.FALSE.
?          Without this switch water will not be exactly conserved
?          in PC2s liquid and ice water partition calculation
?          within the 6a convection scheme.
?          Note that if l_cv_conserve_check=.true. a retrospective
?          correction will enforce water conservation in convection.
?  Warning from processor: 0
?  Warning number: 18
????????????????????????????????????????????????????????????????????????????????


????????????????????????????????????????????????????????????????????????????????
??????????????????????????????      WARNING       ??????????????????????????????
?  Warning code: -100
?  Warning from routine: WARN_TEMP_FIXES
?  Warning message:
?          Model run excludes a change from ticket #3031 as
?          l_fix_ukca_meoh_emiss_input=.FALSE. .
?          This means the chemistry scheme is reading methanol (MeOH)
?          emissions from a file tagged as NVOC (non-volatile org carbon)
?          by applying factor as MeOH = 0.215 * NVOC.
?  Warning from processor: 0
?  Warning number: 19
????????????????????????????????????????????????????????????????????????????????


????????????????????????????????????????????????????????????????????????????????
??????????????????????????????      WARNING       ??????????????????????????????
?  Warning code: -100
?  Warning from routine: WARN_TEMP_FIXES
?  Warning message:
?          Model run excludes a change from ticket #5031 as
?          l_fix_tidy_rainfracs=.FALSE.
?          This means that if l_mcr_qcf2 =.false. the rain fractions
?          will not be updated from the melting of snow in lsp_tidy.
?  Warning from processor: 0
?  Warning number: 20
????????????????????????????????????????????????????????????????????????????????


????????????????????????????????????????????????????????????????????????????????
??????????????????????????????      WARNING       ??????????????????????????????
?  Warning code: -100
?  Warning from routine: WARN_TEMP_FIXES
?  Warning message:
?          Model run excludes a change from ticket #5080 as
?          l_fix_incloud_qcf=.FALSE. .
?          When true this fixes a bug in the PC2 code after inhomogeneous
?          forcing of ice cloud by turbulence which checks to avoid
?          generating unreasonably high in-cloud ice water contents
?          qcf/cff.  Such occurences wrongly result in the ice-cloud
?          fraction being reset to near-zero instead of increased
?          as intended.
?  Warning from processor: 0
?  Warning number: 21
????????????????????????????????????????????????????????????????????????????????


????????????????????????????????????????????????????????????????????????????????
??????????????????????????????      WARNING       ??????????????????????????????
?  Warning code: -100
?  Warning from routine: WARN_TEMP_FIXES
?  Warning message:
?          Model run excludes a change from ticket #5080 as
?          l_fix_mcr_frac_ice=.FALSE. .
?          This switch fixes 2 minor issues in the treatment of ice-cloud
?          fractions by the microphysics scheme, both of which can
?          result in the ice fraction cff going to near-zero while
?          retaining a significant grid-mean ice mass qcf.
?  Warning from processor: 0
?  Warning number: 22
????????????????????????????????????????????????????????????????????????????????


????????????????????????????????????????????????????????????????????????????????
??????????????????????????????      WARNING       ??????????????????????????????
?  Warning code: -100
?  Warning from routine: WARN_TEMP_FIXES
?  Warning message:
?          Model run excludes a change from ticket #5118 as
?          l_fix_ukca_offox_h2o_fac=.FALSE.
?          This means that water vapour will not be in vmr when
?          using UKCA Offline-Oxidants.
?  Warning from processor: 0
?  Warning number: 23
????????????????????????????????????????????????????????????????????????????????


????????????????????????????????????????????????????????????????????????????????
??????????????????????????????      WARNING       ??????????????????????????????
?  Warning code: -100
?  Warning from routine: WARN_TEMP_FIXES
?  Warning message:
?          Model run excludes a change from ticket #5009 as
?          l_fix_ukca_cloud_frac=.FALSE.
?          This means that values of the cloud fraction field used in
?          aerosol chemistry will be those from from the level below the
?          correct level due to an array indexing bug.
?          Runs which do not use UKCA aerosol chemistry are unaffected.
?  Warning from processor: 0
?  Warning number: 24
????????????????????????????????????????????????????????????????????????????????


????????????????????????????????????????????????????????????????????????????????
??????????????????????????????      WARNING       ??????????????????????????????
?  Warning code: -100
?  Warning from routine: WARN_JULES_TEMP_FIXES
?  Warning message:
?          Model run excludes a change from JULES ticket 547 as
?          l_fix_alb_ice_thick=.FALSE.
?          This will affect any model runs where l_sice_multilayers is
?          .TRUE. and will result in an incorrect sea ice thickness being
?          used in the calculation of bare ice albedo.
?  Warning from processor: 0
?  Warning number: 25
????????????????????????????????????????????????????????????????????????????????


????????????????????????????????????????????????????????????????????????????????
??????????????????????????????      WARNING       ??????????????????????????????
?  Warning code: -100
?  Warning from routine: WARN_JULES_TEMP_FIXES
?  Warning message:
?          Model run excludes a change from um:#3011 as
?          l_fix_albsnow_ts=.FALSE.
?          This affects the albedo of snow as calculated in the two-stream
?          scheme in JULES.
?  Warning from processor: 0
?  Warning number: 26
????????????????????????????????????????????????????????????????????????????????


????????????????????????????????????????????????????????????????????????????????
??????????????????????????????      WARNING       ??????????????????????????????
?  Warning code: -100
?  Warning from routine: WARN_JULES_TEMP_FIXES
?  Warning message: Model run excludes um:#1017 as
?          l_fix_ctile_orog=.FALSE.
?          This will affect runs with coastal tiling.
?  Warning from processor: 0
?  Warning number: 27
????????????????????????????????????????????????????????????????????????????????


????????????????????????????????????????????????????????????????????????????????
??????????????????????????????      WARNING       ??????????????????????????????
?  Warning code: -100
?  Warning from routine: WARN_JULES_TEMP_FIXES
?  Warning message:
?          jules:#610 fix to the radiative roof coupling is not enabled: l_fix_moruses_roof_rad_coupling = .FALSE.
?  Warning from processor: 0
?  Warning number: 28
????????????????????????????????????????????????????????????????????????????????


????????????????????????????????????????????????????????????????????????????????
??????????????????????????????      WARNING       ??????????????????????????????
?  Warning code: -100
?  Warning from routine: WARN_JULES_TEMP_FIXES
?  Warning message:
?          Model run excludes um:#1729 as l_fix_ustar_dust=.FALSE.
?          This will affect any model runs which include interactive dust.
?  Warning from processor: 0
?  Warning number: 29
????????????????????????????????????????????????????????????????????????????????


????????????????????????????????????????????????????????????????????????????????
??????????????????????????????      WARNING       ??????????????????????????????
?  Warning code: -100
?  Warning from routine: WARN_JULES_TEMP_FIXES
?  Warning message:
?          Model run excludes a change from ticket um:#4581 as
?          l_fix_osa_chloro=.FALSE.
?          This will mean that chlorophyll used for the ocean albedo is
?          used in gm-3 when it should be mg m-3
?  Warning from processor: 0
?  Warning number: 30
????????????????????????????????????????????????????????????????????????????????


????????????????????????????????????????????????????????????????????????????????
??????????????????????????????      WARNING       ??????????????????????????????
?  Warning code: -100
?  Warning from routine: CHECK_RUN_DIFFUSION
?  Warning message:
?          cldbase_opt_sh set to sh_wstar_closure since
?          Smagorinsky diffusion not chosen.
?  Warning from processor: 0
?  Warning number: 31
????????????????????????????????????????????????????????????????????????????????


????????????????????????????????????????????????????????????????????????????????
??????????????????????????????      WARNING       ??????????????????????????????
?  Warning code: -10
?  Warning from routine: UM_XIOS_GET_AXIS_INFO
?  Warning message: Axis element ensemble has no standard_name value defined and is not a pseudo axis, skipping field
?  Warning from processor: 0
?  Warning number: 32
????????????????????????????????????????????????????????????????????????????????


????????????????????????????????????????????????????????????????????????????????
??????????????????????????????      WARNING       ??????????????????????????????
?  Warning code: -20
?  Warning from routine: UM_XIOS_GET_AXIS_INFO
?  Warning message: Axis element ensemble has no n_glo value defined, skipping field
?  Warning from processor: 0
?  Warning number: 33
????????????????????????????????????????????????????????????????????????????????


????????????????????????????????????????????????????????????????????????????????
??????????????????????????????      WARNING       ??????????????????????????????
?  Warning code: -30
?  Warning from routine: UM_XIOS_GET_AXIS_INFO
?  Warning message: Axis element ensemble has no values defined, skipping field
?  Warning from processor: 0
?  Warning number: 34
????????????????????????????????????????????????????????????????????????????????


INTEGER CONSTANTS
-----------------
Number of timesteps since start of run - -32768
Meaning interval for mean fields (hrs) - -32768
Number of dumps used to generate mean  - -32768
No of hrs between neighbouring contiguous sections of means - -32768
No of hrs between end of one contiguous section and start of next - -32768
Number of E-W x N-S points -    432 x    324
Number of levels -     85
Number of wet levels -     85
Number of soil temperature levels -      4
Number of soil moisture levels -      4
Number of tracer levels -     85
Number of boundary layer levels -     50
Number of passive tracers advected -      0

REAL CONSTANTS
--------------
E-W grid spacing in degrees -  0.8333E+00
N-S grid spacing in degress -  0.5556E+00
Latitude of first row in degrees - -0.9000E+02
Longitude of first point in a row in degrees -  0.0000E+00
Real latitude of pseudo North Pole in degrees -   0.9000E+02
Real longitude of pseudo North Pole in degrees -   0.0000E+00
Grid orientation in degrees -  -0.1074E+10
Year        Day       Hour      Minute     Second
Atmosphere time =  -0.1074E+10 -0.1074E+10 -0.1074E+10 -0.1074E+10 -0.1074E+10
Mass, energy, energy drift =   0.5130E+19  0.1312E+25 -0.5599E-07

************************  PE configuration for this run  ***********************
****  PE configuration:    32 processors East-West    28 processors North-South *
Atm_Step: Info: Starting timestep        0 at time=   154.991 seconds

Atm_Step: Timestep        0   Model time:   1988-09-01 00:00:00

????????????????????????????????????????????????????????????????????????????????
??????????????????????????????      WARNING       ??????????????????????????????
?  Warning code: -1
?  Warning from routine: eg_SISL_setcon
?  Warning message:  Constant gravity enforced
?  Warning from processor: 0
?  Warning number: 35
????????????????????????????????????????????????????????????????????????????????

Atm_Step: Info: Starting timestep        1 at time=   429.753 seconds

Atm_Step: Timestep        1   Model time:   1988-09-01 00:15:00
***************************************************************
*    Linear solve for Helmholtz problem                       *
* Outer Inner Iterations   InitialError       FinalError      *
*    1     1       19      0.100000E+01      0.953969E-04     *
*    1     2       21      0.776536E-02      0.923690E-04     *
***************************************************************
***************************************************************
*    Linear solve for Helmholtz problem                       *
* Outer Inner Iterations   InitialError       FinalError      *
*    2     1       10      0.236689E+00      0.792643E-04     *
*    2     2        3      0.237613E-02      0.994038E-04     *
***************************************************************

????????????????????????????????????????????????????????????????????????????????
??????????????????????????????      WARNING       ??????????????????????????????
?  Warning code: -1
?  Warning from routine: ASAD_CINIT
?  Warning message:  NRSTEPS IS OUT OF RANGE, RESETTING
?  Warning from processor: 0
?  Warning number: 36
????????????????????????????????????????????????????????????????????????????????


********************************************************************************
Atm_Step: Info: timestep        1 took    200.603 seconds
********************************************************************************
Atm_Step: Info: Starting timestep        2 at time=   630.357 seconds

Atm_Step: Timestep        2   Model time:   1988-09-01 00:30:00
***************************************************************
*    Linear solve for Helmholtz problem                       *
* Outer Inner Iterations   InitialError       FinalError      *
*    1     1       17      0.100000E+01      0.942122E-04     *
*    1     2       17      0.877608E-02      0.829748E-04     *
***************************************************************
***************************************************************
*    Linear solve for Helmholtz problem                       *
* Outer Inner Iterations   InitialError       FinalError      *
*    2     1        7      0.196546E+00      0.977450E-04     *
*    2     2        5      0.173450E-02      0.795804E-04     *
***************************************************************

********************************************************************************
Atm_Step: Info: timestep        2 took      1.082 seconds
********************************************************************************
Atm_Step: Info: Starting timestep        3 at time=   631.441 seconds

Atm_Step: Timestep        3   Model time:   1988-09-01 00:45:00
***************************************************************
*    Linear solve for Helmholtz problem                       *
* Outer Inner Iterations   InitialError       FinalError      *
*    1     1       15      0.100000E+01      0.948448E-04     *
*    1     2       11      0.900014E-02      0.981534E-04     *
***************************************************************
***************************************************************
*    Linear solve for Helmholtz problem                       *
* Outer Inner Iterations   InitialError       FinalError      *
*    2     1        7      0.227065E+00      0.900604E-04     *
*    2     2        4      0.187708E-02      0.654760E-04     *
***************************************************************

********************************************************************************
Atm_Step: Info: timestep        3 took      0.675 seconds
********************************************************************************
Atm_Step: Info: Starting timestep        4 at time=   632.117 seconds

Atm_Step: Timestep        4   Model time:   1988-09-01 01:00:00
***************************************************************
*    Linear solve for Helmholtz problem                       *
* Outer Inner Iterations   InitialError       FinalError      *
*    1     1       17      0.100000E+01      0.977658E-04     *
*    1     2       13      0.894408E-02      0.918763E-04     *
***************************************************************
***************************************************************
*    Linear solve for Helmholtz problem                       *
* Outer Inner Iterations   InitialError       FinalError      *
*    2     1        7      0.218383E+00      0.878675E-04     *
*    2     2        3      0.175486E-02      0.744713E-04     *
***************************************************************

********************************************************************************
Atm_Step: Info: timestep        4 took      0.944 seconds
********************************************************************************
Atm_Step: Info: Starting timestep        5 at time=   633.127 seconds

Atm_Step: Timestep        5   Model time:   1988-09-01 01:15:00
***************************************************************
*    Linear solve for Helmholtz problem                       *
* Outer Inner Iterations   InitialError       FinalError      *
*    1     1       14      0.100000E+01      0.963763E-04     *
*    1     2       15      0.895549E-02      0.863790E-04     *
***************************************************************
***************************************************************
*    Linear solve for Helmholtz problem                       *
* Outer Inner Iterations   InitialError       FinalError      *
*    2     1        7      0.216692E+00      0.943494E-04     *
*    2     2        3      0.175900E-02      0.992613E-04     *
***************************************************************

********************************************************************************
Atm_Step: Info: timestep        5 took      1.089 seconds
********************************************************************************
Atm_Step: Info: Starting timestep        6 at time=   634.218 seconds

Atm_Step: Timestep        6   Model time:   1988-09-01 01:30:00
***************************************************************
*    Linear solve for Helmholtz problem                       *
* Outer Inner Iterations   InitialError       FinalError      *
*    1     1       15      0.100000E+01      0.976959E-04     *
*    1     2       17      0.900985E-02      0.948462E-04     *
***************************************************************
***************************************************************
*    Linear solve for Helmholtz problem                       *
* Outer Inner Iterations   InitialError       FinalError      *
*    2     1        7      0.216625E+00      0.987518E-04     *
*    2     2        3      0.180091E-02      0.925730E-04     *
***************************************************************

********************************************************************************
Atm_Step: Info: timestep        6 took      0.663 seconds
********************************************************************************
Atm_Step: Info: Starting timestep        7 at time=   634.883 seconds

Atm_Step: Timestep        7   Model time:   1988-09-01 01:45:00
***************************************************************
*    Linear solve for Helmholtz problem                       *
* Outer Inner Iterations   InitialError       FinalError      *
*    1     1       16      0.100000E+01      0.862957E-04     *
*    1     2       18      0.897580E-02      0.706687E-04     *
***************************************************************
***************************************************************
*    Linear solve for Helmholtz problem                       *
* Outer Inner Iterations   InitialError       FinalError      *
*    2     1        7      0.213942E+00      0.964988E-04     *
*    2     2        4      0.178288E-02      0.740244E-04     *
***************************************************************

********************************************************************************
Atm_Step: Info: timestep        7 took      0.670 seconds
********************************************************************************
Atm_Step: Info: Starting timestep        8 at time=   635.555 seconds

Atm_Step: Timestep        8   Model time:   1988-09-01 02:00:00
***************************************************************
*    Linear solve for Helmholtz problem                       *
* Outer Inner Iterations   InitialError       FinalError      *
*    1     1       16      0.100000E+01      0.962553E-04     *
*    1     2       13      0.901314E-02      0.655868E-04     *
***************************************************************
***************************************************************
*    Linear solve for Helmholtz problem                       *
* Outer Inner Iterations   InitialError       FinalError      *
*    2     1        7      0.217888E+00      0.930933E-04     *
*    2     2        2      0.187341E-02      0.963444E-04     *
***************************************************************

********************************************************************************
Atm_Step: Info: timestep        8 took      0.903 seconds
********************************************************************************
Atm_Step: Info: Starting timestep        9 at time=   636.533 seconds

Atm_Step: Timestep        9   Model time:   1988-09-01 02:15:00
***************************************************************
*    Linear solve for Helmholtz problem                       *
* Outer Inner Iterations   InitialError       FinalError      *
*    1     1       17      0.100000E+01      0.899470E-04     *
*    1     2       13      0.898781E-02      0.827954E-04     *
***************************************************************
***************************************************************
*    Linear solve for Helmholtz problem                       *
* Outer Inner Iterations   InitialError       FinalError      *
*    2     1        7      0.218273E+00      0.936156E-04     *
*    2     2        2      0.188339E-02      0.989628E-04     *
***************************************************************

********************************************************************************
Atm_Step: Info: timestep        9 took      1.073 seconds
********************************************************************************
Atm_Step: Info: Starting timestep       10 at time=   637.608 seconds

Atm_Step: Timestep       10   Model time:   1988-09-01 02:30:00
***************************************************************
*    Linear solve for Helmholtz problem                       *
* Outer Inner Iterations   InitialError       FinalError      *
*    1     1       17      0.100000E+01      0.946781E-04     *
*    1     2       14      0.895869E-02      0.920904E-04     *
***************************************************************
***************************************************************
*    Linear solve for Helmholtz problem                       *
* Outer Inner Iterations   InitialError       FinalError      *
*    2     1        7      0.218262E+00      0.971773E-04     *
*    2     2        3      0.187530E-02      0.885505E-04     *
***************************************************************

********************************************************************************
Atm_Step: Info: timestep       10 took      0.662 seconds
********************************************************************************
Atm_Step: Info: Starting timestep       11 at time=   638.272 seconds

Atm_Step: Timestep       11   Model time:   1988-09-01 02:45:00
***************************************************************
*    Linear solve for Helmholtz problem                       *
* Outer Inner Iterations   InitialError       FinalError      *
*    1     1       19      0.100000E+01      0.986203E-04     *
*    1     2       13      0.894396E-02      0.974056E-04     *
***************************************************************
***************************************************************
*    Linear solve for Helmholtz problem                       *
* Outer Inner Iterations   InitialError       FinalError      *
*    2     1        7      0.217001E+00      0.946652E-04     *
*    2     2        3      0.186282E-02      0.857772E-04     *
***************************************************************

********************************************************************************
Atm_Step: Info: timestep       11 took      0.664 seconds
********************************************************************************
Atm_Step: Info: Starting timestep       12 at time=   638.937 seconds

Atm_Step: Timestep       12   Model time:   1988-09-01 03:00:00
***************************************************************
*    Linear solve for Helmholtz problem                       *
* Outer Inner Iterations   InitialError       FinalError      *
*    1     1       17      0.100000E+01      0.960297E-04     *
*    1     2       14      0.892502E-02      0.944687E-04     *
***************************************************************
***************************************************************
*    Linear solve for Helmholtz problem                       *
* Outer Inner Iterations   InitialError       FinalError      *
*    2     1        7      0.215535E+00      0.937257E-04     *
*    2     2        3      0.183922E-02      0.961044E-04     *
***************************************************************

********************************************************************************
Atm_Step: Info: timestep       12 took    154.386 seconds
********************************************************************************
Atm_Step: Info: Starting timestep       13 at time=   793.397 seconds

Atm_Step: Timestep       13   Model time:   1988-09-01 03:15:00
***************************************************************
*    Linear solve for Helmholtz problem                       *
* Outer Inner Iterations   InitialError       FinalError      *
*    1     1       18      0.100000E+01      0.956598E-04     *
*    1     2       14      0.894473E-02      0.849522E-04     *
***************************************************************
***************************************************************
*    Linear solve for Helmholtz problem                       *
* Outer Inner Iterations   InitialError       FinalError      *
*    2     1        7      0.215958E+00      0.944734E-04     *
*    2     2        3      0.184283E-02      0.904569E-04     *
***************************************************************

********************************************************************************
Atm_Step: Info: timestep       13 took      1.076 seconds
********************************************************************************
Atm_Step: Info: Starting timestep       14 at time=   794.475 seconds

Atm_Step: Timestep       14   Model time:   1988-09-01 03:30:00
***************************************************************
*    Linear solve for Helmholtz problem                       *
* Outer Inner Iterations   InitialError       FinalError      *
*    1     1       19      0.100000E+01      0.932253E-04     *
*    1     2       14      0.896962E-02      0.928273E-04     *
***************************************************************
***************************************************************
*    Linear solve for Helmholtz problem                       *
* Outer Inner Iterations   InitialError       FinalError      *
*    2     1        7      0.214710E+00      0.900134E-04     *
*    2     2        3      0.184645E-02      0.838414E-04     *
***************************************************************

********************************************************************************
Atm_Step: Info: timestep       14 took      0.659 seconds
********************************************************************************
Atm_Step: Info: Starting timestep       15 at time=   795.135 seconds

Atm_Step: Timestep       15   Model time:   1988-09-01 03:45:00
***************************************************************
*    Linear solve for Helmholtz problem                       *
* Outer Inner Iterations   InitialError       FinalError      *
*    1     1       18      0.100000E+01      0.985724E-04     *
*    1     2       14      0.898651E-02      0.935862E-04     *
***************************************************************
***************************************************************
*    Linear solve for Helmholtz problem                       *
* Outer Inner Iterations   InitialError       FinalError      *
*    2     1        7      0.214061E+00      0.955648E-04     *
*    2     2        3      0.185975E-02      0.902127E-04     *
***************************************************************

********************************************************************************
Atm_Step: Info: timestep       15 took      0.663 seconds
********************************************************************************
Atm_Step: Info: Starting timestep       16 at time=   795.800 seconds

Atm_Step: Timestep       16   Model time:   1988-09-01 04:00:00
***************************************************************
*    Linear solve for Helmholtz problem                       *
* Outer Inner Iterations   InitialError       FinalError      *
*    1     1       19      0.100000E+01      0.957336E-04     *
*    1     2       15      0.899240E-02      0.893668E-04     *
***************************************************************
***************************************************************
*    Linear solve for Helmholtz problem                       *
* Outer Inner Iterations   InitialError       FinalError      *
*    2     1        7      0.213426E+00      0.960735E-04     *
*    2     2        3      0.187127E-02      0.884807E-04     *
***************************************************************

********************************************************************************
Atm_Step: Info: timestep       16 took      0.925 seconds
********************************************************************************
Atm_Step: Info: Starting timestep       17 at time=   796.800 seconds

Atm_Step: Timestep       17   Model time:   1988-09-01 04:15:00
***************************************************************
*    Linear solve for Helmholtz problem                       *
* Outer Inner Iterations   InitialError       FinalError      *
*    1     1       20      0.100000E+01      0.835088E-04     *
*    1     2       15      0.899307E-02      0.857464E-04     *
***************************************************************
***************************************************************
*    Linear solve for Helmholtz problem                       *
* Outer Inner Iterations   InitialError       FinalError      *
*    2     1        7      0.214543E+00      0.872165E-04     *
*    2     2        3      0.189074E-02      0.758423E-04     *
***************************************************************

********************************************************************************
Atm_Step: Info: timestep       17 took      1.099 seconds
********************************************************************************
Atm_Step: Info: Starting timestep       18 at time=   797.901 seconds

Atm_Step: Timestep       18   Model time:   1988-09-01 04:30:00
***************************************************************
*    Linear solve for Helmholtz problem                       *
* Outer Inner Iterations   InitialError       FinalError      *
*    1     1       19      0.100000E+01      0.977220E-04     *
*    1     2       15      0.897737E-02      0.804476E-04     *
***************************************************************
***************************************************************
*    Linear solve for Helmholtz problem                       *
* Outer Inner Iterations   InitialError       FinalError      *
*    2     1        7      0.213198E+00      0.903165E-04     *
*    2     2        3      0.189401E-02      0.784797E-04     *
***************************************************************

********************************************************************************
Atm_Step: Info: timestep       18 took      0.665 seconds
********************************************************************************
Atm_Step: Info: Starting timestep       19 at time=   798.567 seconds

Atm_Step: Timestep       19   Model time:   1988-09-01 04:45:00
***************************************************************
*    Linear solve for Helmholtz problem                       *
* Outer Inner Iterations   InitialError       FinalError      *
*    1     1       20      0.100000E+01      0.892606E-04     *
*    1     2       14      0.894819E-02      0.974035E-04     *
***************************************************************
***************************************************************
*    Linear solve for Helmholtz problem                       *
* Outer Inner Iterations   InitialError       FinalError      *
*    2     1        7      0.212464E+00      0.878816E-04     *
*    2     2        3      0.190706E-02      0.779856E-04     *
***************************************************************

********************************************************************************
Atm_Step: Info: timestep       19 took      0.664 seconds
********************************************************************************
Atm_Step: Info: Starting timestep       20 at time=   799.234 seconds

Atm_Step: Timestep       20   Model time:   1988-09-01 05:00:00
***************************************************************
*    Linear solve for Helmholtz problem                       *
* Outer Inner Iterations   InitialError       FinalError      *
*    1     1       19      0.100000E+01      0.927978E-04     *
*    1     2       15      0.890552E-02      0.889018E-04     *
***************************************************************
***************************************************************
*    Linear solve for Helmholtz problem                       *
* Outer Inner Iterations   InitialError       FinalError      *
*    2     1        7      0.211747E+00      0.895633E-04     *
*    2     2        3      0.190605E-02      0.787185E-04     *
***************************************************************

********************************************************************************
Atm_Step: Info: timestep       20 took      0.914 seconds
********************************************************************************
Atm_Step: Info: Starting timestep       21 at time=   800.221 seconds

Atm_Step: Timestep       21   Model time:   1988-09-01 05:15:00
***************************************************************
*    Linear solve for Helmholtz problem                       *
* Outer Inner Iterations   InitialError       FinalError      *
*    1     1       19      0.100000E+01      0.911875E-04     *
*    1     2       14      0.886958E-02      0.978253E-04     *
***************************************************************
***************************************************************
*    Linear solve for Helmholtz problem                       *
* Outer Inner Iterations   InitialError       FinalError      *
*    2     1        7      0.212324E+00      0.822795E-04     *
*    2     2        3      0.190883E-02      0.705840E-04     *
***************************************************************

********************************************************************************
Atm_Step: Info: timestep       21 took      1.084 seconds
********************************************************************************
Atm_Step: Info: Starting timestep       22 at time=   801.307 seconds

Atm_Step: Timestep       22   Model time:   1988-09-01 05:30:00
***************************************************************
*    Linear solve for Helmholtz problem                       *
* Outer Inner Iterations   InitialError       FinalError      *
*    1     1       19      0.100000E+01      0.984330E-04     *
*    1     2       14      0.886179E-02      0.819198E-04     *
***************************************************************
***************************************************************
*    Linear solve for Helmholtz problem                       *
* Outer Inner Iterations   InitialError       FinalError      *
*    2     1        7      0.211493E+00      0.847628E-04     *
*    2     2        3      0.189759E-02      0.725404E-04     *
***************************************************************

********************************************************************************
Atm_Step: Info: timestep       22 took      0.662 seconds
********************************************************************************
Atm_Step: Info: Starting timestep       23 at time=   801.971 seconds

Atm_Step: Timestep       23   Model time:   1988-09-01 05:45:00
***************************************************************
*    Linear solve for Helmholtz problem                       *
* Outer Inner Iterations   InitialError       FinalError      *
*    1     1       18      0.100000E+01      0.997408E-04     *
*    1     2       16      0.885086E-02      0.761473E-04     *
***************************************************************
***************************************************************
*    Linear solve for Helmholtz problem                       *
* Outer Inner Iterations   InitialError       FinalError      *
*    2     1        7      0.210635E+00      0.964916E-04     *
*    2     2        3      0.189648E-02      0.839168E-04     *
***************************************************************
