Enabling 0 I/O PEs
[0] I am running with  2 thread(s).
[0] OpenMP Specification: 201511

*******************************************************************************
**************** Start of UM RUN Job : 12:03:49 on 17/07/2022 *****************
**************** Based upon UM release vn11.6             *****************
*******************************************************************************

If you are using OpenMPI or think your MPI is thread capable, try setting ios_force_threading_mode appropriately in the UI

????????????????????????????????????????????????????????????????????????????????
??????????????????????????????      WARNING       ??????????????????????????????
?  Warning code: -10
?  Warning from routine: GET_ENV_VAR
?  Warning message: Environment variable OMP_WAIT_POLICY is not set.
?  Warning from processor: 0
?  Warning number: 0
????????????????????????????????????????????????????????????????????????????????


????????????????????????????????????????????????????????????????????????????????
??????????????????????????????      WARNING       ??????????????????????????????
?  Warning code: -10
?  Warning from routine: check_configid
?  Warning message:
?          itab is set to missing data, pp_head(LBEXP) will be set to zero
?  Warning from processor: 0
?  Warning number: 1
????????????????????????????????????????????????????????????????????????????????


????????????????????????????????????????????????????????????????????????????????
??????????????????????????????      WARNING       ??????????????????????????????
?  Warning code: -10
?  Warning from routine: GET_ENV_VAR
?  Warning message: Environment variable FASTRUN is not set.
?  Warning from processor: 0
?  Warning number: 2
????????????????????????????????????????????????????????????????????????????????


????????????????????????????????????????????????????????????????????????????????
??????????????????????????????      WARNING       ??????????????????????????????
?  Warning code: -100
?  Warning from routine: WARN_TEMP_FIXES
?  Warning message: Model run excludes ticket #1167 as
?          l_fix_conv_precip_evap=.FALSE.
?          This will affect all runs with parameterised
?          precipitating convection; evaporation rates for
?          convective precipitation will be underestimated.
?  Warning from processor: 0
?  Warning number: 3
????????????????????????????????????????????????????????????????????????????????


????????????????????????????????????????????????????????????????????????????????
??????????????????????????????      WARNING       ??????????????????????????????
?  Warning code: -100
?  Warning from routine: WARN_TEMP_FIXES
?  Warning message:
?          Model run excludes ticket #1421 as l_fix_ukca_impscav=.FALSE.
?          This will affect any model runs which include UKCA.
?  Warning from processor: 0
?  Warning number: 4
????????????????????????????????????????????????????????????????????????????????


????????????????????????????????????????????????????????????????????????????????
??????????????????????????????      WARNING       ??????????????????????????????
?  Warning code: -100
?  Warning from routine: WARN_TEMP_FIXES
?  Warning message:
?          Model run excludes ticket #1638 as l_fix_rp_shock_amp=.FALSE.
?          This will affect any model using the Random Parameters 2b Scheme
?          by doubling the size of the shock amplitude.
?  Warning from processor: 0
?  Warning number: 5
????????????????????????????????????????????????????????????????????????????????


????????????????????????????????????????????????????????????????????????????????
??????????????????????????????      WARNING       ??????????????????????????????
?  Warning code: -100
?  Warning from routine: WARN_TEMP_FIXES
?  Warning message:
?          Model run excludes ticket #2077 as l_fix_dyndiag=.FALSE.
?          This will mess up shear-dominated PBLs slightly
?  Warning from processor: 0
?  Warning number: 6
????????????????????????????????????????????????????????????????????????????????


????????????????????????????????????????????????????????????????????????????????
??????????????????????????????      WARNING       ??????????????????????????????
?  Warning code: -100
?  Warning from routine: WARN_TEMP_FIXES
?  Warning message:
?          Model run excludes a change from ticket #2556 as
?          l_fix_riming=.FALSE.
?          This could affect any model runs where l_shape_rime is .TRUE.
?          and may produce small numbers in the microphysics leading to
?          the UM crashing in the solver.
?  Warning from processor: 0
?  Warning number: 7
????????????????????????????????????????????????????????????????????????????????


????????????????????????????????????????????????????????????????????????????????
??????????????????????????????      WARNING       ??????????????????????????????
?  Warning code: -100
?  Warning from routine: WARN_TEMP_FIXES
?  Warning message:
?          Model run excludes ticket #3005 as l_fix_zh=.FALSE.
?          This will particularly affect the boundary layer depth
?          diagnostic (25 or 3025) in model runs which have non-zero
?          setting for forced_cu but also have a small impact on
?          model evolution in all runs.
?  Warning from processor: 0
?  Warning number: 8
????????????????????????????????????????????????????????????????????????????????


????????????????????????????????????????????????????????????????????????????????
??????????????????????????????      WARNING       ??????????????????????????????
?  Warning code: -100
?  Warning from routine: WARN_TEMP_FIXES
?  Warning message:
?          Model run excludes a change from ticket #3076 as
?          l_fix_ccb_cct=.FALSE.
?          This affects any model runs using 5A or 6A convection schemes.
?          Without this switch, the convection scheme may occasionally
?          diagnose cloud-top and cloud-base levels inconsistently.
?          In the 5A scheme it may spuriously leave the cloud-top level
?          unset even where it has set the cloud-base, leading to
?          inconsistent ccrad fields.
?  Warning from processor: 0
?  Warning number: 9
????????????????????????????????????????????????????????????????????????????????


????????????????????????????????????????????????????????????????????????????????
??????????????????????????????      WARNING       ??????????????????????????????
?  Warning code: -100
?  Warning from routine: WARN_TEMP_FIXES
?  Warning message:
?          Model run excludes a change from ticket #2405 as
?          l_fix_nacl_density=.FALSE.
?          This affects the sea-salt emissions generated by the model for
?          the UKCA + GLOMAP aerosol model
?  Warning from processor: 0
?  Warning number: 10
????????????????????????????????????????????????????????????????????????????????


????????????????????????????????????????????????????????????????????????????????
??????????????????????????????      WARNING       ??????????????????????????????
?  Warning code: -100
?  Warning from routine: WARN_TEMP_FIXES
?  Warning message:
?          Model run excludes a change from ticket #3011 as
?          l_fix_rcf_mlsnow_icefreemax=.FALSE.
?          This affects the cap imposed on the mass of snow at ice points
?          reconfigured to ice-free points in the multilayer snow scheme.
?  Warning from processor: 0
?  Warning number: 11
????????????????????????????????????????????????????????????????????????????????


????????????????????????????????????????????????????????????????????????????????
??????????????????????????????      WARNING       ??????????????????????????????
?  Warning code: -100
?  Warning from routine: WARN_TEMP_FIXES
?  Warning message:
?          Model run excludes a change from ticket #3681 as
?          l_fix_conv_diags_var=.FALSE.
?          This affects the diagnostics that are passed from the
?          convection scheme to the PF model. Without this switch
?          the increments will incorrectly include contributions
?          from cloud erosion, a temperature rather than potential
?          temperature will be passed, and the mass flux will exclude
?          points where it is reducing with height.
?  Warning from processor: 0
?  Warning number: 12
????????????????????????????????????????????????????????????????????????????????


????????????????????????????????????????????????????????????????????????????????
??????????????????????????????      WARNING       ??????????????????????????????
?  Warning code: -100
?  Warning from routine: WARN_TEMP_FIXES
?  Warning message:
?          Model run excludes ticket #2545 as l_fix_lsp_incs_to_spt=.FALSE.
?          This will mean that the microphysics changes due to mixed phase
?          turbulence will not be seen in the SPT scheme.
?  Warning from processor: 0
?  Warning number: 13
????????????????????????????????????????????????????????????????????????????????


????????????????????????????????????????????????????????????????????????????????
??????????????????????????????      WARNING       ??????????????????????????????
?  Warning code: -100
?  Warning from routine: WARN_TEMP_FIXES
?  Warning message:
?          Model run excludes a change from ticket #1250 as
?          l_fix_conv_diags_var=.FALSE.
?          This will mean that dry deposition velocities are set to null
?          for HCl, HOCl, HBr, HOBr, H2SO4, MeOH and Sec_Org and that dry
?          deposition velocities for 9 tiles are inconsistant with 13/17/27 tiles.
?  Warning from processor: 0
?  Warning number: 14
????????????????????????????????????????????????????????????????????????????????


????????????????????????????????????????????????????????????????????????????????
??????????????????????????????      WARNING       ??????????????????????????????
?  Warning code: -100
?  Warning from routine: WARN_TEMP_FIXES
?  Warning message:
?          Model run excludes a change from ticket #4157 as
?          l_fix_ukca_h2dd_x=.FALSE. .
?          This will mean that the wrong element is used for h2dd_c & h2dd_m.
?  Warning from processor: 0
?  Warning number: 15
????????????????????????????????????????????????????????????????????????????????


????????????????????????????????????????????????????????????????????????????????
??????????????????????????????      WARNING       ??????????????????????????????
?  Warning code: -100
?  Warning from routine: WARN_TEMP_FIXES
?  Warning message:
?          Model run excludes a change from ticket #4157 as
?          l_fix_neg_pvol_wat=.FALSE. .
?          This will mean that field pvol_wat can contain a negative concentration.
?  Warning from processor: 0
?  Warning number: 16
????????????????????????????????????????????????????????????????????????????????


????????????????????????????????????????????????????????????????????????????????
??????????????????????????????      WARNING       ??????????????????????????????
?  Warning code: -100
?  Warning from routine: WARN_TEMP_FIXES
?  Warning message:
?          Model run excludes a change from ticket #3245 as
?          l_fix_ukca_h2so4_ystore=.FALSE. .
?          This will mean that the UKCA H2SO4 tracer will not be updated correctly.
?  Warning from processor: 0
?  Warning number: 17
????????????????????????????????????????????????????????????????????????????????


????????????????????????????????????????????????????????????????????????????????
??????????????????????????????      WARNING       ??????????????????????????????
?  Warning code: -100
?  Warning from routine: WARN_TEMP_FIXES
?  Warning message:
?          Model run excludes a change from ticket #4501 as
?          l_fix_pc2_cnv_mix_phase=.FALSE.
?          Without this switch water will not be exactly conserved
?          in PC2s liquid and ice water partition calculation
?          within the 6a convection scheme.
?          Note that if l_cv_conserve_check=.true. a retrospective
?          correction will enforce water conservation in convection.
?  Warning from processor: 0
?  Warning number: 18
????????????????????????????????????????????????????????????????????????????????


????????????????????????????????????????????????????????????????????????????????
??????????????????????????????      WARNING       ??????????????????????????????
?  Warning code: -100
?  Warning from routine: WARN_TEMP_FIXES
?  Warning message:
?          Model run excludes a change from ticket #3031 as
?          l_fix_ukca_meoh_emiss_input=.FALSE. .
?          This means the chemistry scheme is reading methanol (MeOH)
?          emissions from a file tagged as NVOC (non-volatile org carbon)
?          by applying factor as MeOH = 0.215 * NVOC.
?  Warning from processor: 0
?  Warning number: 19
????????????????????????????????????????????????????????????????????????????????


????????????????????????????????????????????????????????????????????????????????
??????????????????????????????      WARNING       ??????????????????????????????
?  Warning code: -100
?  Warning from routine: WARN_TEMP_FIXES
?  Warning message:
?          Model run excludes a change from ticket #5031 as
?          l_fix_tidy_rainfracs=.FALSE.
?          This means that if l_mcr_qcf2 =.false. the rain fractions
?          will not be updated from the melting of snow in lsp_tidy.
?  Warning from processor: 0
?  Warning number: 20
????????????????????????????????????????????????????????????????????????????????


????????????????????????????????????????????????????????????????????????????????
??????????????????????????????      WARNING       ??????????????????????????????
?  Warning code: -100
?  Warning from routine: WARN_TEMP_FIXES
?  Warning message:
?          Model run excludes a change from ticket #5080 as
?          l_fix_incloud_qcf=.FALSE. .
?          When true this fixes a bug in the PC2 code after inhomogeneous
?          forcing of ice cloud by turbulence which checks to avoid
?          generating unreasonably high in-cloud ice water contents
?          qcf/cff.  Such occurences wrongly result in the ice-cloud
?          fraction being reset to near-zero instead of increased
?          as intended.
?  Warning from processor: 0
?  Warning number: 21
????????????????????????????????????????????????????????????????????????????????


????????????????????????????????????????????????????????????????????????????????
??????????????????????????????      WARNING       ??????????????????????????????
?  Warning code: -100
?  Warning from routine: WARN_TEMP_FIXES
?  Warning message:
?          Model run excludes a change from ticket #5080 as
?          l_fix_mcr_frac_ice=.FALSE. .
?          This switch fixes 2 minor issues in the treatment of ice-cloud
?          fractions by the microphysics scheme, both of which can
?          result in the ice fraction cff going to near-zero while
?          retaining a significant grid-mean ice mass qcf.
?  Warning from processor: 0
?  Warning number: 22
????????????????????????????????????????????????????????????????????????????????


????????????????????????????????????????????????????????????????????????????????
??????????????????????????????      WARNING       ??????????????????????????????
?  Warning code: -100
?  Warning from routine: WARN_TEMP_FIXES
?  Warning message:
?          Model run excludes a change from ticket #5118 as
?          l_fix_ukca_offox_h2o_fac=.FALSE.
?          This means that water vapour will not be in vmr when
?          using UKCA Offline-Oxidants.
?  Warning from processor: 0
?  Warning number: 23
????????????????????????????????????????????????????????????????????????????????


????????????????????????????????????????????????????????????????????????????????
??????????????????????????????      WARNING       ??????????????????????????????
?  Warning code: -100
?  Warning from routine: WARN_TEMP_FIXES
?  Warning message:
?          Model run excludes a change from ticket #5009 as
?          l_fix_ukca_cloud_frac=.FALSE.
?          This means that values of the cloud fraction field used in
?          aerosol chemistry will be those from from the level below the
?          correct level due to an array indexing bug.
?          Runs which do not use UKCA aerosol chemistry are unaffected.
?  Warning from processor: 0
?  Warning number: 24
????????????????????????????????????????????????????????????????????????????????


????????????????????????????????????????????????????????????????????????????????
??????????????????????????????      WARNING       ??????????????????????????????
?  Warning code: -100
?  Warning from routine: WARN_JULES_TEMP_FIXES
?  Warning message:
?          Model run excludes a change from JULES ticket 547 as
?          l_fix_alb_ice_thick=.FALSE.
?          This will affect any model runs where l_sice_multilayers is
?          .TRUE. and will result in an incorrect sea ice thickness being
?          used in the calculation of bare ice albedo.
?  Warning from processor: 0
?  Warning number: 25
????????????????????????????????????????????????????????????????????????????????


????????????????????????????????????????????????????????????????????????????????
??????????????????????????????      WARNING       ??????????????????????????????
?  Warning code: -100
?  Warning from routine: WARN_JULES_TEMP_FIXES
?  Warning message:
?          Model run excludes a change from um:#3011 as
?          l_fix_albsnow_ts=.FALSE.
?          This affects the albedo of snow as calculated in the two-stream
?          scheme in JULES.
?  Warning from processor: 0
?  Warning number: 26
????????????????????????????????????????????????????????????????????????????????


????????????????????????????????????????????????????????????????????????????????
??????????????????????????????      WARNING       ??????????????????????????????
?  Warning code: -100
?  Warning from routine: WARN_JULES_TEMP_FIXES
?  Warning message: Model run excludes um:#1017 as
?          l_fix_ctile_orog=.FALSE.
?          This will affect runs with coastal tiling.
?  Warning from processor: 0
?  Warning number: 27
????????????????????????????????????????????????????????????????????????????????


????????????????????????????????????????????????????????????????????????????????
??????????????????????????????      WARNING       ??????????????????????????????
?  Warning code: -100
?  Warning from routine: WARN_JULES_TEMP_FIXES
?  Warning message:
?          jules:#610 fix to the radiative roof coupling is not enabled: l_fix_moruses_roof_rad_coupling = .FALSE.
?  Warning from processor: 0
?  Warning number: 28
????????????????????????????????????????????????????????????????????????????????


????????????????????????????????????????????????????????????????????????????????
??????????????????????????????      WARNING       ??????????????????????????????
?  Warning code: -100
?  Warning from routine: WARN_JULES_TEMP_FIXES
?  Warning message:
?          Model run excludes um:#1729 as l_fix_ustar_dust=.FALSE.
?          This will affect any model runs which include interactive dust.
?  Warning from processor: 0
?  Warning number: 29
????????????????????????????????????????????????????????????????????????????????


????????????????????????????????????????????????????????????????????????????????
??????????????????????????????      WARNING       ??????????????????????????????
?  Warning code: -100
?  Warning from routine: WARN_JULES_TEMP_FIXES
?  Warning message:
?          Model run excludes a change from ticket um:#4581 as
?          l_fix_osa_chloro=.FALSE.
?          This will mean that chlorophyll used for the ocean albedo is
?          used in gm-3 when it should be mg m-3
?  Warning from processor: 0
?  Warning number: 30
????????????????????????????????????????????????????????????????????????????????


????????????????????????????????????????????????????????????????????????????????
??????????????????????????????      WARNING       ??????????????????????????????
?  Warning code: -100
?  Warning from routine: CHECK_RUN_DIFFUSION
?  Warning message:
?          cldbase_opt_sh set to sh_wstar_closure since
?          Smagorinsky diffusion not chosen.
?  Warning from processor: 0
?  Warning number: 31
????????????????????????????????????????????????????????????????????????????????


????????????????????????????????????????????????????????????????????????????????
??????????????????????????????      WARNING       ??????????????????????????????
?  Warning code: -10
?  Warning from routine: UM_XIOS_GET_AXIS_INFO
?  Warning message: Axis element ensemble has no standard_name value defined and is not a pseudo axis, skipping field
?  Warning from processor: 0
?  Warning number: 32
????????????????????????????????????????????????????????????????????????????????


????????????????????????????????????????????????????????????????????????????????
??????????????????????????????      WARNING       ??????????????????????????????
?  Warning code: -20
?  Warning from routine: UM_XIOS_GET_AXIS_INFO
?  Warning message: Axis element ensemble has no n_glo value defined, skipping field
?  Warning from processor: 0
?  Warning number: 33
????????????????????????????????????????????????????????????????????????????????


????????????????????????????????????????????????????????????????????????????????
??????????????????????????????      WARNING       ??????????????????????????????
?  Warning code: -30
?  Warning from routine: UM_XIOS_GET_AXIS_INFO
?  Warning message: Axis element ensemble has no values defined, skipping field
?  Warning from processor: 0
?  Warning number: 34
????????????????????????????????????????????????????????????????????????????????


INTEGER CONSTANTS
-----------------
Number of timesteps since start of run - -32768
Meaning interval for mean fields (hrs) - -32768
Number of dumps used to generate mean  - -32768
No of hrs between neighbouring contiguous sections of means - -32768
No of hrs between end of one contiguous section and start of next - -32768
Number of E-W x N-S points -    192 x    144
Number of levels -     85
Number of wet levels -     85
Number of soil temperature levels -      4
Number of soil moisture levels -      4
Number of tracer levels -     85
Number of boundary layer levels -     50
Number of passive tracers advected -      0

REAL CONSTANTS
--------------
E-W grid spacing in degrees -  0.1875E+01
N-S grid spacing in degress -  0.1250E+01
Latitude of first row in degrees - -0.9000E+02
Longitude of first point in a row in degrees -  0.0000E+00
Real latitude of pseudo North Pole in degrees -   0.9000E+02
Real longitude of pseudo North Pole in degrees -   0.0000E+00
Grid orientation in degrees -  -0.1074E+10
Year        Day       Hour      Minute     Second
Atmosphere time =  -0.1074E+10 -0.1074E+10 -0.1074E+10 -0.1074E+10 -0.1074E+10
Mass, energy, energy drift =   0.5129E+19  0.1311E+25 -0.5774E-07

************************  PE configuration for this run  ***********************
****  PE configuration:    16 processors East-West    16 processors North-South *
Atm_Step: Info: Starting timestep        0 at time=    44.656 seconds

Atm_Step: Timestep        0   Model time:   1988-09-01 00:00:00

????????????????????????????????????????????????????????????????????????????????
??????????????????????????????      WARNING       ??????????????????????????????
?  Warning code: -1
?  Warning from routine: eg_SISL_setcon
?  Warning message:  Constant gravity enforced
?  Warning from processor: 0
?  Warning number: 35
????????????????????????????????????????????????????????????????????????????????

Atm_Step: Info: Starting timestep        1 at time=   121.646 seconds

Atm_Step: Timestep        1   Model time:   1988-09-01 00:20:00
***************************************************************
*    Linear solve for Helmholtz problem                       *
* Outer Inner Iterations   InitialError       FinalError      *
*    1     1       14      0.100000E+01      0.974358E-04     *
*    1     2       14      0.111581E-01      0.650361E-04     *
***************************************************************
***************************************************************
*    Linear solve for Helmholtz problem                       *
* Outer Inner Iterations   InitialError       FinalError      *
*    2     1        7      0.142099E+00      0.814646E-04     *
*    2     2        4      0.155129E-02      0.937901E-04     *
***************************************************************

????????????????????????????????????????????????????????????????????????????????
??????????????????????????????      WARNING       ??????????????????????????????
?  Warning code: -1
?  Warning from routine: ASAD_CINIT
?  Warning message:  NRSTEPS IS OUT OF RANGE, RESETTING
?  Warning from processor: 0
?  Warning number: 36
????????????????????????????????????????????????????????????????????????????????


********************************************************************************
Atm_Step: Info: timestep        1 took      7.170 seconds
********************************************************************************
Atm_Step: Info: Starting timestep        2 at time=   128.816 seconds

Atm_Step: Timestep        2   Model time:   1988-09-01 00:40:00
***************************************************************
*    Linear solve for Helmholtz problem                       *
* Outer Inner Iterations   InitialError       FinalError      *
*    1     1       16      0.100000E+01      0.926458E-04     *
*    1     2        8      0.117908E-01      0.973501E-04     *
***************************************************************
***************************************************************
*    Linear solve for Helmholtz problem                       *
* Outer Inner Iterations   InitialError       FinalError      *
*    2     1        6      0.102068E+00      0.816653E-04     *
*    2     2        3      0.105115E-02      0.723822E-04     *
***************************************************************

********************************************************************************
Atm_Step: Info: timestep        2 took      0.402 seconds
********************************************************************************
Atm_Step: Info: Starting timestep        3 at time=   129.220 seconds

Atm_Step: Timestep        3   Model time:   1988-09-01 01:00:00
***************************************************************
*    Linear solve for Helmholtz problem                       *
* Outer Inner Iterations   InitialError       FinalError      *
*    1     1       14      0.100000E+01      0.938652E-04     *
*    1     2       10      0.119375E-01      0.935589E-04     *
***************************************************************
***************************************************************
*    Linear solve for Helmholtz problem                       *
* Outer Inner Iterations   InitialError       FinalError      *
*    2     1        6      0.115816E+00      0.792927E-04     *
*    2     2        3      0.118774E-02      0.681643E-04     *
***************************************************************

********************************************************************************
Atm_Step: Info: timestep        3 took      0.574 seconds
********************************************************************************
Atm_Step: Info: Starting timestep        4 at time=   129.846 seconds

Atm_Step: Timestep        4   Model time:   1988-09-01 01:20:00
***************************************************************
*    Linear solve for Helmholtz problem                       *
* Outer Inner Iterations   InitialError       FinalError      *
*    1     1       15      0.100000E+01      0.905995E-04     *
*    1     2       12      0.119960E-01      0.326688E-04     *
***************************************************************
***************************************************************
*    Linear solve for Helmholtz problem                       *
* Outer Inner Iterations   InitialError       FinalError      *
*    2     1        6      0.112605E+00      0.860078E-04     *
*    2     2        3      0.114672E-02      0.603224E-04     *
***************************************************************

********************************************************************************
Atm_Step: Info: timestep        4 took      0.836 seconds
********************************************************************************
Atm_Step: Info: Starting timestep        5 at time=   130.683 seconds

Atm_Step: Timestep        5   Model time:   1988-09-01 01:40:00
***************************************************************
*    Linear solve for Helmholtz problem                       *
* Outer Inner Iterations   InitialError       FinalError      *
*    1     1       15      0.100000E+01      0.951034E-04     *
*    1     2       10      0.118753E-01      0.983964E-04     *
***************************************************************
***************************************************************
*    Linear solve for Helmholtz problem                       *
* Outer Inner Iterations   InitialError       FinalError      *
*    2     1        6      0.110840E+00      0.770679E-04     *
*    2     2        3      0.109702E-02      0.551227E-04     *
***************************************************************

********************************************************************************
Atm_Step: Info: timestep        5 took      0.394 seconds
********************************************************************************
Atm_Step: Info: Starting timestep        6 at time=   131.081 seconds

Atm_Step: Timestep        6   Model time:   1988-09-01 02:00:00
***************************************************************
*    Linear solve for Helmholtz problem                       *
* Outer Inner Iterations   InitialError       FinalError      *
*    1     1       15      0.100000E+01      0.784649E-04     *
*    1     2       11      0.118791E-01      0.706894E-04     *
***************************************************************
***************************************************************
*    Linear solve for Helmholtz problem                       *
* Outer Inner Iterations   InitialError       FinalError      *
*    2     1        6      0.112925E+00      0.851066E-04     *
*    2     2        3      0.111857E-02      0.584937E-04     *
***************************************************************

********************************************************************************
Atm_Step: Info: timestep        6 took      5.838 seconds
********************************************************************************
Atm_Step: Info: Starting timestep        7 at time=   146.267 seconds

Atm_Step: Timestep        7   Model time:   1988-09-01 02:20:00
***************************************************************
*    Linear solve for Helmholtz problem                       *
* Outer Inner Iterations   InitialError       FinalError      *
*    1     1       14      0.100000E+01      0.883114E-04     *
*    1     2       10      0.117615E-01      0.842531E-04     *
***************************************************************
***************************************************************
*    Linear solve for Helmholtz problem                       *
* Outer Inner Iterations   InitialError       FinalError      *
*    2     1        6      0.113546E+00      0.940905E-04     *
*    2     2        3      0.111528E-02      0.613341E-04     *
***************************************************************

********************************************************************************
Atm_Step: Info: timestep        7 took      0.831 seconds
********************************************************************************
Atm_Step: Info: Starting timestep        8 at time=   147.099 seconds

Atm_Step: Timestep        8   Model time:   1988-09-01 02:40:00
***************************************************************
*    Linear solve for Helmholtz problem                       *
* Outer Inner Iterations   InitialError       FinalError      *
*    1     1       15      0.100000E+01      0.916008E-04     *
*    1     2       12      0.117212E-01      0.466389E-04     *
***************************************************************
***************************************************************
*    Linear solve for Helmholtz problem                       *
* Outer Inner Iterations   InitialError       FinalError      *
*    2     1        6      0.113867E+00      0.965270E-04     *
*    2     2        3      0.112512E-02      0.557092E-04     *
***************************************************************

********************************************************************************
Atm_Step: Info: timestep        8 took      0.397 seconds
********************************************************************************
Atm_Step: Info: Starting timestep        9 at time=   147.497 seconds

Atm_Step: Timestep        9   Model time:   1988-09-01 03:00:00
***************************************************************
*    Linear solve for Helmholtz problem                       *
* Outer Inner Iterations   InitialError       FinalError      *
*    1     1       15      0.100000E+01      0.991487E-04     *
*    1     2       11      0.115979E-01      0.851285E-04     *
***************************************************************
***************************************************************
*    Linear solve for Helmholtz problem                       *
* Outer Inner Iterations   InitialError       FinalError      *
*    2     1        5      0.112430E+00      0.952174E-04     *
*    2     2        3      0.110420E-02      0.682890E-04     *
***************************************************************

********************************************************************************
Atm_Step: Info: timestep        9 took      0.562 seconds
********************************************************************************
Atm_Step: Info: Starting timestep       10 at time=   148.113 seconds

Atm_Step: Timestep       10   Model time:   1988-09-01 03:20:00
***************************************************************
*    Linear solve for Helmholtz problem                       *
* Outer Inner Iterations   InitialError       FinalError      *
*    1     1       14      0.100000E+01      0.980432E-04     *
*    1     2       11      0.115532E-01      0.859286E-04     *
***************************************************************
***************************************************************
*    Linear solve for Helmholtz problem                       *
* Outer Inner Iterations   InitialError       FinalError      *
*    2     1        5      0.113488E+00      0.971081E-04     *
*    2     2        3      0.112684E-02      0.652097E-04     *
***************************************************************

********************************************************************************
Atm_Step: Info: timestep       10 took      0.830 seconds
********************************************************************************
Atm_Step: Info: Starting timestep       11 at time=   148.945 seconds

Atm_Step: Timestep       11   Model time:   1988-09-01 03:40:00
***************************************************************
*    Linear solve for Helmholtz problem                       *
* Outer Inner Iterations   InitialError       FinalError      *
*    1     1       17      0.100000E+01      0.786146E-04     *
*    1     2       10      0.114909E-01      0.850062E-04     *
***************************************************************
***************************************************************
*    Linear solve for Helmholtz problem                       *
* Outer Inner Iterations   InitialError       FinalError      *
*    2     1        5      0.112216E+00      0.939061E-04     *
*    2     2        3      0.113506E-02      0.777993E-04     *
***************************************************************

********************************************************************************
Atm_Step: Info: timestep       11 took      0.395 seconds
********************************************************************************
Atm_Step: Info: Starting timestep       12 at time=   149.341 seconds

Atm_Step: Timestep       12   Model time:   1988-09-01 04:00:00
***************************************************************
*    Linear solve for Helmholtz problem                       *
* Outer Inner Iterations   InitialError       FinalError      *
*    1     1       16      0.100000E+01      0.836245E-04     *
*    1     2       10      0.113952E-01      0.951054E-04     *
***************************************************************
***************************************************************
*    Linear solve for Helmholtz problem                       *
* Outer Inner Iterations   InitialError       FinalError      *
*    2     1        5      0.111707E+00      0.943179E-04     *
*    2     2        3      0.113717E-02      0.767435E-04     *
***************************************************************

********************************************************************************
Atm_Step: Info: timestep       12 took     15.055 seconds
********************************************************************************
Atm_Step: Info: Starting timestep       13 at time=   168.868 seconds

Atm_Step: Timestep       13   Model time:   1988-09-01 04:20:00
***************************************************************
*    Linear solve for Helmholtz problem                       *
* Outer Inner Iterations   InitialError       FinalError      *
*    1     1       16      0.100000E+01      0.946872E-04     *
*    1     2       10      0.113829E-01      0.905862E-04     *
***************************************************************
***************************************************************
*    Linear solve for Helmholtz problem                       *
* Outer Inner Iterations   InitialError       FinalError      *
*    2     1        5      0.113291E+00      0.927636E-04     *
*    2     2        3      0.116191E-02      0.720877E-04     *
***************************************************************

********************************************************************************
Atm_Step: Info: timestep       13 took      0.832 seconds
********************************************************************************
Atm_Step: Info: Starting timestep       14 at time=   169.701 seconds

Atm_Step: Timestep       14   Model time:   1988-09-01 04:40:00
***************************************************************
*    Linear solve for Helmholtz problem                       *
* Outer Inner Iterations   InitialError       FinalError      *
*    1     1       17      0.100000E+01      0.626178E-04     *
*    1     2        7      0.114205E-01      0.951767E-04     *
***************************************************************
***************************************************************
*    Linear solve for Helmholtz problem                       *
* Outer Inner Iterations   InitialError       FinalError      *
*    2     1        7      0.113617E+00      0.548818E-04     *
*    2     2        3      0.115397E-02      0.709944E-04     *
***************************************************************

********************************************************************************
Atm_Step: Info: timestep       14 took      0.395 seconds
********************************************************************************
Atm_Step: Info: Starting timestep       15 at time=   170.098 seconds

Atm_Step: Timestep       15   Model time:   1988-09-01 05:00:00
***************************************************************
*    Linear solve for Helmholtz problem                       *
* Outer Inner Iterations   InitialError       FinalError      *
*    1     1       16      0.100000E+01      0.863977E-04     *
*    1     2       12      0.114742E-01      0.797366E-04     *
***************************************************************
***************************************************************
*    Linear solve for Helmholtz problem                       *
* Outer Inner Iterations   InitialError       FinalError      *
*    2     1        5      0.111903E+00      0.924050E-04     *
*    2     2        3      0.115651E-02      0.662435E-04     *
***************************************************************

********************************************************************************
Atm_Step: Info: timestep       15 took      0.564 seconds
********************************************************************************
Atm_Step: Info: Starting timestep       16 at time=   170.719 seconds

Atm_Step: Timestep       16   Model time:   1988-09-01 05:20:00
***************************************************************
*    Linear solve for Helmholtz problem                       *
* Outer Inner Iterations   InitialError       FinalError      *
*    1     1       12      0.100000E+01      0.965791E-04     *
*    1     2        8      0.114996E-01      0.804238E-04     *
***************************************************************
***************************************************************
*    Linear solve for Helmholtz problem                       *
* Outer Inner Iterations   InitialError       FinalError      *
*    2     1        7      0.112848E+00      0.528782E-04     *
*    2     2        2      0.115942E-02      0.965423E-04     *
***************************************************************

********************************************************************************
Atm_Step: Info: timestep       16 took      0.829 seconds
********************************************************************************
Atm_Step: Info: Starting timestep       17 at time=   171.549 seconds

Atm_Step: Timestep       17   Model time:   1988-09-01 05:40:00
***************************************************************
*    Linear solve for Helmholtz problem                       *
* Outer Inner Iterations   InitialError       FinalError      *
*    1     1       15      0.100000E+01      0.850501E-04     *
*    1     2       10      0.114845E-01      0.885558E-04     *
***************************************************************
***************************************************************
*    Linear solve for Helmholtz problem                       *
* Outer Inner Iterations   InitialError       FinalError      *
*    2     1        7      0.111914E+00      0.481131E-04     *
*    2     2        2      0.115212E-02      0.847351E-04     *
***************************************************************

********************************************************************************
Atm_Step: Info: timestep       17 took      0.394 seconds
********************************************************************************
Atm_Step: Info: Starting timestep       18 at time=   171.944 seconds

Atm_Step: Timestep       18   Model time:   1988-09-01 06:00:00
***************************************************************
*    Linear solve for Helmholtz problem                       *
* Outer Inner Iterations   InitialError       FinalError      *
*    1     1       12      0.100000E+01      0.882049E-04     *
*    1     2       10      0.115182E-01      0.942140E-04     *
***************************************************************
***************************************************************
*    Linear solve for Helmholtz problem                       *
* Outer Inner Iterations   InitialError       FinalError      *
*    2     1        7      0.112290E+00      0.483653E-04     *
*    2     2        2      0.114569E-02      0.877630E-04     *
***************************************************************

********************************************************************************
Atm_Step: Info: timestep       18 took     39.682 seconds
********************************************************************************
Atm_Step: Info: Starting timestep       19 at time=   234.501 seconds

Atm_Step: Timestep       19   Model time:   1988-09-01 06:20:00
***************************************************************
*    Linear solve for Helmholtz problem                       *
* Outer Inner Iterations   InitialError       FinalError      *
*    1     1       16      0.100000E+01      0.876341E-04     *
*    1     2       11      0.115663E-01      0.940220E-04     *
***************************************************************
***************************************************************
*    Linear solve for Helmholtz problem                       *
* Outer Inner Iterations   InitialError       FinalError      *
*    2     1        7      0.113242E+00      0.379542E-04     *
*    2     2        2      0.114238E-02      0.751221E-04     *
***************************************************************

********************************************************************************
Atm_Step: Info: timestep       19 took      0.835 seconds
********************************************************************************
Atm_Step: Info: Starting timestep       20 at time=   235.337 seconds

Atm_Step: Timestep       20   Model time:   1988-09-01 06:40:00
***************************************************************
*    Linear solve for Helmholtz problem                       *
* Outer Inner Iterations   InitialError       FinalError      *
*    1     1       16      0.100000E+01      0.897411E-04     *
*    1     2       12      0.115873E-01      0.882942E-04     *
***************************************************************
***************************************************************
*    Linear solve for Helmholtz problem                       *
* Outer Inner Iterations   InitialError       FinalError      *
*    2     1        6      0.111976E+00      0.835195E-04     *
*    2     2        3      0.113573E-02      0.530613E-04     *
***************************************************************

********************************************************************************
Atm_Step: Info: timestep       20 took      0.402 seconds
********************************************************************************
Atm_Step: Info: Starting timestep       21 at time=   235.742 seconds

Atm_Step: Timestep       21   Model time:   1988-09-01 07:00:00
***************************************************************
*    Linear solve for Helmholtz problem                       *
* Outer Inner Iterations   InitialError       FinalError      *
*    1     1       15      0.100000E+01      0.938453E-04     *
*    1     2       11      0.116018E-01      0.887498E-04     *
***************************************************************
***************************************************************
*    Linear solve for Helmholtz problem                       *
* Outer Inner Iterations   InitialError       FinalError      *
*    2     1        6      0.111523E+00      0.835453E-04     *
*    2     2        3      0.112610E-02      0.577364E-04     *
***************************************************************

********************************************************************************
Atm_Step: Info: timestep       21 took      0.562 seconds
********************************************************************************
Atm_Step: Info: Starting timestep       22 at time=   236.362 seconds

Atm_Step: Timestep       22   Model time:   1988-09-01 07:20:00
***************************************************************
*    Linear solve for Helmholtz problem                       *
* Outer Inner Iterations   InitialError       FinalError      *
*    1     1       16      0.100000E+01      0.994987E-04     *
*    1     2       12      0.116462E-01      0.712226E-04     *
***************************************************************
***************************************************************
*    Linear solve for Helmholtz problem                       *
* Outer Inner Iterations   InitialError       FinalError      *
*    2     1        6      0.112918E+00      0.968711E-04     *
*    2     2        3      0.112876E-02      0.682230E-04     *
***************************************************************

********************************************************************************
Atm_Step: Info: timestep       22 took      0.836 seconds
********************************************************************************
Atm_Step: Info: Starting timestep       23 at time=   237.200 seconds

Atm_Step: Timestep       23   Model time:   1988-09-01 07:40:00
***************************************************************
*    Linear solve for Helmholtz problem                       *
* Outer Inner Iterations   InitialError       FinalError      *
*    1     1       16      0.100000E+01      0.980145E-04     *
*    1     2       11      0.116690E-01      0.981269E-04     *
***************************************************************
***************************************************************
*    Linear solve for Helmholtz problem                       *
* Outer Inner Iterations   InitialError       FinalError      *
*    2     1        6      0.112646E+00      0.967761E-04     *
*    2     2        3      0.112010E-02      0.642016E-04     *
***************************************************************

********************************************************************************
Atm_Step: Info: timestep       23 took      0.397 seconds
********************************************************************************
Atm_Step: Info: Starting timestep       24 at time=   237.599 seconds

Atm_Step: Timestep       24   Model time:   1988-09-01 08:00:00
***************************************************************
*    Linear solve for Helmholtz problem                       *
* Outer Inner Iterations   InitialError       FinalError      *
*    1     1       16      0.100000E+01      0.970960E-04     *
*    1     2       11      0.116682E-01      0.989917E-04     *
***************************************************************
***************************************************************
*    Linear solve for Helmholtz problem                       *
* Outer Inner Iterations   InitialError       FinalError      *
*    2     1        6      0.112882E+00      0.873319E-04     *
*    2     2        3      0.111264E-02      0.603201E-04     *
***************************************************************

********************************************************************************
Atm_Step: Info: timestep       24 took     23.710 seconds
********************************************************************************
Atm_Step: Info: Starting timestep       25 at time=   277.864 seconds

Atm_Step: Timestep       25   Model time:   1988-09-01 08:20:00
***************************************************************
*    Linear solve for Helmholtz problem                       *
* Outer Inner Iterations   InitialError       FinalError      *
*    1     1       16      0.100000E+01      0.975755E-04     *
*    1     2       12      0.116641E-01      0.782226E-04     *
***************************************************************
***************************************************************
*    Linear solve for Helmholtz problem                       *
* Outer Inner Iterations   InitialError       FinalError      *
*    2     1        7      0.112482E+00      0.594551E-04     *
*    2     2        3      0.110263E-02      0.423497E-04     *
***************************************************************

********************************************************************************
Atm_Step: Info: timestep       25 took      0.835 seconds
********************************************************************************
Atm_Step: Info: Starting timestep       26 at time=   278.700 seconds

Atm_Step: Timestep       26   Model time:   1988-09-01 08:40:00
***************************************************************
*    Linear solve for Helmholtz problem                       *
* Outer Inner Iterations   InitialError       FinalError      *
*    1     1       17      0.100000E+01      0.819272E-04     *
*    1     2        5      0.117070E-01      0.997893E-04     *
***************************************************************
***************************************************************
*    Linear solve for Helmholtz problem                       *
* Outer Inner Iterations   InitialError       FinalError      *
*    2     1        7      0.112565E+00      0.677750E-04     *
*    2     2        3      0.109584E-02      0.797779E-04     *
***************************************************************

********************************************************************************
Atm_Step: Info: timestep       26 took      0.393 seconds
********************************************************************************
Atm_Step: Info: Starting timestep       27 at time=   279.094 seconds

Atm_Step: Timestep       27   Model time:   1988-09-01 09:00:00
***************************************************************
*    Linear solve for Helmholtz problem                       *
* Outer Inner Iterations   InitialError       FinalError      *
*    1     1       17      0.100000E+01      0.945330E-04     *
*    1     2       10      0.116803E-01      0.981089E-04     *
***************************************************************
***************************************************************
*    Linear solve for Helmholtz problem                       *
* Outer Inner Iterations   InitialError       FinalError      *
*    2     1        6      0.111889E+00      0.918715E-04     *
*    2     2        3      0.108388E-02      0.643271E-04     *
***************************************************************

********************************************************************************
Atm_Step: Info: timestep       27 took      0.564 seconds
********************************************************************************
Atm_Step: Info: Starting timestep       28 at time=   279.713 seconds

Atm_Step: Timestep       28   Model time:   1988-09-01 09:20:00
***************************************************************
*    Linear solve for Helmholtz problem                       *
* Outer Inner Iterations   InitialError       FinalError      *
*    1     1       17      0.100000E+01      0.932450E-04     *
*    1     2       10      0.116404E-01      0.913036E-04     *
***************************************************************
***************************************************************
*    Linear solve for Helmholtz problem                       *
* Outer Inner Iterations   InitialError       FinalError      *
*    2     1        6      0.113257E+00      0.856185E-04     *
*    2     2        3      0.111650E-02      0.834941E-04     *
***************************************************************

********************************************************************************
Atm_Step: Info: timestep       28 took      0.833 seconds
********************************************************************************
Atm_Step: Info: Starting timestep       29 at time=   280.548 seconds

Atm_Step: Timestep       29   Model time:   1988-09-01 09:40:00
***************************************************************
*    Linear solve for Helmholtz problem                       *
* Outer Inner Iterations   InitialError       FinalError      *
*    1     1       18      0.100000E+01      0.672858E-04     *
*    1     2        7      0.116627E-01      0.897556E-04     *
***************************************************************
***************************************************************
*    Linear solve for Helmholtz problem                       *
* Outer Inner Iterations   InitialError       FinalError      *
*    2     1        6      0.112515E+00      0.884518E-04     *
*    2     2        3      0.107897E-02      0.661225E-04     *
***************************************************************

********************************************************************************
Atm_Step: Info: timestep       29 took      0.397 seconds
********************************************************************************
Atm_Step: Info: Starting timestep       30 at time=   916.479 seconds

Atm_Step: Timestep       30   Model time:   1988-09-01 10:00:00
***************************************************************
*    Linear solve for Helmholtz problem                       *
* Outer Inner Iterations   InitialError       FinalError      *
*    1     1       17      0.100000E+01      0.832027E-04     *
*    1     2       11      0.117033E-01      0.670348E-04     *
***************************************************************
***************************************************************
*    Linear solve for Helmholtz problem                       *
* Outer Inner Iterations   InitialError       FinalError      *
*    2     1        6      0.110847E+00      0.861934E-04     *
*    2     2        3      0.106653E-02      0.638889E-04     *
***************************************************************
