Enabling 0 I/O PEs
[0] I am running with  2 thread(s).
[0] OpenMP Specification: 201511

*******************************************************************************
**************** Start of UM RUN Job : 22:40:07 on 15/02/2022 *****************
**************** Based upon UM release vn11.6             *****************
*******************************************************************************

If you are using OpenMPI or think your MPI is thread capable, try setting ios_force_threading_mode appropriately in the UI

????????????????????????????????????????????????????????????????????????????????
??????????????????????????????      WARNING       ??????????????????????????????
?  Warning code: -10
?  Warning from routine: GET_ENV_VAR
?  Warning message: Environment variable OMP_WAIT_POLICY is not set.
?  Warning from processor: 0
?  Warning number: 0
????????????????????????????????????????????????????????????????????????????????


????????????????????????????????????????????????????????????????????????????????
??????????????????????????????      WARNING       ??????????????????????????????
?  Warning code: -10
?  Warning from routine: check_configid
?  Warning message:
?          itab is set to missing data, pp_head(LBEXP) will be set to zero
?  Warning from processor: 0
?  Warning number: 1
????????????????????????????????????????????????????????????????????????????????


????????????????????????????????????????????????????????????????????????????????
??????????????????????????????      WARNING       ??????????????????????????????
?  Warning code: -10
?  Warning from routine: GET_ENV_VAR
?  Warning message: Environment variable FASTRUN is not set.
?  Warning from processor: 0
?  Warning number: 2
????????????????????????????????????????????????????????????????????????????????


????????????????????????????????????????????????????????????????????????????????
??????????????????????????????      WARNING       ??????????????????????????????
?  Warning code: -100
?  Warning from routine: WARN_TEMP_FIXES
?  Warning message: Model run excludes ticket #1167 as
?          l_fix_conv_precip_evap=.FALSE.
?          This will affect all runs with parameterised
?          precipitating convection; evaporation rates for
?          convective precipitation will be underestimated.
?  Warning from processor: 0
?  Warning number: 3
????????????????????????????????????????????????????????????????????????????????


????????????????????????????????????????????????????????????????????????????????
??????????????????????????????      WARNING       ??????????????????????????????
?  Warning code: -100
?  Warning from routine: WARN_TEMP_FIXES
?  Warning message:
?          Model run excludes ticket #2077 as l_fix_dyndiag=.FALSE.
?          This will mess up shear-dominated PBLs slightly
?  Warning from processor: 0
?  Warning number: 4
????????????????????????????????????????????????????????????????????????????????


????????????????????????????????????????????????????????????????????????????????
??????????????????????????????      WARNING       ??????????????????????????????
?  Warning code: -100
?  Warning from routine: WARN_TEMP_FIXES
?  Warning message:
?          Model run excludes a change from ticket #2556 as
?          l_fix_riming=.FALSE.
?          This could affect any model runs where l_shape_rime is .TRUE.
?          and may produce small numbers in the microphysics leading to
?          the UM crashing in the solver.
?  Warning from processor: 0
?  Warning number: 5
????????????????????????????????????????????????????????????????????????????????


????????????????????????????????????????????????????????????????????????????????
??????????????????????????????      WARNING       ??????????????????????????????
?  Warning code: -100
?  Warning from routine: WARN_TEMP_FIXES
?  Warning message:
?          Model run excludes a change from ticket #3681 as
?          l_fix_conv_diags_var=.FALSE.
?          This affects the diagnostics that are passed from the
?          convection scheme to the PF model. Without this switch
?          the increments will incorrectly include contributions
?          from cloud erosion, a temperature rather than potential
?          temperature will be passed, and the mass flux will exclude
?          points where it is reducing with height.
?  Warning from processor: 0
?  Warning number: 6
????????????????????????????????????????????????????????????????????????????????


????????????????????????????????????????????????????????????????????????????????
??????????????????????????????      WARNING       ??????????????????????????????
?  Warning code: -100
?  Warning from routine: WARN_TEMP_FIXES
?  Warning message:
?          Model run excludes a change from ticket #1250 as
?          l_fix_conv_diags_var=.FALSE.
?          This will mean that dry deposition velocities are set to null
?          for HCl, HOCl, HBr, HOBr, H2SO4, MeOH and Sec_Org and that dry
?          deposition velocities for 9 tiles are inconsistant with 13/17/27 tiles.
?  Warning from processor: 0
?  Warning number: 7
????????????????????????????????????????????????????????????????????????????????


????????????????????????????????????????????????????????????????????????????????
??????????????????????????????      WARNING       ??????????????????????????????
?  Warning code: -100
?  Warning from routine: WARN_TEMP_FIXES
?  Warning message:
?          Model run excludes a change from ticket #4157 as
?          l_fix_ukca_h2dd_x=.FALSE. .
?          This will mean that the wrong element is used for h2dd_c & h2dd_m.
?  Warning from processor: 0
?  Warning number: 8
????????????????????????????????????????????????????????????????????????????????


????????????????????????????????????????????????????????????????????????????????
??????????????????????????????      WARNING       ??????????????????????????????
?  Warning code: -100
?  Warning from routine: WARN_TEMP_FIXES
?  Warning message:
?          Model run excludes a change from ticket #3245 as
?          l_fix_ukca_h2so4_ystore=.FALSE. .
?          This will mean that the UKCA H2SO4 tracer will not be updated correctly.
?  Warning from processor: 0
?  Warning number: 9
????????????????????????????????????????????????????????????????????????????????


????????????????????????????????????????????????????????????????????????????????
??????????????????????????????      WARNING       ??????????????????????????????
?  Warning code: -100
?  Warning from routine: WARN_TEMP_FIXES
?  Warning message:
?          Model run excludes a change from ticket #3031 as
?          l_fix_ukca_meoh_emiss_input=.FALSE. .
?          This means the chemistry scheme is reading methanol (MeOH)
?          emissions from a file tagged as NVOC (non-volatile org carbon)
?          by applying factor as MeOH = 0.215 * NVOC.
?  Warning from processor: 0
?  Warning number: 10
????????????????????????????????????????????????????????????????????????????????


????????????????????????????????????????????????????????????????????????????????
??????????????????????????????      WARNING       ??????????????????????????????
?  Warning code: -100
?  Warning from routine: WARN_TEMP_FIXES
?  Warning message:
?          Model run excludes a change from ticket #5031 as
?          l_fix_tidy_rainfracs=.FALSE.
?          This means that if l_mcr_qcf2 =.false. the rain fractions
?          will not be updated from the melting of snow in lsp_tidy.
?  Warning from processor: 0
?  Warning number: 11
????????????????????????????????????????????????????????????????????????????????


????????????????????????????????????????????????????????????????????????????????
??????????????????????????????      WARNING       ??????????????????????????????
?  Warning code: -100
?  Warning from routine: WARN_TEMP_FIXES
?  Warning message:
?          Model run excludes a change from ticket #5080 as
?          l_fix_incloud_qcf=.FALSE. .
?          When true this fixes a bug in the PC2 code after inhomogeneous
?          forcing of ice cloud by turbulence which checks to avoid
?          generating unreasonably high in-cloud ice water contents
?          qcf/cff.  Such occurences wrongly result in the ice-cloud
?          fraction being reset to near-zero instead of increased
?          as intended.
?  Warning from processor: 0
?  Warning number: 12
????????????????????????????????????????????????????????????????????????????????


????????????????????????????????????????????????????????????????????????????????
??????????????????????????????      WARNING       ??????????????????????????????
?  Warning code: -100
?  Warning from routine: WARN_TEMP_FIXES
?  Warning message:
?          Model run excludes a change from ticket #5080 as
?          l_fix_mcr_frac_ice=.FALSE. .
?          This switch fixes 2 minor issues in the treatment of ice-cloud
?          fractions by the microphysics scheme, both of which can
?          result in the ice fraction cff going to near-zero while
?          retaining a significant grid-mean ice mass qcf.
?  Warning from processor: 0
?  Warning number: 13
????????????????????????????????????????????????????????????????????????????????


????????????????????????????????????????????????????????????????????????????????
??????????????????????????????      WARNING       ??????????????????????????????
?  Warning code: -100
?  Warning from routine: WARN_TEMP_FIXES
?  Warning message:
?          Model run excludes a change from ticket #5118 as
?          l_fix_ukca_offox_h2o_fac=.FALSE.
?          This means that water vapour will not be in vmr when
?          using UKCA Offline-Oxidants.
?  Warning from processor: 0
?  Warning number: 14
????????????????????????????????????????????????????????????????????????????????


????????????????????????????????????????????????????????????????????????????????
??????????????????????????????      WARNING       ??????????????????????????????
?  Warning code: -100
?  Warning from routine: WARN_TEMP_FIXES
?  Warning message:
?          Model run excludes a change from ticket #5009 as
?          l_fix_ukca_cloud_frac=.FALSE.
?          This means that values of the cloud fraction field used in
?          aerosol chemistry will be those from from the level below the
?          correct level due to an array indexing bug.
?          Runs which do not use UKCA aerosol chemistry are unaffected.
?  Warning from processor: 0
?  Warning number: 15
????????????????????????????????????????????????????????????????????????????????


????????????????????????????????????????????????????????????????????????????????
??????????????????????????????      WARNING       ??????????????????????????????
?  Warning code: -100
?  Warning from routine: CHECK_RUN_DIFFUSION
?  Warning message:
?          cldbase_opt_sh set to sh_wstar_closure since
?          Smagorinsky diffusion not chosen.
?  Warning from processor: 0
?  Warning number: 16
????????????????????????????????????????????????????????????????????????????????


????????????????????????????????????????????????????????????????????????????????
??????????????????????????????      WARNING       ??????????????????????????????
?  Warning code: -10
?  Warning from routine: UM_XIOS_GET_AXIS_INFO
?  Warning message: Axis element ensemble has no standard_name value defined and is not a pseudo axis, skipping field
?  Warning from processor: 0
?  Warning number: 17
????????????????????????????????????????????????????????????????????????????????


????????????????????????????????????????????????????????????????????????????????
??????????????????????????????      WARNING       ??????????????????????????????
?  Warning code: -20
?  Warning from routine: UM_XIOS_GET_AXIS_INFO
?  Warning message: Axis element ensemble has no n_glo value defined, skipping field
?  Warning from processor: 0
?  Warning number: 18
????????????????????????????????????????????????????????????????????????????????


????????????????????????????????????????????????????????????????????????????????
??????????????????????????????      WARNING       ??????????????????????????????
?  Warning code: -30
?  Warning from routine: UM_XIOS_GET_AXIS_INFO
?  Warning message: Axis element ensemble has no values defined, skipping field
?  Warning from processor: 0
?  Warning number: 19
????????????????????????????????????????????????????????????????????????????????


INTEGER CONSTANTS
-----------------
Number of timesteps since start of run - -32768
Meaning interval for mean fields (hrs) - -32768
Number of dumps used to generate mean  - -32768
No of hrs between neighbouring contiguous sections of means - -32768
No of hrs between end of one contiguous section and start of next - -32768
Number of E-W x N-S points -   2560 x   1920
Number of levels -     85
Number of wet levels -     85
Number of soil temperature levels -      4
Number of soil moisture levels -      4
Number of tracer levels -      1
Number of boundary layer levels -     50
Number of passive tracers advected -      0

REAL CONSTANTS
--------------
E-W grid spacing in degrees -  0.1406E+00
N-S grid spacing in degress -  0.9375E-01
Latitude of first row in degrees - -0.9000E+02
Longitude of first point in a row in degrees -  0.0000E+00
Real latitude of pseudo North Pole in degrees -   0.9000E+02
Real longitude of pseudo North Pole in degrees -   0.0000E+00
Grid orientation in degrees -  -0.1074E+10
Year        Day       Hour      Minute     Second
Atmosphere time =  -0.1074E+10 -0.1074E+10 -0.1074E+10 -0.1074E+10 -0.1074E+10
Mass, energy, energy drift =   0.5124E+19  0.1310E+25  0.1992E-07

????????????????????????????????????????????????????????????????????????????????
??????????????????????????????      WARNING       ??????????????????????????????
?  Warning code: -1001
?  Warning from routine: ANCIL_CHECK_MOD::REPORT_ANCIL_ERRORS
?  Warning message:
?
?          WARNINGS: 1 ancil files have failed ancil checking. These files did not cause an abort
?          due to the setting of l_ignore_ancil_grid_check=.true. in the items namelist:
?          -- /work/n02/n02/lrpedro/cylc-run/u-ch427-n1280-x-orig-03/share/data/etc/ancil/qrclim.ozone
?  Warning from processor: 0
?  Warning number: 20
????????????????????????????????????????????????????????????????????????????????


************************  PE configuration for this run  ***********************
****  PE configuration:    94 processors East-West    64 processors North-South *
Atm_Step: Info: Starting timestep        0 at time=   387.862 seconds

Atm_Step: Timestep        0   Model time:   1979-03-01 00:00:00

????????????????????????????????????????????????????????????????????????????????
??????????????????????????????      WARNING       ??????????????????????????????
?  Warning code: -1
?  Warning from routine: eg_SISL_setcon
?  Warning message:  Constant gravity enforced
?  Warning from processor: 0
?  Warning number: 21
????????????????????????????????????????????????????????????????????????????????

Atm_Step: Info: Starting timestep        1 at time=   408.363 seconds

Atm_Step: Timestep        1   Model time:   1979-03-01 00:03:00
***************************************************************
*    Linear solve for Helmholtz problem                       *
* Outer Inner Iterations   InitialError       FinalError      *
*    1     1        4      0.100000E+01      0.226227E-04     *
*    1     2        2      0.430786E-02      0.124160E-04     *
***************************************************************
***************************************************************
*    Linear solve for Helmholtz problem                       *
* Outer Inner Iterations   InitialError       FinalError      *
*    2     1        3      0.115226E+00      0.407848E-04     *
*    2     2        1      0.848259E-03      0.386223E-04     *
***************************************************************

********************************************************************************
Atm_Step: Info: timestep        1 took    447.396 seconds
********************************************************************************
Atm_Step: Info: Starting timestep        2 at time=   855.759 seconds

Atm_Step: Timestep        2   Model time:   1979-03-01 00:06:00
***************************************************************
*    Linear solve for Helmholtz problem                       *
* Outer Inner Iterations   InitialError       FinalError      *
*    1     1        3      0.100000E+01      0.916515E-04     *
*    1     2        2      0.703523E-02      0.210774E-04     *
***************************************************************
***************************************************************
*    Linear solve for Helmholtz problem                       *
* Outer Inner Iterations   InitialError       FinalError      *
*    2     1        3      0.974238E-01      0.131913E-04     *
*    2     2        1      0.108921E-02      0.552490E-04     *
***************************************************************

********************************************************************************
Atm_Step: Info: timestep        2 took      1.606 seconds
********************************************************************************
Atm_Step: Info: Starting timestep        3 at time=   857.365 seconds

Atm_Step: Timestep        3   Model time:   1979-03-01 00:09:00
***************************************************************
*    Linear solve for Helmholtz problem                       *
* Outer Inner Iterations   InitialError       FinalError      *
*    1     1        4      0.100000E+01      0.174559E-04     *
*    1     2        2      0.696759E-02      0.213706E-04     *
***************************************************************
***************************************************************
*    Linear solve for Helmholtz problem                       *
* Outer Inner Iterations   InitialError       FinalError      *
*    2     1        3      0.103305E+00      0.146579E-04     *
*    2     2        1      0.109156E-02      0.554493E-04     *
***************************************************************

********************************************************************************
Atm_Step: Info: timestep        3 took      1.595 seconds
********************************************************************************
Atm_Step: Info: Starting timestep        4 at time=   858.960 seconds

Atm_Step: Timestep        4   Model time:   1979-03-01 00:12:00
***************************************************************
*    Linear solve for Helmholtz problem                       *
* Outer Inner Iterations   InitialError       FinalError      *
*    1     1        4      0.100000E+01      0.179839E-04     *
*    1     2        2      0.686266E-02      0.205713E-04     *
***************************************************************
***************************************************************
*    Linear solve for Helmholtz problem                       *
* Outer Inner Iterations   InitialError       FinalError      *
*    2     1        3      0.101082E+00      0.138862E-04     *
*    2     2        1      0.105153E-02      0.543267E-04     *
***************************************************************

********************************************************************************
Atm_Step: Info: timestep        4 took      1.575 seconds
********************************************************************************
Atm_Step: Info: Starting timestep        5 at time=   860.536 seconds

Atm_Step: Timestep        5   Model time:   1979-03-01 00:15:00
***************************************************************
*    Linear solve for Helmholtz problem                       *
* Outer Inner Iterations   InitialError       FinalError      *
*    1     1        4      0.100000E+01      0.133785E-04     *
*    1     2        2      0.683662E-02      0.207494E-04     *
***************************************************************
***************************************************************
*    Linear solve for Helmholtz problem                       *
* Outer Inner Iterations   InitialError       FinalError      *
*    2     1        3      0.100473E+00      0.141834E-04     *
*    2     2        1      0.104558E-02      0.540083E-04     *
***************************************************************

********************************************************************************
Atm_Step: Info: timestep        5 took      1.573 seconds
********************************************************************************
Atm_Step: Info: Starting timestep        6 at time=   862.109 seconds

Atm_Step: Timestep        6   Model time:   1979-03-01 00:18:00
***************************************************************
*    Linear solve for Helmholtz problem                       *
* Outer Inner Iterations   InitialError       FinalError      *
*    1     1        4      0.100000E+01      0.162055E-04     *
*    1     2        2      0.685155E-02      0.207595E-04     *
***************************************************************
***************************************************************
*    Linear solve for Helmholtz problem                       *
* Outer Inner Iterations   InitialError       FinalError      *
*    2     1        3      0.100404E+00      0.144189E-04     *
*    2     2        1      0.104505E-02      0.540693E-04     *
***************************************************************

********************************************************************************
Atm_Step: Info: timestep        6 took      2.297 seconds
********************************************************************************
Atm_Step: Info: Starting timestep        7 at time=   864.406 seconds

Atm_Step: Timestep        7   Model time:   1979-03-01 00:21:00
***************************************************************
*    Linear solve for Helmholtz problem                       *
* Outer Inner Iterations   InitialError       FinalError      *
*    1     1        4      0.100000E+01      0.193639E-04     *
*    1     2        2      0.681980E-02      0.206102E-04     *
***************************************************************
***************************************************************
*    Linear solve for Helmholtz problem                       *
* Outer Inner Iterations   InitialError       FinalError      *
*    2     1        3      0.999747E-01      0.144510E-04     *
*    2     2        1      0.103982E-02      0.538298E-04     *
***************************************************************

********************************************************************************
Atm_Step: Info: timestep        7 took      1.562 seconds
********************************************************************************
Atm_Step: Info: Starting timestep        8 at time=   865.969 seconds

Atm_Step: Timestep        8   Model time:   1979-03-01 00:24:00
***************************************************************
*    Linear solve for Helmholtz problem                       *
* Outer Inner Iterations   InitialError       FinalError      *
*    1     1        4      0.100000E+01      0.170342E-04     *
*    1     2        2      0.683420E-02      0.207274E-04     *
***************************************************************
***************************************************************
*    Linear solve for Helmholtz problem                       *
* Outer Inner Iterations   InitialError       FinalError      *
*    2     1        3      0.100172E+00      0.146414E-04     *
*    2     2        1      0.103905E-02      0.537138E-04     *
***************************************************************

********************************************************************************
Atm_Step: Info: timestep        8 took      1.794 seconds
********************************************************************************
Atm_Step: Info: Starting timestep        9 at time=   867.763 seconds

Atm_Step: Timestep        9   Model time:   1979-03-01 00:27:00
***************************************************************
*    Linear solve for Helmholtz problem                       *
* Outer Inner Iterations   InitialError       FinalError      *
*    1     1        4      0.100000E+01      0.185467E-04     *
*    1     2        2      0.681188E-02      0.206798E-04     *
***************************************************************
***************************************************************
*    Linear solve for Helmholtz problem                       *
* Outer Inner Iterations   InitialError       FinalError      *
*    2     1        3      0.100054E+00      0.150865E-04     *
*    2     2        1      0.103739E-02      0.536569E-04     *
***************************************************************

********************************************************************************
Atm_Step: Info: timestep        9 took      3.700 seconds
********************************************************************************
Atm_Step: Info: Starting timestep       10 at time=   871.464 seconds

Atm_Step: Timestep       10   Model time:   1979-03-01 00:30:00
***************************************************************
*    Linear solve for Helmholtz problem                       *
* Outer Inner Iterations   InitialError       FinalError      *
*    1     1        4      0.100000E+01      0.199692E-04     *
*    1     2        2      0.682080E-02      0.206807E-04     *
***************************************************************
***************************************************************
*    Linear solve for Helmholtz problem                       *
* Outer Inner Iterations   InitialError       FinalError      *
*    2     1        3      0.100401E+00      0.150534E-04     *
*    2     2        1      0.103670E-02      0.535598E-04     *
***************************************************************

********************************************************************************
Atm_Step: Info: timestep       10 took      1.917 seconds
********************************************************************************
Atm_Step: Info: Starting timestep       11 at time=   873.381 seconds

Atm_Step: Timestep       11   Model time:   1979-03-01 00:33:00
***************************************************************
*    Linear solve for Helmholtz problem                       *
* Outer Inner Iterations   InitialError       FinalError      *
*    1     1        4      0.100000E+01      0.175365E-04     *
*    1     2        2      0.681158E-02      0.206776E-04     *
***************************************************************
***************************************************************
*    Linear solve for Helmholtz problem                       *
* Outer Inner Iterations   InitialError       FinalError      *
*    2     1        3      0.100103E+00      0.151445E-04     *
*    2     2        1      0.103523E-02      0.532830E-04     *
***************************************************************

********************************************************************************
Atm_Step: Info: timestep       11 took      2.161 seconds
********************************************************************************
Atm_Step: Info: Starting timestep       12 at time=   875.543 seconds

Atm_Step: Timestep       12   Model time:   1979-03-01 00:36:00
***************************************************************
*    Linear solve for Helmholtz problem                       *
* Outer Inner Iterations   InitialError       FinalError      *
*    1     1        4      0.100000E+01      0.177647E-04     *
*    1     2        2      0.682420E-02      0.206951E-04     *
***************************************************************
***************************************************************
*    Linear solve for Helmholtz problem                       *
* Outer Inner Iterations   InitialError       FinalError      *
*    2     1        3      0.100303E+00      0.149253E-04     *
*    2     2        1      0.103674E-02      0.532489E-04     *
***************************************************************

********************************************************************************
Atm_Step: Info: timestep       12 took      1.559 seconds
********************************************************************************
Atm_Step: Info: Starting timestep       13 at time=   877.102 seconds

Atm_Step: Timestep       13   Model time:   1979-03-01 00:39:00
***************************************************************
*    Linear solve for Helmholtz problem                       *
* Outer Inner Iterations   InitialError       FinalError      *
*    1     1        4      0.100000E+01      0.165492E-04     *
*    1     2        2      0.682219E-02      0.206623E-04     *
***************************************************************
***************************************************************
*    Linear solve for Helmholtz problem                       *
* Outer Inner Iterations   InitialError       FinalError      *
*    2     1        3      0.100510E+00      0.146017E-04     *
*    2     2        1      0.105220E-02      0.531662E-04     *
***************************************************************

********************************************************************************
Atm_Step: Info: timestep       13 took      1.943 seconds
********************************************************************************
Atm_Step: Info: Starting timestep       14 at time=   879.046 seconds

Atm_Step: Timestep       14   Model time:   1979-03-01 00:42:00
***************************************************************
*    Linear solve for Helmholtz problem                       *
* Outer Inner Iterations   InitialError       FinalError      *
*    1     1        4      0.100000E+01      0.149812E-04     *
*    1     2        2      0.682746E-02      0.206745E-04     *
***************************************************************
***************************************************************
*    Linear solve for Helmholtz problem                       *
* Outer Inner Iterations   InitialError       FinalError      *
*    2     1        3      0.100722E+00      0.144641E-04     *
*    2     2        1      0.104725E-02      0.529809E-04     *
***************************************************************

********************************************************************************
Atm_Step: Info: timestep       14 took      2.653 seconds
********************************************************************************
Atm_Step: Info: Starting timestep       15 at time=   881.699 seconds

Atm_Step: Timestep       15   Model time:   1979-03-01 00:45:00
***************************************************************
*    Linear solve for Helmholtz problem                       *
* Outer Inner Iterations   InitialError       FinalError      *
*    1     1        4      0.100000E+01      0.145486E-04     *
*    1     2        2      0.682756E-02      0.206411E-04     *
***************************************************************
***************************************************************
*    Linear solve for Helmholtz problem                       *
* Outer Inner Iterations   InitialError       FinalError      *
*    2     1        3      0.100760E+00      0.142710E-04     *
*    2     2        1      0.105143E-02      0.528572E-04     *
***************************************************************

********************************************************************************
Atm_Step: Info: timestep       15 took      2.400 seconds
********************************************************************************
Atm_Step: Info: Starting timestep       16 at time=   884.099 seconds

Atm_Step: Timestep       16   Model time:   1979-03-01 00:48:00
***************************************************************
*    Linear solve for Helmholtz problem                       *
* Outer Inner Iterations   InitialError       FinalError      *
*    1     1        4      0.100000E+01      0.142755E-04     *
*    1     2        2      0.682701E-02      0.206352E-04     *
***************************************************************
***************************************************************
*    Linear solve for Helmholtz problem                       *
* Outer Inner Iterations   InitialError       FinalError      *
*    2     1        3      0.100729E+00      0.141671E-04     *
*    2     2        1      0.109041E-02      0.528016E-04     *
***************************************************************

********************************************************************************
Atm_Step: Info: timestep       16 took      3.121 seconds
********************************************************************************
Atm_Step: Info: Starting timestep       17 at time=   887.220 seconds

Atm_Step: Timestep       17   Model time:   1979-03-01 00:51:00
***************************************************************
*    Linear solve for Helmholtz problem                       *
* Outer Inner Iterations   InitialError       FinalError      *
*    1     1        4      0.100000E+01      0.142643E-04     *
*    1     2        2      0.682394E-02      0.206349E-04     *
***************************************************************
***************************************************************
*    Linear solve for Helmholtz problem                       *
* Outer Inner Iterations   InitialError       FinalError      *
*    2     1        3      0.101076E+00      0.141585E-04     *
*    2     2        1      0.110119E-02      0.526713E-04     *
***************************************************************

********************************************************************************
Atm_Step: Info: timestep       17 took      2.806 seconds
********************************************************************************
Atm_Step: Info: Starting timestep       18 at time=   890.026 seconds

Atm_Step: Timestep       18   Model time:   1979-03-01 00:54:00
***************************************************************
*    Linear solve for Helmholtz problem                       *
* Outer Inner Iterations   InitialError       FinalError      *
*    1     1        4      0.100000E+01      0.142223E-04     *
*    1     2        2      0.682574E-02      0.206221E-04     *
***************************************************************
***************************************************************
*    Linear solve for Helmholtz problem                       *
* Outer Inner Iterations   InitialError       FinalError      *
*    2     1        3      0.100852E+00      0.141903E-04     *
*    2     2        1      0.106973E-02      0.525465E-04     *
***************************************************************

********************************************************************************
Atm_Step: Info: timestep       18 took      1.766 seconds
********************************************************************************
Atm_Step: Info: Starting timestep       19 at time=   891.793 seconds

Atm_Step: Timestep       19   Model time:   1979-03-01 00:57:00
***************************************************************
*    Linear solve for Helmholtz problem                       *
* Outer Inner Iterations   InitialError       FinalError      *
*    1     1        4      0.100000E+01      0.138967E-04     *
*    1     2        2      0.682847E-02      0.206101E-04     *
***************************************************************
***************************************************************
*    Linear solve for Helmholtz problem                       *
* Outer Inner Iterations   InitialError       FinalError      *
*    2     1        3      0.101097E+00      0.141418E-04     *
*    2     2        1      0.106802E-02      0.522639E-04     *
***************************************************************

********************************************************************************
Atm_Step: Info: timestep       19 took      1.577 seconds
********************************************************************************
Atm_Step: Info: Starting timestep       20 at time=   893.370 seconds

Atm_Step: Timestep       20   Model time:   1979-03-01 01:00:00
***************************************************************
*    Linear solve for Helmholtz problem                       *
* Outer Inner Iterations   InitialError       FinalError      *
*    1     1        4      0.100000E+01      0.139757E-04     *
*    1     2        2      0.683104E-02      0.206064E-04     *
***************************************************************
***************************************************************
*    Linear solve for Helmholtz problem                       *
* Outer Inner Iterations   InitialError       FinalError      *
*    2     1        3      0.100969E+00      0.140614E-04     *
*    2     2        1      0.107918E-02      0.521930E-04     *
***************************************************************

********************************************************************************
Atm_Step: Info: timestep       20 took      2.899 seconds
********************************************************************************
Atm_Step: Info: Starting timestep       21 at time=   896.269 seconds

Atm_Step: Timestep       21   Model time:   1979-03-01 01:03:00
***************************************************************
*    Linear solve for Helmholtz problem                       *
* Outer Inner Iterations   InitialError       FinalError      *
*    1     1        4      0.100000E+01      0.139760E-04     *
*    1     2        2      0.681756E-02      0.204887E-04     *
***************************************************************
***************************************************************
*    Linear solve for Helmholtz problem                       *
* Outer Inner Iterations   InitialError       FinalError      *
*    2     1        3      0.100831E+00      0.140213E-04     *
*    2     2        1      0.106139E-02      0.522105E-04     *
***************************************************************

********************************************************************************
Atm_Step: Info: timestep       21 took      2.030 seconds
********************************************************************************
Atm_Step: Info: Starting timestep       22 at time=   898.300 seconds

Atm_Step: Timestep       22   Model time:   1979-03-01 01:06:00
***************************************************************
*    Linear solve for Helmholtz problem                       *
* Outer Inner Iterations   InitialError       FinalError      *
*    1     1        4      0.100000E+01      0.138564E-04     *
*    1     2        2      0.681340E-02      0.204859E-04     *
***************************************************************
***************************************************************
*    Linear solve for Helmholtz problem                       *
* Outer Inner Iterations   InitialError       FinalError      *
*    2     1        3      0.100579E+00      0.139668E-04     *
*    2     2        1      0.103865E-02      0.520883E-04     *
***************************************************************

********************************************************************************
Atm_Step: Info: timestep       22 took      1.577 seconds
********************************************************************************
Atm_Step: Info: Starting timestep       23 at time=   899.877 seconds

Atm_Step: Timestep       23   Model time:   1979-03-01 01:09:00
***************************************************************
*    Linear solve for Helmholtz problem                       *
* Outer Inner Iterations   InitialError       FinalError      *
*    1     1        4      0.100000E+01      0.137888E-04     *
*    1     2        2      0.681539E-02      0.204799E-04     *
***************************************************************
***************************************************************
*    Linear solve for Helmholtz problem                       *
* Outer Inner Iterations   InitialError       FinalError      *
*    2     1        3      0.100852E+00      0.138985E-04     *
*    2     2        1      0.104546E-02      0.520098E-04     *
***************************************************************

********************************************************************************
Atm_Step: Info: timestep       23 took      2.278 seconds
********************************************************************************
Atm_Step: Info: Starting timestep       24 at time=   902.155 seconds

Atm_Step: Timestep       24   Model time:   1979-03-01 01:12:00
***************************************************************
*    Linear solve for Helmholtz problem                       *
* Outer Inner Iterations   InitialError       FinalError      *
*    1     1        4      0.100000E+01      0.137078E-04     *
*    1     2        2      0.681762E-02      0.204859E-04     *
***************************************************************
***************************************************************
*    Linear solve for Helmholtz problem                       *
* Outer Inner Iterations   InitialError       FinalError      *
*    2     1        3      0.100333E+00      0.138547E-04     *
*    2     2        1      0.103639E-02      0.518014E-04     *
***************************************************************

********************************************************************************
Atm_Step: Info: timestep       24 took      1.562 seconds
********************************************************************************
Atm_Step: Info: Starting timestep       25 at time=   903.717 seconds

Atm_Step: Timestep       25   Model time:   1979-03-01 01:15:00
***************************************************************
*    Linear solve for Helmholtz problem                       *
* Outer Inner Iterations   InitialError       FinalError      *
*    1     1        4      0.100000E+01      0.140364E-04     *
*    1     2        2      0.682485E-02      0.205019E-04     *
***************************************************************
***************************************************************
*    Linear solve for Helmholtz problem                       *
* Outer Inner Iterations   InitialError       FinalError      *
*    2     1        3      0.100501E+00      0.138422E-04     *
*    2     2        1      0.104170E-02      0.517156E-04     *
***************************************************************

********************************************************************************
Atm_Step: Info: timestep       25 took      2.831 seconds
********************************************************************************
Atm_Step: Info: Starting timestep       26 at time=   906.549 seconds

Atm_Step: Timestep       26   Model time:   1979-03-01 01:18:00
***************************************************************
*    Linear solve for Helmholtz problem                       *
* Outer Inner Iterations   InitialError       FinalError      *
*    1     1        4      0.100000E+01      0.138267E-04     *
*    1     2        2      0.682333E-02      0.204984E-04     *
***************************************************************
***************************************************************
*    Linear solve for Helmholtz problem                       *
* Outer Inner Iterations   InitialError       FinalError      *
*    2     1        3      0.100376E+00      0.138519E-04     *
*    2     2        1      0.102301E-02      0.515183E-04     *
***************************************************************

********************************************************************************
Atm_Step: Info: timestep       26 took      1.568 seconds
********************************************************************************
Atm_Step: Info: Starting timestep       27 at time=   908.117 seconds

Atm_Step: Timestep       27   Model time:   1979-03-01 01:21:00
***************************************************************
*    Linear solve for Helmholtz problem                       *
* Outer Inner Iterations   InitialError       FinalError      *
*    1     1        4      0.100000E+01      0.139498E-04     *
*    1     2        2      0.682706E-02      0.205145E-04     *
***************************************************************
***************************************************************
*    Linear solve for Helmholtz problem                       *
* Outer Inner Iterations   InitialError       FinalError      *
*    2     1        3      0.100282E+00      0.138617E-04     *
*    2     2        1      0.102255E-02      0.514489E-04     *
***************************************************************

********************************************************************************
Atm_Step: Info: timestep       27 took      2.110 seconds
********************************************************************************
Atm_Step: Info: Starting timestep       28 at time=   910.228 seconds

Atm_Step: Timestep       28   Model time:   1979-03-01 01:24:00
***************************************************************
*    Linear solve for Helmholtz problem                       *
* Outer Inner Iterations   InitialError       FinalError      *
*    1     1        4      0.100000E+01      0.138378E-04     *
*    1     2        2      0.682942E-02      0.205057E-04     *
***************************************************************
***************************************************************
*    Linear solve for Helmholtz problem                       *
* Outer Inner Iterations   InitialError       FinalError      *
*    2     1        3      0.100227E+00      0.137536E-04     *
*    2     2        1      0.102219E-02      0.511016E-04     *
***************************************************************

********************************************************************************
Atm_Step: Info: timestep       28 took      2.243 seconds
********************************************************************************
Atm_Step: Info: Starting timestep       29 at time=   912.472 seconds

Atm_Step: Timestep       29   Model time:   1979-03-01 01:27:00
***************************************************************
*    Linear solve for Helmholtz problem                       *
* Outer Inner Iterations   InitialError       FinalError      *
*    1     1        4      0.100000E+01      0.136500E-04     *
*    1     2        2      0.683477E-02      0.205181E-04     *
***************************************************************
***************************************************************
*    Linear solve for Helmholtz problem                       *
* Outer Inner Iterations   InitialError       FinalError      *
*    2     1        3      0.100180E+00      0.137537E-04     *
*    2     2        1      0.102186E-02      0.509305E-04     *
***************************************************************

********************************************************************************
Atm_Step: Info: timestep       29 took      2.217 seconds
********************************************************************************
Atm_Step: Info: Starting timestep       30 at time=   914.690 seconds

Atm_Step: Timestep       30   Model time:   1979-03-01 01:30:00
***************************************************************
*    Linear solve for Helmholtz problem                       *
* Outer Inner Iterations   InitialError       FinalError      *
*    1     1        4      0.100000E+01      0.138516E-04     *
*    1     2        2      0.683644E-02      0.205194E-04     *
***************************************************************
***************************************************************
*    Linear solve for Helmholtz problem                       *
* Outer Inner Iterations   InitialError       FinalError      *
*    2     1        3      0.999820E-01      0.137101E-04     *
*    2     2        1      0.101668E-02      0.508016E-04     *
***************************************************************

********************************************************************************
Atm_Step: Info: timestep       30 took      1.687 seconds
********************************************************************************
Atm_Step: Info: Starting timestep       31 at time=   916.377 seconds

Atm_Step: Timestep       31   Model time:   1979-03-01 01:33:00
***************************************************************
*    Linear solve for Helmholtz problem                       *
* Outer Inner Iterations   InitialError       FinalError      *
*    1     1        4      0.100000E+01      0.135355E-04     *
*    1     2        2      0.684053E-02      0.205277E-04     *
***************************************************************
***************************************************************
*    Linear solve for Helmholtz problem                       *
* Outer Inner Iterations   InitialError       FinalError      *
*    2     1        3      0.100136E+00      0.136962E-04     *
*    2     2        1      0.101360E-02      0.507543E-04     *
***************************************************************

********************************************************************************
Atm_Step: Info: timestep       31 took      2.194 seconds
********************************************************************************
Atm_Step: Info: Starting timestep       32 at time=   918.572 seconds

Atm_Step: Timestep       32   Model time:   1979-03-01 01:36:00
***************************************************************
*    Linear solve for Helmholtz problem                       *
* Outer Inner Iterations   InitialError       FinalError      *
*    1     1        4      0.100000E+01      0.134842E-04     *
*    1     2        2      0.684453E-02      0.205491E-04     *
***************************************************************
***************************************************************
*    Linear solve for Helmholtz problem                       *
* Outer Inner Iterations   InitialError       FinalError      *
*    2     1        3      0.999054E-01      0.136442E-04     *
*    2     2        1      0.100991E-02      0.505805E-04     *
***************************************************************

********************************************************************************
Atm_Step: Info: timestep       32 took      2.566 seconds
********************************************************************************
Atm_Step: Info: Starting timestep       33 at time=   921.138 seconds

Atm_Step: Timestep       33   Model time:   1979-03-01 01:39:00
***************************************************************
*    Linear solve for Helmholtz problem                       *
* Outer Inner Iterations   InitialError       FinalError      *
*    1     1        4      0.100000E+01      0.135590E-04     *
*    1     2        2      0.684642E-02      0.205456E-04     *
***************************************************************
***************************************************************
*    Linear solve for Helmholtz problem                       *
* Outer Inner Iterations   InitialError       FinalError      *
*    2     1        3      0.100032E+00      0.136298E-04     *
*    2     2        1      0.101196E-02      0.504832E-04     *
***************************************************************

********************************************************************************
Atm_Step: Info: timestep       33 took      1.556 seconds
********************************************************************************
Atm_Step: Info: Starting timestep       34 at time=   922.694 seconds

Atm_Step: Timestep       34   Model time:   1979-03-01 01:42:00
***************************************************************
*    Linear solve for Helmholtz problem                       *
* Outer Inner Iterations   InitialError       FinalError      *
*    1     1        4      0.100000E+01      0.134563E-04     *
*    1     2        2      0.684903E-02      0.205604E-04     *
***************************************************************
***************************************************************
*    Linear solve for Helmholtz problem                       *
* Outer Inner Iterations   InitialError       FinalError      *
*    2     1        3      0.100014E+00      0.136092E-04     *
*    2     2        1      0.100531E-02      0.503815E-04     *
***************************************************************

********************************************************************************
Atm_Step: Info: timestep       34 took      1.820 seconds
********************************************************************************
Atm_Step: Info: Starting timestep       35 at time=   924.514 seconds

Atm_Step: Timestep       35   Model time:   1979-03-01 01:45:00
***************************************************************
*    Linear solve for Helmholtz problem                       *
* Outer Inner Iterations   InitialError       FinalError      *
*    1     1        4      0.100000E+01      0.134134E-04     *
*    1     2        2      0.685196E-02      0.205707E-04     *
***************************************************************
***************************************************************
*    Linear solve for Helmholtz problem                       *
* Outer Inner Iterations   InitialError       FinalError      *
*    2     1        3      0.999862E-01      0.135926E-04     *
*    2     2        1      0.100657E-02      0.502910E-04     *
***************************************************************

********************************************************************************
Atm_Step: Info: timestep       35 took      1.914 seconds
********************************************************************************
Atm_Step: Info: Starting timestep       36 at time=   926.429 seconds

Atm_Step: Timestep       36   Model time:   1979-03-01 01:48:00
***************************************************************
*    Linear solve for Helmholtz problem                       *
* Outer Inner Iterations   InitialError       FinalError      *
*    1     1        4      0.100000E+01      0.135656E-04     *
*    1     2        2      0.685442E-02      0.205929E-04     *
***************************************************************
***************************************************************
*    Linear solve for Helmholtz problem                       *
* Outer Inner Iterations   InitialError       FinalError      *
*    2     1        3      0.100242E+00      0.135590E-04     *
*    2     2        1      0.102155E-02      0.502800E-04     *
***************************************************************

********************************************************************************
Atm_Step: Info: timestep       36 took      2.143 seconds
********************************************************************************
Atm_Step: Info: Starting timestep       37 at time=   928.573 seconds

Atm_Step: Timestep       37   Model time:   1979-03-01 01:51:00
***************************************************************
*    Linear solve for Helmholtz problem                       *
* Outer Inner Iterations   InitialError       FinalError      *
*    1     1        4      0.100000E+01      0.134906E-04     *
*    1     2        2      0.686138E-02      0.206092E-04     *
***************************************************************
***************************************************************
*    Linear solve for Helmholtz problem                       *
* Outer Inner Iterations   InitialError       FinalError      *
*    2     1        3      0.100189E+00      0.135309E-04     *
*    2     2        1      0.102078E-02      0.500996E-04     *
***************************************************************

********************************************************************************
Atm_Step: Info: timestep       37 took      1.561 seconds
********************************************************************************
Atm_Step: Info: Starting timestep       38 at time=   930.134 seconds

Atm_Step: Timestep       38   Model time:   1979-03-01 01:54:00
***************************************************************
*    Linear solve for Helmholtz problem                       *
* Outer Inner Iterations   InitialError       FinalError      *
*    1     1        4      0.100000E+01      0.135278E-04     *
*    1     2        2      0.686809E-02      0.206290E-04     *
***************************************************************
***************************************************************
*    Linear solve for Helmholtz problem                       *
* Outer Inner Iterations   InitialError       FinalError      *
*    2     1        3      0.100391E+00      0.135386E-04     *
*    2     2        1      0.102811E-02      0.500320E-04     *
***************************************************************

********************************************************************************
Atm_Step: Info: timestep       38 took      2.374 seconds
********************************************************************************
Atm_Step: Info: Starting timestep       39 at time=   932.508 seconds

Atm_Step: Timestep       39   Model time:   1979-03-01 01:57:00
***************************************************************
*    Linear solve for Helmholtz problem                       *
* Outer Inner Iterations   InitialError       FinalError      *
*    1     1        4      0.100000E+01      0.135862E-04     *
*    1     2        2      0.687382E-02      0.206468E-04     *
***************************************************************
***************************************************************
*    Linear solve for Helmholtz problem                       *
* Outer Inner Iterations   InitialError       FinalError      *
*    2     1        3      0.100522E+00      0.134863E-04     *
*    2     2        1      0.104279E-02      0.498486E-04     *
***************************************************************

********************************************************************************
Atm_Step: Info: timestep       39 took      1.561 seconds
********************************************************************************
Atm_Step: Info: Starting timestep       40 at time=   934.069 seconds

Atm_Step: Timestep       40   Model time:   1979-03-01 02:00:00
***************************************************************
*    Linear solve for Helmholtz problem                       *
* Outer Inner Iterations   InitialError       FinalError      *
*    1     1        4      0.100000E+01      0.135619E-04     *
*    1     2        2      0.687876E-02      0.206623E-04     *
***************************************************************
***************************************************************
*    Linear solve for Helmholtz problem                       *
* Outer Inner Iterations   InitialError       FinalError      *
*    2     1        3      0.100722E+00      0.134830E-04     *
*    2     2        1      0.104621E-02      0.497871E-04     *
***************************************************************

********************************************************************************
Atm_Step: Info: timestep       40 took      1.999 seconds
********************************************************************************
Atm_Step: Info: Starting timestep       41 at time=   936.069 seconds

Atm_Step: Timestep       41   Model time:   1979-03-01 02:03:00
***************************************************************
*    Linear solve for Helmholtz problem                       *
* Outer Inner Iterations   InitialError       FinalError      *
*    1     1        4      0.100000E+01      0.135694E-04     *
*    1     2        2      0.687052E-02      0.205797E-04     *
***************************************************************
***************************************************************
*    Linear solve for Helmholtz problem                       *
* Outer Inner Iterations   InitialError       FinalError      *
*    2     1        3      0.100752E+00      0.134888E-04     *
*    2     2        1      0.107804E-02      0.497863E-04     *
***************************************************************

********************************************************************************
Atm_Step: Info: timestep       41 took      2.007 seconds
********************************************************************************
Atm_Step: Info: Starting timestep       42 at time=   938.076 seconds

Atm_Step: Timestep       42   Model time:   1979-03-01 02:06:00
***************************************************************
*    Linear solve for Helmholtz problem                       *
* Outer Inner Iterations   InitialError       FinalError      *
*    1     1        4      0.100000E+01      0.134946E-04     *
*    1     2        2      0.687341E-02      0.205945E-04     *
***************************************************************
***************************************************************
*    Linear solve for Helmholtz problem                       *
* Outer Inner Iterations   InitialError       FinalError      *
*    2     1        3      0.100701E+00      0.135050E-04     *
*    2     2        1      0.103355E-02      0.496553E-04     *
***************************************************************

********************************************************************************
Atm_Step: Info: timestep       42 took      1.543 seconds
********************************************************************************
Atm_Step: Info: Starting timestep       43 at time=   939.620 seconds

Atm_Step: Timestep       43   Model time:   1979-03-01 02:09:00
***************************************************************
*    Linear solve for Helmholtz problem                       *
* Outer Inner Iterations   InitialError       FinalError      *
*    1     1        4      0.100000E+01      0.136783E-04     *
*    1     2        2      0.688085E-02      0.206280E-04     *
***************************************************************
***************************************************************
*    Linear solve for Helmholtz problem                       *
* Outer Inner Iterations   InitialError       FinalError      *
*    2     1        3      0.100661E+00      0.134845E-04     *
*    2     2        1      0.103528E-02      0.495632E-04     *
***************************************************************

********************************************************************************
Atm_Step: Info: timestep       43 took      1.551 seconds
********************************************************************************
Atm_Step: Info: Starting timestep       44 at time=   941.171 seconds

Atm_Step: Timestep       44   Model time:   1979-03-01 02:12:00
***************************************************************
*    Linear solve for Helmholtz problem                       *
* Outer Inner Iterations   InitialError       FinalError      *
*    1     1        4      0.100000E+01      0.136226E-04     *
*    1     2        2      0.688432E-02      0.206486E-04     *
***************************************************************
***************************************************************
*    Linear solve for Helmholtz problem                       *
* Outer Inner Iterations   InitialError       FinalError      *
*    2     1        3      0.100487E+00      0.134750E-04     *
*    2     2        1      0.101661E-02      0.494126E-04     *
***************************************************************

********************************************************************************
Atm_Step: Info: timestep       44 took      1.911 seconds
********************************************************************************
Atm_Step: Info: Starting timestep       45 at time=   943.083 seconds

Atm_Step: Timestep       45   Model time:   1979-03-01 02:15:00
***************************************************************
*    Linear solve for Helmholtz problem                       *
* Outer Inner Iterations   InitialError       FinalError      *
*    1     1        4      0.100000E+01      0.136701E-04     *
*    1     2        2      0.689482E-02      0.206743E-04     *
***************************************************************
***************************************************************
*    Linear solve for Helmholtz problem                       *
* Outer Inner Iterations   InitialError       FinalError      *
*    2     1        3      0.100420E+00      0.134140E-04     *
*    2     2        1      0.102464E-02      0.491989E-04     *
***************************************************************

********************************************************************************
Atm_Step: Info: timestep       45 took      1.577 seconds
********************************************************************************
Atm_Step: Info: Starting timestep       46 at time=   944.661 seconds

Atm_Step: Timestep       46   Model time:   1979-03-01 02:18:00
***************************************************************
*    Linear solve for Helmholtz problem                       *
* Outer Inner Iterations   InitialError       FinalError      *
*    1     1        4      0.100000E+01      0.136791E-04     *
*    1     2        2      0.690375E-02      0.206904E-04     *
***************************************************************
***************************************************************
*    Linear solve for Helmholtz problem                       *
* Outer Inner Iterations   InitialError       FinalError      *
*    2     1        3      0.100147E+00      0.134857E-04     *
*    2     2        1      0.101858E-02      0.491022E-04     *
***************************************************************

********************************************************************************
Atm_Step: Info: timestep       46 took      1.546 seconds
********************************************************************************
Atm_Step: Info: Starting timestep       47 at time=   946.207 seconds

Atm_Step: Timestep       47   Model time:   1979-03-01 02:21:00
***************************************************************
*    Linear solve for Helmholtz problem                       *
* Outer Inner Iterations   InitialError       FinalError      *
*    1     1        4      0.100000E+01      0.137918E-04     *
*    1     2        2      0.690535E-02      0.207038E-04     *
***************************************************************
***************************************************************
*    Linear solve for Helmholtz problem                       *
* Outer Inner Iterations   InitialError       FinalError      *
*    2     1        3      0.100005E+00      0.134218E-04     *
*    2     2        1      0.101321E-02      0.488467E-04     *
***************************************************************

********************************************************************************
Atm_Step: Info: timestep       47 took      2.096 seconds
********************************************************************************
Atm_Step: Info: Starting timestep       48 at time=   948.304 seconds

Atm_Step: Timestep       48   Model time:   1979-03-01 02:24:00
***************************************************************
*    Linear solve for Helmholtz problem                       *
* Outer Inner Iterations   InitialError       FinalError      *
*    1     1        4      0.100000E+01      0.137810E-04     *
*    1     2        2      0.691408E-02      0.207028E-04     *
***************************************************************
***************************************************************
*    Linear solve for Helmholtz problem                       *
* Outer Inner Iterations   InitialError       FinalError      *
*    2     1        3      0.100008E+00      0.134769E-04     *
*    2     2        1      0.105267E-02      0.487695E-04     *
***************************************************************

********************************************************************************
Atm_Step: Info: timestep       48 took      3.258 seconds
********************************************************************************
Atm_Step: Info: Starting timestep       49 at time=   951.562 seconds

Atm_Step: Timestep       49   Model time:   1979-03-01 02:27:00
***************************************************************
*    Linear solve for Helmholtz problem                       *
* Outer Inner Iterations   InitialError       FinalError      *
*    1     1        4      0.100000E+01      0.140572E-04     *
*    1     2        2      0.691436E-02      0.207165E-04     *
***************************************************************
***************************************************************
*    Linear solve for Helmholtz problem                       *
* Outer Inner Iterations   InitialError       FinalError      *
*    2     1        3      0.100422E+00      0.134053E-04     *
*    2     2        1      0.109798E-02      0.485897E-04     *
***************************************************************

********************************************************************************
Atm_Step: Info: timestep       49 took      1.561 seconds
********************************************************************************
Atm_Step: Info: Starting timestep       50 at time=   953.124 seconds

Atm_Step: Timestep       50   Model time:   1979-03-01 02:30:00
***************************************************************
*    Linear solve for Helmholtz problem                       *
* Outer Inner Iterations   InitialError       FinalError      *
*    1     1        4      0.100000E+01      0.139959E-04     *
*    1     2        2      0.691045E-02      0.207147E-04     *
***************************************************************
***************************************************************
*    Linear solve for Helmholtz problem                       *
* Outer Inner Iterations   InitialError       FinalError      *
*    2     1        3      0.101386E+00      0.134555E-04     *
*    2     2        1      0.122973E-02      0.485992E-04     *
***************************************************************

********************************************************************************
Atm_Step: Info: timestep       50 took      3.386 seconds
********************************************************************************
Atm_Step: Info: Starting timestep       51 at time=   956.510 seconds

Atm_Step: Timestep       51   Model time:   1979-03-01 02:33:00
***************************************************************
*    Linear solve for Helmholtz problem                       *
* Outer Inner Iterations   InitialError       FinalError      *
*    1     1        4      0.100000E+01      0.139609E-04     *
*    1     2        2      0.691756E-02      0.207133E-04     *
***************************************************************
***************************************************************
*    Linear solve for Helmholtz problem                       *
* Outer Inner Iterations   InitialError       FinalError      *
*    2     1        3      0.101082E+00      0.135285E-04     *
*    2     2        1      0.106206E-02      0.483429E-04     *
***************************************************************

********************************************************************************
Atm_Step: Info: timestep       51 took      1.562 seconds
********************************************************************************
Atm_Step: Info: Starting timestep       52 at time=   958.073 seconds

Atm_Step: Timestep       52   Model time:   1979-03-01 02:36:00
***************************************************************
*    Linear solve for Helmholtz problem                       *
* Outer Inner Iterations   InitialError       FinalError      *
*    1     1        4      0.100000E+01      0.141476E-04     *
*    1     2        2      0.690775E-02      0.207177E-04     *
***************************************************************
***************************************************************
*    Linear solve for Helmholtz problem                       *
* Outer Inner Iterations   InitialError       FinalError      *
*    2     1        3      0.100261E+00      0.134773E-04     *
*    2     2        1      0.102660E-02      0.483327E-04     *
***************************************************************

********************************************************************************
Atm_Step: Info: timestep       52 took      1.565 seconds
********************************************************************************
Atm_Step: Info: Starting timestep       53 at time=   959.638 seconds

Atm_Step: Timestep       53   Model time:   1979-03-01 02:39:00
***************************************************************
*    Linear solve for Helmholtz problem                       *
* Outer Inner Iterations   InitialError       FinalError      *
*    1     1        4      0.100000E+01      0.140645E-04     *
*    1     2        2      0.692706E-02      0.207010E-04     *
***************************************************************
***************************************************************
*    Linear solve for Helmholtz problem                       *
* Outer Inner Iterations   InitialError       FinalError      *
*    2     1        3      0.998878E-01      0.134551E-04     *
*    2     2        1      0.101993E-02      0.480434E-04     *
***************************************************************

********************************************************************************
Atm_Step: Info: timestep       53 took      1.673 seconds
********************************************************************************
