
????????????????????????????????????????????????????????????????????????????????
??????????????????????????????      WARNING       ??????????????????????????????
?  Warning code: -100
?  Warning from routine: RCF_READNL_NLSTCALL
?  Warning message: Using RCF_TIMER rather than ltimer. Timing OFF
?  Warning from processor: 0
?  Warning number: 0
????????????????????????????????????????????????????????????????????????????????


????????????????????????????????????????????????????????????????????????????????
??????????????????????????????      WARNING       ??????????????????????????????
?  Warning code: -100
?  Warning from routine: WARN_TEMP_FIXES
?  Warning message:
?          Recon run excludes ticket #5401 as l_roughnesslength_fix=.FALSE.
?          TStep=1 10m coastal winds may be unrealistic.
?          Coastal-tiling runs advised to check impact first.
?  Warning from processor: 0
?  Warning number: 1
????????????????????????????????????????????????????????????????????????????????


????????????????????????????????????????????????????????????????????????????????
??????????????????????????????      WARNING       ??????????????????????????????
?  Warning code: -10
?  Warning from routine: GET_ENV_VAR
?  Warning message: Environment variable ATMOS_COMP is not set.
?  Warning from processor: 0
?  Warning number: 2
????????????????????????????????????????????????????????????????????????????????


????????????????????????????????????????????????????????????????????????????????
??????????????????????????????      WARNING       ??????????????????????????????
?  Warning code: -10
?  Warning from routine: RCF_SMC_STRESS
?  Warning message: Input and output soil properties are identical.
?          Not converting soil moisture to soil stress and
?          resetting namelist variable use_smc_stress to .false.
?  Warning from processor: 0
?  Warning number: 3
????????????????????????????????????????????????????????????????????????????????


Total IO Timings: BUFFIN
Calls: 9197
Total time: 9.184047 secs 		 Average time: 0.000998 secs
Total bytes transferred: 1977572696 	 Average bytes transferred: 215023
Overall transfer rate: 215.326950 MB/s 	 Average transfer rate: 215.453903 MB/s

Total IO Timings: BUFFOUT
Calls: 460
Total time: 1.037999 secs 		 Average time: 0.002256 secs
Total bytes transferred: 1803837504 	 Average bytes transferred: 3921385
Overall transfer rate: 1737.802612 MB/s 	 Average transfer rate: 1738.202637 MB/s

Total IO Timings: FILE_OPEN
Calls: 35
Total time: 0.017256 secs 		 Average time: 0.000493 secs

Total IO Timings: FILE_CLOSE
Calls: 35
Total time: 0.180502 secs 		 Average time: 0.005157 secs

Total IO Timings: FILE_SEEK
Calls: 17590
Total time: 0.276966 secs 		 Average time: 0.000015 secs
?  Caution This run generated 4 warnings
