-> info : Register new Context : um-atmos_ens
-> info : update step : 0 timestep 900s
-> info : Event 0 of context um-atmos_ens
-> info : CClientBuffer: allocated 2 x 578720 bytes for server 0 with a maximum of 10 buffered events
-> info : Event 0 of context um-atmos_ens  sent
-> info : Event 1 of context um-atmos_ens
-> info : Event 1 of context um-atmos_ens  sent
-> info : Event 2 of context um-atmos_ens
-> info : Event 2 of context um-atmos_ens  sent
-> info : Event 3 of context um-atmos_ens
-> info : Event 3 of context um-atmos_ens  sent
-> info : Event 4 of context um-atmos_ens
-> info : Event 4 of context um-atmos_ens  sent
-> info : Event 5 of context um-atmos_ens
-> info : Event 5 of context um-atmos_ens  sent
-> info : Event 6 of context um-atmos_ens
-> info : Event 6 of context um-atmos_ens  sent
-> info : Event 7 of context um-atmos_ens
-> info : Event 7 of context um-atmos_ens  sent
-> info : Event 8 of context um-atmos_ens
-> info : Event 8 of context um-atmos_ens  sent
-> info : Event 9 of context um-atmos_ens
-> info : Event 9 of context um-atmos_ens  sent
-> info : Event 10 of context um-atmos_ens
-> info : Event 10 of context um-atmos_ens  sent
-> info : Event 11 of context um-atmos_ens
-> info : Event 11 of context um-atmos_ens  sent
-> info : Event 12 of context um-atmos_ens
-> info : Event 12 of context um-atmos_ens  sent
-> info : Event 13 of context um-atmos_ens
-> info : Event 13 of context um-atmos_ens  sent
-> info : Event 14 of context um-atmos_ens
-> info : Event 14 of context um-atmos_ens  sent
-> info : Event 15 of context um-atmos_ens
-> info : Event 15 of context um-atmos_ens  sent
-> info : Event 16 of context um-atmos_ens
-> info : Event 16 of context um-atmos_ens  sent
-> info : Event 17 of context um-atmos_ens
-> info : Event 17 of context um-atmos_ens  sent
-> info : Event 18 of context um-atmos_ens
-> info : Event 18 of context um-atmos_ens  sent
-> info : Event 19 of context um-atmos_ens
-> info : Event 19 of context um-atmos_ens  sent
-> info : Event 20 of context um-atmos_ens
-> info : Event 20 of context um-atmos_ens  sent
-> info : Event 21 of context um-atmos_ens
-> info : Event 21 of context um-atmos_ens  sent
-> info : Event 22 of context um-atmos_ens
-> info : Event 22 of context um-atmos_ens  sent
-> info : Event 23 of context um-atmos_ens
-> info : Event 23 of context um-atmos_ens  sent
-> info : Event 24 of context um-atmos_ens
-> info : Event 24 of context um-atmos_ens  sent
-> info : Event 25 of context um-atmos_ens
-> info : Event 25 of context um-atmos_ens  sent
-> info : Event 26 of context um-atmos_ens
-> info : Event 26 of context um-atmos_ens  sent
-> info : Event 27 of context um-atmos_ens
-> info : Event 27 of context um-atmos_ens  sent
-> info : Event 28 of context um-atmos_ens
-> info : Event 28 of context um-atmos_ens  sent
-> info : Event 29 of context um-atmos_ens
-> info : Event 29 of context um-atmos_ens  sent
-> info : Event 30 of context um-atmos_ens
-> info : Event 30 of context um-atmos_ens  sent
-> info : Event 31 of context um-atmos_ens
-> info : Event 31 of context um-atmos_ens  sent
-> info : Event 32 of context um-atmos_ens
-> info : Event 32 of context um-atmos_ens  sent
-> info : Event 33 of context um-atmos_ens
-> info : Event 33 of context um-atmos_ens  sent
-> info : Event 34 of context um-atmos_ens
-> info : Event 34 of context um-atmos_ens  sent
-> info : Event 35 of context um-atmos_ens
-> info : Event 35 of context um-atmos_ens  sent
-> info : Event 36 of context um-atmos_ens
-> info : Event 36 of context um-atmos_ens  sent
-> info : Event 37 of context um-atmos_ens
-> info : Event 37 of context um-atmos_ens  sent
-> info : Event 38 of context um-atmos_ens
-> info : Event 38 of context um-atmos_ens  sent
-> info : Event 39 of context um-atmos_ens
-> info : Event 39 of context um-atmos_ens  sent
-> info : Event 40 of context um-atmos_ens
-> info : Event 40 of context um-atmos_ens  sent
-> info : Event 41 of context um-atmos_ens
-> info : Event 41 of context um-atmos_ens  sent
-> info : Event 42 of context um-atmos_ens
-> info : Event 42 of context um-atmos_ens  sent
-> info : Event 43 of context um-atmos_ens
-> info : Event 43 of context um-atmos_ens  sent
-> info : Event 44 of context um-atmos_ens
-> info : Event 44 of context um-atmos_ens  sent
-> info : Event 45 of context um-atmos_ens
-> info : Event 45 of context um-atmos_ens  sent
-> info : Event 46 of context um-atmos_ens
-> info : Event 46 of context um-atmos_ens  sent
-> info : Event 47 of context um-atmos_ens
-> info : Event 47 of context um-atmos_ens  sent
-> info : Event 48 of context um-atmos_ens
-> info : Event 48 of context um-atmos_ens  sent
-> info : Event 49 of context um-atmos_ens
-> info : Event 49 of context um-atmos_ens  sent
-> info : Event 50 of context um-atmos_ens
-> info : Event 50 of context um-atmos_ens  sent
-> info : Event 51 of context um-atmos_ens
-> info : Event 51 of context um-atmos_ens  sent
-> info : Event 52 of context um-atmos_ens
-> info : Event 52 of context um-atmos_ens  sent
-> info : Event 53 of context um-atmos_ens
-> info : Event 53 of context um-atmos_ens  sent
-> info : Event 54 of context um-atmos_ens
-> info : Event 54 of context um-atmos_ens  sent
-> info : Event 55 of context um-atmos_ens
-> info : Event 55 of context um-atmos_ens  sent
-> info : Event 56 of context um-atmos_ens
-> info : Event 56 of context um-atmos_ens  sent
-> info : Event 57 of context um-atmos_ens
-> info : Event 57 of context um-atmos_ens  sent
-> info : Event 58 of context um-atmos_ens
-> info : Event 58 of context um-atmos_ens  sent
-> info : Event 59 of context um-atmos_ens
-> info : Event 59 of context um-atmos_ens  sent
-> info : Event 60 of context um-atmos_ens
-> info : Event 60 of context um-atmos_ens  sent
-> info : Event 61 of context um-atmos_ens
-> info : Event 61 of context um-atmos_ens  sent
-> info : Event 62 of context um-atmos_ens
-> info : Event 62 of context um-atmos_ens  sent
-> info : Event 63 of context um-atmos_ens
-> info : Event 63 of context um-atmos_ens  sent
-> info : Event 64 of context um-atmos_ens
-> info : Event 64 of context um-atmos_ens  sent
-> info : Event 65 of context um-atmos_ens
-> info : Event 65 of context um-atmos_ens  sent
-> info : Event 66 of context um-atmos_ens
-> info : Event 66 of context um-atmos_ens  sent
-> info : Event 67 of context um-atmos_ens
-> info : Event 67 of context um-atmos_ens  sent
-> info : Event 68 of context um-atmos_ens
-> info : Event 68 of context um-atmos_ens  sent
-> info : Event 69 of context um-atmos_ens
-> info : Event 69 of context um-atmos_ens  sent
-> info : Event 70 of context um-atmos_ens
-> info : Event 70 of context um-atmos_ens  sent
-> info : Event 71 of context um-atmos_ens
-> info : Event 71 of context um-atmos_ens  sent
-> info : Event 72 of context um-atmos_ens
-> info : Event 72 of context um-atmos_ens  sent
-> info : Event 73 of context um-atmos_ens
-> info : Event 73 of context um-atmos_ens  sent
-> info : Event 74 of context um-atmos_ens
-> info : Event 74 of context um-atmos_ens  sent
-> info : Event 75 of context um-atmos_ens
-> info : Event 75 of context um-atmos_ens  sent
-> info : Event 76 of context um-atmos_ens
-> info : Event 76 of context um-atmos_ens  sent
-> info : Event 77 of context um-atmos_ens
-> info : Event 77 of context um-atmos_ens  sent
-> info : Event 78 of context um-atmos_ens
-> info : Event 78 of context um-atmos_ens  sent
-> info : Event 79 of context um-atmos_ens
-> info : Event 79 of context um-atmos_ens  sent
-> info : Event 80 of context um-atmos_ens
-> info : Event 80 of context um-atmos_ens  sent
-> info : Event 81 of context um-atmos_ens
-> info : Event 81 of context um-atmos_ens  sent
-> info : Event 82 of context um-atmos_ens
-> info : Event 82 of context um-atmos_ens  sent
-> info : Event 83 of context um-atmos_ens
-> info : Event 83 of context um-atmos_ens  sent
-> info : Event 84 of context um-atmos_ens
-> info : Event 84 of context um-atmos_ens  sent
-> info : Event 85 of context um-atmos_ens
-> info : Event 85 of context um-atmos_ens  sent
-> info : Event 86 of context um-atmos_ens
-> info : Event 86 of context um-atmos_ens  sent
-> info : Event 87 of context um-atmos_ens
-> info : Event 87 of context um-atmos_ens  sent
-> info : Event 88 of context um-atmos_ens
-> info : Event 88 of context um-atmos_ens  sent
-> info : Event 89 of context um-atmos_ens
-> info : Event 89 of context um-atmos_ens  sent
-> info : Event 90 of context um-atmos_ens
-> info : Event 90 of context um-atmos_ens  sent
-> info : Event 91 of context um-atmos_ens
-> info : Event 91 of context um-atmos_ens  sent
-> info : Event 92 of context um-atmos_ens
-> info : Event 92 of context um-atmos_ens  sent
-> info : Event 93 of context um-atmos_ens
-> info : Event 93 of context um-atmos_ens  sent
-> info : Event 94 of context um-atmos_ens
-> info : Event 94 of context um-atmos_ens  sent
-> info : Event 95 of context um-atmos_ens
-> info : Event 95 of context um-atmos_ens  sent
-> info : Event 96 of context um-atmos_ens
-> info : Event 96 of context um-atmos_ens  sent
-> info : Event 97 of context um-atmos_ens
-> info : Event 97 of context um-atmos_ens  sent
-> info : Event 98 of context um-atmos_ens
-> info : Event 98 of context um-atmos_ens  sent
-> info : Event 99 of context um-atmos_ens
-> info : Event 99 of context um-atmos_ens  sent
-> info : Event 100 of context um-atmos_ens
-> info : Event 100 of context um-atmos_ens  sent
-> info : Event 101 of context um-atmos_ens
-> info : Event 101 of context um-atmos_ens  sent
-> info : Event 102 of context um-atmos_ens
-> info : Event 102 of context um-atmos_ens  sent
-> info : Event 103 of context um-atmos_ens
-> info : Event 103 of context um-atmos_ens  sent
-> info : Event 104 of context um-atmos_ens
-> info : Event 104 of context um-atmos_ens  sent
-> info : Event 105 of context um-atmos_ens
-> info : Event 105 of context um-atmos_ens  sent
-> info : Event 106 of context um-atmos_ens
-> info : Event 106 of context um-atmos_ens  sent
-> info : Event 107 of context um-atmos_ens
-> info : Event 107 of context um-atmos_ens  sent
-> info : Event 108 of context um-atmos_ens
-> info : Event 108 of context um-atmos_ens  sent
-> info : Event 109 of context um-atmos_ens
-> info : Event 109 of context um-atmos_ens  sent
-> info : Event 110 of context um-atmos_ens
-> info : Event 110 of context um-atmos_ens  sent
-> info : Event 111 of context um-atmos_ens
-> info : Event 111 of context um-atmos_ens  sent
-> info : Event 112 of context um-atmos_ens
-> info : Event 112 of context um-atmos_ens  sent
-> info : Event 113 of context um-atmos_ens
-> info : Event 113 of context um-atmos_ens  sent
-> info : Event 114 of context um-atmos_ens
-> info : Event 114 of context um-atmos_ens  sent
-> info : Event 115 of context um-atmos_ens
-> info : Event 115 of context um-atmos_ens  sent
-> info : Event 116 of context um-atmos_ens
-> info : Event 116 of context um-atmos_ens  sent
-> info : Event 117 of context um-atmos_ens
-> info : Event 117 of context um-atmos_ens  sent
-> info : Event 118 of context um-atmos_ens
-> info : Event 118 of context um-atmos_ens  sent
-> info : Event 119 of context um-atmos_ens
-> info : Event 119 of context um-atmos_ens  sent
-> info : Event 120 of context um-atmos_ens
-> info : Event 120 of context um-atmos_ens  sent
-> info : Event 121 of context um-atmos_ens
-> info : Event 121 of context um-atmos_ens  sent
-> info : Event 122 of context um-atmos_ens
-> info : Event 122 of context um-atmos_ens  sent
-> info : Event 123 of context um-atmos_ens
-> info : Event 123 of context um-atmos_ens  sent
-> info : Event 124 of context um-atmos_ens
-> info : Event 124 of context um-atmos_ens  sent
-> info : Event 125 of context um-atmos_ens
-> info : Event 125 of context um-atmos_ens  sent
-> info : Event 126 of context um-atmos_ens
-> info : Event 126 of context um-atmos_ens  sent
-> info : Event 127 of context um-atmos_ens
-> info : Event 127 of context um-atmos_ens  sent
-> info : Event 128 of context um-atmos_ens
-> info : Event 128 of context um-atmos_ens  sent
-> info : Event 129 of context um-atmos_ens
-> info : Event 129 of context um-atmos_ens  sent
-> info : Event 130 of context um-atmos_ens
-> info : Event 130 of context um-atmos_ens  sent
-> info : Event 131 of context um-atmos_ens
-> info : Event 131 of context um-atmos_ens  sent
-> info : Event 132 of context um-atmos_ens
-> info : Event 132 of context um-atmos_ens  sent
-> info : Event 133 of context um-atmos_ens
-> info : Event 133 of context um-atmos_ens  sent
-> info : Event 134 of context um-atmos_ens
-> info : Event 134 of context um-atmos_ens  sent
-> info : Event 135 of context um-atmos_ens
-> info : Event 135 of context um-atmos_ens  sent
-> info : Event 136 of context um-atmos_ens
-> info : Event 136 of context um-atmos_ens  sent
-> info : Event 137 of context um-atmos_ens
-> info : Event 137 of context um-atmos_ens  sent
-> info : Event 138 of context um-atmos_ens
-> info : Event 138 of context um-atmos_ens  sent
-> info : Event 139 of context um-atmos_ens
-> info : Event 139 of context um-atmos_ens  sent
-> info : Event 140 of context um-atmos_ens
-> info : Event 140 of context um-atmos_ens  sent
-> info : Event 141 of context um-atmos_ens
-> info : Event 141 of context um-atmos_ens  sent
-> info : Event 142 of context um-atmos_ens
-> info : Event 142 of context um-atmos_ens  sent
-> info : Event 143 of context um-atmos_ens
-> info : Event 143 of context um-atmos_ens  sent
-> info : Event 144 of context um-atmos_ens
-> info : Event 144 of context um-atmos_ens  sent
-> info : Event 145 of context um-atmos_ens
-> info : Event 145 of context um-atmos_ens  sent
-> info : Event 146 of context um-atmos_ens
-> info : Event 146 of context um-atmos_ens  sent
-> info : Event 147 of context um-atmos_ens
-> info : Event 147 of context um-atmos_ens  sent
-> info : Event 148 of context um-atmos_ens
-> info : Event 148 of context um-atmos_ens  sent
-> info : Event 149 of context um-atmos_ens
-> info : Event 149 of context um-atmos_ens  sent
-> info : Event 150 of context um-atmos_ens
-> info : Event 150 of context um-atmos_ens  sent
-> info : Event 151 of context um-atmos_ens
-> info : Event 151 of context um-atmos_ens  sent
-> info : Event 152 of context um-atmos_ens
-> info : Event 152 of context um-atmos_ens  sent
-> info : Event 153 of context um-atmos_ens
-> info : Event 153 of context um-atmos_ens  sent
-> info : Event 154 of context um-atmos_ens
-> info : Event 154 of context um-atmos_ens  sent
-> info : Event 155 of context um-atmos_ens
-> info : Event 155 of context um-atmos_ens  sent
-> info : Event 156 of context um-atmos_ens
-> info : Event 156 of context um-atmos_ens  sent
-> info : Event 157 of context um-atmos_ens
-> info : Event 157 of context um-atmos_ens  sent
-> info : Event 158 of context um-atmos_ens
-> info : Event 158 of context um-atmos_ens  sent
-> info : Event 159 of context um-atmos_ens
-> info : Event 159 of context um-atmos_ens  sent
-> info : Event 160 of context um-atmos_ens
-> info : Event 160 of context um-atmos_ens  sent
-> info : Event 161 of context um-atmos_ens
-> info : Event 161 of context um-atmos_ens  sent
-> info : Event 162 of context um-atmos_ens
-> info : Event 162 of context um-atmos_ens  sent
-> info : Event 163 of context um-atmos_ens
-> info : Event 163 of context um-atmos_ens  sent
-> info : Event 164 of context um-atmos_ens
-> info : Event 164 of context um-atmos_ens  sent
-> info : Event 165 of context um-atmos_ens
-> info : Event 165 of context um-atmos_ens  sent
-> info : Event 166 of context um-atmos_ens
-> info : Event 166 of context um-atmos_ens  sent
-> info : Event 167 of context um-atmos_ens
-> info : Event 167 of context um-atmos_ens  sent
-> info : Event 168 of context um-atmos_ens
-> info : Event 168 of context um-atmos_ens  sent
-> info : Event 169 of context um-atmos_ens
-> info : Event 169 of context um-atmos_ens  sent
-> info : Event 170 of context um-atmos_ens
-> info : Event 170 of context um-atmos_ens  sent
-> info : Event 171 of context um-atmos_ens
-> info : Event 171 of context um-atmos_ens  sent
-> info : Event 172 of context um-atmos_ens
-> info : Event 172 of context um-atmos_ens  sent
-> info : Event 173 of context um-atmos_ens
-> info : Event 173 of context um-atmos_ens  sent
-> info : Event 174 of context um-atmos_ens
-> info : Event 174 of context um-atmos_ens  sent
-> info : Event 175 of context um-atmos_ens
-> info : Event 175 of context um-atmos_ens  sent
-> info : Event 176 of context um-atmos_ens
-> info : Event 176 of context um-atmos_ens  sent
-> info : Event 177 of context um-atmos_ens
-> info : Event 177 of context um-atmos_ens  sent
-> info : Event 178 of context um-atmos_ens
-> info : Event 178 of context um-atmos_ens  sent
-> info : Event 179 of context um-atmos_ens
-> info : Event 179 of context um-atmos_ens  sent
-> info : Event 180 of context um-atmos_ens
-> info : Event 180 of context um-atmos_ens  sent
-> info : Event 181 of context um-atmos_ens
-> info : Event 181 of context um-atmos_ens  sent
-> info : Event 182 of context um-atmos_ens
-> info : Event 182 of context um-atmos_ens  sent
-> info : Event 183 of context um-atmos_ens
-> info : Event 183 of context um-atmos_ens  sent
-> info : Event 184 of context um-atmos_ens
-> info : Event 184 of context um-atmos_ens  sent
-> info : Event 185 of context um-atmos_ens
-> info : Event 185 of context um-atmos_ens  sent
-> info : Event 186 of context um-atmos_ens
-> info : Event 186 of context um-atmos_ens  sent
-> info : Event 187 of context um-atmos_ens
-> info : Event 187 of context um-atmos_ens  sent
-> info : Event 188 of context um-atmos_ens
-> info : Event 188 of context um-atmos_ens  sent
-> info : Event 189 of context um-atmos_ens
-> info : Event 189 of context um-atmos_ens  sent
-> info : Event 190 of context um-atmos_ens
-> info : Event 190 of context um-atmos_ens  sent
-> info : Event 191 of context um-atmos_ens
-> info : Event 191 of context um-atmos_ens  sent
-> info : Event 192 of context um-atmos_ens
-> info : Event 192 of context um-atmos_ens  sent
-> info : Event 193 of context um-atmos_ens
-> info : Event 193 of context um-atmos_ens  sent
-> info : Event 194 of context um-atmos_ens
-> info : Event 194 of context um-atmos_ens  sent
-> info : Event 195 of context um-atmos_ens
-> info : Event 195 of context um-atmos_ens  sent
-> info : Event 196 of context um-atmos_ens
-> info : Event 196 of context um-atmos_ens  sent
-> info : Event 197 of context um-atmos_ens
-> info : Event 197 of context um-atmos_ens  sent
-> info : Event 198 of context um-atmos_ens
-> info : Event 198 of context um-atmos_ens  sent
-> info : Event 199 of context um-atmos_ens
-> info : Event 199 of context um-atmos_ens  sent
-> info : Event 200 of context um-atmos_ens
-> info : Event 200 of context um-atmos_ens  sent
-> info : Event 201 of context um-atmos_ens
-> info : Event 201 of context um-atmos_ens  sent
-> info : Event 202 of context um-atmos_ens
-> info : Event 202 of context um-atmos_ens  sent
-> info : Event 203 of context um-atmos_ens
-> info : Event 203 of context um-atmos_ens  sent
-> info : Event 204 of context um-atmos_ens
-> info : Event 204 of context um-atmos_ens  sent
-> info : Event 205 of context um-atmos_ens
-> info : Event 205 of context um-atmos_ens  sent
-> info : Event 206 of context um-atmos_ens
-> info : Event 206 of context um-atmos_ens  sent
-> info : Event 207 of context um-atmos_ens
-> info : Event 207 of context um-atmos_ens  sent
-> info : Event 208 of context um-atmos_ens
-> info : Event 208 of context um-atmos_ens  sent
-> info : Event 209 of context um-atmos_ens
-> info : Event 209 of context um-atmos_ens  sent
-> info : Event 210 of context um-atmos_ens
-> info : Event 210 of context um-atmos_ens  sent
-> info : Event 211 of context um-atmos_ens
-> info : Event 211 of context um-atmos_ens  sent
-> info : Event 212 of context um-atmos_ens
-> info : Event 212 of context um-atmos_ens  sent
-> info : Event 213 of context um-atmos_ens
-> info : Event 213 of context um-atmos_ens  sent
-> info : Event 214 of context um-atmos_ens
-> info : Event 214 of context um-atmos_ens  sent
-> info : Event 215 of context um-atmos_ens
-> info : Event 215 of context um-atmos_ens  sent
-> info : Event 216 of context um-atmos_ens
-> info : Event 216 of context um-atmos_ens  sent
-> info : Event 217 of context um-atmos_ens
-> info : Event 217 of context um-atmos_ens  sent
-> info : Event 218 of context um-atmos_ens
-> info : Event 218 of context um-atmos_ens  sent
-> info : Event 219 of context um-atmos_ens
-> info : Event 219 of context um-atmos_ens  sent
-> info : Event 220 of context um-atmos_ens
-> info : Event 220 of context um-atmos_ens  sent
-> info : Event 221 of context um-atmos_ens
-> info : Event 221 of context um-atmos_ens  sent
-> info : Event 222 of context um-atmos_ens
-> info : Event 222 of context um-atmos_ens  sent
-> info : Event 223 of context um-atmos_ens
-> info : Event 223 of context um-atmos_ens  sent
-> info : Event 224 of context um-atmos_ens
-> info : Event 224 of context um-atmos_ens  sent
-> info : Event 225 of context um-atmos_ens
-> info : Event 225 of context um-atmos_ens  sent
-> info : Event 226 of context um-atmos_ens
-> info : Event 226 of context um-atmos_ens  sent
-> info : Event 227 of context um-atmos_ens
-> info : Event 227 of context um-atmos_ens  sent
-> info : Event 228 of context um-atmos_ens
-> info : Event 228 of context um-atmos_ens  sent
-> info : Event 229 of context um-atmos_ens
-> info : Event 229 of context um-atmos_ens  sent
-> info : Event 230 of context um-atmos_ens
-> info : Event 230 of context um-atmos_ens  sent
-> info : Event 231 of context um-atmos_ens
-> info : Event 231 of context um-atmos_ens  sent
-> info : Event 232 of context um-atmos_ens
-> info : Event 232 of context um-atmos_ens  sent
-> info : Event 233 of context um-atmos_ens
-> info : Event 233 of context um-atmos_ens  sent
-> info : Event 234 of context um-atmos_ens
-> info : Event 234 of context um-atmos_ens  sent
-> info : Event 235 of context um-atmos_ens
-> info : Event 235 of context um-atmos_ens  sent
-> info : Event 236 of context um-atmos_ens
-> info : Event 236 of context um-atmos_ens  sent
-> info : Event 237 of context um-atmos_ens
-> info : Event 237 of context um-atmos_ens  sent
-> info : Event 238 of context um-atmos_ens
-> info : Event 238 of context um-atmos_ens  sent
-> info : Event 239 of context um-atmos_ens
-> info : Event 239 of context um-atmos_ens  sent
-> info : Event 240 of context um-atmos_ens
-> info : Event 240 of context um-atmos_ens  sent
-> info : Event 241 of context um-atmos_ens
-> info : Event 241 of context um-atmos_ens  sent
-> info : Event 242 of context um-atmos_ens
-> info : Event 242 of context um-atmos_ens  sent
-> info : Event 243 of context um-atmos_ens
-> info : Event 243 of context um-atmos_ens  sent
-> info : Event 244 of context um-atmos_ens
-> info : Event 244 of context um-atmos_ens  sent
-> info : Event 245 of context um-atmos_ens
-> info : Event 245 of context um-atmos_ens  sent
-> info : Event 246 of context um-atmos_ens
-> info : Event 246 of context um-atmos_ens  sent
-> info : Event 247 of context um-atmos_ens
-> info : Event 247 of context um-atmos_ens  sent
-> info : Event 248 of context um-atmos_ens
-> info : Event 248 of context um-atmos_ens  sent
-> info : Event 249 of context um-atmos_ens
-> info : Event 249 of context um-atmos_ens  sent
-> info : Event 250 of context um-atmos_ens
-> info : Event 250 of context um-atmos_ens  sent
-> info : Event 251 of context um-atmos_ens
-> info : Event 251 of context um-atmos_ens  sent
-> info : Event 252 of context um-atmos_ens
-> info : Event 252 of context um-atmos_ens  sent
-> info : Event 253 of context um-atmos_ens
-> info : Event 253 of context um-atmos_ens  sent
-> info : Event 254 of context um-atmos_ens
-> info : Event 254 of context um-atmos_ens  sent
-> info : Event 255 of context um-atmos_ens
-> info : Event 255 of context um-atmos_ens  sent
-> info : Event 256 of context um-atmos_ens
-> info : Event 256 of context um-atmos_ens  sent
-> info : Event 257 of context um-atmos_ens
-> info : Event 257 of context um-atmos_ens  sent
-> info : Event 258 of context um-atmos_ens
-> info : Event 258 of context um-atmos_ens  sent
-> info : Event 259 of context um-atmos_ens
-> info : Event 259 of context um-atmos_ens  sent
-> info : Event 260 of context um-atmos_ens
-> info : Event 260 of context um-atmos_ens  sent
-> info : Event 261 of context um-atmos_ens
-> info : Event 261 of context um-atmos_ens  sent
-> info : Event 262 of context um-atmos_ens
-> info : Event 262 of context um-atmos_ens  sent
-> info : Event 263 of context um-atmos_ens
-> info : Event 263 of context um-atmos_ens  sent
-> info : Event 264 of context um-atmos_ens
-> info : Event 264 of context um-atmos_ens  sent
-> info : Event 265 of context um-atmos_ens
-> info : Event 265 of context um-atmos_ens  sent
-> info : Event 266 of context um-atmos_ens
-> info : Event 266 of context um-atmos_ens  sent
-> info : Event 267 of context um-atmos_ens
-> info : Event 267 of context um-atmos_ens  sent
-> info : Event 268 of context um-atmos_ens
-> info : Event 268 of context um-atmos_ens  sent
-> info : Event 269 of context um-atmos_ens
-> info : Event 269 of context um-atmos_ens  sent
-> info : Event 270 of context um-atmos_ens
-> info : Event 270 of context um-atmos_ens  sent
-> info : Event 271 of context um-atmos_ens
-> info : Event 271 of context um-atmos_ens  sent
-> info : Event 272 of context um-atmos_ens
-> info : Event 272 of context um-atmos_ens  sent
-> info : Event 273 of context um-atmos_ens
-> info : Event 273 of context um-atmos_ens  sent
-> info : Event 274 of context um-atmos_ens
-> info : Event 274 of context um-atmos_ens  sent
-> info : Event 275 of context um-atmos_ens
-> info : Event 275 of context um-atmos_ens  sent
-> info : Event 276 of context um-atmos_ens
-> info : Event 276 of context um-atmos_ens  sent
-> info : Event 277 of context um-atmos_ens
-> info : Event 277 of context um-atmos_ens  sent
-> info : Event 278 of context um-atmos_ens
-> info : Event 278 of context um-atmos_ens  sent
-> info : Event 279 of context um-atmos_ens
-> info : Event 279 of context um-atmos_ens  sent
-> info : Event 280 of context um-atmos_ens
-> info : Event 280 of context um-atmos_ens  sent
-> info : Event 281 of context um-atmos_ens
-> info : Event 281 of context um-atmos_ens  sent
-> info : Event 282 of context um-atmos_ens
-> info : Event 282 of context um-atmos_ens  sent
-> info : Event 283 of context um-atmos_ens
-> info : Event 283 of context um-atmos_ens  sent
-> info : Event 284 of context um-atmos_ens
-> info : Event 284 of context um-atmos_ens  sent
-> info : Event 285 of context um-atmos_ens
-> info : Event 285 of context um-atmos_ens  sent
-> info : Event 286 of context um-atmos_ens
-> info : Event 286 of context um-atmos_ens  sent
-> info : Event 287 of context um-atmos_ens
-> info : Event 287 of context um-atmos_ens  sent
-> info : Event 288 of context um-atmos_ens
-> info : Event 288 of context um-atmos_ens  sent
-> info : Event 289 of context um-atmos_ens
-> info : Event 289 of context um-atmos_ens  sent
-> info : Event 290 of context um-atmos_ens
-> info : Event 290 of context um-atmos_ens  sent
-> info : Event 291 of context um-atmos_ens
-> info : Event 291 of context um-atmos_ens  sent
-> info : Event 292 of context um-atmos_ens
-> info : Event 292 of context um-atmos_ens  sent
-> info : Event 293 of context um-atmos_ens
-> info : Event 293 of context um-atmos_ens  sent
-> info : Event 294 of context um-atmos_ens
-> info : Event 294 of context um-atmos_ens  sent
-> info : Event 295 of context um-atmos_ens
-> info : Event 295 of context um-atmos_ens  sent
-> info : Event 296 of context um-atmos_ens
-> info : Event 296 of context um-atmos_ens  sent
-> info : Event 297 of context um-atmos_ens
-> info : Event 297 of context um-atmos_ens  sent
-> info : Event 298 of context um-atmos_ens
-> info : Event 298 of context um-atmos_ens  sent
-> info : Event 299 of context um-atmos_ens
-> info : Event 299 of context um-atmos_ens  sent
-> info : Event 300 of context um-atmos_ens
-> info : Event 300 of context um-atmos_ens  sent
-> info : Event 301 of context um-atmos_ens
-> info : Event 301 of context um-atmos_ens  sent
-> info : Event 302 of context um-atmos_ens
-> info : Event 302 of context um-atmos_ens  sent
-> info : Event 303 of context um-atmos_ens
-> info : Event 303 of context um-atmos_ens  sent
-> info : Event 304 of context um-atmos_ens
-> info : Event 304 of context um-atmos_ens  sent
-> info : Event 305 of context um-atmos_ens
-> info : Event 305 of context um-atmos_ens  sent
-> info : Event 306 of context um-atmos_ens
-> info : Event 306 of context um-atmos_ens  sent
-> info : Event 307 of context um-atmos_ens
-> info : Event 307 of context um-atmos_ens  sent
-> info : Event 308 of context um-atmos_ens
-> info : Event 308 of context um-atmos_ens  sent
-> info : Event 309 of context um-atmos_ens
-> info : Event 309 of context um-atmos_ens  sent
-> info : Event 310 of context um-atmos_ens
-> info : Event 310 of context um-atmos_ens  sent
-> info : Event 311 of context um-atmos_ens
-> info : Event 311 of context um-atmos_ens  sent
-> info : Event 312 of context um-atmos_ens
-> info : Event 312 of context um-atmos_ens  sent
-> info : Event 313 of context um-atmos_ens
-> info : Event 313 of context um-atmos_ens  sent
-> info : Event 314 of context um-atmos_ens
-> info : Event 314 of context um-atmos_ens  sent
-> info : Event 315 of context um-atmos_ens
-> info : Event 315 of context um-atmos_ens  sent
-> info : Event 316 of context um-atmos_ens
-> info : Event 316 of context um-atmos_ens  sent
-> info : Event 317 of context um-atmos_ens
-> info : Event 317 of context um-atmos_ens  sent
-> info : Event 318 of context um-atmos_ens
-> info : Event 318 of context um-atmos_ens  sent
-> info : Event 319 of context um-atmos_ens
-> info : Event 319 of context um-atmos_ens  sent
-> info : Event 320 of context um-atmos_ens
-> info : Event 320 of context um-atmos_ens  sent
-> info : Event 321 of context um-atmos_ens
-> info : Event 321 of context um-atmos_ens  sent
-> info : Event 322 of context um-atmos_ens
-> info : Event 322 of context um-atmos_ens  sent
-> info : Event 323 of context um-atmos_ens
-> info : Event 323 of context um-atmos_ens  sent
-> info : Event 324 of context um-atmos_ens
-> info : Event 324 of context um-atmos_ens  sent
-> info : Event 325 of context um-atmos_ens
-> info : Event 325 of context um-atmos_ens  sent
-> info : Event 326 of context um-atmos_ens
-> info : Event 326 of context um-atmos_ens  sent
-> info : Event 327 of context um-atmos_ens
-> info : Event 327 of context um-atmos_ens  sent
-> info : Event 328 of context um-atmos_ens
-> info : Event 328 of context um-atmos_ens  sent
-> info : Event 329 of context um-atmos_ens
-> info : Event 329 of context um-atmos_ens  sent
-> info : Event 330 of context um-atmos_ens
-> info : Event 330 of context um-atmos_ens  sent
-> info : Event 331 of context um-atmos_ens
-> info : Event 331 of context um-atmos_ens  sent
-> info : Event 332 of context um-atmos_ens
-> info : Event 332 of context um-atmos_ens  sent
-> info : Event 333 of context um-atmos_ens
-> info : Event 333 of context um-atmos_ens  sent
-> info : Event 334 of context um-atmos_ens
-> info : Event 334 of context um-atmos_ens  sent
-> info : Event 335 of context um-atmos_ens
-> info : Event 335 of context um-atmos_ens  sent
-> info : Event 336 of context um-atmos_ens
-> info : Event 336 of context um-atmos_ens  sent
-> info : Event 337 of context um-atmos_ens
-> info : Event 337 of context um-atmos_ens  sent
-> info : Event 338 of context um-atmos_ens
-> info : Event 338 of context um-atmos_ens  sent
-> info : Event 339 of context um-atmos_ens
-> info : Event 339 of context um-atmos_ens  sent
-> info : Event 340 of context um-atmos_ens
-> info : Event 340 of context um-atmos_ens  sent
-> info : Event 341 of context um-atmos_ens
-> info : Event 341 of context um-atmos_ens  sent
-> info : Event 342 of context um-atmos_ens
-> info : Event 342 of context um-atmos_ens  sent
-> info : Event 343 of context um-atmos_ens
-> info : Event 343 of context um-atmos_ens  sent
-> info : Event 344 of context um-atmos_ens
-> info : Event 344 of context um-atmos_ens  sent
-> info : Event 345 of context um-atmos_ens
-> info : Event 345 of context um-atmos_ens  sent
-> info : Event 346 of context um-atmos_ens
-> info : Event 346 of context um-atmos_ens  sent
-> info : Event 347 of context um-atmos_ens
-> info : Event 347 of context um-atmos_ens  sent
-> info : Event 348 of context um-atmos_ens
-> info : Event 348 of context um-atmos_ens  sent
-> info : Event 349 of context um-atmos_ens
-> info : Event 349 of context um-atmos_ens  sent
-> info : Event 350 of context um-atmos_ens
-> info : Event 350 of context um-atmos_ens  sent
-> info : Event 351 of context um-atmos_ens
-> info : Event 351 of context um-atmos_ens  sent
-> info : Event 352 of context um-atmos_ens
-> info : Event 352 of context um-atmos_ens  sent
-> info : Event 353 of context um-atmos_ens
-> info : Event 353 of context um-atmos_ens  sent
-> info : Event 354 of context um-atmos_ens
-> info : Event 354 of context um-atmos_ens  sent
-> info : Event 355 of context um-atmos_ens
-> info : Event 355 of context um-atmos_ens  sent
-> info : Event 356 of context um-atmos_ens
-> info : Event 356 of context um-atmos_ens  sent
-> info : Event 357 of context um-atmos_ens
-> info : Event 357 of context um-atmos_ens  sent
-> info : Event 358 of context um-atmos_ens
-> info : Event 358 of context um-atmos_ens  sent
-> info : Event 359 of context um-atmos_ens
-> info : Event 359 of context um-atmos_ens  sent
-> info : Event 360 of context um-atmos_ens
-> info : Event 360 of context um-atmos_ens  sent
-> info : Event 361 of context um-atmos_ens
-> info : Event 361 of context um-atmos_ens  sent
-> info : Event 362 of context um-atmos_ens
-> info : Event 362 of context um-atmos_ens  sent
-> info : Event 363 of context um-atmos_ens
-> info : Event 363 of context um-atmos_ens  sent
-> info : Event 364 of context um-atmos_ens
-> info : Event 364 of context um-atmos_ens  sent
-> info : Event 365 of context um-atmos_ens
-> info : Event 365 of context um-atmos_ens  sent
-> info : Event 366 of context um-atmos_ens
-> info : Event 366 of context um-atmos_ens  sent
-> info : Event 367 of context um-atmos_ens
-> info : Event 367 of context um-atmos_ens  sent
-> info : Event 368 of context um-atmos_ens
-> info : Event 368 of context um-atmos_ens  sent
-> info : Event 369 of context um-atmos_ens
-> info : Event 369 of context um-atmos_ens  sent
-> info : Event 370 of context um-atmos_ens
-> info : Event 370 of context um-atmos_ens  sent
-> info : Event 371 of context um-atmos_ens
-> info : Event 371 of context um-atmos_ens  sent
-> info : Event 372 of context um-atmos_ens
-> info : Event 372 of context um-atmos_ens  sent
-> info : Event 373 of context um-atmos_ens
-> info : Event 373 of context um-atmos_ens  sent
-> info : Event 374 of context um-atmos_ens
-> info : Event 374 of context um-atmos_ens  sent
-> info : Event 375 of context um-atmos_ens
-> info : Event 375 of context um-atmos_ens  sent
-> info : Event 376 of context um-atmos_ens
-> info : Event 376 of context um-atmos_ens  sent
-> info : Event 377 of context um-atmos_ens
-> info : Event 377 of context um-atmos_ens  sent
-> info : Event 378 of context um-atmos_ens
-> info : Event 378 of context um-atmos_ens  sent
-> info : Event 379 of context um-atmos_ens
-> info : Event 379 of context um-atmos_ens  sent
-> info : Event 380 of context um-atmos_ens
-> info : Event 380 of context um-atmos_ens  sent
-> info : Event 381 of context um-atmos_ens
-> info : Event 381 of context um-atmos_ens  sent
-> info : Event 382 of context um-atmos_ens
-> info : Event 382 of context um-atmos_ens  sent
-> info : Event 383 of context um-atmos_ens
-> info : Event 383 of context um-atmos_ens  sent
-> info : Event 384 of context um-atmos_ens
-> info : Event 384 of context um-atmos_ens  sent
-> info : Event 385 of context um-atmos_ens
-> info : Event 385 of context um-atmos_ens  sent
-> info : Event 386 of context um-atmos_ens
-> info : Event 386 of context um-atmos_ens  sent
-> info : Event 387 of context um-atmos_ens
-> info : Event 387 of context um-atmos_ens  sent
-> info : Event 388 of context um-atmos_ens
-> info : Event 388 of context um-atmos_ens  sent
-> info : Event 389 of context um-atmos_ens
-> info : Event 389 of context um-atmos_ens  sent
-> info : Event 390 of context um-atmos_ens
-> info : Event 390 of context um-atmos_ens  sent
-> info : Event 391 of context um-atmos_ens
-> info : Event 391 of context um-atmos_ens  sent
-> info : Event 392 of context um-atmos_ens
-> info : Event 392 of context um-atmos_ens  sent
-> info : Event 393 of context um-atmos_ens
-> info : Event 393 of context um-atmos_ens  sent
-> info : Event 394 of context um-atmos_ens
-> info : Event 394 of context um-atmos_ens  sent
-> info : Event 395 of context um-atmos_ens
-> info : Event 395 of context um-atmos_ens  sent
-> info : Event 396 of context um-atmos_ens
-> info : Event 396 of context um-atmos_ens  sent
-> info : Event 397 of context um-atmos_ens
-> info : Event 397 of context um-atmos_ens  sent
-> info : Event 398 of context um-atmos_ens
-> info : Event 398 of context um-atmos_ens  sent
-> info : Event 399 of context um-atmos_ens
-> info : Event 399 of context um-atmos_ens  sent
-> info : updateCalendar : before : 1988-09-01 00:00:00
-> info : update step : 1 timestep 900s
-> info : updateCalendar : after : 1988-09-01 00:15:00
-> info : Event 400 of context um-atmos_ens
-> info : Event 400 of context um-atmos_ens  sent
-> info : updateCalendar : before : 1988-09-01 00:15:00
-> info : update step : 2 timestep 900s
-> info : updateCalendar : after : 1988-09-01 00:30:00
-> info : Event 401 of context um-atmos_ens
-> info : Event 401 of context um-atmos_ens  sent
-> info : updateCalendar : before : 1988-09-01 00:30:00
-> info : update step : 3 timestep 900s
-> info : updateCalendar : after : 1988-09-01 00:45:00
-> info : Event 402 of context um-atmos_ens
-> info : Event 402 of context um-atmos_ens  sent
-> info : updateCalendar : before : 1988-09-01 00:45:00
-> info : update step : 4 timestep 900s
-> info : updateCalendar : after : 1988-09-01 01:00:00
-> info : Event 403 of context um-atmos_ens
-> info : Event 403 of context um-atmos_ens  sent
-> info : updateCalendar : before : 1988-09-01 01:00:00
-> info : update step : 5 timestep 900s
-> info : updateCalendar : after : 1988-09-01 01:15:00
-> info : Event 404 of context um-atmos_ens
-> info : Event 404 of context um-atmos_ens  sent
-> info : updateCalendar : before : 1988-09-01 01:15:00
-> info : update step : 6 timestep 900s
-> info : updateCalendar : after : 1988-09-01 01:30:00
-> info : Event 405 of context um-atmos_ens
-> info : Event 405 of context um-atmos_ens  sent
-> info : updateCalendar : before : 1988-09-01 01:30:00
-> info : update step : 7 timestep 900s
-> info : updateCalendar : after : 1988-09-01 01:45:00
-> info : Event 406 of context um-atmos_ens
-> info : Event 406 of context um-atmos_ens  sent
-> info : updateCalendar : before : 1988-09-01 01:45:00
-> info : update step : 8 timestep 900s
-> info : updateCalendar : after : 1988-09-01 02:00:00
-> info : Event 407 of context um-atmos_ens
-> info : Event 407 of context um-atmos_ens  sent
-> info : updateCalendar : before : 1988-09-01 02:00:00
-> info : update step : 9 timestep 900s
-> info : updateCalendar : after : 1988-09-01 02:15:00
-> info : Event 408 of context um-atmos_ens
-> info : Event 408 of context um-atmos_ens  sent
-> info : updateCalendar : before : 1988-09-01 02:15:00
-> info : update step : 10 timestep 900s
-> info : updateCalendar : after : 1988-09-01 02:30:00
-> info : Event 409 of context um-atmos_ens
-> info : Event 409 of context um-atmos_ens  sent
-> info : updateCalendar : before : 1988-09-01 02:30:00
-> info : update step : 11 timestep 900s
-> info : updateCalendar : after : 1988-09-01 02:45:00
-> info : Event 410 of context um-atmos_ens
-> info : Event 410 of context um-atmos_ens  sent
-> info : updateCalendar : before : 1988-09-01 02:45:00
-> info : update step : 12 timestep 900s
-> info : updateCalendar : after : 1988-09-01 03:00:00
-> info : Event 411 of context um-atmos_ens
-> info : Event 411 of context um-atmos_ens  sent
-> info : Event 412 of context um-atmos_ens
-> info : Event 412 of context um-atmos_ens  sent
-> info : Event 413 of context um-atmos_ens
-> info : Event 413 of context um-atmos_ens  sent
-> info : Event 414 of context um-atmos_ens
-> info : Event 414 of context um-atmos_ens  sent
-> info : Event 415 of context um-atmos_ens
-> info : Event 415 of context um-atmos_ens  sent
-> info : Event 416 of context um-atmos_ens
-> info : Event 416 of context um-atmos_ens  sent
-> info : Event 417 of context um-atmos_ens
-> info : Event 417 of context um-atmos_ens  sent
-> info : Event 418 of context um-atmos_ens
-> info : Event 418 of context um-atmos_ens  sent
-> info : Event 419 of context um-atmos_ens
-> info : Event 419 of context um-atmos_ens  sent
-> info : Event 420 of context um-atmos_ens
-> info : Event 420 of context um-atmos_ens  sent
-> info : Event 421 of context um-atmos_ens
-> info : Event 421 of context um-atmos_ens  sent
-> info : updateCalendar : before : 1988-09-01 03:00:00
-> info : update step : 13 timestep 900s
-> info : updateCalendar : after : 1988-09-01 03:15:00
-> info : Event 422 of context um-atmos_ens
-> info : Event 422 of context um-atmos_ens  sent
-> info : updateCalendar : before : 1988-09-01 03:15:00
-> info : update step : 14 timestep 900s
-> info : updateCalendar : after : 1988-09-01 03:30:00
-> info : Event 423 of context um-atmos_ens
-> info : Event 423 of context um-atmos_ens  sent
-> info : updateCalendar : before : 1988-09-01 03:30:00
-> info : update step : 15 timestep 900s
-> info : updateCalendar : after : 1988-09-01 03:45:00
-> info : Event 424 of context um-atmos_ens
-> info : Event 424 of context um-atmos_ens  sent
-> info : updateCalendar : before : 1988-09-01 03:45:00
-> info : update step : 16 timestep 900s
-> info : updateCalendar : after : 1988-09-01 04:00:00
-> info : Event 425 of context um-atmos_ens
-> info : Event 425 of context um-atmos_ens  sent
-> info : updateCalendar : before : 1988-09-01 04:00:00
-> info : update step : 17 timestep 900s
-> info : updateCalendar : after : 1988-09-01 04:15:00
-> info : Event 426 of context um-atmos_ens
-> info : Event 426 of context um-atmos_ens  sent
-> info : updateCalendar : before : 1988-09-01 04:15:00
-> info : update step : 18 timestep 900s
-> info : updateCalendar : after : 1988-09-01 04:30:00
-> info : Event 427 of context um-atmos_ens
-> info : Event 427 of context um-atmos_ens  sent
-> info : updateCalendar : before : 1988-09-01 04:30:00
-> info : update step : 19 timestep 900s
-> info : updateCalendar : after : 1988-09-01 04:45:00
-> info : Event 428 of context um-atmos_ens
-> info : Event 428 of context um-atmos_ens  sent
-> info : updateCalendar : before : 1988-09-01 04:45:00
-> info : update step : 20 timestep 900s
-> info : updateCalendar : after : 1988-09-01 05:00:00
-> info : Event 429 of context um-atmos_ens
-> info : Event 429 of context um-atmos_ens  sent
-> info : updateCalendar : before : 1988-09-01 05:00:00
-> info : update step : 21 timestep 900s
-> info : updateCalendar : after : 1988-09-01 05:15:00
-> info : Event 430 of context um-atmos_ens
-> info : Event 430 of context um-atmos_ens  sent
-> info : updateCalendar : before : 1988-09-01 05:15:00
-> info : update step : 22 timestep 900s
-> info : updateCalendar : after : 1988-09-01 05:30:00
-> info : Event 431 of context um-atmos_ens
-> info : Event 431 of context um-atmos_ens  sent
-> info : updateCalendar : before : 1988-09-01 05:30:00
-> info : update step : 23 timestep 900s
-> info : updateCalendar : after : 1988-09-01 05:45:00
-> info : Event 432 of context um-atmos_ens
-> info : Event 432 of context um-atmos_ens  sent
-> info : updateCalendar : before : 1988-09-01 05:45:00
-> info : update step : 24 timestep 900s
-> info : updateCalendar : after : 1988-09-01 06:00:00
-> info : Event 433 of context um-atmos_ens
-> info : Event 433 of context um-atmos_ens  sent
-> info : Event 434 of context um-atmos_ens
-> info : Event 434 of context um-atmos_ens  sent
-> info : Event 435 of context um-atmos_ens
-> info : Event 435 of context um-atmos_ens  sent
-> info : Event 436 of context um-atmos_ens
-> info : Event 436 of context um-atmos_ens  sent
-> info : Event 437 of context um-atmos_ens
-> info : Event 437 of context um-atmos_ens  sent
-> info : Event 438 of context um-atmos_ens
-> info : Event 438 of context um-atmos_ens  sent
-> info : Event 439 of context um-atmos_ens
-> info : Event 439 of context um-atmos_ens  sent
-> info : Event 440 of context um-atmos_ens
-> info : Event 440 of context um-atmos_ens  sent
-> info : Event 441 of context um-atmos_ens
-> info : Event 441 of context um-atmos_ens  sent
-> info : Event 442 of context um-atmos_ens
-> info : Event 442 of context um-atmos_ens  sent
-> info : Event 443 of context um-atmos_ens
-> info : Event 443 of context um-atmos_ens  sent
-> info : updateCalendar : before : 1988-09-01 06:00:00
-> info : update step : 25 timestep 900s
-> info : updateCalendar : after : 1988-09-01 06:15:00
-> info : Event 444 of context um-atmos_ens
-> info : Event 444 of context um-atmos_ens  sent
-> info : updateCalendar : before : 1988-09-01 06:15:00
-> info : update step : 26 timestep 900s
-> info : updateCalendar : after : 1988-09-01 06:30:00
-> info : Event 445 of context um-atmos_ens
-> info : Event 445 of context um-atmos_ens  sent
-> info : updateCalendar : before : 1988-09-01 06:30:00
-> info : update step : 27 timestep 900s
-> info : updateCalendar : after : 1988-09-01 06:45:00
-> info : Event 446 of context um-atmos_ens
-> info : Event 446 of context um-atmos_ens  sent
-> info : updateCalendar : before : 1988-09-01 06:45:00
-> info : update step : 28 timestep 900s
-> info : updateCalendar : after : 1988-09-01 07:00:00
-> info : Event 447 of context um-atmos_ens
-> info : Event 447 of context um-atmos_ens  sent
-> info : updateCalendar : before : 1988-09-01 07:00:00
-> info : update step : 29 timestep 900s
-> info : updateCalendar : after : 1988-09-01 07:15:00
-> info : Event 448 of context um-atmos_ens
-> info : Event 448 of context um-atmos_ens  sent
-> info : updateCalendar : before : 1988-09-01 07:15:00
-> info : update step : 30 timestep 900s
-> info : updateCalendar : after : 1988-09-01 07:30:00
-> info : Event 449 of context um-atmos_ens
-> info : Event 449 of context um-atmos_ens  sent
-> info : updateCalendar : before : 1988-09-01 07:30:00
-> info : update step : 31 timestep 900s
-> info : updateCalendar : after : 1988-09-01 07:45:00
-> info : Event 450 of context um-atmos_ens
-> info : Event 450 of context um-atmos_ens  sent
-> info : updateCalendar : before : 1988-09-01 07:45:00
-> info : update step : 32 timestep 900s
-> info : updateCalendar : after : 1988-09-01 08:00:00
-> info : Event 451 of context um-atmos_ens
-> info : Event 451 of context um-atmos_ens  sent
-> info : updateCalendar : before : 1988-09-01 08:00:00
-> info : update step : 33 timestep 900s
-> info : updateCalendar : after : 1988-09-01 08:15:00
-> info : Event 452 of context um-atmos_ens
-> info : Event 452 of context um-atmos_ens  sent
-> info : updateCalendar : before : 1988-09-01 08:15:00
-> info : update step : 34 timestep 900s
-> info : updateCalendar : after : 1988-09-01 08:30:00
-> info : Event 453 of context um-atmos_ens
-> info : Event 453 of context um-atmos_ens  sent
-> info : updateCalendar : before : 1988-09-01 08:30:00
-> info : update step : 35 timestep 900s
-> info : updateCalendar : after : 1988-09-01 08:45:00
-> info : Event 454 of context um-atmos_ens
-> info : Event 454 of context um-atmos_ens  sent
-> info : updateCalendar : before : 1988-09-01 08:45:00
-> info : update step : 36 timestep 900s
-> info : updateCalendar : after : 1988-09-01 09:00:00
-> info : Event 455 of context um-atmos_ens
-> info : Event 455 of context um-atmos_ens  sent
-> info : Event 456 of context um-atmos_ens
-> info : Event 456 of context um-atmos_ens  sent
-> info : Event 457 of context um-atmos_ens
-> info : Event 457 of context um-atmos_ens  sent
-> info : Event 458 of context um-atmos_ens
-> info : Event 458 of context um-atmos_ens  sent
-> info : Event 459 of context um-atmos_ens
-> info : Event 459 of context um-atmos_ens  sent
-> info : Event 460 of context um-atmos_ens
-> info : Event 460 of context um-atmos_ens  sent
-> info : Event 461 of context um-atmos_ens
-> info : Event 461 of context um-atmos_ens  sent
-> info : Event 462 of context um-atmos_ens
-> info : Event 462 of context um-atmos_ens  sent
-> info : Event 463 of context um-atmos_ens
-> info : Event 463 of context um-atmos_ens  sent
-> info : Event 464 of context um-atmos_ens
-> info : Event 464 of context um-atmos_ens  sent
-> info : Event 465 of context um-atmos_ens
-> info : Event 465 of context um-atmos_ens  sent
-> info : updateCalendar : before : 1988-09-01 09:00:00
-> info : update step : 37 timestep 900s
-> info : updateCalendar : after : 1988-09-01 09:15:00
-> info : Event 466 of context um-atmos_ens
-> info : Event 466 of context um-atmos_ens  sent
-> info : updateCalendar : before : 1988-09-01 09:15:00
-> info : update step : 38 timestep 900s
-> info : updateCalendar : after : 1988-09-01 09:30:00
-> info : Event 467 of context um-atmos_ens
-> info : Event 467 of context um-atmos_ens  sent
-> info : updateCalendar : before : 1988-09-01 09:30:00
-> info : update step : 39 timestep 900s
-> info : updateCalendar : after : 1988-09-01 09:45:00
-> info : Event 468 of context um-atmos_ens
-> info : Event 468 of context um-atmos_ens  sent
-> info : updateCalendar : before : 1988-09-01 09:45:00
-> info : update step : 40 timestep 900s
-> info : updateCalendar : after : 1988-09-01 10:00:00
-> info : Event 469 of context um-atmos_ens
-> info : Event 469 of context um-atmos_ens  sent
-> info : updateCalendar : before : 1988-09-01 10:00:00
-> info : update step : 41 timestep 900s
-> info : updateCalendar : after : 1988-09-01 10:15:00
-> info : Event 470 of context um-atmos_ens
-> info : Event 470 of context um-atmos_ens  sent
-> info : updateCalendar : before : 1988-09-01 10:15:00
-> info : update step : 42 timestep 900s
-> info : updateCalendar : after : 1988-09-01 10:30:00
-> info : Event 471 of context um-atmos_ens
-> info : Event 471 of context um-atmos_ens  sent
-> info : updateCalendar : before : 1988-09-01 10:30:00
-> info : update step : 43 timestep 900s
-> info : updateCalendar : after : 1988-09-01 10:45:00
-> info : Event 472 of context um-atmos_ens
-> info : Event 472 of context um-atmos_ens  sent
-> info : updateCalendar : before : 1988-09-01 10:45:00
-> info : update step : 44 timestep 900s
-> info : updateCalendar : after : 1988-09-01 11:00:00
-> info : Event 473 of context um-atmos_ens
-> info : Event 473 of context um-atmos_ens  sent
-> info : updateCalendar : before : 1988-09-01 11:00:00
-> info : update step : 45 timestep 900s
-> info : updateCalendar : after : 1988-09-01 11:15:00
-> info : Event 474 of context um-atmos_ens
-> info : Event 474 of context um-atmos_ens  sent
-> info : updateCalendar : before : 1988-09-01 11:15:00
-> info : update step : 46 timestep 900s
-> info : updateCalendar : after : 1988-09-01 11:30:00
-> info : Event 475 of context um-atmos_ens
-> info : Event 475 of context um-atmos_ens  sent
-> info : updateCalendar : before : 1988-09-01 11:30:00
-> info : update step : 47 timestep 900s
-> info : updateCalendar : after : 1988-09-01 11:45:00
-> info : Event 476 of context um-atmos_ens
-> info : Event 476 of context um-atmos_ens  sent
-> info : updateCalendar : before : 1988-09-01 11:45:00
-> info : update step : 48 timestep 900s
-> info : updateCalendar : after : 1988-09-01 12:00:00
-> info : Event 477 of context um-atmos_ens
-> info : Event 477 of context um-atmos_ens  sent
-> info : Event 478 of context um-atmos_ens
-> info : Event 478 of context um-atmos_ens  sent
-> info : Event 479 of context um-atmos_ens
-> info : Event 479 of context um-atmos_ens  sent
-> info : Event 480 of context um-atmos_ens
-> info : Event 480 of context um-atmos_ens  sent
-> info : Event 481 of context um-atmos_ens
-> info : Event 481 of context um-atmos_ens  sent
-> info : Event 482 of context um-atmos_ens
-> info : Event 482 of context um-atmos_ens  sent
-> info : Event 483 of context um-atmos_ens
-> info : Event 483 of context um-atmos_ens  sent
-> info : Event 484 of context um-atmos_ens
-> info : Event 484 of context um-atmos_ens  sent
-> info : Event 485 of context um-atmos_ens
-> info : Event 485 of context um-atmos_ens  sent
-> info : Event 486 of context um-atmos_ens
-> info : Event 486 of context um-atmos_ens  sent
-> info : Event 487 of context um-atmos_ens
-> info : Event 487 of context um-atmos_ens  sent
-> info : updateCalendar : before : 1988-09-01 12:00:00
-> info : update step : 49 timestep 900s
-> info : updateCalendar : after : 1988-09-01 12:15:00
-> info : Event 488 of context um-atmos_ens
-> info : Event 488 of context um-atmos_ens  sent
-> info : updateCalendar : before : 1988-09-01 12:15:00
-> info : update step : 50 timestep 900s
-> info : updateCalendar : after : 1988-09-01 12:30:00
-> info : Event 489 of context um-atmos_ens
-> info : Event 489 of context um-atmos_ens  sent
-> info : updateCalendar : before : 1988-09-01 12:30:00
-> info : update step : 51 timestep 900s
-> info : updateCalendar : after : 1988-09-01 12:45:00
-> info : Event 490 of context um-atmos_ens
-> info : Event 490 of context um-atmos_ens  sent
-> info : updateCalendar : before : 1988-09-01 12:45:00
-> info : update step : 52 timestep 900s
-> info : updateCalendar : after : 1988-09-01 13:00:00
-> info : Event 491 of context um-atmos_ens
-> info : Event 491 of context um-atmos_ens  sent
-> info : updateCalendar : before : 1988-09-01 13:00:00
-> info : update step : 53 timestep 900s
-> info : updateCalendar : after : 1988-09-01 13:15:00
-> info : Event 492 of context um-atmos_ens
-> info : Event 492 of context um-atmos_ens  sent
-> info : updateCalendar : before : 1988-09-01 13:15:00
-> info : update step : 54 timestep 900s
-> info : updateCalendar : after : 1988-09-01 13:30:00
-> info : Event 493 of context um-atmos_ens
-> info : Event 493 of context um-atmos_ens  sent
-> info : updateCalendar : before : 1988-09-01 13:30:00
-> info : update step : 55 timestep 900s
-> info : updateCalendar : after : 1988-09-01 13:45:00
-> info : Event 494 of context um-atmos_ens
-> info : Event 494 of context um-atmos_ens  sent
-> info : updateCalendar : before : 1988-09-01 13:45:00
-> info : update step : 56 timestep 900s
-> info : updateCalendar : after : 1988-09-01 14:00:00
-> info : Event 495 of context um-atmos_ens
-> info : Event 495 of context um-atmos_ens  sent
-> info : updateCalendar : before : 1988-09-01 14:00:00
-> info : update step : 57 timestep 900s
-> info : updateCalendar : after : 1988-09-01 14:15:00
-> info : Event 496 of context um-atmos_ens
-> info : Event 496 of context um-atmos_ens  sent
-> info : updateCalendar : before : 1988-09-01 14:15:00
-> info : update step : 58 timestep 900s
-> info : updateCalendar : after : 1988-09-01 14:30:00
-> info : Event 497 of context um-atmos_ens
-> info : Event 497 of context um-atmos_ens  sent
-> info : updateCalendar : before : 1988-09-01 14:30:00
-> info : update step : 59 timestep 900s
-> info : updateCalendar : after : 1988-09-01 14:45:00
-> info : Event 498 of context um-atmos_ens
-> info : Event 498 of context um-atmos_ens  sent
-> info : updateCalendar : before : 1988-09-01 14:45:00
-> info : update step : 60 timestep 900s
-> info : updateCalendar : after : 1988-09-01 15:00:00
-> info : Event 499 of context um-atmos_ens
-> info : Event 499 of context um-atmos_ens  sent
-> info : Event 500 of context um-atmos_ens
-> info : Event 500 of context um-atmos_ens  sent
-> info : Event 501 of context um-atmos_ens
-> info : Event 501 of context um-atmos_ens  sent
-> info : Event 502 of context um-atmos_ens
-> info : Event 502 of context um-atmos_ens  sent
-> info : Event 503 of context um-atmos_ens
-> info : Event 503 of context um-atmos_ens  sent
-> info : Event 504 of context um-atmos_ens
-> info : Event 504 of context um-atmos_ens  sent
-> info : Event 505 of context um-atmos_ens
-> info : Event 505 of context um-atmos_ens  sent
-> info : Event 506 of context um-atmos_ens
-> info : Event 506 of context um-atmos_ens  sent
-> info : Event 507 of context um-atmos_ens
-> info : Event 507 of context um-atmos_ens  sent
-> info : Event 508 of context um-atmos_ens
-> info : Event 508 of context um-atmos_ens  sent
-> info : Event 509 of context um-atmos_ens
-> info : Event 509 of context um-atmos_ens  sent
-> info : updateCalendar : before : 1988-09-01 15:00:00
-> info : update step : 61 timestep 900s
-> info : updateCalendar : after : 1988-09-01 15:15:00
-> info : Event 510 of context um-atmos_ens
-> info : Event 510 of context um-atmos_ens  sent
-> info : updateCalendar : before : 1988-09-01 15:15:00
-> info : update step : 62 timestep 900s
-> info : updateCalendar : after : 1988-09-01 15:30:00
-> info : Event 511 of context um-atmos_ens
-> info : Event 511 of context um-atmos_ens  sent
-> info : updateCalendar : before : 1988-09-01 15:30:00
-> info : update step : 63 timestep 900s
-> info : updateCalendar : after : 1988-09-01 15:45:00
-> info : Event 512 of context um-atmos_ens
-> info : Event 512 of context um-atmos_ens  sent
-> info : updateCalendar : before : 1988-09-01 15:45:00
-> info : update step : 64 timestep 900s
-> info : updateCalendar : after : 1988-09-01 16:00:00
-> info : Event 513 of context um-atmos_ens
-> info : Event 513 of context um-atmos_ens  sent
-> info : updateCalendar : before : 1988-09-01 16:00:00
-> info : update step : 65 timestep 900s
-> info : updateCalendar : after : 1988-09-01 16:15:00
-> info : Event 514 of context um-atmos_ens
-> info : Event 514 of context um-atmos_ens  sent
-> info : updateCalendar : before : 1988-09-01 16:15:00
-> info : update step : 66 timestep 900s
-> info : updateCalendar : after : 1988-09-01 16:30:00
-> info : Event 515 of context um-atmos_ens
-> info : Event 515 of context um-atmos_ens  sent
-> info : updateCalendar : before : 1988-09-01 16:30:00
-> info : update step : 67 timestep 900s
-> info : updateCalendar : after : 1988-09-01 16:45:00
-> info : Event 516 of context um-atmos_ens
-> info : Event 516 of context um-atmos_ens  sent
-> info : updateCalendar : before : 1988-09-01 16:45:00
-> info : update step : 68 timestep 900s
-> info : updateCalendar : after : 1988-09-01 17:00:00
-> info : Event 517 of context um-atmos_ens
-> info : Event 517 of context um-atmos_ens  sent
-> info : updateCalendar : before : 1988-09-01 17:00:00
-> info : update step : 69 timestep 900s
-> info : updateCalendar : after : 1988-09-01 17:15:00
-> info : Event 518 of context um-atmos_ens
-> info : Event 518 of context um-atmos_ens  sent
-> info : updateCalendar : before : 1988-09-01 17:15:00
-> info : update step : 70 timestep 900s
-> info : updateCalendar : after : 1988-09-01 17:30:00
-> info : Event 519 of context um-atmos_ens
-> info : Event 519 of context um-atmos_ens  sent
-> info : updateCalendar : before : 1988-09-01 17:30:00
-> info : update step : 71 timestep 900s
-> info : updateCalendar : after : 1988-09-01 17:45:00
-> info : Event 520 of context um-atmos_ens
-> info : Event 520 of context um-atmos_ens  sent
-> info : updateCalendar : before : 1988-09-01 17:45:00
-> info : update step : 72 timestep 900s
-> info : updateCalendar : after : 1988-09-01 18:00:00
-> info : Event 521 of context um-atmos_ens
-> info : Event 521 of context um-atmos_ens  sent
-> info : Event 522 of context um-atmos_ens
-> info : Event 522 of context um-atmos_ens  sent
-> info : Event 523 of context um-atmos_ens
-> info : Event 523 of context um-atmos_ens  sent
-> info : Event 524 of context um-atmos_ens
-> info : Event 524 of context um-atmos_ens  sent
-> info : Event 525 of context um-atmos_ens
-> info : Event 525 of context um-atmos_ens  sent
-> info : Event 526 of context um-atmos_ens
-> info : Event 526 of context um-atmos_ens  sent
-> info : Event 527 of context um-atmos_ens
-> info : Event 527 of context um-atmos_ens  sent
-> info : Event 528 of context um-atmos_ens
-> info : Event 528 of context um-atmos_ens  sent
-> info : Event 529 of context um-atmos_ens
-> info : Event 529 of context um-atmos_ens  sent
-> info : Event 530 of context um-atmos_ens
-> info : Event 530 of context um-atmos_ens  sent
-> info : Event 531 of context um-atmos_ens
-> info : Event 531 of context um-atmos_ens  sent
-> info : updateCalendar : before : 1988-09-01 18:00:00
-> info : update step : 73 timestep 900s
-> info : updateCalendar : after : 1988-09-01 18:15:00
-> info : Event 532 of context um-atmos_ens
-> info : Event 532 of context um-atmos_ens  sent
-> info : updateCalendar : before : 1988-09-01 18:15:00
-> info : update step : 74 timestep 900s
-> info : updateCalendar : after : 1988-09-01 18:30:00
-> info : Event 533 of context um-atmos_ens
-> info : Event 533 of context um-atmos_ens  sent
-> info : updateCalendar : before : 1988-09-01 18:30:00
-> info : update step : 75 timestep 900s
-> info : updateCalendar : after : 1988-09-01 18:45:00
-> info : Event 534 of context um-atmos_ens
-> info : Event 534 of context um-atmos_ens  sent
-> info : updateCalendar : before : 1988-09-01 18:45:00
-> info : update step : 76 timestep 900s
-> info : updateCalendar : after : 1988-09-01 19:00:00
-> info : Event 535 of context um-atmos_ens
-> info : Event 535 of context um-atmos_ens  sent
-> info : updateCalendar : before : 1988-09-01 19:00:00
-> info : update step : 77 timestep 900s
-> info : updateCalendar : after : 1988-09-01 19:15:00
-> info : Event 536 of context um-atmos_ens
-> info : Event 536 of context um-atmos_ens  sent
-> info : updateCalendar : before : 1988-09-01 19:15:00
-> info : update step : 78 timestep 900s
-> info : updateCalendar : after : 1988-09-01 19:30:00
-> info : Event 537 of context um-atmos_ens
-> info : Event 537 of context um-atmos_ens  sent
-> info : updateCalendar : before : 1988-09-01 19:30:00
-> info : update step : 79 timestep 900s
-> info : updateCalendar : after : 1988-09-01 19:45:00
-> info : Event 538 of context um-atmos_ens
-> info : Event 538 of context um-atmos_ens  sent
-> info : updateCalendar : before : 1988-09-01 19:45:00
-> info : update step : 80 timestep 900s
-> info : updateCalendar : after : 1988-09-01 20:00:00
-> info : Event 539 of context um-atmos_ens
-> info : Event 539 of context um-atmos_ens  sent
-> info : updateCalendar : before : 1988-09-01 20:00:00
-> info : update step : 81 timestep 900s
-> info : updateCalendar : after : 1988-09-01 20:15:00
-> info : Event 540 of context um-atmos_ens
-> info : Event 540 of context um-atmos_ens  sent
-> info : updateCalendar : before : 1988-09-01 20:15:00
-> info : update step : 82 timestep 900s
-> info : updateCalendar : after : 1988-09-01 20:30:00
-> info : Event 541 of context um-atmos_ens
-> info : Event 541 of context um-atmos_ens  sent
-> info : updateCalendar : before : 1988-09-01 20:30:00
-> info : update step : 83 timestep 900s
-> info : updateCalendar : after : 1988-09-01 20:45:00
-> info : Event 542 of context um-atmos_ens
-> info : Event 542 of context um-atmos_ens  sent
-> info : updateCalendar : before : 1988-09-01 20:45:00
-> info : update step : 84 timestep 900s
-> info : updateCalendar : after : 1988-09-01 21:00:00
-> info : Event 543 of context um-atmos_ens
-> info : Event 543 of context um-atmos_ens  sent
-> info : Event 544 of context um-atmos_ens
-> info : Event 544 of context um-atmos_ens  sent
-> info : Event 545 of context um-atmos_ens
-> info : Event 545 of context um-atmos_ens  sent
-> info : Event 546 of context um-atmos_ens
-> info : Event 546 of context um-atmos_ens  sent
-> info : Event 547 of context um-atmos_ens
-> info : Event 547 of context um-atmos_ens  sent
-> info : Event 548 of context um-atmos_ens
-> info : Event 548 of context um-atmos_ens  sent
-> info : Event 549 of context um-atmos_ens
-> info : Event 549 of context um-atmos_ens  sent
-> info : Event 550 of context um-atmos_ens
-> info : Event 550 of context um-atmos_ens  sent
-> info : Event 551 of context um-atmos_ens
-> info : Event 551 of context um-atmos_ens  sent
-> info : Event 552 of context um-atmos_ens
-> info : Event 552 of context um-atmos_ens  sent
-> info : Event 553 of context um-atmos_ens
-> info : Event 553 of context um-atmos_ens  sent
-> info : updateCalendar : before : 1988-09-01 21:00:00
-> info : update step : 85 timestep 900s
-> info : updateCalendar : after : 1988-09-01 21:15:00
-> info : Event 554 of context um-atmos_ens
-> info : Event 554 of context um-atmos_ens  sent
-> info : updateCalendar : before : 1988-09-01 21:15:00
-> info : update step : 86 timestep 900s
-> info : updateCalendar : after : 1988-09-01 21:30:00
-> info : Event 555 of context um-atmos_ens
-> info : Event 555 of context um-atmos_ens  sent
-> info : updateCalendar : before : 1988-09-01 21:30:00
-> info : update step : 87 timestep 900s
-> info : updateCalendar : after : 1988-09-01 21:45:00
-> info : Event 556 of context um-atmos_ens
-> info : Event 556 of context um-atmos_ens  sent
-> info : updateCalendar : before : 1988-09-01 21:45:00
-> info : update step : 88 timestep 900s
-> info : updateCalendar : after : 1988-09-01 22:00:00
-> info : Event 557 of context um-atmos_ens
-> info : Event 557 of context um-atmos_ens  sent
-> info : updateCalendar : before : 1988-09-01 22:00:00
-> info : update step : 89 timestep 900s
-> info : updateCalendar : after : 1988-09-01 22:15:00
-> info : Event 558 of context um-atmos_ens
-> info : Event 558 of context um-atmos_ens  sent
-> info : updateCalendar : before : 1988-09-01 22:15:00
-> info : update step : 90 timestep 900s
-> info : updateCalendar : after : 1988-09-01 22:30:00
-> info : Event 559 of context um-atmos_ens
-> info : Event 559 of context um-atmos_ens  sent
-> info : updateCalendar : before : 1988-09-01 22:30:00
-> info : update step : 91 timestep 900s
-> info : updateCalendar : after : 1988-09-01 22:45:00
-> info : Event 560 of context um-atmos_ens
-> info : Event 560 of context um-atmos_ens  sent
-> info : updateCalendar : before : 1988-09-01 22:45:00
-> info : update step : 92 timestep 900s
-> info : updateCalendar : after : 1988-09-01 23:00:00
-> info : Event 561 of context um-atmos_ens
-> info : Event 561 of context um-atmos_ens  sent
-> info : updateCalendar : before : 1988-09-01 23:00:00
-> info : update step : 93 timestep 900s
-> info : updateCalendar : after : 1988-09-01 23:15:00
-> info : Event 562 of context um-atmos_ens
-> info : Event 562 of context um-atmos_ens  sent
-> info : updateCalendar : before : 1988-09-01 23:15:00
-> info : update step : 94 timestep 900s
-> info : updateCalendar : after : 1988-09-01 23:30:00
-> info : Event 563 of context um-atmos_ens
-> info : Event 563 of context um-atmos_ens  sent
-> info : updateCalendar : before : 1988-09-01 23:30:00
-> info : update step : 95 timestep 900s
-> info : updateCalendar : after : 1988-09-01 23:45:00
-> info : Event 564 of context um-atmos_ens
-> info : Event 564 of context um-atmos_ens  sent
-> info : updateCalendar : before : 1988-09-01 23:45:00
-> info : update step : 96 timestep 900s
-> info : updateCalendar : after : 1988-09-02 00:00:00
-> info : Event 565 of context um-atmos_ens
-> info : Event 565 of context um-atmos_ens  sent
-> info : Event 566 of context um-atmos_ens
-> info : Event 566 of context um-atmos_ens  sent
-> info : Event 567 of context um-atmos_ens
-> info : Event 567 of context um-atmos_ens  sent
-> info : Event 568 of context um-atmos_ens
-> info : Event 568 of context um-atmos_ens  sent
-> info : Event 569 of context um-atmos_ens
-> info : Event 569 of context um-atmos_ens  sent
-> info : Event 570 of context um-atmos_ens
-> info : Event 570 of context um-atmos_ens  sent
-> info : Event 571 of context um-atmos_ens
-> info : Event 571 of context um-atmos_ens  sent
-> info : Event 572 of context um-atmos_ens
-> info : Event 572 of context um-atmos_ens  sent
-> info : Event 573 of context um-atmos_ens
-> info : Event 573 of context um-atmos_ens  sent
-> info : Event 574 of context um-atmos_ens
-> info : Event 574 of context um-atmos_ens  sent
-> info : Event 575 of context um-atmos_ens
-> info : Event 575 of context um-atmos_ens  sent
-> info : Event 576 of context um-atmos_ens
-> info : Event 576 of context um-atmos_ens  sent
-> info : DEBUG : Sent context Finalize event to rank 0
-> info : Event 577 of context um-atmos_ens
-> info : Event 577 of context um-atmos_ens  sent
-> report :  Memory report : Context <um-atmos_ens> : client side : memory used for buffer of each connection to server
  +) To server with rank 0 : 578720 bytes 
-> report :  Memory report : Context <um-atmos_ens> : client side : total memory used for buffer 578720 bytes
-> info :  CContextServer: Receive context <um-atmos_ens> finalize.
-> report :  Memory report : Context <um-atmos_ens> : server side : memory used for buffer of each connection to client
  +) With client of rank 0 : 114351 bytes 
-> report :  Memory report : Context <um-atmos_ens> : server side : total memory used for buffer 114351 bytes
-> info : CContext: Context <um-atmos_ens> is finalized.
-> info : Client side context is finalized
-> report :  Performance report : Whole time from XIOS init and finalize: 160.493 s
-> report :  Performance report : total time spent for XIOS : 6.05895 s
-> report :  Performance report : time spent for waiting free buffer : 0.020578 s
-> report :  Performance report : Ratio : 0.0128218 %
-> report :  Performance report : This ratio must be close to zero. Otherwise it may be usefull to increase buffer size or numbers of server
-> report :  Memory report : Minimum buffer size required : 114335 bytes
-> report :  Memory report : increasing it by a factor will increase performance, depending of the volume of data wrote in file at each time step of the file
-> report : Timer : Blocking time    -->   cumulated time : 0.020578
Timer : CSpatialTransformFilterEngine::apply    -->   cumulated time : 0.907322
Timer : Context : close definition    -->   cumulated time : 1.21669
Timer : Field : send data    -->   cumulated time : 0.0184016
Timer : Process events    -->   cumulated time : 8.206e-06
Timer : Process request    -->   cumulated time : 2.2042e-05
Timer : XIOS    -->   cumulated time : 6.05895
Timer : XIOS close definition    -->   cumulated time : 1.21669
Timer : XIOS context finalize    -->   cumulated time : 0.635301
Timer : XIOS finalize    -->   cumulated time : 0
Timer : XIOS init    -->   cumulated time : 0
Timer : XIOS init context    -->   cumulated time : 2.24783
Timer : XIOS init/finalize    -->   cumulated time : 160.493
Timer : XIOS send field    -->   cumulated time : 1.59131
Timer : computeGlobalSourceIndex    -->   cumulated time : 0.419858
Timer : computeIndexSourceMapping    -->   cumulated time : 5.7581e-05
Timer : computeTransformationMapping    -->   cumulated time : 0.130294

-> info : Write data base Registry

