Enabling 0 I/O PEs
[0] I am running with  2 thread(s).
[0] OpenMP Specification: 201511

*******************************************************************************
**************** Start of UM RUN Job : 22:18:35 on 08/02/2022 *****************
**************** Based upon UM release vn11.6             *****************
*******************************************************************************

If you are using OpenMPI or think your MPI is thread capable, try setting ios_force_threading_mode appropriately in the UI

????????????????????????????????????????????????????????????????????????????????
??????????????????????????????      WARNING       ??????????????????????????????
?  Warning code: -10
?  Warning from routine: GET_ENV_VAR
?  Warning message: Environment variable OMP_WAIT_POLICY is not set.
?  Warning from processor: 0
?  Warning number: 0
????????????????????????????????????????????????????????????????????????????????


????????????????????????????????????????????????????????????????????????????????
???!!!???!!!???!!!???!!!???!!!       ERROR        ???!!!???!!!???!!!???!!!???!!!
?  Error code: 4001
?  Error from routine: CHECK_IOSTAT
?  Error message:
?        Error reading namelist NLSTCALL_XIOS_OPTIONS
?        IoMsg: A READ operation tried to read past the end-of-file.
?        Please check input list against code.
?  Error from processor: 0
?  Error number: 1
????????????????????????????????????????????????????????????????????????????????

