-> info : Register new Context : um-atmos_ens
-> info : update step : 0 timestep 900s
-> info : Event 0 of context um-atmos_ens
-> info : CClientBuffer: allocated 2 x 71392 bytes for server 0 with a maximum of 4 buffered events
-> info : Event 0 of context um-atmos_ens  sent
-> info : Event 1 of context um-atmos_ens
-> info : Event 1 of context um-atmos_ens  sent
-> info : Event 2 of context um-atmos_ens
-> info : Event 2 of context um-atmos_ens  sent
-> info : Event 3 of context um-atmos_ens
-> info : Event 3 of context um-atmos_ens  sent
-> info : Event 4 of context um-atmos_ens
-> info : Event 4 of context um-atmos_ens  sent
-> info : Event 5 of context um-atmos_ens
-> info : Event 5 of context um-atmos_ens  sent
-> info : Event 6 of context um-atmos_ens
-> info : Event 6 of context um-atmos_ens  sent
-> info : Event 7 of context um-atmos_ens
-> info : Event 7 of context um-atmos_ens  sent
-> info : Event 8 of context um-atmos_ens
-> info : Event 8 of context um-atmos_ens  sent
-> info : Event 9 of context um-atmos_ens
-> info : Event 9 of context um-atmos_ens  sent
-> info : Event 10 of context um-atmos_ens
-> info : Event 10 of context um-atmos_ens  sent
-> info : Event 11 of context um-atmos_ens
-> info : Event 11 of context um-atmos_ens  sent
-> info : Event 12 of context um-atmos_ens
-> info : Event 12 of context um-atmos_ens  sent
-> info : Event 13 of context um-atmos_ens
-> info : Event 13 of context um-atmos_ens  sent
-> info : Event 14 of context um-atmos_ens
-> info : Event 14 of context um-atmos_ens  sent
-> info : Event 15 of context um-atmos_ens
-> info : Event 15 of context um-atmos_ens  sent
-> info : Event 16 of context um-atmos_ens
-> info : Event 16 of context um-atmos_ens  sent
-> info : Event 17 of context um-atmos_ens
-> info : Event 17 of context um-atmos_ens  sent
-> info : Event 18 of context um-atmos_ens
-> info : Event 18 of context um-atmos_ens  sent
-> info : Event 19 of context um-atmos_ens
-> info : Event 19 of context um-atmos_ens  sent
-> info : Event 20 of context um-atmos_ens
-> info : Event 20 of context um-atmos_ens  sent
-> info : Event 21 of context um-atmos_ens
-> info : Event 21 of context um-atmos_ens  sent
-> info : Event 22 of context um-atmos_ens
-> info : Event 22 of context um-atmos_ens  sent
-> info : Event 23 of context um-atmos_ens
-> info : Event 23 of context um-atmos_ens  sent
-> info : Event 24 of context um-atmos_ens
-> info : Event 24 of context um-atmos_ens  sent
-> info : Event 25 of context um-atmos_ens
-> info : Event 25 of context um-atmos_ens  sent
-> info : Event 26 of context um-atmos_ens
-> info : Event 26 of context um-atmos_ens  sent
-> info : Event 27 of context um-atmos_ens
-> info : Event 27 of context um-atmos_ens  sent
-> info : Event 28 of context um-atmos_ens
-> info : Event 28 of context um-atmos_ens  sent
-> info : Event 29 of context um-atmos_ens
-> info : Event 29 of context um-atmos_ens  sent
-> info : Event 30 of context um-atmos_ens
-> info : Event 30 of context um-atmos_ens  sent
-> info : Event 31 of context um-atmos_ens
-> info : Event 31 of context um-atmos_ens  sent
-> info : Event 32 of context um-atmos_ens
-> info : Event 32 of context um-atmos_ens  sent
-> info : Event 33 of context um-atmos_ens
-> info : Event 33 of context um-atmos_ens  sent
-> info : Event 34 of context um-atmos_ens
-> info : Event 34 of context um-atmos_ens  sent
-> info : Event 35 of context um-atmos_ens
-> info : Event 35 of context um-atmos_ens  sent
-> info : Event 36 of context um-atmos_ens
-> info : Event 36 of context um-atmos_ens  sent
-> info : Event 37 of context um-atmos_ens
-> info : Event 37 of context um-atmos_ens  sent
-> info : Event 38 of context um-atmos_ens
-> info : Event 38 of context um-atmos_ens  sent
-> info : Event 39 of context um-atmos_ens
-> info : Event 39 of context um-atmos_ens  sent
-> info : Event 40 of context um-atmos_ens
-> info : Event 40 of context um-atmos_ens  sent
-> info : Event 41 of context um-atmos_ens
-> info : Event 41 of context um-atmos_ens  sent
-> info : Event 42 of context um-atmos_ens
-> info : Event 42 of context um-atmos_ens  sent
-> info : Event 43 of context um-atmos_ens
-> info : Event 43 of context um-atmos_ens  sent
-> info : Event 44 of context um-atmos_ens
-> info : Event 44 of context um-atmos_ens  sent
-> info : Event 45 of context um-atmos_ens
-> info : Event 45 of context um-atmos_ens  sent
-> info : Event 46 of context um-atmos_ens
-> info : Event 46 of context um-atmos_ens  sent
-> info : Event 47 of context um-atmos_ens
-> info : Event 47 of context um-atmos_ens  sent
-> info : Event 48 of context um-atmos_ens
-> info : Event 48 of context um-atmos_ens  sent
-> info : Event 49 of context um-atmos_ens
-> info : Event 49 of context um-atmos_ens  sent
-> info : Event 50 of context um-atmos_ens
-> info : Event 50 of context um-atmos_ens  sent
-> info : Event 51 of context um-atmos_ens
-> info : Event 51 of context um-atmos_ens  sent
-> info : Event 52 of context um-atmos_ens
-> info : Event 52 of context um-atmos_ens  sent
-> info : Event 53 of context um-atmos_ens
-> info : Event 53 of context um-atmos_ens  sent
-> info : Event 54 of context um-atmos_ens
-> info : Event 54 of context um-atmos_ens  sent
-> info : Event 55 of context um-atmos_ens
-> info : Event 55 of context um-atmos_ens  sent
-> info : Event 56 of context um-atmos_ens
-> info : Event 56 of context um-atmos_ens  sent
-> info : Event 57 of context um-atmos_ens
-> info : Event 57 of context um-atmos_ens  sent
-> info : Event 58 of context um-atmos_ens
-> info : Event 58 of context um-atmos_ens  sent
-> info : Event 59 of context um-atmos_ens
-> info : Event 59 of context um-atmos_ens  sent
-> info : Event 60 of context um-atmos_ens
-> info : Event 60 of context um-atmos_ens  sent
-> info : Event 61 of context um-atmos_ens
-> info : Event 61 of context um-atmos_ens  sent
-> info : Event 62 of context um-atmos_ens
-> info : Event 62 of context um-atmos_ens  sent
-> info : Event 63 of context um-atmos_ens
-> info : Event 63 of context um-atmos_ens  sent
-> info : Event 64 of context um-atmos_ens
-> info : Event 64 of context um-atmos_ens  sent
-> info : Event 65 of context um-atmos_ens
-> info : Event 65 of context um-atmos_ens  sent
-> info : Event 66 of context um-atmos_ens
-> info : Event 66 of context um-atmos_ens  sent
-> info : Event 67 of context um-atmos_ens
-> info : Event 67 of context um-atmos_ens  sent
-> info : Event 68 of context um-atmos_ens
-> info : Event 68 of context um-atmos_ens  sent
-> info : Event 69 of context um-atmos_ens
-> info : Event 69 of context um-atmos_ens  sent
-> info : Event 70 of context um-atmos_ens
-> info : Event 70 of context um-atmos_ens  sent
-> info : Event 71 of context um-atmos_ens
-> info : Event 71 of context um-atmos_ens  sent
-> info : Event 72 of context um-atmos_ens
-> info : Event 72 of context um-atmos_ens  sent
-> info : Event 73 of context um-atmos_ens
-> info : Event 73 of context um-atmos_ens  sent
-> info : Event 74 of context um-atmos_ens
-> info : Event 74 of context um-atmos_ens  sent
-> info : Event 75 of context um-atmos_ens
-> info : Event 75 of context um-atmos_ens  sent
-> info : Event 76 of context um-atmos_ens
-> info : Event 76 of context um-atmos_ens  sent
-> info : Event 77 of context um-atmos_ens
-> info : Event 77 of context um-atmos_ens  sent
-> info : Event 78 of context um-atmos_ens
-> info : Event 78 of context um-atmos_ens  sent
-> info : Event 79 of context um-atmos_ens
-> info : Event 79 of context um-atmos_ens  sent
-> info : Event 80 of context um-atmos_ens
-> info : Event 80 of context um-atmos_ens  sent
-> info : Event 81 of context um-atmos_ens
-> info : Event 81 of context um-atmos_ens  sent
-> info : Event 82 of context um-atmos_ens
-> info : Event 82 of context um-atmos_ens  sent
-> info : Event 83 of context um-atmos_ens
-> info : Event 83 of context um-atmos_ens  sent
-> info : Event 84 of context um-atmos_ens
-> info : Event 84 of context um-atmos_ens  sent
-> info : Event 85 of context um-atmos_ens
-> info : Event 85 of context um-atmos_ens  sent
-> info : Event 86 of context um-atmos_ens
-> info : Event 86 of context um-atmos_ens  sent
-> info : Event 87 of context um-atmos_ens
-> info : Event 87 of context um-atmos_ens  sent
-> info : Event 88 of context um-atmos_ens
-> info : Event 88 of context um-atmos_ens  sent
-> info : Event 89 of context um-atmos_ens
-> info : Event 89 of context um-atmos_ens  sent
-> info : Event 90 of context um-atmos_ens
-> info : Event 90 of context um-atmos_ens  sent
-> info : Event 91 of context um-atmos_ens
-> info : Event 91 of context um-atmos_ens  sent
-> info : Event 92 of context um-atmos_ens
-> info : Event 92 of context um-atmos_ens  sent
-> info : Event 93 of context um-atmos_ens
-> info : Event 93 of context um-atmos_ens  sent
-> info : Event 94 of context um-atmos_ens
-> info : Event 94 of context um-atmos_ens  sent
-> info : Event 95 of context um-atmos_ens
-> info : Event 95 of context um-atmos_ens  sent
-> info : Event 96 of context um-atmos_ens
-> info : Event 96 of context um-atmos_ens  sent
-> info : Event 97 of context um-atmos_ens
-> info : Event 97 of context um-atmos_ens  sent
-> info : Event 98 of context um-atmos_ens
-> info : Event 98 of context um-atmos_ens  sent
-> info : updateCalendar : before : 1988-09-01 00:00:00
-> info : update step : 1 timestep 900s
-> info : updateCalendar : after : 1988-09-01 00:15:00
-> info : Event 99 of context um-atmos_ens
-> info : Event 99 of context um-atmos_ens  sent
-> info : updateCalendar : before : 1988-09-01 00:15:00
-> info : update step : 2 timestep 900s
-> info : updateCalendar : after : 1988-09-01 00:30:00
-> info : Event 100 of context um-atmos_ens
-> info : Event 100 of context um-atmos_ens  sent
-> info : updateCalendar : before : 1988-09-01 00:30:00
-> info : update step : 3 timestep 900s
-> info : updateCalendar : after : 1988-09-01 00:45:00
-> info : Event 101 of context um-atmos_ens
-> info : Event 101 of context um-atmos_ens  sent
-> info : updateCalendar : before : 1988-09-01 00:45:00
-> info : update step : 4 timestep 900s
-> info : updateCalendar : after : 1988-09-01 01:00:00
-> info : Event 102 of context um-atmos_ens
-> info : Event 102 of context um-atmos_ens  sent
-> info : updateCalendar : before : 1988-09-01 01:00:00
-> info : update step : 5 timestep 900s
-> info : updateCalendar : after : 1988-09-01 01:15:00
-> info : Event 103 of context um-atmos_ens
-> info : Event 103 of context um-atmos_ens  sent
-> info : updateCalendar : before : 1988-09-01 01:15:00
-> info : update step : 6 timestep 900s
-> info : updateCalendar : after : 1988-09-01 01:30:00
-> info : Event 104 of context um-atmos_ens
-> info : Event 104 of context um-atmos_ens  sent
-> info : updateCalendar : before : 1988-09-01 01:30:00
-> info : update step : 7 timestep 900s
-> info : updateCalendar : after : 1988-09-01 01:45:00
-> info : Event 105 of context um-atmos_ens
-> info : Event 105 of context um-atmos_ens  sent
-> info : updateCalendar : before : 1988-09-01 01:45:00
-> info : update step : 8 timestep 900s
-> info : updateCalendar : after : 1988-09-01 02:00:00
-> info : Event 106 of context um-atmos_ens
-> info : Event 106 of context um-atmos_ens  sent
-> info : updateCalendar : before : 1988-09-01 02:00:00
-> info : update step : 9 timestep 900s
-> info : updateCalendar : after : 1988-09-01 02:15:00
-> info : Event 107 of context um-atmos_ens
-> info : Event 107 of context um-atmos_ens  sent
-> info : updateCalendar : before : 1988-09-01 02:15:00
-> info : update step : 10 timestep 900s
-> info : updateCalendar : after : 1988-09-01 02:30:00
-> info : Event 108 of context um-atmos_ens
-> info : Event 108 of context um-atmos_ens  sent
-> info : updateCalendar : before : 1988-09-01 02:30:00
-> info : update step : 11 timestep 900s
-> info : updateCalendar : after : 1988-09-01 02:45:00
-> info : Event 109 of context um-atmos_ens
-> info : Event 109 of context um-atmos_ens  sent
-> info : updateCalendar : before : 1988-09-01 02:45:00
-> info : update step : 12 timestep 900s
-> info : updateCalendar : after : 1988-09-01 03:00:00
-> info : Event 110 of context um-atmos_ens
-> info : Event 110 of context um-atmos_ens  sent
-> info : Event 111 of context um-atmos_ens
-> info : Event 111 of context um-atmos_ens  sent
-> info : Event 112 of context um-atmos_ens
-> info : Event 112 of context um-atmos_ens  sent
-> info : updateCalendar : before : 1988-09-01 03:00:00
-> info : update step : 13 timestep 900s
-> info : updateCalendar : after : 1988-09-01 03:15:00
-> info : Event 113 of context um-atmos_ens
-> info : Event 113 of context um-atmos_ens  sent
-> info : updateCalendar : before : 1988-09-01 03:15:00
-> info : update step : 14 timestep 900s
-> info : updateCalendar : after : 1988-09-01 03:30:00
-> info : Event 114 of context um-atmos_ens
-> info : Event 114 of context um-atmos_ens  sent
-> info : updateCalendar : before : 1988-09-01 03:30:00
-> info : update step : 15 timestep 900s
-> info : updateCalendar : after : 1988-09-01 03:45:00
-> info : Event 115 of context um-atmos_ens
-> info : Event 115 of context um-atmos_ens  sent
-> info : updateCalendar : before : 1988-09-01 03:45:00
-> info : update step : 16 timestep 900s
-> info : updateCalendar : after : 1988-09-01 04:00:00
-> info : Event 116 of context um-atmos_ens
-> info : Event 116 of context um-atmos_ens  sent
-> info : updateCalendar : before : 1988-09-01 04:00:00
-> info : update step : 17 timestep 900s
-> info : updateCalendar : after : 1988-09-01 04:15:00
-> info : Event 117 of context um-atmos_ens
-> info : Event 117 of context um-atmos_ens  sent
-> info : updateCalendar : before : 1988-09-01 04:15:00
-> info : update step : 18 timestep 900s
-> info : updateCalendar : after : 1988-09-01 04:30:00
-> info : Event 118 of context um-atmos_ens
-> info : Event 118 of context um-atmos_ens  sent
-> info : updateCalendar : before : 1988-09-01 04:30:00
-> info : update step : 19 timestep 900s
-> info : updateCalendar : after : 1988-09-01 04:45:00
-> info : Event 119 of context um-atmos_ens
-> info : Event 119 of context um-atmos_ens  sent
-> info : updateCalendar : before : 1988-09-01 04:45:00
-> info : update step : 20 timestep 900s
-> info : updateCalendar : after : 1988-09-01 05:00:00
-> info : Event 120 of context um-atmos_ens
-> info : Event 120 of context um-atmos_ens  sent
-> info : updateCalendar : before : 1988-09-01 05:00:00
-> info : update step : 21 timestep 900s
-> info : updateCalendar : after : 1988-09-01 05:15:00
-> info : Event 121 of context um-atmos_ens
-> info : Event 121 of context um-atmos_ens  sent
-> info : updateCalendar : before : 1988-09-01 05:15:00
-> info : update step : 22 timestep 900s
-> info : updateCalendar : after : 1988-09-01 05:30:00
-> info : Event 122 of context um-atmos_ens
-> info : Event 122 of context um-atmos_ens  sent
-> info : updateCalendar : before : 1988-09-01 05:30:00
-> info : update step : 23 timestep 900s
-> info : updateCalendar : after : 1988-09-01 05:45:00
-> info : Event 123 of context um-atmos_ens
-> info : Event 123 of context um-atmos_ens  sent
-> info : updateCalendar : before : 1988-09-01 05:45:00
-> info : update step : 24 timestep 900s
-> info : updateCalendar : after : 1988-09-01 06:00:00
-> info : Event 124 of context um-atmos_ens
-> info : Event 124 of context um-atmos_ens  sent
-> info : Event 125 of context um-atmos_ens
-> info : Event 125 of context um-atmos_ens  sent
-> info : Event 126 of context um-atmos_ens
-> info : Event 126 of context um-atmos_ens  sent
-> info : updateCalendar : before : 1988-09-01 06:00:00
-> info : update step : 25 timestep 900s
-> info : updateCalendar : after : 1988-09-01 06:15:00
-> info : Event 127 of context um-atmos_ens
-> info : Event 127 of context um-atmos_ens  sent
-> info : updateCalendar : before : 1988-09-01 06:15:00
-> info : update step : 26 timestep 900s
-> info : updateCalendar : after : 1988-09-01 06:30:00
-> info : Event 128 of context um-atmos_ens
-> info : Event 128 of context um-atmos_ens  sent
-> info : updateCalendar : before : 1988-09-01 06:30:00
-> info : update step : 27 timestep 900s
-> info : updateCalendar : after : 1988-09-01 06:45:00
-> info : Event 129 of context um-atmos_ens
-> info : Event 129 of context um-atmos_ens  sent
-> info : updateCalendar : before : 1988-09-01 06:45:00
-> info : update step : 28 timestep 900s
-> info : updateCalendar : after : 1988-09-01 07:00:00
-> info : Event 130 of context um-atmos_ens
-> info : Event 130 of context um-atmos_ens  sent
-> info : updateCalendar : before : 1988-09-01 07:00:00
-> info : update step : 29 timestep 900s
-> info : updateCalendar : after : 1988-09-01 07:15:00
-> info : Event 131 of context um-atmos_ens
-> info : Event 131 of context um-atmos_ens  sent
-> info : updateCalendar : before : 1988-09-01 07:15:00
-> info : update step : 30 timestep 900s
-> info : updateCalendar : after : 1988-09-01 07:30:00
-> info : Event 132 of context um-atmos_ens
-> info : Event 132 of context um-atmos_ens  sent
-> info : updateCalendar : before : 1988-09-01 07:30:00
-> info : update step : 31 timestep 900s
-> info : updateCalendar : after : 1988-09-01 07:45:00
-> info : Event 133 of context um-atmos_ens
-> info : Event 133 of context um-atmos_ens  sent
-> info : updateCalendar : before : 1988-09-01 07:45:00
-> info : update step : 32 timestep 900s
-> info : updateCalendar : after : 1988-09-01 08:00:00
-> info : Event 134 of context um-atmos_ens
-> info : Event 134 of context um-atmos_ens  sent
-> info : updateCalendar : before : 1988-09-01 08:00:00
-> info : update step : 33 timestep 900s
-> info : updateCalendar : after : 1988-09-01 08:15:00
-> info : Event 135 of context um-atmos_ens
-> info : Event 135 of context um-atmos_ens  sent
-> info : updateCalendar : before : 1988-09-01 08:15:00
-> info : update step : 34 timestep 900s
-> info : updateCalendar : after : 1988-09-01 08:30:00
-> info : Event 136 of context um-atmos_ens
-> info : Event 136 of context um-atmos_ens  sent
-> info : updateCalendar : before : 1988-09-01 08:30:00
-> info : update step : 35 timestep 900s
-> info : updateCalendar : after : 1988-09-01 08:45:00
-> info : Event 137 of context um-atmos_ens
-> info : Event 137 of context um-atmos_ens  sent
-> info : updateCalendar : before : 1988-09-01 08:45:00
-> info : update step : 36 timestep 900s
-> info : updateCalendar : after : 1988-09-01 09:00:00
-> info : Event 138 of context um-atmos_ens
-> info : Event 138 of context um-atmos_ens  sent
-> info : Event 139 of context um-atmos_ens
-> info : Event 139 of context um-atmos_ens  sent
-> info : Event 140 of context um-atmos_ens
-> info : Event 140 of context um-atmos_ens  sent
-> info : updateCalendar : before : 1988-09-01 09:00:00
-> info : update step : 37 timestep 900s
-> info : updateCalendar : after : 1988-09-01 09:15:00
-> info : Event 141 of context um-atmos_ens
-> info : Event 141 of context um-atmos_ens  sent
-> info : updateCalendar : before : 1988-09-01 09:15:00
-> info : update step : 38 timestep 900s
-> info : updateCalendar : after : 1988-09-01 09:30:00
-> info : Event 142 of context um-atmos_ens
-> info : Event 142 of context um-atmos_ens  sent
-> info : updateCalendar : before : 1988-09-01 09:30:00
-> info : update step : 39 timestep 900s
-> info : updateCalendar : after : 1988-09-01 09:45:00
-> info : Event 143 of context um-atmos_ens
-> info : Event 143 of context um-atmos_ens  sent
-> info : updateCalendar : before : 1988-09-01 09:45:00
-> info : update step : 40 timestep 900s
-> info : updateCalendar : after : 1988-09-01 10:00:00
-> info : Event 144 of context um-atmos_ens
-> info : Event 144 of context um-atmos_ens  sent
-> info : updateCalendar : before : 1988-09-01 10:00:00
-> info : update step : 41 timestep 900s
-> info : updateCalendar : after : 1988-09-01 10:15:00
-> info : Event 145 of context um-atmos_ens
-> info : Event 145 of context um-atmos_ens  sent
-> info : updateCalendar : before : 1988-09-01 10:15:00
-> info : update step : 42 timestep 900s
-> info : updateCalendar : after : 1988-09-01 10:30:00
-> info : Event 146 of context um-atmos_ens
-> info : Event 146 of context um-atmos_ens  sent
-> info : updateCalendar : before : 1988-09-01 10:30:00
-> info : update step : 43 timestep 900s
-> info : updateCalendar : after : 1988-09-01 10:45:00
-> info : Event 147 of context um-atmos_ens
-> info : Event 147 of context um-atmos_ens  sent
-> info : updateCalendar : before : 1988-09-01 10:45:00
-> info : update step : 44 timestep 900s
-> info : updateCalendar : after : 1988-09-01 11:00:00
-> info : Event 148 of context um-atmos_ens
-> info : Event 148 of context um-atmos_ens  sent
-> info : updateCalendar : before : 1988-09-01 11:00:00
-> info : update step : 45 timestep 900s
-> info : updateCalendar : after : 1988-09-01 11:15:00
-> info : Event 149 of context um-atmos_ens
-> info : Event 149 of context um-atmos_ens  sent
-> info : updateCalendar : before : 1988-09-01 11:15:00
-> info : update step : 46 timestep 900s
-> info : updateCalendar : after : 1988-09-01 11:30:00
-> info : Event 150 of context um-atmos_ens
-> info : Event 150 of context um-atmos_ens  sent
-> info : updateCalendar : before : 1988-09-01 11:30:00
-> info : update step : 47 timestep 900s
-> info : updateCalendar : after : 1988-09-01 11:45:00
-> info : Event 151 of context um-atmos_ens
-> info : Event 151 of context um-atmos_ens  sent
-> info : updateCalendar : before : 1988-09-01 11:45:00
-> info : update step : 48 timestep 900s
-> info : updateCalendar : after : 1988-09-01 12:00:00
-> info : Event 152 of context um-atmos_ens
-> info : Event 152 of context um-atmos_ens  sent
-> info : Event 153 of context um-atmos_ens
-> info : Event 153 of context um-atmos_ens  sent
-> info : Event 154 of context um-atmos_ens
-> info : Event 154 of context um-atmos_ens  sent
-> info : updateCalendar : before : 1988-09-01 12:00:00
-> info : update step : 49 timestep 900s
-> info : updateCalendar : after : 1988-09-01 12:15:00
-> info : Event 155 of context um-atmos_ens
-> info : Event 155 of context um-atmos_ens  sent
-> info : updateCalendar : before : 1988-09-01 12:15:00
-> info : update step : 50 timestep 900s
-> info : updateCalendar : after : 1988-09-01 12:30:00
-> info : Event 156 of context um-atmos_ens
-> info : Event 156 of context um-atmos_ens  sent
-> info : updateCalendar : before : 1988-09-01 12:30:00
-> info : update step : 51 timestep 900s
-> info : updateCalendar : after : 1988-09-01 12:45:00
-> info : Event 157 of context um-atmos_ens
-> info : Event 157 of context um-atmos_ens  sent
-> info : updateCalendar : before : 1988-09-01 12:45:00
-> info : update step : 52 timestep 900s
-> info : updateCalendar : after : 1988-09-01 13:00:00
-> info : Event 158 of context um-atmos_ens
-> info : Event 158 of context um-atmos_ens  sent
-> info : updateCalendar : before : 1988-09-01 13:00:00
-> info : update step : 53 timestep 900s
-> info : updateCalendar : after : 1988-09-01 13:15:00
-> info : Event 159 of context um-atmos_ens
-> info : Event 159 of context um-atmos_ens  sent
-> info : updateCalendar : before : 1988-09-01 13:15:00
-> info : update step : 54 timestep 900s
-> info : updateCalendar : after : 1988-09-01 13:30:00
-> info : Event 160 of context um-atmos_ens
-> info : Event 160 of context um-atmos_ens  sent
-> info : updateCalendar : before : 1988-09-01 13:30:00
-> info : update step : 55 timestep 900s
-> info : updateCalendar : after : 1988-09-01 13:45:00
-> info : Event 161 of context um-atmos_ens
-> info : Event 161 of context um-atmos_ens  sent
-> info : updateCalendar : before : 1988-09-01 13:45:00
-> info : update step : 56 timestep 900s
-> info : updateCalendar : after : 1988-09-01 14:00:00
-> info : Event 162 of context um-atmos_ens
-> info : Event 162 of context um-atmos_ens  sent
-> info : updateCalendar : before : 1988-09-01 14:00:00
-> info : update step : 57 timestep 900s
-> info : updateCalendar : after : 1988-09-01 14:15:00
-> info : Event 163 of context um-atmos_ens
-> info : Event 163 of context um-atmos_ens  sent
-> info : updateCalendar : before : 1988-09-01 14:15:00
-> info : update step : 58 timestep 900s
-> info : updateCalendar : after : 1988-09-01 14:30:00
-> info : Event 164 of context um-atmos_ens
-> info : Event 164 of context um-atmos_ens  sent
-> info : updateCalendar : before : 1988-09-01 14:30:00
-> info : update step : 59 timestep 900s
-> info : updateCalendar : after : 1988-09-01 14:45:00
-> info : Event 165 of context um-atmos_ens
-> info : Event 165 of context um-atmos_ens  sent
-> info : updateCalendar : before : 1988-09-01 14:45:00
-> info : update step : 60 timestep 900s
-> info : updateCalendar : after : 1988-09-01 15:00:00
-> info : Event 166 of context um-atmos_ens
-> info : Event 166 of context um-atmos_ens  sent
-> info : Event 167 of context um-atmos_ens
-> info : Event 167 of context um-atmos_ens  sent
-> info : Event 168 of context um-atmos_ens
-> info : Event 168 of context um-atmos_ens  sent
-> info : updateCalendar : before : 1988-09-01 15:00:00
-> info : update step : 61 timestep 900s
-> info : updateCalendar : after : 1988-09-01 15:15:00
-> info : Event 169 of context um-atmos_ens
-> info : Event 169 of context um-atmos_ens  sent
-> info : updateCalendar : before : 1988-09-01 15:15:00
-> info : update step : 62 timestep 900s
-> info : updateCalendar : after : 1988-09-01 15:30:00
-> info : Event 170 of context um-atmos_ens
-> info : Event 170 of context um-atmos_ens  sent
-> info : updateCalendar : before : 1988-09-01 15:30:00
-> info : update step : 63 timestep 900s
-> info : updateCalendar : after : 1988-09-01 15:45:00
-> info : Event 171 of context um-atmos_ens
-> info : Event 171 of context um-atmos_ens  sent
-> info : updateCalendar : before : 1988-09-01 15:45:00
-> info : update step : 64 timestep 900s
-> info : updateCalendar : after : 1988-09-01 16:00:00
-> info : Event 172 of context um-atmos_ens
-> info : Event 172 of context um-atmos_ens  sent
-> info : updateCalendar : before : 1988-09-01 16:00:00
-> info : update step : 65 timestep 900s
-> info : updateCalendar : after : 1988-09-01 16:15:00
-> info : Event 173 of context um-atmos_ens
-> info : Event 173 of context um-atmos_ens  sent
-> info : updateCalendar : before : 1988-09-01 16:15:00
-> info : update step : 66 timestep 900s
-> info : updateCalendar : after : 1988-09-01 16:30:00
-> info : Event 174 of context um-atmos_ens
-> info : Event 174 of context um-atmos_ens  sent
-> info : updateCalendar : before : 1988-09-01 16:30:00
-> info : update step : 67 timestep 900s
-> info : updateCalendar : after : 1988-09-01 16:45:00
-> info : Event 175 of context um-atmos_ens
-> info : Event 175 of context um-atmos_ens  sent
-> info : updateCalendar : before : 1988-09-01 16:45:00
-> info : update step : 68 timestep 900s
-> info : updateCalendar : after : 1988-09-01 17:00:00
-> info : Event 176 of context um-atmos_ens
-> info : Event 176 of context um-atmos_ens  sent
-> info : updateCalendar : before : 1988-09-01 17:00:00
-> info : update step : 69 timestep 900s
-> info : updateCalendar : after : 1988-09-01 17:15:00
-> info : Event 177 of context um-atmos_ens
-> info : Event 177 of context um-atmos_ens  sent
-> info : updateCalendar : before : 1988-09-01 17:15:00
-> info : update step : 70 timestep 900s
-> info : updateCalendar : after : 1988-09-01 17:30:00
-> info : Event 178 of context um-atmos_ens
-> info : Event 178 of context um-atmos_ens  sent
-> info : updateCalendar : before : 1988-09-01 17:30:00
-> info : update step : 71 timestep 900s
-> info : updateCalendar : after : 1988-09-01 17:45:00
-> info : Event 179 of context um-atmos_ens
-> info : Event 179 of context um-atmos_ens  sent
-> info : updateCalendar : before : 1988-09-01 17:45:00
-> info : update step : 72 timestep 900s
-> info : updateCalendar : after : 1988-09-01 18:00:00
-> info : Event 180 of context um-atmos_ens
-> info : Event 180 of context um-atmos_ens  sent
-> info : Event 181 of context um-atmos_ens
-> info : Event 181 of context um-atmos_ens  sent
-> info : Event 182 of context um-atmos_ens
-> info : Event 182 of context um-atmos_ens  sent
-> info : updateCalendar : before : 1988-09-01 18:00:00
-> info : update step : 73 timestep 900s
-> info : updateCalendar : after : 1988-09-01 18:15:00
-> info : Event 183 of context um-atmos_ens
-> info : Event 183 of context um-atmos_ens  sent
-> info : updateCalendar : before : 1988-09-01 18:15:00
-> info : update step : 74 timestep 900s
-> info : updateCalendar : after : 1988-09-01 18:30:00
-> info : Event 184 of context um-atmos_ens
-> info : Event 184 of context um-atmos_ens  sent
-> info : updateCalendar : before : 1988-09-01 18:30:00
-> info : update step : 75 timestep 900s
-> info : updateCalendar : after : 1988-09-01 18:45:00
-> info : Event 185 of context um-atmos_ens
-> info : Event 185 of context um-atmos_ens  sent
-> info : updateCalendar : before : 1988-09-01 18:45:00
-> info : update step : 76 timestep 900s
-> info : updateCalendar : after : 1988-09-01 19:00:00
-> info : Event 186 of context um-atmos_ens
-> info : Event 186 of context um-atmos_ens  sent
-> info : updateCalendar : before : 1988-09-01 19:00:00
-> info : update step : 77 timestep 900s
-> info : updateCalendar : after : 1988-09-01 19:15:00
-> info : Event 187 of context um-atmos_ens
-> info : Event 187 of context um-atmos_ens  sent
-> info : updateCalendar : before : 1988-09-01 19:15:00
-> info : update step : 78 timestep 900s
-> info : updateCalendar : after : 1988-09-01 19:30:00
-> info : Event 188 of context um-atmos_ens
-> info : Event 188 of context um-atmos_ens  sent
-> info : updateCalendar : before : 1988-09-01 19:30:00
-> info : update step : 79 timestep 900s
-> info : updateCalendar : after : 1988-09-01 19:45:00
-> info : Event 189 of context um-atmos_ens
-> info : Event 189 of context um-atmos_ens  sent
-> info : updateCalendar : before : 1988-09-01 19:45:00
-> info : update step : 80 timestep 900s
-> info : updateCalendar : after : 1988-09-01 20:00:00
-> info : Event 190 of context um-atmos_ens
-> info : Event 190 of context um-atmos_ens  sent
-> info : updateCalendar : before : 1988-09-01 20:00:00
-> info : update step : 81 timestep 900s
-> info : updateCalendar : after : 1988-09-01 20:15:00
-> info : Event 191 of context um-atmos_ens
-> info : Event 191 of context um-atmos_ens  sent
-> info : updateCalendar : before : 1988-09-01 20:15:00
-> info : update step : 82 timestep 900s
-> info : updateCalendar : after : 1988-09-01 20:30:00
-> info : Event 192 of context um-atmos_ens
-> info : Event 192 of context um-atmos_ens  sent
-> info : updateCalendar : before : 1988-09-01 20:30:00
-> info : update step : 83 timestep 900s
-> info : updateCalendar : after : 1988-09-01 20:45:00
-> info : Event 193 of context um-atmos_ens
-> info : Event 193 of context um-atmos_ens  sent
-> info : updateCalendar : before : 1988-09-01 20:45:00
-> info : update step : 84 timestep 900s
-> info : updateCalendar : after : 1988-09-01 21:00:00
-> info : Event 194 of context um-atmos_ens
-> info : Event 194 of context um-atmos_ens  sent
-> info : Event 195 of context um-atmos_ens
-> info : Event 195 of context um-atmos_ens  sent
-> info : Event 196 of context um-atmos_ens
-> info : Event 196 of context um-atmos_ens  sent
-> info : updateCalendar : before : 1988-09-01 21:00:00
-> info : update step : 85 timestep 900s
-> info : updateCalendar : after : 1988-09-01 21:15:00
-> info : Event 197 of context um-atmos_ens
-> info : Event 197 of context um-atmos_ens  sent
-> info : updateCalendar : before : 1988-09-01 21:15:00
-> info : update step : 86 timestep 900s
-> info : updateCalendar : after : 1988-09-01 21:30:00
-> info : Event 198 of context um-atmos_ens
-> info : Event 198 of context um-atmos_ens  sent
-> info : updateCalendar : before : 1988-09-01 21:30:00
-> info : update step : 87 timestep 900s
-> info : updateCalendar : after : 1988-09-01 21:45:00
-> info : Event 199 of context um-atmos_ens
-> info : Event 199 of context um-atmos_ens  sent
-> info : updateCalendar : before : 1988-09-01 21:45:00
-> info : update step : 88 timestep 900s
-> info : updateCalendar : after : 1988-09-01 22:00:00
-> info : Event 200 of context um-atmos_ens
-> info : Event 200 of context um-atmos_ens  sent
-> info : updateCalendar : before : 1988-09-01 22:00:00
-> info : update step : 89 timestep 900s
-> info : updateCalendar : after : 1988-09-01 22:15:00
-> info : Event 201 of context um-atmos_ens
-> info : Event 201 of context um-atmos_ens  sent
-> info : updateCalendar : before : 1988-09-01 22:15:00
-> info : update step : 90 timestep 900s
-> info : updateCalendar : after : 1988-09-01 22:30:00
-> info : Event 202 of context um-atmos_ens
-> info : Event 202 of context um-atmos_ens  sent
-> info : updateCalendar : before : 1988-09-01 22:30:00
-> info : update step : 91 timestep 900s
-> info : updateCalendar : after : 1988-09-01 22:45:00
-> info : Event 203 of context um-atmos_ens
-> info : Event 203 of context um-atmos_ens  sent
-> info : updateCalendar : before : 1988-09-01 22:45:00
-> info : update step : 92 timestep 900s
-> info : updateCalendar : after : 1988-09-01 23:00:00
-> info : Event 204 of context um-atmos_ens
-> info : Event 204 of context um-atmos_ens  sent
-> info : updateCalendar : before : 1988-09-01 23:00:00
-> info : update step : 93 timestep 900s
-> info : updateCalendar : after : 1988-09-01 23:15:00
-> info : Event 205 of context um-atmos_ens
-> info : Event 205 of context um-atmos_ens  sent
-> info : updateCalendar : before : 1988-09-01 23:15:00
-> info : update step : 94 timestep 900s
-> info : updateCalendar : after : 1988-09-01 23:30:00
-> info : Event 206 of context um-atmos_ens
-> info : Event 206 of context um-atmos_ens  sent
-> info : updateCalendar : before : 1988-09-01 23:30:00
-> info : update step : 95 timestep 900s
-> info : updateCalendar : after : 1988-09-01 23:45:00
-> info : Event 207 of context um-atmos_ens
-> info : Event 207 of context um-atmos_ens  sent
-> info : updateCalendar : before : 1988-09-01 23:45:00
-> info : update step : 96 timestep 900s
-> info : updateCalendar : after : 1988-09-02 00:00:00
-> info : Event 208 of context um-atmos_ens
-> info : Event 208 of context um-atmos_ens  sent
-> info : Event 209 of context um-atmos_ens
-> info : Event 209 of context um-atmos_ens  sent
-> info : Event 210 of context um-atmos_ens
-> info : Event 210 of context um-atmos_ens  sent
-> info : Event 211 of context um-atmos_ens
-> info : Event 211 of context um-atmos_ens  sent
-> info : DEBUG : Sent context Finalize event to rank 0
-> info : Event 212 of context um-atmos_ens
-> info : Event 212 of context um-atmos_ens  sent
-> report :  Memory report : Context <um-atmos_ens> : client side : memory used for buffer of each connection to server
  +) To server with rank 0 : 71392 bytes 
-> report :  Memory report : Context <um-atmos_ens> : client side : total memory used for buffer 71392 bytes
-> info :  CContextServer: Receive context <um-atmos_ens> finalize.
-> report :  Memory report : Context <um-atmos_ens> : server side : memory used for buffer of each connection to client
  +) With client of rank 0 : 69984 bytes 
-> report :  Memory report : Context <um-atmos_ens> : server side : total memory used for buffer 69984 bytes
-> info : CContext: Context <um-atmos_ens> is finalized.
-> info : Client side context is finalized
-> report :  Performance report : Whole time from XIOS init and finalize: 203.603 s
-> report :  Performance report : total time spent for XIOS : 3.21747 s
-> report :  Performance report : time spent for waiting free buffer : 0.0215714 s
-> report :  Performance report : Ratio : 0.0105949 %
-> report :  Performance report : This ratio must be close to zero. Otherwise it may be usefull to increase buffer size or numbers of server
-> report :  Memory report : Minimum buffer size required : 69968 bytes
-> report :  Memory report : increasing it by a factor will increase performance, depending of the volume of data wrote in file at each time step of the file
-> report : Timer : Blocking time    -->   cumulated time : 0.0215714
Timer : CSpatialTransformFilterEngine::apply    -->   cumulated time : 0.110213
Timer : Context : close definition    -->   cumulated time : 0.392508
Timer : Field : send data    -->   cumulated time : 0.0030698
Timer : Process events    -->   cumulated time : 6.964e-06
Timer : Process request    -->   cumulated time : 1.9427e-05
Timer : XIOS    -->   cumulated time : 3.21747
Timer : XIOS close definition    -->   cumulated time : 0.392512
Timer : XIOS context finalize    -->   cumulated time : 0.00207522
Timer : XIOS finalize    -->   cumulated time : 0
Timer : XIOS init    -->   cumulated time : 0
Timer : XIOS init context    -->   cumulated time : 2.21635
Timer : XIOS init/finalize    -->   cumulated time : 203.603
Timer : XIOS send field    -->   cumulated time : 0.252944
Timer : computeGlobalSourceIndex    -->   cumulated time : 0.08596
Timer : computeIndexSourceMapping    -->   cumulated time : 2.7262e-05
Timer : computeTransformationMapping    -->   cumulated time : 0.020539

-> info : Write data base Registry

