-> info : Register new Context : um-atmos_ens
-> info : Register new Context : um-atmos_ens_mem0
-> info : update step : 0 timestep 1200s
-> info : Event 0 of context um-atmos_ens
-> info : CClientBuffer: allocated 2 x 10784 bytes for server 0 with a maximum of 34 buffered events
-> info : Event 0 of context um-atmos_ens  sent
-> info : Event 1 of context um-atmos_ens
-> info : Event 1 of context um-atmos_ens  sent
-> info : Event 2 of context um-atmos_ens
-> info : Event 2 of context um-atmos_ens  sent
-> info : Event 3 of context um-atmos_ens
-> info : Event 3 of context um-atmos_ens  sent
-> info : Event 4 of context um-atmos_ens
-> info : Event 4 of context um-atmos_ens  sent
-> info : Event 5 of context um-atmos_ens
-> info : Event 5 of context um-atmos_ens  sent
-> info : Event 6 of context um-atmos_ens
-> info : Event 6 of context um-atmos_ens  sent
-> info : Event 7 of context um-atmos_ens
-> info : Event 7 of context um-atmos_ens  sent
-> info : Event 8 of context um-atmos_ens
-> info : Event 8 of context um-atmos_ens  sent
-> info : Event 9 of context um-atmos_ens
-> info : Event 9 of context um-atmos_ens  sent
-> info : Event 10 of context um-atmos_ens
-> info : Event 10 of context um-atmos_ens  sent
-> info : Event 11 of context um-atmos_ens
-> info : Event 11 of context um-atmos_ens  sent
-> info : Event 12 of context um-atmos_ens
-> info : Event 12 of context um-atmos_ens  sent
-> info : Event 13 of context um-atmos_ens
-> info : Event 13 of context um-atmos_ens  sent
-> info : Event 14 of context um-atmos_ens
-> info : Event 14 of context um-atmos_ens  sent
-> info : Event 15 of context um-atmos_ens
-> info : Event 15 of context um-atmos_ens  sent
-> info : Event 16 of context um-atmos_ens
-> info : Event 16 of context um-atmos_ens  sent
-> info : Event 17 of context um-atmos_ens
-> info : Event 17 of context um-atmos_ens  sent
-> info : Event 18 of context um-atmos_ens
-> info : Event 18 of context um-atmos_ens  sent
-> info : Event 19 of context um-atmos_ens
-> info : Event 19 of context um-atmos_ens  sent
-> info : Event 20 of context um-atmos_ens
-> info : Event 20 of context um-atmos_ens  sent
-> info : Event 21 of context um-atmos_ens
-> info : Event 21 of context um-atmos_ens  sent
-> info : Event 22 of context um-atmos_ens
-> info : Event 22 of context um-atmos_ens  sent
-> info : Event 23 of context um-atmos_ens
-> info : Event 23 of context um-atmos_ens  sent
-> info : Event 24 of context um-atmos_ens
-> info : Event 24 of context um-atmos_ens  sent
-> info : Event 25 of context um-atmos_ens
-> info : Event 25 of context um-atmos_ens  sent
-> info : Event 26 of context um-atmos_ens
-> info : Event 26 of context um-atmos_ens  sent
-> info : Event 27 of context um-atmos_ens
-> info : Event 27 of context um-atmos_ens  sent
-> info : Event 28 of context um-atmos_ens
-> info : Event 28 of context um-atmos_ens  sent
-> info : Event 29 of context um-atmos_ens
-> info : Event 29 of context um-atmos_ens  sent
-> info : Event 30 of context um-atmos_ens
-> info : Event 30 of context um-atmos_ens  sent
-> info : Event 31 of context um-atmos_ens
-> info : Event 31 of context um-atmos_ens  sent
-> info : Event 32 of context um-atmos_ens
-> info : Event 32 of context um-atmos_ens  sent
-> info : Event 33 of context um-atmos_ens
-> info : Event 33 of context um-atmos_ens  sent
-> info : Event 34 of context um-atmos_ens
-> info : Event 34 of context um-atmos_ens  sent
-> info : Event 35 of context um-atmos_ens
-> info : Event 35 of context um-atmos_ens  sent
-> info : Event 36 of context um-atmos_ens
-> info : Event 36 of context um-atmos_ens  sent
-> info : Event 37 of context um-atmos_ens
-> info : Event 37 of context um-atmos_ens  sent
-> info : Event 38 of context um-atmos_ens
-> info : Event 38 of context um-atmos_ens  sent
-> info : Event 39 of context um-atmos_ens
-> info : Event 39 of context um-atmos_ens  sent
-> info : Event 40 of context um-atmos_ens
-> info : Event 40 of context um-atmos_ens  sent
-> info : Event 41 of context um-atmos_ens
-> info : Event 41 of context um-atmos_ens  sent
-> info : Event 42 of context um-atmos_ens
-> info : Event 42 of context um-atmos_ens  sent
-> info : Event 43 of context um-atmos_ens
-> info : Event 43 of context um-atmos_ens  sent
-> info : Event 44 of context um-atmos_ens
-> info : Event 44 of context um-atmos_ens  sent
-> info : Event 45 of context um-atmos_ens
-> info : Event 45 of context um-atmos_ens  sent
-> info : Event 46 of context um-atmos_ens
-> info : Event 46 of context um-atmos_ens  sent
-> info : Event 47 of context um-atmos_ens
-> info : Event 47 of context um-atmos_ens  sent
-> info : Event 48 of context um-atmos_ens
-> info : Event 48 of context um-atmos_ens  sent
-> info : Event 49 of context um-atmos_ens
-> info : Event 49 of context um-atmos_ens  sent
-> info : Event 50 of context um-atmos_ens
-> info : Event 50 of context um-atmos_ens  sent
-> info : Event 51 of context um-atmos_ens
-> info : Event 51 of context um-atmos_ens  sent
-> info : Event 52 of context um-atmos_ens
-> info : Event 52 of context um-atmos_ens  sent
-> info : Event 53 of context um-atmos_ens
-> info : Event 53 of context um-atmos_ens  sent
-> info : Event 54 of context um-atmos_ens
-> info : Event 54 of context um-atmos_ens  sent
-> info : Event 55 of context um-atmos_ens
-> info : Event 55 of context um-atmos_ens  sent
-> info : Event 56 of context um-atmos_ens
-> info : Event 56 of context um-atmos_ens  sent
-> info : Event 57 of context um-atmos_ens
-> info : Event 57 of context um-atmos_ens  sent
-> info : Event 58 of context um-atmos_ens
-> info : Event 58 of context um-atmos_ens  sent
-> info : Event 59 of context um-atmos_ens
-> info : Event 59 of context um-atmos_ens  sent
-> info : Event 60 of context um-atmos_ens
-> info : Event 60 of context um-atmos_ens  sent
-> info : Event 61 of context um-atmos_ens
-> info : Event 61 of context um-atmos_ens  sent
-> info : Event 62 of context um-atmos_ens
-> info : Event 62 of context um-atmos_ens  sent
-> info : Event 63 of context um-atmos_ens
-> info : Event 63 of context um-atmos_ens  sent
-> info : Event 64 of context um-atmos_ens
-> info : Event 64 of context um-atmos_ens  sent
-> info : Event 65 of context um-atmos_ens
-> info : Event 65 of context um-atmos_ens  sent
-> info : Event 66 of context um-atmos_ens
-> info : Event 66 of context um-atmos_ens  sent
-> info : Event 67 of context um-atmos_ens
-> info : Event 67 of context um-atmos_ens  sent
-> info : Event 68 of context um-atmos_ens
-> info : Event 68 of context um-atmos_ens  sent
-> info : Event 69 of context um-atmos_ens
-> info : Event 69 of context um-atmos_ens  sent
-> info : Event 70 of context um-atmos_ens
-> info : Event 70 of context um-atmos_ens  sent
-> info : Event 71 of context um-atmos_ens
-> info : Event 71 of context um-atmos_ens  sent
-> info : Event 72 of context um-atmos_ens
-> info : Event 72 of context um-atmos_ens  sent
-> info : Event 73 of context um-atmos_ens
-> info : Event 73 of context um-atmos_ens  sent
-> info : Event 74 of context um-atmos_ens
-> info : Event 74 of context um-atmos_ens  sent
-> info : Event 75 of context um-atmos_ens
-> info : Event 75 of context um-atmos_ens  sent
-> info : Event 76 of context um-atmos_ens
-> info : Event 76 of context um-atmos_ens  sent
-> info : Event 77 of context um-atmos_ens
-> info : Event 77 of context um-atmos_ens  sent
-> info : Event 78 of context um-atmos_ens
-> info : Event 78 of context um-atmos_ens  sent
-> info : Event 79 of context um-atmos_ens
-> info : Event 79 of context um-atmos_ens  sent
-> info : Event 80 of context um-atmos_ens
-> info : Event 80 of context um-atmos_ens  sent
-> info : Event 81 of context um-atmos_ens
-> info : Event 81 of context um-atmos_ens  sent
-> info : Event 82 of context um-atmos_ens
-> info : Event 82 of context um-atmos_ens  sent
-> info : Event 83 of context um-atmos_ens
-> info : Event 83 of context um-atmos_ens  sent
-> info : Event 84 of context um-atmos_ens
-> info : Event 84 of context um-atmos_ens  sent
-> info : Event 85 of context um-atmos_ens
-> info : Event 85 of context um-atmos_ens  sent
-> info : Event 86 of context um-atmos_ens
-> info : Event 86 of context um-atmos_ens  sent
-> info : Event 87 of context um-atmos_ens
-> info : Event 87 of context um-atmos_ens  sent
-> info : Event 88 of context um-atmos_ens
-> info : Event 88 of context um-atmos_ens  sent
-> info : Event 89 of context um-atmos_ens
-> info : Event 89 of context um-atmos_ens  sent
-> info : Event 90 of context um-atmos_ens
-> info : Event 90 of context um-atmos_ens  sent
-> info : Event 91 of context um-atmos_ens
-> info : Event 91 of context um-atmos_ens  sent
-> info : Event 92 of context um-atmos_ens
-> info : Event 92 of context um-atmos_ens  sent
-> info : Event 93 of context um-atmos_ens
-> info : Event 93 of context um-atmos_ens  sent
-> info : Event 94 of context um-atmos_ens
-> info : Event 94 of context um-atmos_ens  sent
-> info : Event 95 of context um-atmos_ens
-> info : Event 95 of context um-atmos_ens  sent
-> info : Event 96 of context um-atmos_ens
-> info : Event 96 of context um-atmos_ens  sent
-> info : Event 97 of context um-atmos_ens
-> info : Event 97 of context um-atmos_ens  sent
-> info : Event 98 of context um-atmos_ens
-> info : Event 98 of context um-atmos_ens  sent
-> info : Event 99 of context um-atmos_ens
-> info : Event 99 of context um-atmos_ens  sent
-> info : Event 100 of context um-atmos_ens
-> info : Event 100 of context um-atmos_ens  sent
-> info : Event 101 of context um-atmos_ens
-> info : Event 101 of context um-atmos_ens  sent
-> info : Event 102 of context um-atmos_ens
-> info : Event 102 of context um-atmos_ens  sent
-> info : Event 103 of context um-atmos_ens
-> info : Event 103 of context um-atmos_ens  sent
-> info : Event 104 of context um-atmos_ens
-> info : Event 104 of context um-atmos_ens  sent
-> info : Event 105 of context um-atmos_ens
-> info : Event 105 of context um-atmos_ens  sent
-> info : Event 106 of context um-atmos_ens
-> info : Event 106 of context um-atmos_ens  sent
-> info : Event 107 of context um-atmos_ens
-> info : Event 107 of context um-atmos_ens  sent
-> info : Event 108 of context um-atmos_ens
-> info : Event 108 of context um-atmos_ens  sent
-> info : Event 109 of context um-atmos_ens
-> info : Event 109 of context um-atmos_ens  sent
-> info : Event 110 of context um-atmos_ens
-> info : Event 110 of context um-atmos_ens  sent
-> info : Event 111 of context um-atmos_ens
-> info : Event 111 of context um-atmos_ens  sent
-> info : Event 112 of context um-atmos_ens
-> info : Event 112 of context um-atmos_ens  sent
-> info : Event 113 of context um-atmos_ens
-> info : Event 113 of context um-atmos_ens  sent
-> info : Event 114 of context um-atmos_ens
-> info : Event 114 of context um-atmos_ens  sent
-> info : Event 115 of context um-atmos_ens
-> info : Event 115 of context um-atmos_ens  sent
-> info : Event 116 of context um-atmos_ens
-> info : Event 116 of context um-atmos_ens  sent
-> info : Event 117 of context um-atmos_ens
-> info : Event 117 of context um-atmos_ens  sent
-> info : Event 118 of context um-atmos_ens
-> info : Event 118 of context um-atmos_ens  sent
-> info : Event 119 of context um-atmos_ens
-> info : Event 119 of context um-atmos_ens  sent
-> info : Event 120 of context um-atmos_ens
-> info : Event 120 of context um-atmos_ens  sent
-> info : Event 121 of context um-atmos_ens
-> info : Event 121 of context um-atmos_ens  sent
-> info : Event 122 of context um-atmos_ens
-> info : Event 122 of context um-atmos_ens  sent
-> info : Event 123 of context um-atmos_ens
-> info : Event 123 of context um-atmos_ens  sent
-> info : Event 124 of context um-atmos_ens
-> info : Event 124 of context um-atmos_ens  sent
-> info : Event 125 of context um-atmos_ens
-> info : Event 125 of context um-atmos_ens  sent
-> info : Event 126 of context um-atmos_ens
-> info : Event 126 of context um-atmos_ens  sent
-> info : Event 127 of context um-atmos_ens
-> info : Event 127 of context um-atmos_ens  sent
-> info : Event 128 of context um-atmos_ens
-> info : Event 128 of context um-atmos_ens  sent
-> info : Event 129 of context um-atmos_ens
-> info : Event 129 of context um-atmos_ens  sent
-> info : Event 130 of context um-atmos_ens
-> info : Event 130 of context um-atmos_ens  sent
-> info : Event 131 of context um-atmos_ens
-> info : Event 131 of context um-atmos_ens  sent
-> info : Event 132 of context um-atmos_ens
-> info : Event 132 of context um-atmos_ens  sent
-> info : Event 133 of context um-atmos_ens
-> info : Event 133 of context um-atmos_ens  sent
-> info : Event 134 of context um-atmos_ens
-> info : Event 134 of context um-atmos_ens  sent
-> info : Event 135 of context um-atmos_ens
-> info : Event 135 of context um-atmos_ens  sent
-> info : Event 136 of context um-atmos_ens
-> info : Event 136 of context um-atmos_ens  sent
-> info : Event 137 of context um-atmos_ens
-> info : Event 137 of context um-atmos_ens  sent
-> info : Event 138 of context um-atmos_ens
-> info : Event 138 of context um-atmos_ens  sent
-> info : Event 139 of context um-atmos_ens
-> info : Event 139 of context um-atmos_ens  sent
-> info : Event 140 of context um-atmos_ens
-> info : Event 140 of context um-atmos_ens  sent
-> info : Event 141 of context um-atmos_ens
-> info : Event 141 of context um-atmos_ens  sent
-> info : Event 142 of context um-atmos_ens
-> info : Event 142 of context um-atmos_ens  sent
-> info : Event 143 of context um-atmos_ens
-> info : Event 143 of context um-atmos_ens  sent
-> info : Event 144 of context um-atmos_ens
-> info : Event 144 of context um-atmos_ens  sent
-> info : Event 145 of context um-atmos_ens
-> info : Event 145 of context um-atmos_ens  sent
-> info : Event 146 of context um-atmos_ens
-> info : Event 146 of context um-atmos_ens  sent
-> info : Event 147 of context um-atmos_ens
-> info : Event 147 of context um-atmos_ens  sent
-> info : Event 148 of context um-atmos_ens
-> info : Event 148 of context um-atmos_ens  sent
-> info : Event 149 of context um-atmos_ens
-> info : Event 149 of context um-atmos_ens  sent
-> info : Event 150 of context um-atmos_ens
-> info : Event 150 of context um-atmos_ens  sent
-> info : Event 151 of context um-atmos_ens
-> info : Event 151 of context um-atmos_ens  sent
-> info : Event 152 of context um-atmos_ens
-> info : Event 152 of context um-atmos_ens  sent
-> info : Event 153 of context um-atmos_ens
-> info : Event 153 of context um-atmos_ens  sent
-> info : Event 154 of context um-atmos_ens
-> info : Event 154 of context um-atmos_ens  sent
-> info : Event 155 of context um-atmos_ens
-> info : Event 155 of context um-atmos_ens  sent
-> info : Event 156 of context um-atmos_ens
-> info : Event 156 of context um-atmos_ens  sent
-> info : Event 157 of context um-atmos_ens
-> info : Event 157 of context um-atmos_ens  sent
-> info : Event 158 of context um-atmos_ens
-> info : Event 158 of context um-atmos_ens  sent
-> info : Event 159 of context um-atmos_ens
-> info : Event 159 of context um-atmos_ens  sent
-> info : Event 160 of context um-atmos_ens
-> info : Event 160 of context um-atmos_ens  sent
-> info : Event 161 of context um-atmos_ens
-> info : Event 161 of context um-atmos_ens  sent
-> info : Event 162 of context um-atmos_ens
-> info : Event 162 of context um-atmos_ens  sent
-> info : Event 163 of context um-atmos_ens
-> info : Event 163 of context um-atmos_ens  sent
-> info : Event 164 of context um-atmos_ens
-> info : Event 164 of context um-atmos_ens  sent
-> info : Event 165 of context um-atmos_ens
-> info : Event 165 of context um-atmos_ens  sent
-> info : Event 166 of context um-atmos_ens
-> info : Event 166 of context um-atmos_ens  sent
-> info : Event 167 of context um-atmos_ens
-> info : Event 167 of context um-atmos_ens  sent
-> info : Event 168 of context um-atmos_ens
-> info : Event 168 of context um-atmos_ens  sent
-> info : Event 169 of context um-atmos_ens
-> info : Event 169 of context um-atmos_ens  sent
-> info : Event 170 of context um-atmos_ens
-> info : Event 170 of context um-atmos_ens  sent
-> info : Event 171 of context um-atmos_ens
-> info : Event 171 of context um-atmos_ens  sent
-> info : Event 172 of context um-atmos_ens
-> info : Event 172 of context um-atmos_ens  sent
-> info : Event 173 of context um-atmos_ens
-> info : Event 173 of context um-atmos_ens  sent
-> info : Event 174 of context um-atmos_ens
-> info : Event 174 of context um-atmos_ens  sent
-> info : Event 175 of context um-atmos_ens
-> info : Event 175 of context um-atmos_ens  sent
-> info : Event 176 of context um-atmos_ens
-> info : Event 176 of context um-atmos_ens  sent
-> info : Event 177 of context um-atmos_ens
-> info : Event 177 of context um-atmos_ens  sent
-> info : Event 178 of context um-atmos_ens
-> info : Event 178 of context um-atmos_ens  sent
-> info : Event 179 of context um-atmos_ens
-> info : Event 179 of context um-atmos_ens  sent
-> info : Event 180 of context um-atmos_ens
-> info : Event 180 of context um-atmos_ens  sent
-> info : Event 181 of context um-atmos_ens
-> info : Event 181 of context um-atmos_ens  sent
-> info : Event 182 of context um-atmos_ens
-> info : Event 182 of context um-atmos_ens  sent
-> info : Event 183 of context um-atmos_ens
-> info : Event 183 of context um-atmos_ens  sent
-> info : Event 184 of context um-atmos_ens
-> info : Event 184 of context um-atmos_ens  sent
-> info : Event 185 of context um-atmos_ens
-> info : Event 185 of context um-atmos_ens  sent
-> info : Event 186 of context um-atmos_ens
-> info : Event 186 of context um-atmos_ens  sent
-> info : Event 187 of context um-atmos_ens
-> info : Event 187 of context um-atmos_ens  sent
-> info : Event 188 of context um-atmos_ens
-> info : Event 188 of context um-atmos_ens  sent
-> info : Event 189 of context um-atmos_ens
-> info : Event 189 of context um-atmos_ens  sent
-> info : Event 190 of context um-atmos_ens
-> info : Event 190 of context um-atmos_ens  sent
-> info : Event 191 of context um-atmos_ens
-> info : Event 191 of context um-atmos_ens  sent
-> info : Event 192 of context um-atmos_ens
-> info : Event 192 of context um-atmos_ens  sent
-> info : Event 193 of context um-atmos_ens
-> info : Event 193 of context um-atmos_ens  sent
-> info : Event 194 of context um-atmos_ens
-> info : Event 194 of context um-atmos_ens  sent
-> info : Event 195 of context um-atmos_ens
-> info : Event 195 of context um-atmos_ens  sent
-> info : Event 196 of context um-atmos_ens
-> info : Event 196 of context um-atmos_ens  sent
-> info : Event 197 of context um-atmos_ens
-> info : Event 197 of context um-atmos_ens  sent
-> info : Event 198 of context um-atmos_ens
-> info : Event 198 of context um-atmos_ens  sent
-> info : Event 199 of context um-atmos_ens
-> info : Event 199 of context um-atmos_ens  sent
-> info : Event 200 of context um-atmos_ens
-> info : Event 200 of context um-atmos_ens  sent
-> info : Event 201 of context um-atmos_ens
-> info : Event 201 of context um-atmos_ens  sent
-> info : Event 202 of context um-atmos_ens
-> info : Event 202 of context um-atmos_ens  sent
-> info : Event 203 of context um-atmos_ens
-> info : Event 203 of context um-atmos_ens  sent
-> info : Event 204 of context um-atmos_ens
-> info : Event 204 of context um-atmos_ens  sent
-> info : Event 205 of context um-atmos_ens
-> info : Event 205 of context um-atmos_ens  sent
-> info : Event 206 of context um-atmos_ens
-> info : Event 206 of context um-atmos_ens  sent
-> info : Event 207 of context um-atmos_ens
-> info : Event 207 of context um-atmos_ens  sent
-> info : Event 208 of context um-atmos_ens
-> info : Event 208 of context um-atmos_ens  sent
-> info : Event 209 of context um-atmos_ens
-> info : Event 209 of context um-atmos_ens  sent
-> info : Event 210 of context um-atmos_ens
-> info : Event 210 of context um-atmos_ens  sent
-> info : Event 211 of context um-atmos_ens
-> info : Event 211 of context um-atmos_ens  sent
-> info : Event 212 of context um-atmos_ens
-> info : CClientBuffer: allocated 2 x 10784 bytes for server 5 with a maximum of 34 buffered events
-> info : CClientBuffer: allocated 2 x 10784 bytes for server 4 with a maximum of 34 buffered events
-> info : CClientBuffer: allocated 2 x 10784 bytes for server 3 with a maximum of 34 buffered events
-> info : CClientBuffer: allocated 2 x 10784 bytes for server 2 with a maximum of 34 buffered events
-> info : CClientBuffer: allocated 2 x 10784 bytes for server 1 with a maximum of 34 buffered events
-> info : Event 212 of context um-atmos_ens  sent
-> info : Event 213 of context um-atmos_ens
-> info : Event 213 of context um-atmos_ens  sent
-> info : Event 214 of context um-atmos_ens
-> info : Event 214 of context um-atmos_ens  sent
-> info : Event 215 of context um-atmos_ens
-> info : Event 215 of context um-atmos_ens  sent
-> info : Event 216 of context um-atmos_ens
-> info : Event 216 of context um-atmos_ens  sent
-> info : Event 217 of context um-atmos_ens
-> info : Event 217 of context um-atmos_ens  sent
-> info : Event 218 of context um-atmos_ens
-> info : Event 218 of context um-atmos_ens  sent
-> info : Event 219 of context um-atmos_ens
-> info : Event 219 of context um-atmos_ens  sent
-> info : Event 220 of context um-atmos_ens
-> info : Event 220 of context um-atmos_ens  sent
-> info : Event 221 of context um-atmos_ens
-> info : Event 221 of context um-atmos_ens  sent
-> info : Event 222 of context um-atmos_ens
-> info : Event 222 of context um-atmos_ens  sent
-> info : Event 223 of context um-atmos_ens
-> info : Event 223 of context um-atmos_ens  sent
-> info : Event 224 of context um-atmos_ens
-> info : Event 224 of context um-atmos_ens  sent
-> info : Event 225 of context um-atmos_ens
-> info : Event 225 of context um-atmos_ens  sent
-> info : Event 226 of context um-atmos_ens
-> info : Event 226 of context um-atmos_ens  sent
-> info : update step : 0 timestep 1200s
-> info : Event 0 of context um-atmos_ens_mem0
-> info : CClientBuffer: allocated 2 x 10784 bytes for server 0 with a maximum of 34 buffered events
-> info : Event 0 of context um-atmos_ens_mem0  sent
-> info : Event 1 of context um-atmos_ens_mem0
-> info : Event 1 of context um-atmos_ens_mem0  sent
-> info : Event 2 of context um-atmos_ens_mem0
-> info : Event 2 of context um-atmos_ens_mem0  sent
-> info : Event 3 of context um-atmos_ens_mem0
-> info : Event 3 of context um-atmos_ens_mem0  sent
-> info : Event 4 of context um-atmos_ens_mem0
-> info : Event 4 of context um-atmos_ens_mem0  sent
-> info : Event 5 of context um-atmos_ens_mem0
-> info : Event 5 of context um-atmos_ens_mem0  sent
-> info : Event 6 of context um-atmos_ens_mem0
-> info : Event 6 of context um-atmos_ens_mem0  sent
-> info : Event 7 of context um-atmos_ens_mem0
-> info : Event 7 of context um-atmos_ens_mem0  sent
-> info : Event 8 of context um-atmos_ens_mem0
-> info : Event 8 of context um-atmos_ens_mem0  sent
-> info : Event 9 of context um-atmos_ens_mem0
-> info : Event 9 of context um-atmos_ens_mem0  sent
-> info : Event 10 of context um-atmos_ens_mem0
-> info : Event 10 of context um-atmos_ens_mem0  sent
-> info : Event 11 of context um-atmos_ens_mem0
-> info : Event 11 of context um-atmos_ens_mem0  sent
-> info : Event 12 of context um-atmos_ens_mem0
-> info : Event 12 of context um-atmos_ens_mem0  sent
-> info : Event 13 of context um-atmos_ens_mem0
-> info : Event 13 of context um-atmos_ens_mem0  sent
-> info : Event 14 of context um-atmos_ens_mem0
-> info : Event 14 of context um-atmos_ens_mem0  sent
-> info : Event 15 of context um-atmos_ens_mem0
-> info : Event 15 of context um-atmos_ens_mem0  sent
-> info : Event 16 of context um-atmos_ens_mem0
-> info : Event 16 of context um-atmos_ens_mem0  sent
-> info : Event 17 of context um-atmos_ens_mem0
-> info : Event 17 of context um-atmos_ens_mem0  sent
-> info : Event 18 of context um-atmos_ens_mem0
-> info : Event 18 of context um-atmos_ens_mem0  sent
-> info : Event 19 of context um-atmos_ens_mem0
-> info : Event 19 of context um-atmos_ens_mem0  sent
-> info : Event 20 of context um-atmos_ens_mem0
-> info : Event 20 of context um-atmos_ens_mem0  sent
-> info : Event 21 of context um-atmos_ens_mem0
-> info : Event 21 of context um-atmos_ens_mem0  sent
-> info : Event 22 of context um-atmos_ens_mem0
-> info : Event 22 of context um-atmos_ens_mem0  sent
-> info : Event 23 of context um-atmos_ens_mem0
-> info : Event 23 of context um-atmos_ens_mem0  sent
-> info : Event 24 of context um-atmos_ens_mem0
-> info : Event 24 of context um-atmos_ens_mem0  sent
-> info : Event 25 of context um-atmos_ens_mem0
-> info : Event 25 of context um-atmos_ens_mem0  sent
-> info : Event 26 of context um-atmos_ens_mem0
-> info : Event 26 of context um-atmos_ens_mem0  sent
-> info : Event 27 of context um-atmos_ens_mem0
-> info : Event 27 of context um-atmos_ens_mem0  sent
-> info : Event 28 of context um-atmos_ens_mem0
-> info : Event 28 of context um-atmos_ens_mem0  sent
-> info : Event 29 of context um-atmos_ens_mem0
-> info : Event 29 of context um-atmos_ens_mem0  sent
-> info : Event 30 of context um-atmos_ens_mem0
-> info : Event 30 of context um-atmos_ens_mem0  sent
-> info : Event 31 of context um-atmos_ens_mem0
-> info : Event 31 of context um-atmos_ens_mem0  sent
-> info : Event 32 of context um-atmos_ens_mem0
-> info : Event 32 of context um-atmos_ens_mem0  sent
-> info : Event 33 of context um-atmos_ens_mem0
-> info : Event 33 of context um-atmos_ens_mem0  sent
-> info : Event 34 of context um-atmos_ens_mem0
