
????????????????????????????????????????????????????????????????????????????????
???!!!???!!!???!!!???!!!???!!!       ERROR        ???!!!???!!!???!!!???!!!???!!!
?  Error code: 10
?  Error from routine: INITTIME
?  Error message:
?        Mismatch between model_basis_time read from namelist and validity time read
?        from dump fixed header.
?
?        model_basis_time    =   1979      3      1      0      0      0
?        fixhd validity time =   1988      3      1      0      0      0
?
?        If this is intentional disable this check by setting all elements of
?        namelist:nlstcall=model_basis_time to zero. Otherwise make adjustments to
?        either the namelist or dump to ensure that these two values match.
?
?        Please note, that if it is valid to do so for your job setup, you may change
?        the validity time of the dump using the reconfiguration namelist variables:
?        * namelist:headers=i_override_date_time
?        * namelist:headers=new_date_time
?
?        Please see the metadata help text associated with these two variables for
?        more information.
?  Error from processor: 610
?  Error number: 20
????????????????????????????????????????????????????????????????????????????????


