Enabling 0 I/O PEs
[0] I am running with  2 thread(s).
[0] OpenMP Specification: 201511

*******************************************************************************
**************** Start of UM RUN Job : 06:03:12 on 31/10/2021 *****************
**************** Based upon UM release vn11.6             *****************
*******************************************************************************

If you are using OpenMPI or think your MPI is thread capable, try setting ios_force_threading_mode appropriately in the UI

????????????????????????????????????????????????????????????????????????????????
??????????????????????????????      WARNING       ??????????????????????????????
?  Warning code: -10
?  Warning from routine: GET_ENV_VAR
?  Warning message: Environment variable OMP_WAIT_POLICY is not set.
?  Warning from processor: 0
?  Warning number: 0
????????????????????????????????????????????????????????????????????????????????


????????????????????????????????????????????????????????????????????????????????
??????????????????????????????      WARNING       ??????????????????????????????
?  Warning code: -10
?  Warning from routine: check_configid
?  Warning message:
?          itab is set to missing data, pp_head(LBEXP) will be set to zero
?  Warning from processor: 0
?  Warning number: 1
????????????????????????????????????????????????????????????????????????????????


????????????????????????????????????????????????????????????????????????????????
??????????????????????????????      WARNING       ??????????????????????????????
?  Warning code: -10
?  Warning from routine: GET_ENV_VAR
?  Warning message: Environment variable FASTRUN is not set.
?  Warning from processor: 0
?  Warning number: 2
????????????????????????????????????????????????????????????????????????????????


????????????????????????????????????????????????????????????????????????????????
??????????????????????????????      WARNING       ??????????????????????????????
?  Warning code: -100
?  Warning from routine: WARN_TEMP_FIXES
?  Warning message: Model run excludes ticket #1167 as
?          l_fix_conv_precip_evap=.FALSE.
?          This will affect all runs with parameterised
?          precipitating convection; evaporation rates for
?          convective precipitation will be underestimated.
?  Warning from processor: 0
?  Warning number: 3
????????????????????????????????????????????????????????????????????????????????


????????????????????????????????????????????????????????????????????????????????
??????????????????????????????      WARNING       ??????????????????????????????
?  Warning code: -100
?  Warning from routine: WARN_TEMP_FIXES
?  Warning message:
?          Model run excludes ticket #1421 as l_fix_ukca_impscav=.FALSE.
?          This will affect any model runs which include UKCA.
?  Warning from processor: 0
?  Warning number: 4
????????????????????????????????????????????????????????????????????????????????


????????????????????????????????????????????????????????????????????????????????
??????????????????????????????      WARNING       ??????????????????????????????
?  Warning code: -100
?  Warning from routine: WARN_TEMP_FIXES
?  Warning message:
?          Model run excludes ticket #1638 as l_fix_rp_shock_amp=.FALSE.
?          This will affect any model using the Random Parameters 2b Scheme
?          by doubling the size of the shock amplitude.
?  Warning from processor: 0
?  Warning number: 5
????????????????????????????????????????????????????????????????????????????????


????????????????????????????????????????????????????????????????????????????????
??????????????????????????????      WARNING       ??????????????????????????????
?  Warning code: -100
?  Warning from routine: WARN_TEMP_FIXES
?  Warning message:
?          Model run excludes ticket #2077 as l_fix_dyndiag=.FALSE.
?          This will mess up shear-dominated PBLs slightly
?  Warning from processor: 0
?  Warning number: 6
????????????????????????????????????????????????????????????????????????????????


????????????????????????????????????????????????????????????????????????????????
??????????????????????????????      WARNING       ??????????????????????????????
?  Warning code: -100
?  Warning from routine: WARN_TEMP_FIXES
?  Warning message:
?          Model run excludes a change from ticket #2556 as
?          l_fix_riming=.FALSE.
?          This could affect any model runs where l_shape_rime is .TRUE.
?          and may produce small numbers in the microphysics leading to
?          the UM crashing in the solver.
?  Warning from processor: 0
?  Warning number: 7
????????????????????????????????????????????????????????????????????????????????


????????????????????????????????????????????????????????????????????????????????
??????????????????????????????      WARNING       ??????????????????????????????
?  Warning code: -100
?  Warning from routine: WARN_TEMP_FIXES
?  Warning message:
?          Model run excludes ticket #3005 as l_fix_zh=.FALSE.
?          This will particularly affect the boundary layer depth
?          diagnostic (25 or 3025) in model runs which have non-zero
?          setting for forced_cu but also have a small impact on
?          model evolution in all runs.
?  Warning from processor: 0
?  Warning number: 8
????????????????????????????????????????????????????????????????????????????????


????????????????????????????????????????????????????????????????????????????????
??????????????????????????????      WARNING       ??????????????????????????????
?  Warning code: -100
?  Warning from routine: WARN_TEMP_FIXES
?  Warning message:
?          Model run excludes a change from ticket #3076 as
?          l_fix_ccb_cct=.FALSE.
?          This affects any model runs using 5A or 6A convection schemes.
?          Without this switch, the convection scheme may occasionally
?          diagnose cloud-top and cloud-base levels inconsistently.
?          In the 5A scheme it may spuriously leave the cloud-top level
?          unset even where it has set the cloud-base, leading to
?          inconsistent ccrad fields.
?  Warning from processor: 0
?  Warning number: 9
????????????????????????????????????????????????????????????????????????????????


????????????????????????????????????????????????????????????????????????????????
??????????????????????????????      WARNING       ??????????????????????????????
?  Warning code: -100
?  Warning from routine: WARN_TEMP_FIXES
?  Warning message:
?          Model run excludes a change from ticket #2405 as
?          l_fix_nacl_density=.FALSE.
?          This affects the sea-salt emissions generated by the model for
?          the UKCA + GLOMAP aerosol model
?  Warning from processor: 0
?  Warning number: 10
????????????????????????????????????????????????????????????????????????????????


????????????????????????????????????????????????????????????????????????????????
??????????????????????????????      WARNING       ??????????????????????????????
?  Warning code: -100
?  Warning from routine: WARN_TEMP_FIXES
?  Warning message:
?          Model run excludes a change from ticket #3011 as
?          l_fix_rcf_mlsnow_icefreemax=.FALSE.
?          This affects the cap imposed on the mass of snow at ice points
?          reconfigured to ice-free points in the multilayer snow scheme.
?  Warning from processor: 0
?  Warning number: 11
????????????????????????????????????????????????????????????????????????????????


????????????????????????????????????????????????????????????????????????????????
??????????????????????????????      WARNING       ??????????????????????????????
?  Warning code: -100
?  Warning from routine: WARN_TEMP_FIXES
?  Warning message:
?          Model run excludes a change from ticket #3681 as
?          l_fix_conv_diags_var=.FALSE.
?          This affects the diagnostics that are passed from the
?          convection scheme to the PF model. Without this switch
?          the increments will incorrectly include contributions
?          from cloud erosion, a temperature rather than potential
?          temperature will be passed, and the mass flux will exclude
?          points where it is reducing with height.
?  Warning from processor: 0
?  Warning number: 12
????????????????????????????????????????????????????????????????????????????????


????????????????????????????????????????????????????????????????????????????????
??????????????????????????????      WARNING       ??????????????????????????????
?  Warning code: -100
?  Warning from routine: WARN_TEMP_FIXES
?  Warning message:
?          Model run excludes ticket #2545 as l_fix_lsp_incs_to_spt=.FALSE.
?          This will mean that the microphysics changes due to mixed phase
?          turbulence will not be seen in the SPT scheme.
?  Warning from processor: 0
?  Warning number: 13
????????????????????????????????????????????????????????????????????????????????


????????????????????????????????????????????????????????????????????????????????
??????????????????????????????      WARNING       ??????????????????????????????
?  Warning code: -100
?  Warning from routine: WARN_TEMP_FIXES
?  Warning message:
?          Model run excludes a change from ticket #1250 as
?          l_fix_conv_diags_var=.FALSE.
?          This will mean that dry deposition velocities are set to null
?          for HCl, HOCl, HBr, HOBr, H2SO4, MeOH and Sec_Org and that dry
?          deposition velocities for 9 tiles are inconsistant with 13/17/27 tiles.
?  Warning from processor: 0
?  Warning number: 14
????????????????????????????????????????????????????????????????????????????????


????????????????????????????????????????????????????????????????????????????????
??????????????????????????????      WARNING       ??????????????????????????????
?  Warning code: -100
?  Warning from routine: WARN_TEMP_FIXES
?  Warning message:
?          Model run excludes a change from ticket #4157 as
?          l_fix_ukca_h2dd_x=.FALSE. .
?          This will mean that the wrong element is used for h2dd_c & h2dd_m.
?  Warning from processor: 0
?  Warning number: 15
????????????????????????????????????????????????????????????????????????????????


????????????????????????????????????????????????????????????????????????????????
??????????????????????????????      WARNING       ??????????????????????????????
?  Warning code: -100
?  Warning from routine: WARN_TEMP_FIXES
?  Warning message:
?          Model run excludes a change from ticket #4157 as
?          l_fix_neg_pvol_wat=.FALSE. .
?          This will mean that field pvol_wat can contain a negative concentration.
?  Warning from processor: 0
?  Warning number: 16
????????????????????????????????????????????????????????????????????????????????


????????????????????????????????????????????????????????????????????????????????
??????????????????????????????      WARNING       ??????????????????????????????
?  Warning code: -100
?  Warning from routine: WARN_TEMP_FIXES
?  Warning message:
?          Model run excludes a change from ticket #3245 as
?          l_fix_ukca_h2so4_ystore=.FALSE. .
?          This will mean that the UKCA H2SO4 tracer will not be updated correctly.
?  Warning from processor: 0
?  Warning number: 17
????????????????????????????????????????????????????????????????????????????????


????????????????????????????????????????????????????????????????????????????????
??????????????????????????????      WARNING       ??????????????????????????????
?  Warning code: -100
?  Warning from routine: WARN_TEMP_FIXES
?  Warning message:
?          Model run excludes a change from ticket #4501 as
?          l_fix_pc2_cnv_mix_phase=.FALSE.
?          Without this switch water will not be exactly conserved
?          in PC2s liquid and ice water partition calculation
?          within the 6a convection scheme.
?          Note that if l_cv_conserve_check=.true. a retrospective
?          correction will enforce water conservation in convection.
?  Warning from processor: 0
?  Warning number: 18
????????????????????????????????????????????????????????????????????????????????


????????????????????????????????????????????????????????????????????????????????
??????????????????????????????      WARNING       ??????????????????????????????
?  Warning code: -100
?  Warning from routine: WARN_TEMP_FIXES
?  Warning message:
?          Model run excludes a change from ticket #3031 as
?          l_fix_ukca_meoh_emiss_input=.FALSE. .
?          This means the chemistry scheme is reading methanol (MeOH)
?          emissions from a file tagged as NVOC (non-volatile org carbon)
?          by applying factor as MeOH = 0.215 * NVOC.
?  Warning from processor: 0
?  Warning number: 19
????????????????????????????????????????????????????????????????????????????????


????????????????????????????????????????????????????????????????????????????????
??????????????????????????????      WARNING       ??????????????????????????????
?  Warning code: -100
?  Warning from routine: WARN_TEMP_FIXES
?  Warning message:
?          Model run excludes a change from ticket #5031 as
?          l_fix_tidy_rainfracs=.FALSE.
?          This means that if l_mcr_qcf2 =.false. the rain fractions
?          will not be updated from the melting of snow in lsp_tidy.
?  Warning from processor: 0
?  Warning number: 20
????????????????????????????????????????????????????????????????????????????????


????????????????????????????????????????????????????????????????????????????????
??????????????????????????????      WARNING       ??????????????????????????????
?  Warning code: -100
?  Warning from routine: WARN_TEMP_FIXES
?  Warning message:
?          Model run excludes a change from ticket #5080 as
?          l_fix_incloud_qcf=.FALSE. .
?          When true this fixes a bug in the PC2 code after inhomogeneous
?          forcing of ice cloud by turbulence which checks to avoid
?          generating unreasonably high in-cloud ice water contents
?          qcf/cff.  Such occurences wrongly result in the ice-cloud
?          fraction being reset to near-zero instead of increased
?          as intended.
?  Warning from processor: 0
?  Warning number: 21
????????????????????????????????????????????????????????????????????????????????


????????????????????????????????????????????????????????????????????????????????
??????????????????????????????      WARNING       ??????????????????????????????
?  Warning code: -100
?  Warning from routine: WARN_TEMP_FIXES
?  Warning message:
?          Model run excludes a change from ticket #5080 as
?          l_fix_mcr_frac_ice=.FALSE. .
?          This switch fixes 2 minor issues in the treatment of ice-cloud
?          fractions by the microphysics scheme, both of which can
?          result in the ice fraction cff going to near-zero while
?          retaining a significant grid-mean ice mass qcf.
?  Warning from processor: 0
?  Warning number: 22
????????????????????????????????????????????????????????????????????????????????


????????????????????????????????????????????????????????????????????????????????
??????????????????????????????      WARNING       ??????????????????????????????
?  Warning code: -100
?  Warning from routine: WARN_TEMP_FIXES
?  Warning message:
?          Model run excludes a change from ticket #5118 as
?          l_fix_ukca_offox_h2o_fac=.FALSE.
?          This means that water vapour will not be in vmr when
?          using UKCA Offline-Oxidants.
?  Warning from processor: 0
?  Warning number: 23
????????????????????????????????????????????????????????????????????????????????


????????????????????????????????????????????????????????????????????????????????
??????????????????????????????      WARNING       ??????????????????????????????
?  Warning code: -100
?  Warning from routine: WARN_TEMP_FIXES
?  Warning message:
?          Model run excludes a change from ticket #5009 as
?          l_fix_ukca_cloud_frac=.FALSE.
?          This means that values of the cloud fraction field used in
?          aerosol chemistry will be those from from the level below the
?          correct level due to an array indexing bug.
?          Runs which do not use UKCA aerosol chemistry are unaffected.
?  Warning from processor: 0
?  Warning number: 24
????????????????????????????????????????????????????????????????????????????????


????????????????????????????????????????????????????????????????????????????????
??????????????????????????????      WARNING       ??????????????????????????????
?  Warning code: -100
?  Warning from routine: WARN_JULES_TEMP_FIXES
?  Warning message:
?          Model run excludes a change from JULES ticket 547 as
?          l_fix_alb_ice_thick=.FALSE.
?          This will affect any model runs where l_sice_multilayers is
?          .TRUE. and will result in an incorrect sea ice thickness being
?          used in the calculation of bare ice albedo.
?  Warning from processor: 0
?  Warning number: 25
????????????????????????????????????????????????????????????????????????????????


????????????????????????????????????????????????????????????????????????????????
??????????????????????????????      WARNING       ??????????????????????????????
?  Warning code: -100
?  Warning from routine: WARN_JULES_TEMP_FIXES
?  Warning message:
?          Model run excludes a change from um:#3011 as
?          l_fix_albsnow_ts=.FALSE.
?          This affects the albedo of snow as calculated in the two-stream
?          scheme in JULES.
?  Warning from processor: 0
?  Warning number: 26
????????????????????????????????????????????????????????????????????????????????


????????????????????????????????????????????????????????????????????????????????
??????????????????????????????      WARNING       ??????????????????????????????
?  Warning code: -100
?  Warning from routine: WARN_JULES_TEMP_FIXES
?  Warning message: Model run excludes um:#1017 as
?          l_fix_ctile_orog=.FALSE.
?          This will affect runs with coastal tiling.
?  Warning from processor: 0
?  Warning number: 27
????????????????????????????????????????????????????????????????????????????????


????????????????????????????????????????????????????????????????????????????????
??????????????????????????????      WARNING       ??????????????????????????????
?  Warning code: -100
?  Warning from routine: WARN_JULES_TEMP_FIXES
?  Warning message:
?          jules:#610 fix to the radiative roof coupling is not enabled: l_fix_moruses_roof_rad_coupling = .FALSE.
?  Warning from processor: 0
?  Warning number: 28
????????????????????????????????????????????????????????????????????????????????


????????????????????????????????????????????????????????????????????????????????
??????????????????????????????      WARNING       ??????????????????????????????
?  Warning code: -100
?  Warning from routine: WARN_JULES_TEMP_FIXES
?  Warning message:
?          Model run excludes um:#1729 as l_fix_ustar_dust=.FALSE.
?          This will affect any model runs which include interactive dust.
?  Warning from processor: 0
?  Warning number: 29
????????????????????????????????????????????????????????????????????????????????


????????????????????????????????????????????????????????????????????????????????
??????????????????????????????      WARNING       ??????????????????????????????
?  Warning code: -100
?  Warning from routine: WARN_JULES_TEMP_FIXES
?  Warning message:
?          Model run excludes a change from ticket um:#4581 as
?          l_fix_osa_chloro=.FALSE.
?          This will mean that chlorophyll used for the ocean albedo is
?          used in gm-3 when it should be mg m-3
?  Warning from processor: 0
?  Warning number: 30
????????????????????????????????????????????????????????????????????????????????


????????????????????????????????????????????????????????????????????????????????
??????????????????????????????      WARNING       ??????????????????????????????
?  Warning code: -100
?  Warning from routine: CHECK_RUN_DIFFUSION
?  Warning message:
?          cldbase_opt_sh set to sh_wstar_closure since
?          Smagorinsky diffusion not chosen.
?  Warning from processor: 0
?  Warning number: 31
????????????????????????????????????????????????????????????????????????????????


????????????????????????????????????????????????????????????????????????????????
??????????????????????????????      WARNING       ??????????????????????????????
?  Warning code: -1
?  Warning from routine: rdbasis
?  Warning message: Package COSP_LIDAR is set to be excluded, excluding stash request    2  321
?  Warning from processor: 0
?  Warning number: 32
????????????????????????????????????????????????????????????????????????????????


????????????????????????????????????????????????????????????????????????????????
??????????????????????????????      WARNING       ??????????????????????????????
?  Warning code: -1
?  Warning from routine: rdbasis
?  Warning message: Package COSP_LIDAR is set to be excluded, excluding stash request    2  322
?  Warning from processor: 0
?  Warning number: 33
????????????????????????????????????????????????????????????????????????????????


????????????????????????????????????????????????????????????????????????????????
??????????????????????????????      WARNING       ??????????????????????????????
?  Warning code: -1
?  Warning from routine: rdbasis
?  Warning message: Package COSP_LIDAR is set to be excluded, excluding stash request    2  323
?  Warning from processor: 0
?  Warning number: 34
????????????????????????????????????????????????????????????????????????????????


????????????????????????????????????????????????????????????????????????????????
??????????????????????????????      WARNING       ??????????????????????????????
?  Warning code: -1
?  Warning from routine: rdbasis
?  Warning message: Package COSP_LIDAR is set to be excluded, excluding stash request    2  324
?  Warning from processor: 0
?  Warning number: 35
????????????????????????????????????????????????????????????????????????????????


????????????????????????????????????????????????????????????????????????????????
??????????????????????????????      WARNING       ??????????????????????????????
?  Warning code: -1
?  Warning from routine: rdbasis
?  Warning message: Package COSP_LIDAR is set to be excluded, excluding stash request    2  344
?  Warning from processor: 0
?  Warning number: 36
????????????????????????????????????????????????????????????????????????????????


????????????????????????????????????????????????????????????????????????????????
??????????????????????????????      WARNING       ??????????????????????????????
?  Warning code: -1
?  Warning from routine: rdbasis
?  Warning message: Package COSP_LIDAR is set to be excluded, excluding stash request    2  345
?  Warning from processor: 0
?  Warning number: 37
????????????????????????????????????????????????????????????????????????????????


????????????????????????????????????????????????????????????????????????????????
??????????????????????????????      WARNING       ??????????????????????????????
?  Warning code: -1
?  Warning from routine: rdbasis
?  Warning message: Package COSP_LIDAR is set to be excluded, excluding stash request    2  346
?  Warning from processor: 0
?  Warning number: 38
????????????????????????????????????????????????????????????????????????????????


????????????????????????????????????????????????????????????????????????????????
??????????????????????????????      WARNING       ??????????????????????????????
?  Warning code: -1
?  Warning from routine: rdbasis
?  Warning message: Package COSP_LIDAR is set to be excluded, excluding stash request    2  347
?  Warning from processor: 0
?  Warning number: 39
????????????????????????????????????????????????????????????????????????????????


????????????????????????????????????????????????????????????????????????????????
??????????????????????????????      WARNING       ??????????????????????????????
?  Warning code: -1
?  Warning from routine: rdbasis
?  Warning message: Package COSP_LIDAR is set to be excluded, excluding stash request    2  370
?  Warning from processor: 0
?  Warning number: 40
????????????????????????????????????????????????????????????????????????????????


????????????????????????????????????????????????????????????????????????????????
??????????????????????????????      WARNING       ??????????????????????????????
?  Warning code: -30
?  Warning from routine: PRELIM_MOD:PRELIM
?  Warning message:
?          Field - Section:0, Item:95 request denied.
?          Unavailable to this model version.
?  Warning from processor: 0
?  Warning number: 41
????????????????????????????????????????????????????????????????????????????????


????????????????????????????????????????????????????????????????????????????????
??????????????????????????????      WARNING       ??????????????????????????????
?  Warning code: -30
?  Warning from routine: PRELIM_MOD:PRELIM
?  Warning message:
?          Field - Section:0, Item:413 request denied.
?          Unavailable to this model version.
?  Warning from processor: 0
?  Warning number: 42
????????????????????????????????????????????????????????????????????????????????


????????????????????????????????????????????????????????????????????????????????
??????????????????????????????      WARNING       ??????????????????????????????
?  Warning code: -30
?  Warning from routine: PRELIM_MOD:PRELIM
?  Warning message:
?          Field - Section:0, Item:414 request denied.
?          Unavailable to this model version.
?  Warning from processor: 0
?  Warning number: 43
????????????????????????????????????????????????????????????????????????????????


????????????????????????????????????????????????????????????????????????????????
??????????????????????????????      WARNING       ??????????????????????????????
?  Warning code: -30
?  Warning from routine: PRELIM_MOD:PRELIM
?  Warning message:
?          Field - Section:0, Item:415 request denied.
?          Unavailable to this model version.
?  Warning from processor: 0
?  Warning number: 44
????????????????????????????????????????????????????????????????????????????????


????????????????????????????????????????????????????????????????????????????????
??????????????????????????????      WARNING       ??????????????????????????????
?  Warning code: -30
?  Warning from routine: PRELIM_MOD:PRELIM
?  Warning message:
?          Field - Section:0, Item:416 request denied.
?          Unavailable to this model version.
?  Warning from processor: 0
?  Warning number: 45
????????????????????????????????????????????????????????????????????????????????


????????????????????????????????????????????????????????????????????????????????
??????????????????????????????      WARNING       ??????????????????????????????
?  Warning code: -30
?  Warning from routine: PRELIM_MOD:PRELIM
?  Warning message:
?          Field - Section:3, Item:256 request denied.
?          Unavailable to this model version.
?  Warning from processor: 0
?  Warning number: 46
????????????????????????????????????????????????????????????????????????????????


????????????????????????????????????????????????????????????????????????????????
??????????????????????????????      WARNING       ??????????????????????????????
?  Warning code: -30
?  Warning from routine: PRELIM_MOD:PRELIM
?  Warning message:
?          Field - Section:3, Item:257 request denied.
?          Unavailable to this model version.
?  Warning from processor: 0
?  Warning number: 47
????????????????????????????????????????????????????????????????????????????????


????????????????????????????????????????????????????????????????????????????????
??????????????????????????????      WARNING       ??????????????????????????????
?  Warning code: -10
?  Warning from routine: UM_XIOS_GET_AXIS_INFO
?  Warning message: Axis element ensemble has no standard_name value defined, skipping field
?  Warning from processor: 0
?  Warning number: 48
????????????????????????????????????????????????????????????????????????????????


????????????????????????????????????????????????????????????????????????????????
??????????????????????????????      WARNING       ??????????????????????????????
?  Warning code: -20
?  Warning from routine: UM_XIOS_GET_AXIS_INFO
?  Warning message: Axis element ensemble has no n_glo value defined, skipping field
?  Warning from processor: 0
?  Warning number: 49
????????????????????????????????????????????????????????????????????????????????


????????????????????????????????????????????????????????????????????????????????
??????????????????????????????      WARNING       ??????????????????????????????
?  Warning code: -30
?  Warning from routine: UM_XIOS_GET_AXIS_INFO
?  Warning message: Axis element ensemble has no values defined, skipping field
?  Warning from processor: 0
?  Warning number: 50
????????????????????????????????????????????????????????????????????????????????


INTEGER CONSTANTS
-----------------
Number of timesteps since start of run - -32768
Meaning interval for mean fields (hrs) - -32768
Number of dumps used to generate mean  - -32768
No of hrs between neighbouring contiguous sections of means - -32768
No of hrs between end of one contiguous section and start of next - -32768
Number of E-W x N-S points -   1024 x    768
Number of levels -     85
Number of wet levels -     85
Number of soil temperature levels -      4
Number of soil moisture levels -      4
Number of tracer levels -     85
Number of boundary layer levels -     50
Number of passive tracers advected -      0

REAL CONSTANTS
--------------
E-W grid spacing in degrees -  0.3516E+00
N-S grid spacing in degress -  0.2344E+00
Latitude of first row in degrees - -0.9000E+02
Longitude of first point in a row in degrees -  0.0000E+00
Real latitude of pseudo North Pole in degrees -   0.9000E+02
Real longitude of pseudo North Pole in degrees -   0.0000E+00
Grid orientation in degrees -  -0.1074E+10
Year        Day       Hour      Minute     Second
Atmosphere time =  -0.1074E+10 -0.1074E+10 -0.1074E+10 -0.1074E+10 -0.1074E+10
Mass, energy, energy drift =  -0.1074E+10 -0.1074E+10 -0.1074E+10

************************  PE configuration for this run  ***********************
****  PE configuration:    32 processors East-West    32 processors North-South *
Atm_Step: Info: Starting timestep        0 at time=   112.067 seconds

Atm_Step: Timestep        0   Model time:   1988-09-01 00:00:00

????????????????????????????????????????????????????????????????????????????????
??????????????????????????????      WARNING       ??????????????????????????????
?  Warning code: -1
?  Warning from routine: eg_SISL_setcon
?  Warning message:  Constant gravity enforced
?  Warning from processor: 0
?  Warning number: 51
????????????????????????????????????????????????????????????????????????????????

Atm_Step: Info: Starting timestep        1 at time=   137.158 seconds

Atm_Step: Timestep        1   Model time:   1988-09-01 00:10:00
***************************************************************
*    Linear solve for Helmholtz problem                       *
* Outer Inner Iterations   InitialError       FinalError      *
*    1     1       63      0.100000E+01      0.904619E-04     *
*    1     2       22      0.592456E-02      0.999492E-04     *
***************************************************************
***************************************************************
*    Linear solve for Helmholtz problem                       *
* Outer Inner Iterations   InitialError       FinalError      *
*    2     1       22      0.117457E+00      0.862336E-04     *
*    2     2       11      0.145682E-02      0.930587E-04     *
***************************************************************

????????????????????????????????????????????????????????????????????????????????
??????????????????????????????      WARNING       ??????????????????????????????
?  Warning code: -1
?  Warning from routine: ASAD_CINIT
?  Warning message:  NRSTEPS IS OUT OF RANGE, RESETTING
?  Warning from processor: 0
?  Warning number: 52
????????????????????????????????????????????????????????????????????????????????


********************************************************************************
Atm_Step: Info: timestep        1 took     55.841 seconds
********************************************************************************
Atm_Step: Info: Starting timestep        2 at time=   193.011 seconds

Atm_Step: Timestep        2   Model time:   1988-09-01 00:20:00
***************************************************************
*    Linear solve for Helmholtz problem                       *
* Outer Inner Iterations   InitialError       FinalError      *
*    1     1       34      0.100000E+01      0.875633E-04     *
*    1     2       20      0.725063E-02      0.817705E-04     *
***************************************************************
***************************************************************
*    Linear solve for Helmholtz problem                       *
* Outer Inner Iterations   InitialError       FinalError      *
*    2     1        9      0.134387E+00      0.991534E-04     *
*    2     2        6      0.103987E-02      0.953157E-04     *
***************************************************************

********************************************************************************
Atm_Step: Info: timestep        2 took      6.805 seconds
********************************************************************************
Atm_Step: Info: Starting timestep        3 at time=   199.821 seconds

Atm_Step: Timestep        3   Model time:   1988-09-01 00:30:00
***************************************************************
*    Linear solve for Helmholtz problem                       *
* Outer Inner Iterations   InitialError       FinalError      *
*    1     1       30      0.100000E+01      0.992630E-04     *
*    1     2       21      0.737166E-02      0.929373E-04     *
***************************************************************
***************************************************************
*    Linear solve for Helmholtz problem                       *
* Outer Inner Iterations   InitialError       FinalError      *
*    2     1       11      0.150547E+00      0.981659E-04     *
*    2     2        7      0.108989E-02      0.902997E-04     *
***************************************************************

********************************************************************************
Atm_Step: Info: timestep        3 took      6.655 seconds
********************************************************************************
Atm_Step: Info: Starting timestep        4 at time=   206.483 seconds

Atm_Step: Timestep        4   Model time:   1988-09-01 00:40:00
***************************************************************
*    Linear solve for Helmholtz problem                       *
* Outer Inner Iterations   InitialError       FinalError      *
*    1     1       35      0.100000E+01      0.788955E-04     *
*    1     2       20      0.719024E-02      0.959156E-04     *
***************************************************************
***************************************************************
*    Linear solve for Helmholtz problem                       *
* Outer Inner Iterations   InitialError       FinalError      *
*    2     1       11      0.148976E+00      0.809247E-04     *
*    2     2        3      0.108198E-02      0.917558E-04     *
***************************************************************

********************************************************************************
Atm_Step: Info: timestep        4 took      6.538 seconds
********************************************************************************
Atm_Step: Info: Starting timestep        5 at time=   213.027 seconds

Atm_Step: Timestep        5   Model time:   1988-09-01 00:50:00
***************************************************************
*    Linear solve for Helmholtz problem                       *
* Outer Inner Iterations   InitialError       FinalError      *
*    1     1       29      0.100000E+01      0.964326E-04     *
*    1     2       18      0.716702E-02      0.989706E-04     *
***************************************************************
***************************************************************
*    Linear solve for Helmholtz problem                       *
* Outer Inner Iterations   InitialError       FinalError      *
*    2     1       10      0.154515E+00      0.980901E-04     *
*    2     2        7      0.109761E-02      0.670012E-04     *
***************************************************************

********************************************************************************
Atm_Step: Info: timestep        5 took      6.514 seconds
********************************************************************************
Atm_Step: Info: Starting timestep        6 at time=   219.549 seconds

Atm_Step: Timestep        6   Model time:   1988-09-01 01:00:00
***************************************************************
*    Linear solve for Helmholtz problem                       *
* Outer Inner Iterations   InitialError       FinalError      *
*    1     1       26      0.100000E+01      0.976005E-04     *
*    1     2       17      0.713753E-02      0.797561E-04     *
***************************************************************
***************************************************************
*    Linear solve for Helmholtz problem                       *
* Outer Inner Iterations   InitialError       FinalError      *
*    2     1       11      0.155886E+00      0.880158E-04     *
*    2     2        6      0.109334E-02      0.880291E-04     *
***************************************************************

********************************************************************************
Atm_Step: Info: timestep        6 took      9.004 seconds
********************************************************************************
Atm_Step: Info: Starting timestep        7 at time=   228.812 seconds

Atm_Step: Timestep        7   Model time:   1988-09-01 01:10:00
***************************************************************
*    Linear solve for Helmholtz problem                       *
* Outer Inner Iterations   InitialError       FinalError      *
*    1     1       26      0.100000E+01      0.959474E-04     *
*    1     2       18      0.704994E-02      0.893865E-04     *
***************************************************************
***************************************************************
*    Linear solve for Helmholtz problem                       *
* Outer Inner Iterations   InitialError       FinalError      *
*    2     1       11      0.158448E+00      0.811326E-04     *
*    2     2        3      0.115606E-02      0.902110E-04     *
***************************************************************

********************************************************************************
Atm_Step: Info: timestep        7 took     10.914 seconds
********************************************************************************
Atm_Step: Info: Starting timestep        8 at time=   239.732 seconds

Atm_Step: Timestep        8   Model time:   1988-09-01 01:20:00
***************************************************************
*    Linear solve for Helmholtz problem                       *
* Outer Inner Iterations   InitialError       FinalError      *
*    1     1       24      0.100000E+01      0.962928E-04     *
*    1     2       17      0.706218E-02      0.929738E-04     *
***************************************************************
***************************************************************
*    Linear solve for Helmholtz problem                       *
* Outer Inner Iterations   InitialError       FinalError      *
*    2     1       11      0.162167E+00      0.934525E-04     *
*    2     2        7      0.115707E-02      0.772584E-04     *
***************************************************************

********************************************************************************
Atm_Step: Info: timestep        8 took      6.334 seconds
********************************************************************************
Atm_Step: Info: Starting timestep        9 at time=   246.071 seconds

Atm_Step: Timestep        9   Model time:   1988-09-01 01:30:00
***************************************************************
*    Linear solve for Helmholtz problem                       *
* Outer Inner Iterations   InitialError       FinalError      *
*    1     1       25      0.100000E+01      0.893044E-04     *
*    1     2       18      0.699818E-02      0.901243E-04     *
***************************************************************
***************************************************************
*    Linear solve for Helmholtz problem                       *
* Outer Inner Iterations   InitialError       FinalError      *
*    2     1       11      0.163712E+00      0.839487E-04     *
*    2     2        3      0.120479E-02      0.958753E-04     *
***************************************************************

********************************************************************************
Atm_Step: Info: timestep        9 took      6.378 seconds
********************************************************************************
Atm_Step: Info: Starting timestep       10 at time=   252.455 seconds

Atm_Step: Timestep       10   Model time:   1988-09-01 01:40:00
***************************************************************
*    Linear solve for Helmholtz problem                       *
* Outer Inner Iterations   InitialError       FinalError      *
*    1     1       27      0.100000E+01      0.949050E-04     *
*    1     2       18      0.699458E-02      0.962018E-04     *
***************************************************************
***************************************************************
*    Linear solve for Helmholtz problem                       *
* Outer Inner Iterations   InitialError       FinalError      *
*    2     1       11      0.166106E+00      0.840780E-04     *
*    2     2        3      0.122847E-02      0.967730E-04     *
***************************************************************

********************************************************************************
Atm_Step: Info: timestep       10 took      9.033 seconds
********************************************************************************
Atm_Step: Info: Starting timestep       11 at time=   261.494 seconds

Atm_Step: Timestep       11   Model time:   1988-09-01 01:50:00
***************************************************************
*    Linear solve for Helmholtz problem                       *
* Outer Inner Iterations   InitialError       FinalError      *
*    1     1       30      0.100000E+01      0.990120E-04     *
*    1     2       19      0.697893E-02      0.991156E-04     *
***************************************************************
***************************************************************
*    Linear solve for Helmholtz problem                       *
* Outer Inner Iterations   InitialError       FinalError      *
*    2     1       11      0.168530E+00      0.788981E-04     *
*    2     2        3      0.126101E-02      0.885206E-04     *
***************************************************************

********************************************************************************
Atm_Step: Info: timestep       11 took      7.193 seconds
********************************************************************************
Atm_Step: Info: Starting timestep       12 at time=   268.694 seconds

Atm_Step: Timestep       12   Model time:   1988-09-01 02:00:00
***************************************************************
*    Linear solve for Helmholtz problem                       *
* Outer Inner Iterations   InitialError       FinalError      *
*    1     1       29      0.100000E+01      0.964132E-04     *
*    1     2       20      0.696473E-02      0.989725E-04     *
***************************************************************
***************************************************************
*    Linear solve for Helmholtz problem                       *
* Outer Inner Iterations   InitialError       FinalError      *
*    2     1       11      0.169986E+00      0.891444E-04     *
*    2     2        3      0.133105E-02      0.963871E-04     *
***************************************************************

********************************************************************************
Atm_Step: Info: timestep       12 took      7.938 seconds
********************************************************************************
Atm_Step: Info: Starting timestep       13 at time=   276.928 seconds

Atm_Step: Timestep       13   Model time:   1988-09-01 02:10:00
***************************************************************
*    Linear solve for Helmholtz problem                       *
* Outer Inner Iterations   InitialError       FinalError      *
*    1     1       34      0.100000E+01      0.857817E-04     *
*    1     2       29      0.697188E-02      0.921013E-04     *
***************************************************************
***************************************************************
*    Linear solve for Helmholtz problem                       *
* Outer Inner Iterations   InitialError       FinalError      *
*    2     1       22      0.172640E+00      0.755858E-04     *
*    2     2        3      0.134620E-02      0.799754E-04     *
***************************************************************

********************************************************************************
Atm_Step: Info: timestep       13 took     10.817 seconds
********************************************************************************
Atm_Step: Info: Starting timestep       14 at time=   287.752 seconds

Atm_Step: Timestep       14   Model time:   1988-09-01 02:20:00
***************************************************************
*    Linear solve for Helmholtz problem                       *
* Outer Inner Iterations   InitialError       FinalError      *
*    1     1       31      0.100000E+01      0.964489E-04     *
*    1     2       20      0.690272E-02      0.907768E-04     *
***************************************************************
***************************************************************
*    Linear solve for Helmholtz problem                       *
* Outer Inner Iterations   InitialError       FinalError      *
*    2     1       11      0.173279E+00      0.890071E-04     *
*    2     2        3      0.131381E-02      0.971413E-04     *
***************************************************************

********************************************************************************
Atm_Step: Info: timestep       14 took      6.730 seconds
********************************************************************************
Atm_Step: Info: Starting timestep       15 at time=   294.490 seconds

Atm_Step: Timestep       15   Model time:   1988-09-01 02:30:00
***************************************************************
*    Linear solve for Helmholtz problem                       *
* Outer Inner Iterations   InitialError       FinalError      *
*    1     1       35      0.100000E+01      0.957553E-04     *
*    1     2       20      0.691499E-02      0.681952E-04     *
***************************************************************
***************************************************************
*    Linear solve for Helmholtz problem                       *
* Outer Inner Iterations   InitialError       FinalError      *
*    2     1       11      0.173870E+00      0.767732E-04     *
*    2     2        3      0.130897E-02      0.842690E-04     *
***************************************************************

********************************************************************************
Atm_Step: Info: timestep       15 took      6.636 seconds
********************************************************************************
Atm_Step: Info: Starting timestep       16 at time=   301.132 seconds

Atm_Step: Timestep       16   Model time:   1988-09-01 02:40:00
***************************************************************
*    Linear solve for Helmholtz problem                       *
* Outer Inner Iterations   InitialError       FinalError      *
*    1     1       34      0.100000E+01      0.912863E-04     *
*    1     2       20      0.689629E-02      0.680857E-04     *
***************************************************************
***************************************************************
*    Linear solve for Helmholtz problem                       *
* Outer Inner Iterations   InitialError       FinalError      *
*    2     1       10      0.175672E+00      0.893876E-04     *
*    2     2        3      0.133199E-02      0.937283E-04     *
***************************************************************

********************************************************************************
Atm_Step: Info: timestep       16 took      6.687 seconds
********************************************************************************
Atm_Step: Info: Starting timestep       17 at time=   307.824 seconds

Atm_Step: Timestep       17   Model time:   1988-09-01 02:50:00
***************************************************************
*    Linear solve for Helmholtz problem                       *
* Outer Inner Iterations   InitialError       FinalError      *
*    1     1       33      0.100000E+01      0.964527E-04     *
*    1     2       18      0.688838E-02      0.960059E-04     *
***************************************************************
***************************************************************
*    Linear solve for Helmholtz problem                       *
* Outer Inner Iterations   InitialError       FinalError      *
*    2     1       10      0.176495E+00      0.861708E-04     *
*    2     2        3      0.129864E-02      0.933322E-04     *
***************************************************************

********************************************************************************
Atm_Step: Info: timestep       17 took      7.639 seconds
********************************************************************************
Atm_Step: Info: Starting timestep       18 at time=   315.469 seconds

Atm_Step: Timestep       18   Model time:   1988-09-01 03:00:00
***************************************************************
*    Linear solve for Helmholtz problem                       *
* Outer Inner Iterations   InitialError       FinalError      *
*    1     1       31      0.100000E+01      0.958184E-04     *
*    1     2       20      0.688183E-02      0.929590E-04     *
***************************************************************
***************************************************************
*    Linear solve for Helmholtz problem                       *
* Outer Inner Iterations   InitialError       FinalError      *
*    2     1       10      0.178133E+00      0.875780E-04     *
*    2     2        3      0.130007E-02      0.975139E-04     *
***************************************************************

********************************************************************************
Atm_Step: Info: timestep       18 took      7.899 seconds
********************************************************************************
Atm_Step: Info: Starting timestep       19 at time=   331.914 seconds

Atm_Step: Timestep       19   Model time:   1988-09-01 03:10:00
***************************************************************
*    Linear solve for Helmholtz problem                       *
* Outer Inner Iterations   InitialError       FinalError      *
*    1     1       32      0.100000E+01      0.972854E-04     *
*    1     2       22      0.686505E-02      0.732529E-04     *
***************************************************************
***************************************************************
*    Linear solve for Helmholtz problem                       *
* Outer Inner Iterations   InitialError       FinalError      *
*    2     1       10      0.179747E+00      0.889770E-04     *
*    2     2        7      0.130703E-02      0.886258E-04     *
***************************************************************

********************************************************************************
Atm_Step: Info: timestep       19 took      6.022 seconds
********************************************************************************
Atm_Step: Info: Starting timestep       20 at time=   337.941 seconds

Atm_Step: Timestep       20   Model time:   1988-09-01 03:20:00
***************************************************************
*    Linear solve for Helmholtz problem                       *
* Outer Inner Iterations   InitialError       FinalError      *
*    1     1       30      0.100000E+01      0.957890E-04     *
*    1     2       19      0.686594E-02      0.993706E-04     *
***************************************************************
***************************************************************
*    Linear solve for Helmholtz problem                       *
* Outer Inner Iterations   InitialError       FinalError      *
*    2     1       10      0.180681E+00      0.957544E-04     *
*    2     2        7      0.130959E-02      0.967869E-04     *
***************************************************************

********************************************************************************
Atm_Step: Info: timestep       20 took      6.996 seconds
********************************************************************************
Atm_Step: Info: Starting timestep       21 at time=   344.941 seconds

Atm_Step: Timestep       21   Model time:   1988-09-01 03:30:00
***************************************************************
*    Linear solve for Helmholtz problem                       *
* Outer Inner Iterations   InitialError       FinalError      *
*    1     1       35      0.100000E+01      0.803546E-04     *
*    1     2       23      0.684453E-02      0.940421E-04     *
***************************************************************
***************************************************************
*    Linear solve for Helmholtz problem                       *
* Outer Inner Iterations   InitialError       FinalError      *
*    2     1       11      0.181429E+00      0.984200E-04     *
*    2     2        7      0.131545E-02      0.936893E-04     *
***************************************************************

********************************************************************************
Atm_Step: Info: timestep       21 took      6.689 seconds
********************************************************************************
Atm_Step: Info: Starting timestep       22 at time=   351.635 seconds

Atm_Step: Timestep       22   Model time:   1988-09-01 03:40:00
***************************************************************
*    Linear solve for Helmholtz problem                       *
* Outer Inner Iterations   InitialError       FinalError      *
*    1     1       31      0.100000E+01      0.993631E-04     *
*    1     2       17      0.683861E-02      0.934810E-04     *
***************************************************************
***************************************************************
*    Linear solve for Helmholtz problem                       *
* Outer Inner Iterations   InitialError       FinalError      *
*    2     1       10      0.182253E+00      0.855042E-04     *
*    2     2        3      0.131253E-02      0.912316E-04     *
***************************************************************

********************************************************************************
Atm_Step: Info: timestep       22 took      6.660 seconds
********************************************************************************
Atm_Step: Info: Starting timestep       23 at time=   358.300 seconds

Atm_Step: Timestep       23   Model time:   1988-09-01 03:50:00
***************************************************************
*    Linear solve for Helmholtz problem                       *
* Outer Inner Iterations   InitialError       FinalError      *
*    1     1       32      0.100000E+01      0.996568E-04     *
*    1     2       18      0.682542E-02      0.891987E-04     *
***************************************************************
***************************************************************
*    Linear solve for Helmholtz problem                       *
* Outer Inner Iterations   InitialError       FinalError      *
*    2     1       10      0.183749E+00      0.837460E-04     *
*    2     2        3      0.132374E-02      0.895501E-04     *
***************************************************************

********************************************************************************
Atm_Step: Info: timestep       23 took      6.574 seconds
********************************************************************************
Atm_Step: Info: Starting timestep       24 at time=   364.880 seconds

Atm_Step: Timestep       24   Model time:   1988-09-01 04:00:00
***************************************************************
*    Linear solve for Helmholtz problem                       *
* Outer Inner Iterations   InitialError       FinalError      *
*    1     1       31      0.100000E+01      0.901119E-04     *
*    1     2       17      0.683108E-02      0.824066E-04     *
***************************************************************
***************************************************************
*    Linear solve for Helmholtz problem                       *
* Outer Inner Iterations   InitialError       FinalError      *
*    2     1       10      0.184942E+00      0.837452E-04     *
*    2     2        3      0.133472E-02      0.884304E-04     *
***************************************************************

********************************************************************************
Atm_Step: Info: timestep       24 took      7.949 seconds
********************************************************************************
Atm_Step: Info: Starting timestep       25 at time=   373.154 seconds

Atm_Step: Timestep       25   Model time:   1988-09-01 04:10:00
***************************************************************
*    Linear solve for Helmholtz problem                       *
* Outer Inner Iterations   InitialError       FinalError      *
*    1     1       34      0.100000E+01      0.971966E-04     *
*    1     2       19      0.681266E-02      0.922052E-04     *
***************************************************************
***************************************************************
*    Linear solve for Helmholtz problem                       *
* Outer Inner Iterations   InitialError       FinalError      *
*    2     1       10      0.187465E+00      0.945737E-04     *
*    2     2        7      0.135170E-02      0.891126E-04     *
***************************************************************

********************************************************************************
Atm_Step: Info: timestep       25 took     10.819 seconds
********************************************************************************
Atm_Step: Info: Starting timestep       26 at time=   383.981 seconds

Atm_Step: Timestep       26   Model time:   1988-09-01 04:20:00
***************************************************************
*    Linear solve for Helmholtz problem                       *
* Outer Inner Iterations   InitialError       FinalError      *
*    1     1       37      0.100000E+01      0.970508E-04     *
*    1     2       22      0.681919E-02      0.920197E-04     *
***************************************************************
***************************************************************
*    Linear solve for Helmholtz problem                       *
* Outer Inner Iterations   InitialError       FinalError      *
*    2     1       10      0.187539E+00      0.982051E-04     *
*    2     2        8      0.135379E-02      0.936084E-04     *
***************************************************************

********************************************************************************
Atm_Step: Info: timestep       26 took      7.129 seconds
********************************************************************************
Atm_Step: Info: Starting timestep       27 at time=   391.116 seconds

Atm_Step: Timestep       27   Model time:   1988-09-01 04:30:00
***************************************************************
*    Linear solve for Helmholtz problem                       *
* Outer Inner Iterations   InitialError       FinalError      *
*    1     1       41      0.100000E+01      0.924630E-04     *
*    1     2       25      0.680807E-02      0.996695E-04     *
***************************************************************
***************************************************************
*    Linear solve for Helmholtz problem                       *
* Outer Inner Iterations   InitialError       FinalError      *
*    2     1       21      0.187715E+00      0.869973E-04     *
*    2     2        7      0.135759E-02      0.860466E-04     *
***************************************************************

********************************************************************************
Atm_Step: Info: timestep       27 took      7.366 seconds
********************************************************************************
Atm_Step: Info: Starting timestep       28 at time=   398.487 seconds

Atm_Step: Timestep       28   Model time:   1988-09-01 04:40:00
***************************************************************
*    Linear solve for Helmholtz problem                       *
* Outer Inner Iterations   InitialError       FinalError      *
*    1     1       37      0.100000E+01      0.915276E-04     *
*    1     2       23      0.678472E-02      0.942317E-04     *
***************************************************************
***************************************************************
*    Linear solve for Helmholtz problem                       *
* Outer Inner Iterations   InitialError       FinalError      *
*    2     1       19      0.189271E+00      0.987228E-04     *
*    2     2        6      0.136741E-02      0.822076E-04     *
***************************************************************

********************************************************************************
Atm_Step: Info: timestep       28 took      7.110 seconds
********************************************************************************
Atm_Step: Info: Starting timestep       29 at time=   405.603 seconds

Atm_Step: Timestep       29   Model time:   1988-09-01 04:50:00
***************************************************************
*    Linear solve for Helmholtz problem                       *
* Outer Inner Iterations   InitialError       FinalError      *
*    1     1       34      0.100000E+01      0.984509E-04     *
*    1     2       22      0.676751E-02      0.805495E-04     *
***************************************************************
***************************************************************
*    Linear solve for Helmholtz problem                       *
* Outer Inner Iterations   InitialError       FinalError      *
*    2     1       11      0.190140E+00      0.801526E-04     *
*    2     2        3      0.137426E-02      0.855475E-04     *
***************************************************************

********************************************************************************
Atm_Step: Info: timestep       29 took      6.722 seconds
********************************************************************************
Atm_Step: Info: Starting timestep       30 at time=   412.331 seconds

Atm_Step: Timestep       30   Model time:   1988-09-01 05:00:00
***************************************************************
*    Linear solve for Helmholtz problem                       *
* Outer Inner Iterations   InitialError       FinalError      *
*    1     1       32      0.100000E+01      0.929495E-04     *
*    1     2       22      0.674900E-02      0.808749E-04     *
***************************************************************
***************************************************************
*    Linear solve for Helmholtz problem                       *
* Outer Inner Iterations   InitialError       FinalError      *
*    2     1       10      0.191462E+00      0.873603E-04     *
*    2     2        3      0.138323E-02      0.938028E-04     *
***************************************************************

********************************************************************************
Atm_Step: Info: timestep       30 took      8.298 seconds
********************************************************************************
Atm_Step: Info: Starting timestep       31 at time=   420.935 seconds

Atm_Step: Timestep       31   Model time:   1988-09-01 05:10:00
***************************************************************
*    Linear solve for Helmholtz problem                       *
* Outer Inner Iterations   InitialError       FinalError      *
*    1     1       33      0.100000E+01      0.971583E-04     *
*    1     2       22      0.673860E-02      0.702982E-04     *
***************************************************************
***************************************************************
*    Linear solve for Helmholtz problem                       *
* Outer Inner Iterations   InitialError       FinalError      *
*    2     1       10      0.194227E+00      0.882037E-04     *
*    2     2        3      0.140053E-02      0.949626E-04     *
***************************************************************

********************************************************************************
Atm_Step: Info: timestep       31 took     11.247 seconds
********************************************************************************
Atm_Step: Info: Starting timestep       32 at time=   432.187 seconds

Atm_Step: Timestep       32   Model time:   1988-09-01 05:20:00
***************************************************************
*    Linear solve for Helmholtz problem                       *
* Outer Inner Iterations   InitialError       FinalError      *
*    1     1       32      0.100000E+01      0.962539E-04     *
*    1     2       20      0.674439E-02      0.936515E-04     *
***************************************************************
***************************************************************
*    Linear solve for Helmholtz problem                       *
* Outer Inner Iterations   InitialError       FinalError      *
*    2     1       10      0.194120E+00      0.993457E-04     *
*    2     2        7      0.140324E-02      0.804818E-04     *
***************************************************************

********************************************************************************
Atm_Step: Info: timestep       32 took      6.800 seconds
********************************************************************************
Atm_Step: Info: Starting timestep       33 at time=   438.992 seconds

Atm_Step: Timestep       33   Model time:   1988-09-01 05:30:00
***************************************************************
*    Linear solve for Helmholtz problem                       *
* Outer Inner Iterations   InitialError       FinalError      *
*    1     1       38      0.100000E+01      0.969362E-04     *
*    1     2       16      0.673548E-02      0.958345E-04     *
***************************************************************
***************************************************************
*    Linear solve for Helmholtz problem                       *
* Outer Inner Iterations   InitialError       FinalError      *
*    2     1       10      0.194505E+00      0.873736E-04     *
*    2     2        3      0.140822E-02      0.944053E-04     *
***************************************************************

********************************************************************************
Atm_Step: Info: timestep       33 took      6.621 seconds
********************************************************************************
Atm_Step: Info: Starting timestep       34 at time=   445.619 seconds

Atm_Step: Timestep       34   Model time:   1988-09-01 05:40:00
***************************************************************
*    Linear solve for Helmholtz problem                       *
* Outer Inner Iterations   InitialError       FinalError      *
*    1     1       34      0.100000E+01      0.979366E-04     *
*    1     2       19      0.671796E-02      0.906701E-04     *
***************************************************************
***************************************************************
*    Linear solve for Helmholtz problem                       *
* Outer Inner Iterations   InitialError       FinalError      *
*    2     1       10      0.195793E+00      0.862768E-04     *
*    2     2        3      0.142333E-02      0.925264E-04     *
***************************************************************

********************************************************************************
Atm_Step: Info: timestep       34 took      6.661 seconds
********************************************************************************
Atm_Step: Info: Starting timestep       35 at time=   452.286 seconds

Atm_Step: Timestep       35   Model time:   1988-09-01 05:50:00
***************************************************************
*    Linear solve for Helmholtz problem                       *
* Outer Inner Iterations   InitialError       FinalError      *
*    1     1       30      0.100000E+01      0.993916E-04     *
*    1     2       21      0.670691E-02      0.886060E-04     *
***************************************************************
***************************************************************
*    Linear solve for Helmholtz problem                       *
* Outer Inner Iterations   InitialError       FinalError      *
*    2     1       10      0.197180E+00      0.976429E-04     *
*    2     2        7      0.142852E-02      0.698562E-04     *
***************************************************************

********************************************************************************
Atm_Step: Info: timestep       35 took      6.724 seconds
********************************************************************************
Atm_Step: Info: Starting timestep       36 at time=   459.015 seconds

Atm_Step: Timestep       36   Model time:   1988-09-01 06:00:00
***************************************************************
*    Linear solve for Helmholtz problem                       *
* Outer Inner Iterations   InitialError       FinalError      *
*    1     1       33      0.100000E+01      0.975123E-04     *
*    1     2       20      0.670319E-02      0.799129E-04     *
***************************************************************
***************************************************************
*    Linear solve for Helmholtz problem                       *
* Outer Inner Iterations   InitialError       FinalError      *
*    2     1       10      0.198264E+00      0.940675E-04     *
*    2     2        3      0.143687E-02      0.978074E-04     *
***************************************************************

********************************************************************************
Atm_Step: Info: timestep       36 took     12.558 seconds
********************************************************************************
Atm_Step: Info: Starting timestep       37 at time=   471.891 seconds

Atm_Step: Timestep       37   Model time:   1988-09-01 06:10:00
***************************************************************
*    Linear solve for Helmholtz problem                       *
* Outer Inner Iterations   InitialError       FinalError      *
*    1     1       37      0.100000E+01      0.970069E-04     *
*    1     2       26      0.669708E-02      0.830728E-04     *
***************************************************************
***************************************************************
*    Linear solve for Helmholtz problem                       *
* Outer Inner Iterations   InitialError       FinalError      *
*    2     1       10      0.199621E+00      0.969013E-04     *
*    2     2        7      0.143842E-02      0.743436E-04     *
***************************************************************

********************************************************************************
Atm_Step: Info: timestep       37 took     11.349 seconds
********************************************************************************
Atm_Step: Info: Starting timestep       38 at time=   483.250 seconds

Atm_Step: Timestep       38   Model time:   1988-09-01 06:20:00
***************************************************************
*    Linear solve for Helmholtz problem                       *
* Outer Inner Iterations   InitialError       FinalError      *
*    1     1       32      0.100000E+01      0.937523E-04     *
*    1     2       26      0.670362E-02      0.743153E-04     *
***************************************************************
***************************************************************
*    Linear solve for Helmholtz problem                       *
* Outer Inner Iterations   InitialError       FinalError      *
*    2     1       10      0.200432E+00      0.837235E-04     *
*    2     2        3      0.145423E-02      0.885158E-04     *
***************************************************************

********************************************************************************
Atm_Step: Info: timestep       38 took      6.714 seconds
********************************************************************************
Atm_Step: Info: Starting timestep       39 at time=   489.969 seconds

Atm_Step: Timestep       39   Model time:   1988-09-01 06:30:00
***************************************************************
*    Linear solve for Helmholtz problem                       *
* Outer Inner Iterations   InitialError       FinalError      *
*    1     1       34      0.100000E+01      0.877760E-04     *
*    1     2       21      0.670703E-02      0.929209E-04     *
***************************************************************
***************************************************************
*    Linear solve for Helmholtz problem                       *
* Outer Inner Iterations   InitialError       FinalError      *
*    2     1       10      0.202056E+00      0.875205E-04     *
*    2     2        3      0.145402E-02      0.913769E-04     *
***************************************************************

********************************************************************************
Atm_Step: Info: timestep       39 took      6.623 seconds
********************************************************************************
Atm_Step: Info: Starting timestep       40 at time=   496.607 seconds

Atm_Step: Timestep       40   Model time:   1988-09-01 06:40:00
***************************************************************
*    Linear solve for Helmholtz problem                       *
* Outer Inner Iterations   InitialError       FinalError      *
*    1     1       33      0.100000E+01      0.955489E-04     *
*    1     2       16      0.671101E-02      0.970599E-04     *
***************************************************************
***************************************************************
*    Linear solve for Helmholtz problem                       *
* Outer Inner Iterations   InitialError       FinalError      *
*    2     1        9      0.202274E+00      0.966823E-04     *
*    2     2        7      0.145572E-02      0.614774E-04     *
***************************************************************

********************************************************************************
Atm_Step: Info: timestep       40 took      6.672 seconds
********************************************************************************
Atm_Step: Info: Starting timestep       41 at time=   503.284 seconds

Atm_Step: Timestep       41   Model time:   1988-09-01 06:50:00
***************************************************************
*    Linear solve for Helmholtz problem                       *
* Outer Inner Iterations   InitialError       FinalError      *
*    1     1       33      0.100000E+01      0.921026E-04     *
*    1     2       20      0.671398E-02      0.763562E-04     *
***************************************************************
***************************************************************
*    Linear solve for Helmholtz problem                       *
* Outer Inner Iterations   InitialError       FinalError      *
*    2     1        9      0.203140E+00      0.960701E-04     *
*    2     2        3      0.146271E-02      0.986320E-04     *
***************************************************************

********************************************************************************
Atm_Step: Info: timestep       41 took      6.596 seconds
********************************************************************************
Atm_Step: Info: Starting timestep       42 at time=   509.890 seconds

Atm_Step: Timestep       42   Model time:   1988-09-01 07:00:00
***************************************************************
*    Linear solve for Helmholtz problem                       *
* Outer Inner Iterations   InitialError       FinalError      *
*    1     1       32      0.100000E+01      0.913544E-04     *
*    1     2       18      0.674093E-02      0.936342E-04     *
***************************************************************
***************************************************************
*    Linear solve for Helmholtz problem                       *
* Outer Inner Iterations   InitialError       FinalError      *
*    2     1        9      0.204490E+00      0.987010E-04     *
*    2     2        7      0.146569E-02      0.614127E-04     *
***************************************************************

********************************************************************************
Atm_Step: Info: timestep       42 took      7.973 seconds
********************************************************************************
Atm_Step: Info: Starting timestep       43 at time=   518.181 seconds

Atm_Step: Timestep       43   Model time:   1988-09-01 07:10:00
***************************************************************
*    Linear solve for Helmholtz problem                       *
* Outer Inner Iterations   InitialError       FinalError      *
*    1     1       33      0.100000E+01      0.925084E-04     *
*    1     2       16      0.670617E-02      0.944179E-04     *
***************************************************************
***************************************************************
*    Linear solve for Helmholtz problem                       *
* Outer Inner Iterations   InitialError       FinalError      *
*    2     1        9      0.205922E+00      0.974512E-04     *
*    2     2        7      0.147501E-02      0.649881E-04     *
***************************************************************

********************************************************************************
Atm_Step: Info: timestep       43 took     11.319 seconds
********************************************************************************
Atm_Step: Info: Starting timestep       44 at time=   529.507 seconds

Atm_Step: Timestep       44   Model time:   1988-09-01 07:20:00
***************************************************************
*    Linear solve for Helmholtz problem                       *
* Outer Inner Iterations   InitialError       FinalError      *
*    1     1       33      0.100000E+01      0.907182E-04     *
*    1     2       22      0.671201E-02      0.777897E-04     *
***************************************************************
***************************************************************
*    Linear solve for Helmholtz problem                       *
* Outer Inner Iterations   InitialError       FinalError      *
*    2     1        9      0.206596E+00      0.978260E-04     *
*    2     2        7      0.148232E-02      0.659736E-04     *
***************************************************************

********************************************************************************
Atm_Step: Info: timestep       44 took      6.766 seconds
********************************************************************************
Atm_Step: Info: Starting timestep       45 at time=   536.279 seconds

Atm_Step: Timestep       45   Model time:   1988-09-01 07:30:00
***************************************************************
*    Linear solve for Helmholtz problem                       *
* Outer Inner Iterations   InitialError       FinalError      *
*    1     1       30      0.100000E+01      0.987049E-04     *
*    1     2       17      0.671437E-02      0.966237E-04     *
***************************************************************
***************************************************************
*    Linear solve for Helmholtz problem                       *
* Outer Inner Iterations   InitialError       FinalError      *
*    2     1        9      0.207394E+00      0.940984E-04     *
*    2     2        3      0.148720E-02      0.980388E-04     *
***************************************************************

********************************************************************************
Atm_Step: Info: timestep       45 took      6.614 seconds
********************************************************************************
Atm_Step: Info: Starting timestep       46 at time=   542.897 seconds

Atm_Step: Timestep       46   Model time:   1988-09-01 07:40:00
***************************************************************
*    Linear solve for Helmholtz problem                       *
* Outer Inner Iterations   InitialError       FinalError      *
*    1     1       32      0.100000E+01      0.902457E-04     *
*    1     2       17      0.671196E-02      0.999400E-04     *
***************************************************************
***************************************************************
*    Linear solve for Helmholtz problem                       *
* Outer Inner Iterations   InitialError       FinalError      *
*    2     1        9      0.207882E+00      0.945915E-04     *
*    2     2        3      0.148406E-02      0.977822E-04     *
***************************************************************

********************************************************************************
Atm_Step: Info: timestep       46 took      6.601 seconds
********************************************************************************
Atm_Step: Info: Starting timestep       47 at time=   549.505 seconds

Atm_Step: Timestep       47   Model time:   1988-09-01 07:50:00
***************************************************************
*    Linear solve for Helmholtz problem                       *
* Outer Inner Iterations   InitialError       FinalError      *
*    1     1       28      0.100000E+01      0.957840E-04     *
*    1     2       17      0.670989E-02      0.987521E-04     *
***************************************************************
***************************************************************
*    Linear solve for Helmholtz problem                       *
* Outer Inner Iterations   InitialError       FinalError      *
*    2     1        9      0.208767E+00      0.903279E-04     *
*    2     2        3      0.148776E-02      0.918777E-04     *
***************************************************************

********************************************************************************
Atm_Step: Info: timestep       47 took      6.607 seconds
********************************************************************************
Atm_Step: Info: Starting timestep       48 at time=   556.116 seconds

Atm_Step: Timestep       48   Model time:   1988-09-01 08:00:00
***************************************************************
*    Linear solve for Helmholtz problem                       *
* Outer Inner Iterations   InitialError       FinalError      *
*    1     1       27      0.100000E+01      0.999483E-04     *
*    1     2       17      0.670902E-02      0.896650E-04     *
***************************************************************
***************************************************************
*    Linear solve for Helmholtz problem                       *
* Outer Inner Iterations   InitialError       FinalError      *
*    2     1        9      0.210379E+00      0.894828E-04     *
*    2     2        3      0.149385E-02      0.901014E-04     *
***************************************************************

********************************************************************************
Atm_Step: Info: timestep       48 took      8.080 seconds
********************************************************************************
Atm_Step: Info: Starting timestep       49 at time=   564.505 seconds

Atm_Step: Timestep       49   Model time:   1988-09-01 08:10:00
***************************************************************
*    Linear solve for Helmholtz problem                       *
* Outer Inner Iterations   InitialError       FinalError      *
*    1     1       29      0.100000E+01      0.969734E-04     *
*    1     2       18      0.671104E-02      0.816980E-04     *
***************************************************************
***************************************************************
*    Linear solve for Helmholtz problem                       *
* Outer Inner Iterations   InitialError       FinalError      *
*    2     1        9      0.211610E+00      0.872119E-04     *
*    2     2        3      0.150436E-02      0.904181E-04     *
***************************************************************

********************************************************************************
Atm_Step: Info: timestep       49 took     11.317 seconds
********************************************************************************
Atm_Step: Info: Starting timestep       50 at time=   575.826 seconds

Atm_Step: Timestep       50   Model time:   1988-09-01 08:20:00
***************************************************************
*    Linear solve for Helmholtz problem                       *
* Outer Inner Iterations   InitialError       FinalError      *
*    1     1       29      0.100000E+01      0.999849E-04     *
*    1     2       19      0.671121E-02      0.918316E-04     *
***************************************************************
***************************************************************
*    Linear solve for Helmholtz problem                       *
* Outer Inner Iterations   InitialError       FinalError      *
*    2     1        9      0.212415E+00      0.920272E-04     *
*    2     2        3      0.150906E-02      0.969287E-04     *
***************************************************************

********************************************************************************
Atm_Step: Info: timestep       50 took      6.799 seconds
********************************************************************************
Atm_Step: Info: Starting timestep       51 at time=   582.630 seconds

Atm_Step: Timestep       51   Model time:   1988-09-01 08:30:00
***************************************************************
*    Linear solve for Helmholtz problem                       *
* Outer Inner Iterations   InitialError       FinalError      *
*    1     1       33      0.100000E+01      0.993534E-04     *
*    1     2       20      0.670545E-02      0.878136E-04     *
***************************************************************
***************************************************************
*    Linear solve for Helmholtz problem                       *
* Outer Inner Iterations   InitialError       FinalError      *
*    2     1        9      0.213891E+00      0.964956E-04     *
*    2     2        9      0.150207E-02      0.789827E-04     *
***************************************************************

********************************************************************************
Atm_Step: Info: timestep       51 took      7.590 seconds
********************************************************************************
Atm_Step: Info: Starting timestep       52 at time=   590.228 seconds

Atm_Step: Timestep       52   Model time:   1988-09-01 08:40:00
***************************************************************
*    Linear solve for Helmholtz problem                       *
* Outer Inner Iterations   InitialError       FinalError      *
*    1     1       33      0.100000E+01      0.973330E-04     *
*    1     2       18      0.669796E-02      0.833597E-04     *
***************************************************************
***************************************************************
*    Linear solve for Helmholtz problem                       *
* Outer Inner Iterations   InitialError       FinalError      *
*    2     1        9      0.214376E+00      0.920553E-04     *
*    2     2        3      0.150565E-02      0.971494E-04     *
***************************************************************
