This is pdfTeX, Version 3.14159265-2.6-1.40.20 (TeX Live 2019/Debian) (preloaded format=pdflatex 2020.10.1)  13 MAR 2022 19:04
entering extended mode
 restricted \write18 enabled.
 %&-line parsing enabled.
**paper.tex
(./paper.tex
LaTeX2e <2020-02-02> patch level 2
L3 programming layer <2020-02-14>
(/usr/share/texlive/texmf-dist/tex/latex/paper/paper.cls
Document Class: paper 2008/05/30 1.0l LaTeX document class (wm).
\hours=\count167
\minutes=\count168
(/usr/share/texlive/texmf-dist/tex/latex/base/size12.clo
File: size12.clo 2019/12/20 v1.4l Standard LaTeX file (size option)
)
\beforetitlespace=\skip47
\c@part=\count169
\c@section=\count170
\c@subsection=\count171
\c@subsubsection=\count172
\c@paragraph=\count173
\c@subparagraph=\count174
\exampleindent=\skip48
\c@figure=\count175
\c@table=\count176
\abovecaptionskip=\skip49
\belowcaptionskip=\skip50
\bibindent=\dimen134
)
(/usr/share/texlive/texmf-dist/tex/latex/amsmath/amsmath.sty
Package: amsmath 2020/01/20 v2.17e AMS math features
\@mathmargin=\skip51

For additional information on amsmath, use the `?' option.
(/usr/share/texlive/texmf-dist/tex/latex/amsmath/amstext.sty
Package: amstext 2000/06/29 v2.01 AMS text

(/usr/share/texlive/texmf-dist/tex/latex/amsmath/amsgen.sty
File: amsgen.sty 1999/11/30 v2.0 generic functions
\@emptytoks=\toks14
\ex@=\dimen135
))
(/usr/share/texlive/texmf-dist/tex/latex/amsmath/amsbsy.sty
Package: amsbsy 1999/11/29 v1.2d Bold Symbols
\pmbraise@=\dimen136
)
(/usr/share/texlive/texmf-dist/tex/latex/amsmath/amsopn.sty
Package: amsopn 2016/03/08 v2.02 operator names
)
\inf@bad=\count177
LaTeX Info: Redefining \frac on input line 227.
\uproot@=\count178
\leftroot@=\count179
LaTeX Info: Redefining \overline on input line 389.
\classnum@=\count180
\DOTSCASE@=\count181
LaTeX Info: Redefining \ldots on input line 486.
LaTeX Info: Redefining \dots on input line 489.
LaTeX Info: Redefining \cdots on input line 610.
\Mathstrutbox@=\box45
\strutbox@=\box46
\big@size=\dimen137
LaTeX Font Info:    Redeclaring font encoding OML on input line 733.
LaTeX Font Info:    Redeclaring font encoding OMS on input line 734.
\macc@depth=\count182
\c@MaxMatrixCols=\count183
\dotsspace@=\muskip16
\c@parentequation=\count184
\dspbrk@lvl=\count185
\tag@help=\toks15
\row@=\count186
\column@=\count187
\maxfields@=\count188
\andhelp@=\toks16
\eqnshift@=\dimen138
\alignsep@=\dimen139
\tagshift@=\dimen140
\tagwidth@=\dimen141
\totwidth@=\dimen142
\lineht@=\dimen143
\@envbody=\toks17
\multlinegap=\skip52
\multlinetaggap=\skip53
\mathdisplay@stack=\toks18
LaTeX Info: Redefining \[ on input line 2859.
LaTeX Info: Redefining \] on input line 2860.
)
(/usr/share/texlive/texmf-dist/tex/latex/graphics/graphicx.sty
Package: graphicx 2019/11/30 v1.2a Enhanced LaTeX Graphics (DPC,SPQR)

(/usr/share/texlive/texmf-dist/tex/latex/graphics/keyval.sty
Package: keyval 2014/10/28 v1.15 key=value parser (DPC)
\KV@toks@=\toks19
)
(/usr/share/texlive/texmf-dist/tex/latex/graphics/graphics.sty
Package: graphics 2019/11/30 v1.4a Standard LaTeX Graphics (DPC,SPQR)

(/usr/share/texlive/texmf-dist/tex/latex/graphics/trig.sty
Package: trig 2016/01/03 v1.10 sin cos tan (DPC)
)
(/usr/share/texlive/texmf-dist/tex/latex/graphics-cfg/graphics.cfg
File: graphics.cfg 2016/06/04 v1.11 sample graphics configuration
)
Package graphics Info: Driver file: pdftex.def on input line 105.

(/usr/share/texlive/texmf-dist/tex/latex/graphics-def/pdftex.def
File: pdftex.def 2018/01/08 v1.0l Graphics/color driver for pdftex
))
\Gin@req@height=\dimen144
\Gin@req@width=\dimen145
)
(/usr/share/texlive/texmf-dist/tex/latex/url/url.sty
\Urlmuskip=\muskip17
Package: url 2013/09/16  ver 3.4  Verb mode for urls, etc.
)
(/usr/share/texlive/texmf-dist/tex/latex/l3backend/l3backend-pdfmode.def
File: l3backend-pdfmode.def 2020-02-03 L3 backend support: PDF mode
\l__kernel_color_stack_int=\count189
\l__pdf_internal_box=\box47
)
(./paper.aux)
\openout1 = `paper.aux'.

LaTeX Font Info:    Checking defaults for OML/cmm/m/it on input line 10.
LaTeX Font Info:    ... okay on input line 10.
LaTeX Font Info:    Checking defaults for OMS/cmsy/m/n on input line 10.
LaTeX Font Info:    ... okay on input line 10.
LaTeX Font Info:    Checking defaults for OT1/cmr/m/n on input line 10.
LaTeX Font Info:    ... okay on input line 10.
LaTeX Font Info:    Checking defaults for T1/cmr/m/n on input line 10.
LaTeX Font Info:    ... okay on input line 10.
LaTeX Font Info:    Checking defaults for TS1/cmr/m/n on input line 10.
LaTeX Font Info:    ... okay on input line 10.
LaTeX Font Info:    Checking defaults for OMX/cmex/m/n on input line 10.
LaTeX Font Info:    ... okay on input line 10.
LaTeX Font Info:    Checking defaults for U/cmr/m/n on input line 10.
LaTeX Font Info:    ... okay on input line 10.

(/usr/share/texlive/texmf-dist/tex/context/base/mkii/supp-pdf.mkii
[Loading MPS to PDF converter (version 2006.09.02).]
\scratchcounter=\count190
\scratchdimen=\dimen146
\scratchbox=\box48
\nofMPsegments=\count191
\nofMParguments=\count192
\everyMPshowfont=\toks20
\MPscratchCnt=\count193
\MPscratchDim=\dimen147
\MPnumerator=\count194
\makeMPintoPDFobject=\count195
\everyMPtoPDFconversion=\toks21
) (/usr/share/texlive/texmf-dist/tex/latex/epstopdf-pkg/epstopdf-base.sty
Package: epstopdf-base 2020-01-24 v2.11 Base part for package epstopdf
Package epstopdf-base Info: Redefining graphics rule for `.eps' on input line 4
85.

(/usr/share/texlive/texmf-dist/tex/latex/latexconfig/epstopdf-sys.cfg
File: epstopdf-sys.cfg 2010/07/13 v1.3 Configuration of (r)epstopdf for TeX Liv
e
))
Underfull \vbox (badness 3281) has occurred while \output is active []

 [1{/var/lib/texmf/fonts/map/pdftex/updmap/pdftex.map}

]

LaTeX Warning: No \author given.


Underfull \vbox (badness 3872) has occurred while \output is active []


Underfull \vbox (badness 10000) has occurred while \output is active []

 [2


]

LaTeX Warning: Reference `related' on page 3 undefined on input line 62.

<figures/xios_figures_a.pdf, id=12, 334.24875pt x 264.99pt>
File: figures/xios_figures_a.pdf Graphic file (type pdf)
<use figures/xios_figures_a.pdf>
Package pdftex.def Info: figures/xios_figures_a.pdf  used on input line 78.
(pdftex.def)             Requested size: 167.12396pt x 132.49467pt.
[3 <./figures/xios_figures_a.pdf>]
<figures/xios_figures_c.pdf, id=29, 520.94624pt x 520.94624pt>
File: figures/xios_figures_c.pdf Graphic file (type pdf)
<use figures/xios_figures_c.pdf>
Package pdftex.def Info: figures/xios_figures_c.pdf  used on input line 100.
(pdftex.def)             Requested size: 229.5pt x 229.50322pt.
 [4]
<figures/Cores.pdf, id=35, 844.83629pt x 597.6729pt>
File: figures/Cores.pdf Graphic file (type pdf)
<use figures/Cores.pdf>
Package pdftex.def Info: figures/Cores.pdf  used on input line 129.
(pdftex.def)             Requested size: 229.5pt x 162.35876pt.

Underfull \hbox (badness 1406) in paragraph at lines 138--142
\OT1/cmr/m/n/12 tem de-vel-oped at IPSL (In-sti-tute Pierre
 []


Underfull \hbox (badness 4872) in paragraph at lines 138--142
\OT1/cmr/m/n/12 truc-ture for the Eu-ro-pean Net-work of
 []

[5 <./figures/xios_figures_c.pdf>]
Underfull \hbox (badness 10000) in paragraph at lines 143--147
[]\OT1/cmr/m/n/12 XIOS is  90,000 lines of C++;
 []


Underfull \hbox (badness 10000) in paragraph at lines 143--147
\OT1/cmr/m/n/12 it is open-source soft-ware (un-der
 []


Underfull \hbox (badness 10000) in paragraph at lines 143--147
\OT1/cmr/m/n/12 Ce-CiLL li-cence) and avail-able at
 []


Underfull \hbox (badness 6477) in paragraph at lines 143--147
\OT1/cmr/m/n/12 http://forge.ipsl.jussieu.fr/ioserver. The
 []


Underfull \vbox (badness 1881) has occurred while \output is active []


Overfull \hbox (11.32512pt too wide) in paragraph at lines 154--154
[]\OT1/cmtt/m/n/12 call xios_send_field("field_id", field)[] 
 []


Overfull \hbox (60.72514pt too wide) in paragraph at lines 178--178
[]    \OT1/cmtt/m/n/12 <axis_definition   src="./axis_def.xml"  />[] 
 []


Overfull \hbox (60.72514pt too wide) in paragraph at lines 178--178
[]    \OT1/cmtt/m/n/12 <domain_definition src="./domain_def.xml"/>[] 
 []


Overfull \hbox (60.72514pt too wide) in paragraph at lines 178--178
[]    \OT1/cmtt/m/n/12 <grid_definition   src="./grid_def.xml"  />[] 
 []


Overfull \hbox (60.72514pt too wide) in paragraph at lines 178--178
[]    \OT1/cmtt/m/n/12 <field_definition  src="./field_def.xml" />[] 
 []

[6 <./figures/Cores.pdf>]
Overfull \hbox (60.72514pt too wide) in paragraph at lines 178--178
[]    \OT1/cmtt/m/n/12 <file_definition   src="./file_def.xml"  />[] 
 []

<figures/xios_config.pdf, id=111, 475.7775pt x 323.2075pt>
File: figures/xios_config.pdf Graphic file (type pdf)
<use figures/xios_config.pdf>
Package pdftex.def Info: figures/xios_config.pdf  used on input line 200.
(pdftex.def)             Requested size: 237.88815pt x 161.60335pt.
[7 <./figures/xios_config.pdf>]
<figures/stash2xiosxml.pdf, id=126, 527.9725pt x 210.7875pt>
File: figures/stash2xiosxml.pdf Graphic file (type pdf)
<use figures/stash2xiosxml.pdf>
Package pdftex.def Info: figures/stash2xiosxml.pdf  used on input line 221.
(pdftex.def)             Requested size: 263.9856pt x 105.3935pt.

Underfull \hbox (badness 4072) in paragraph at lines 222--222
[]\OT1/cmr/m/n/12 Workflow for cre-at-ing XML files
 []


Underfull \hbox (badness 2689) in paragraph at lines 222--222
\OT1/cmr/m/n/12 from STASH re-quests. The fa-
 []


Underfull \hbox (badness 1097) in paragraph at lines 222--222
\OT1/cmr/m/n/12 mil-iar Rose GUI iso-lates the user
 []


Underfull \hbox (badness 2005) in paragraph at lines 231--234
[]\OT1/cmr/m/n/12 We have de-vel-oped \OT1/cmtt/m/n/12 stash2xiosxml \OT1/cmr/m
/n/12 to
 []

[8 <./figures/stash2xiosxml.pdf

pdfTeX warning: pdflatex (file ./figures/stash2xiosxml.pdf): PDF inclusion: inv
alid other resource which is no dict (key 'ProcSets', type <array>); ignored.
>]
<figures/UM-XIOS-code.pdf, id=144, 566.115pt x 424.58624pt>
File: figures/UM-XIOS-code.pdf Graphic file (type pdf)
<use figures/UM-XIOS-code.pdf>
Package pdftex.def Info: figures/UM-XIOS-code.pdf  used on input line 252.
(pdftex.def)             Requested size: 283.05681pt x 212.2926pt.

Overfull \hbox (42.20013pt too wide) in paragraph at lines 288--288
[]    \OT1/cmtt/m/n/12 <domain  domain_ref="um-atmos_domain" />[] 
 []


Overfull \hbox (42.20013pt too wide) in paragraph at lines 288--288
[]    \OT1/cmtt/m/n/12 <axis    axis_ref="um-atmos_vertical" />[] 
 []


Overfull \hbox (42.20013pt too wide) in paragraph at lines 288--288
[]    \OT1/cmtt/m/n/12 <axis    axis_ref="ensemble"          />[] 
 []

[9 <./figures/UM-XIOS-code.pdf

pdfTeX warning: pdflatex (file ./figures/UM-XIOS-code.pdf): PDF inclusion: inva
lid other resource which is no dict (key 'ProcSets', type <array>); ignored.
>]
<figures/xios_figures_b.pdf, id=158, 463.7325pt x 438.63875pt>
File: figures/xios_figures_b.pdf Graphic file (type pdf)
<use figures/xios_figures_b.pdf>
Package pdftex.def Info: figures/xios_figures_b.pdf  used on input line 302.
(pdftex.def)             Requested size: 231.86568pt x 219.31883pt.
 [10 <./figures/xios_figures_b.pdf>]
Underfull \hbox (badness 1275) in paragraph at lines 317--323
\OT1/cmr/m/n/12 reduction grid \OT1/cmtt/m/n/12 um-atmos[]grid-reduce \OT1/cmr/
m/n/12 in-
 []


Overfull \hbox (42.20013pt too wide) in paragraph at lines 332--332
[]    \OT1/cmtt/m/n/12 <domain  domain_ref="um-atmos_domain" />[] 
 []


Overfull \hbox (42.20013pt too wide) in paragraph at lines 332--332
[]    \OT1/cmtt/m/n/12 <axis    axis_ref="um-atmos_vertical" />[] 
 []


Overfull \hbox (42.20013pt too wide) in paragraph at lines 332--332
[]      \OT1/cmtt/m/n/12 <reduce_axis    operation="average" />[] 
 []

[11]
Overfull \hbox (38.18947pt too wide) in paragraph at lines 415--422
 [] 
 []

<figures/ens-n96.pdf, id=175, 462.52798pt x 346.89601pt>
File: figures/ens-n96.pdf Graphic file (type pdf)
<use figures/ens-n96.pdf>
Package pdftex.def Info: figures/ens-n96.pdf  used on input line 428.
(pdftex.def)             Requested size: 229.5pt x 172.12427pt.
<figures/ens-n512.pdf, id=176, 462.52798pt x 346.89601pt>
File: figures/ens-n512.pdf Graphic file (type pdf)
<use figures/ens-n512.pdf>
Package pdftex.def Info: figures/ens-n512.pdf  used on input line 434.
(pdftex.def)             Requested size: 229.5pt x 172.12427pt.

Underfull \vbox (badness 2726) has occurred while \output is active []

 [12]
[13 <./figures/ens-n96.pdf>] [14 <./figures/ens-n512.pdf>]
Underfull \hbox (badness 1275) in paragraph at lines 462--465
\OT1/cmr/m/n/12 This work uses the ARCHER2 UK Na-
 []


Underfull \hbox (badness 4217) in paragraph at lines 462--465
\OT1/cmr/m/n/12 tional Su-per-com-put-ing Ser-vice ($\OT1/cmtt/m/n/12 http : / 
/
 []


Underfull \hbox (badness 1142) in paragraph at lines 462--465
\OT1/cmr/m/n/12 un-der the em-bed-ded CSE pro-gramme of
 []

No file paper.bbl.
[15


] (./paper.aux)

LaTeX Warning: There were undefined references.

 ) 
Here is how much of TeX's memory you used:
 2104 strings out of 481239
 28609 string characters out of 5920377
 272949 words of memory out of 5000000
 17370 multiletter control sequences out of 15000+600000
 542125 words of font info for 58 fonts, out of 8000000 for 9000
 1141 hyphenation exceptions out of 8191
 30i,8n,25p,639b,384s stack positions out of 5000i,500n,10000p,200000b,80000s
</usr/share/texlive/texmf-dist/fonts/type1/public/amsfonts/cm/cmbx12.pfb></us
r/share/texlive/texmf-dist/fonts/type1/public/amsfonts/cm/cmmi12.pfb></usr/shar
e/texlive/texmf-dist/fonts/type1/public/amsfonts/cm/cmr10.pfb></usr/share/texli
ve/texmf-dist/fonts/type1/public/amsfonts/cm/cmr12.pfb></usr/share/texlive/texm
f-dist/fonts/type1/public/amsfonts/cm/cmr7.pfb></usr/share/texlive/texmf-dist/f
onts/type1/public/amsfonts/cm/cmr8.pfb></usr/share/texlive/texmf-dist/fonts/typ
e1/public/amsfonts/cm/cmss10.pfb></usr/share/texlive/texmf-dist/fonts/type1/pub
lic/amsfonts/cm/cmss12.pfb></usr/share/texlive/texmf-dist/fonts/type1/public/am
sfonts/cm/cmssbx10.pfb></usr/share/texlive/texmf-dist/fonts/type1/public/amsfon
ts/cm/cmti12.pfb></usr/share/texlive/texmf-dist/fonts/type1/public/amsfonts/cm/
cmtt12.pfb>
Output written on paper.pdf (15 pages, 309831 bytes).
PDF statistics:
 299 PDF objects out of 1000 (max. 8388607)
 131 compressed objects within 2 object streams
 0 named destinations out of 1000 (max. 500000)
 46 words of extra memory for PDF output out of 10000 (max. 10000000)

